{"numTotalTestSuites":535,"numPassedTestSuites":249,"numFailedTestSuites":286,"numPendingTestSuites":0,"numTotalTests":954,"numPassedTests":698,"numFailedTests":255,"numPendingTests":1,"numTodoTests":0,"snapshot":{"added":0,"failure":false,"filesAdded":0,"filesRemoved":0,"filesRemovedList":[],"filesUnmatched":0,"filesUpdated":0,"matched":0,"total":0,"unchecked":0,"uncheckedKeysByFile":[],"unmatched":0,"updated":0,"didUpdate":false},"startTime":1759236805722,"success":false,"testResults":[{"assertionResults":[{"ancestorTitles":["API Documentation Consistency","Response Format Standards"],"fullName":"API Documentation Consistency Response Format Standards should have consistent StandardApiResponse interface","status":"passed","title":"should have consistent StandardApiResponse interface","duration":2.663599999999974,"failureMessages":[],"meta":{}},{"ancestorTitles":["API Documentation Consistency","Response Format Standards"],"fullName":"API Documentation Consistency Response Format Standards should have consistent PaginatedApiResponse interface","status":"passed","title":"should have consistent PaginatedApiResponse interface","duration":1.4093000000000302,"failureMessages":[],"meta":{}},{"ancestorTitles":["API Documentation Consistency","Response Format Standards"],"fullName":"API Documentation Consistency Response Format Standards should have consistent error response format","status":"passed","title":"should have consistent error response format","duration":0.4556999999999789,"failureMessages":[],"meta":{}},{"ancestorTitles":["API Documentation Consistency","Error Codes Consistency"],"fullName":"API Documentation Consistency Error Codes Consistency should have all documented error codes","status":"passed","title":"should have all documented error codes","duration":4.558100000000081,"failureMessages":[],"meta":{}},{"ancestorTitles":["API Documentation Consistency","Error Codes Consistency"],"fullName":"API Documentation Consistency Error Codes Consistency should have all documented HTTP status codes","status":"passed","title":"should have all documented HTTP status codes","duration":0.7556999999999334,"failureMessages":[],"meta":{}},{"ancestorTitles":["API Documentation Consistency","API Response Utilities"],"fullName":"API Documentation Consistency API Response Utilities should generate consistent request IDs","status":"passed","title":"should generate consistent request IDs","duration":0.6658000000001039,"failureMessages":[],"meta":{}},{"ancestorTitles":["API Documentation Consistency","API Response Utilities"],"fullName":"API Documentation Consistency API Response Utilities should format timestamps consistently","status":"passed","title":"should format timestamps consistently","duration":1.3366999999999507,"failureMessages":[],"meta":{}},{"ancestorTitles":["API Documentation Consistency","Endpoint Documentation Coverage"],"fullName":"API Documentation Consistency Endpoint Documentation Coverage should have comprehensive endpoint documentation","status":"failed","title":"should have comprehensive endpoint documentation","duration":7.64670000000001,"failureMessages":["AssertionError: expected 0 to be greater than or equal to 2\n    at D:\\Code\\Multi_Channel_Integration_System\\tests\\api-documentation-consistency.test.ts:204:39\n    at file:///D:/Code/Multi_Channel_Integration_System/node_modules/@vitest/runner/dist/chunk-hooks.js:155:11\n    at file:///D:/Code/Multi_Channel_Integration_System/node_modules/@vitest/runner/dist/chunk-hooks.js:752:26\n    at file:///D:/Code/Multi_Channel_Integration_System/node_modules/@vitest/runner/dist/chunk-hooks.js:1897:20\n    at new Promise (<anonymous>)\n    at runWithTimeout (file:///D:/Code/Multi_Channel_Integration_System/node_modules/@vitest/runner/dist/chunk-hooks.js:1863:10)\n    at runTest (file:///D:/Code/Multi_Channel_Integration_System/node_modules/@vitest/runner/dist/chunk-hooks.js:1574:12)\n    at processTicksAndRejections (node:internal/process/task_queues:105:5)\n    at runSuite (file:///D:/Code/Multi_Channel_Integration_System/node_modules/@vitest/runner/dist/chunk-hooks.js:1729:8)\n    at runSuite (file:///D:/Code/Multi_Channel_Integration_System/node_modules/@vitest/runner/dist/chunk-hooks.js:1729:8)"],"meta":{}},{"ancestorTitles":["API Documentation Consistency","Endpoint Documentation Coverage"],"fullName":"API Documentation Consistency Endpoint Documentation Coverage should document all CRUD operations for main resources","status":"passed","title":"should document all CRUD operations for main resources","duration":1.8988000000000511,"failureMessages":[],"meta":{}},{"ancestorTitles":["API Documentation Consistency","Authentication Requirements"],"fullName":"API Documentation Consistency Authentication Requirements should properly document authentication requirements","status":"passed","title":"should properly document authentication requirements","duration":0.32600000000002183,"failureMessages":[],"meta":{}},{"ancestorTitles":["API Documentation Consistency","Authentication Requirements"],"fullName":"API Documentation Consistency Authentication Requirements should have clear distinction between user and admin endpoints","status":"passed","title":"should have clear distinction between user and admin endpoints","duration":0.16300000000001091,"failureMessages":[],"meta":{}}],"startTime":1759236810512,"endTime":1759236810535.326,"status":"failed","message":"","name":"D:/Code/Multi_Channel_Integration_System/tests/api-documentation-consistency.test.ts"},{"assertionResults":[{"ancestorTitles":["API 標準化測試","響應格式標準化"],"fullName":"API 標準化測試 響應格式標準化 成功響應應該包含標準字段","status":"passed","title":"成功響應應該包含標準字段","duration":40.29059999999998,"failureMessages":[],"meta":{}},{"ancestorTitles":["API 標準化測試","響應格式標準化"],"fullName":"API 標準化測試 響應格式標準化 錯誤響應應該包含標準字段","status":"passed","title":"錯誤響應應該包含標準字段","duration":1.5237999999999374,"failureMessages":[],"meta":{}},{"ancestorTitles":["API 標準化測試","響應格式標準化"],"fullName":"API 標準化測試 響應格式標準化 分頁響應應該包含分頁信息","status":"failed","title":"分頁響應應該包含分頁信息","duration":10.554899999999975,"failureMessages":["AssertionError: expected { success: true, data: { …(8) }, …(3) } to have property \"data\" with value [ { id: 1 }, { id: 2 } ]\n    at D:\\Code\\Multi_Channel_Integration_System\\tests\\api-standardization.test.ts:111:20\n    at processTicksAndRejections (node:internal/process/task_queues:105:5)\n    at file:///D:/Code/Multi_Channel_Integration_System/node_modules/@vitest/runner/dist/chunk-hooks.js:752:20"],"meta":{}},{"ancestorTitles":["API 標準化測試","響應格式標準化"],"fullName":"API 標準化測試 響應格式標準化 驗證錯誤響應應該包含詳細錯誤信息","status":"passed","title":"驗證錯誤響應應該包含詳細錯誤信息","duration":2.414099999999962,"failureMessages":[],"meta":{}},{"ancestorTitles":["API 標準化測試","處理器標準化測試"],"fullName":"API 標準化測試 處理器標準化測試 認證處理器應該使用標準響應","status":"passed","title":"認證處理器應該使用標準響應","duration":791.6899999999999,"failureMessages":[],"meta":{}},{"ancestorTitles":["API 標準化測試","處理器標準化測試"],"fullName":"API 標準化測試 處理器標準化測試 對話處理器應該使用標準響應","status":"failed","title":"對話處理器應該使用標準響應","duration":602.5518000000002,"failureMessages":["Error: Cannot find package '@modules/realtime' imported from 'D:/Code/Multi_Channel_Integration_System/src/handlers/conversation.ts'\n    at VitestExecutor._fetchModule (file:///D:/Code/Multi_Channel_Integration_System/node_modules/vite-node/dist/client.mjs:247:19)\n    at processTicksAndRejections (node:internal/process/task_queues:105:5)\n    at VitestExecutor.directRequest (file:///D:/Code/Multi_Channel_Integration_System/node_modules/vite-node/dist/client.mjs:268:44)\n    at VitestExecutor.cachedRequest (file:///D:/Code/Multi_Channel_Integration_System/node_modules/vite-node/dist/client.mjs:189:11)\n    at VitestExecutor.dependencyRequest (file:///D:/Code/Multi_Channel_Integration_System/node_modules/vite-node/dist/client.mjs:239:10)\n    at D:\\Code\\Multi_Channel_Integration_System\\src\\handlers\\conversation.ts:17:1\n    at VitestExecutor.runModule (file:///D:/Code/Multi_Channel_Integration_System/node_modules/vite-node/dist/client.mjs:397:4)\n    at VitestExecutor.directRequest (file:///D:/Code/Multi_Channel_Integration_System/node_modules/vite-node/dist/client.mjs:375:3)\n    at VitestExecutor.cachedRequest (file:///D:/Code/Multi_Channel_Integration_System/node_modules/vite-node/dist/client.mjs:189:11)\n    at VitestExecutor.dependencyRequest (file:///D:/Code/Multi_Channel_Integration_System/node_modules/vite-node/dist/client.mjs:239:10)"],"meta":{}},{"ancestorTitles":["API 標準化測試","處理器標準化測試"],"fullName":"API 標準化測試 處理器標準化測試 訊息處理器應該使用標準響應","status":"passed","title":"訊息處理器應該使用標準響應","duration":304.9674000000002,"failureMessages":[],"meta":{}},{"ancestorTitles":["API 標準化測試","處理器標準化測試"],"fullName":"API 標準化測試 處理器標準化測試 附件處理器應該使用標準響應","status":"passed","title":"附件處理器應該使用標準響應","duration":95.63999999999987,"failureMessages":[],"meta":{}},{"ancestorTitles":["API 標準化測試","處理器標準化測試"],"fullName":"API 標準化測試 處理器標準化測試 系統處理器應該使用標準響應","status":"failed","title":"系統處理器應該使用標準響應","duration":347.6498999999999,"failureMessages":["Error: Cannot find package '@modules/activities/services/ActivityService' imported from 'D:/Code/Multi_Channel_Integration_System/src/modules/activities/index.ts'\n    at VitestExecutor._fetchModule (file:///D:/Code/Multi_Channel_Integration_System/node_modules/vite-node/dist/client.mjs:247:19)\n    at processTicksAndRejections (node:internal/process/task_queues:105:5)\n    at VitestExecutor.directRequest (file:///D:/Code/Multi_Channel_Integration_System/node_modules/vite-node/dist/client.mjs:268:44)\n    at VitestExecutor.cachedRequest (file:///D:/Code/Multi_Channel_Integration_System/node_modules/vite-node/dist/client.mjs:189:11)\n    at VitestExecutor.dependencyRequest (file:///D:/Code/Multi_Channel_Integration_System/node_modules/vite-node/dist/client.mjs:239:10)\n    at D:\\Code\\Multi_Channel_Integration_System\\src\\modules\\activities\\index.ts:5:1\n    at VitestExecutor.runModule (file:///D:/Code/Multi_Channel_Integration_System/node_modules/vite-node/dist/client.mjs:397:4)\n    at VitestExecutor.directRequest (file:///D:/Code/Multi_Channel_Integration_System/node_modules/vite-node/dist/client.mjs:375:3)\n    at VitestExecutor.cachedRequest (file:///D:/Code/Multi_Channel_Integration_System/node_modules/vite-node/dist/client.mjs:189:11)\n    at VitestExecutor.dependencyRequest (file:///D:/Code/Multi_Channel_Integration_System/node_modules/vite-node/dist/client.mjs:239:10)"],"meta":{}},{"ancestorTitles":["API 標準化測試","處理器標準化測試"],"fullName":"API 標準化測試 處理器標準化測試 團隊處理器應該使用標準響應","status":"failed","title":"團隊處理器應該使用標準響應","duration":61.25910000000022,"failureMessages":["Error: Cannot find package '@modules/activities/services/ActivityService' imported from 'D:/Code/Multi_Channel_Integration_System/src/modules/activities/index.ts'\n    at VitestExecutor._fetchModule (file:///D:/Code/Multi_Channel_Integration_System/node_modules/vite-node/dist/client.mjs:247:19)\n    at processTicksAndRejections (node:internal/process/task_queues:105:5)\n    at VitestExecutor.directRequest (file:///D:/Code/Multi_Channel_Integration_System/node_modules/vite-node/dist/client.mjs:268:44)\n    at VitestExecutor.cachedRequest (file:///D:/Code/Multi_Channel_Integration_System/node_modules/vite-node/dist/client.mjs:189:11)\n    at VitestExecutor.dependencyRequest (file:///D:/Code/Multi_Channel_Integration_System/node_modules/vite-node/dist/client.mjs:239:10)\n    at D:\\Code\\Multi_Channel_Integration_System\\src\\modules\\activities\\index.ts:5:1\n    at VitestExecutor.runModule (file:///D:/Code/Multi_Channel_Integration_System/node_modules/vite-node/dist/client.mjs:397:4)\n    at VitestExecutor.directRequest (file:///D:/Code/Multi_Channel_Integration_System/node_modules/vite-node/dist/client.mjs:375:3)\n    at VitestExecutor.cachedRequest (file:///D:/Code/Multi_Channel_Integration_System/node_modules/vite-node/dist/client.mjs:189:11)\n    at VitestExecutor.dependencyRequest (file:///D:/Code/Multi_Channel_Integration_System/node_modules/vite-node/dist/client.mjs:239:10)"],"meta":{}},{"ancestorTitles":["API 標準化測試","錯誤處理標準化測試"],"fullName":"API 標準化測試 錯誤處理標準化測試 應該正確處理未授權錯誤","status":"passed","title":"應該正確處理未授權錯誤","duration":0.982300000000123,"failureMessages":[],"meta":{}},{"ancestorTitles":["API 標準化測試","錯誤處理標準化測試"],"fullName":"API 標準化測試 錯誤處理標準化測試 應該正確處理禁止訪問錯誤","status":"passed","title":"應該正確處理禁止訪問錯誤","duration":1.4391999999998006,"failureMessages":[],"meta":{}},{"ancestorTitles":["API 標準化測試","錯誤處理標準化測試"],"fullName":"API 標準化測試 錯誤處理標準化測試 應該正確處理資源未找到錯誤","status":"passed","title":"應該正確處理資源未找到錯誤","duration":0.9921000000003914,"failureMessages":[],"meta":{}},{"ancestorTitles":["API 標準化測試","錯誤處理標準化測試"],"fullName":"API 標準化測試 錯誤處理標準化測試 應該正確處理內部錯誤","status":"passed","title":"應該正確處理內部錯誤","duration":0.7163000000000466,"failureMessages":[],"meta":{}},{"ancestorTitles":["API 標準化測試","錯誤處理標準化測試"],"fullName":"API 標準化測試 錯誤處理標準化測試 handleApiError 應該正確處理不同類型的錯誤","status":"passed","title":"handleApiError 應該正確處理不同類型的錯誤","duration":1.6607000000003609,"failureMessages":[],"meta":{}},{"ancestorTitles":["API 標準化測試","類型定義一致性測試"],"fullName":"API 標準化測試 類型定義一致性測試 共用類型應該正確導出","status":"passed","title":"共用類型應該正確導出","duration":105.32049999999981,"failureMessages":[],"meta":{}},{"ancestorTitles":["API 標準化測試","類型定義一致性測試"],"fullName":"API 標準化測試 類型定義一致性測試 前端類型應該包含共用類型","status":"failed","title":"前端類型應該包含共用類型","duration":19.850999999999658,"failureMessages":["AssertionError: expected { [Symbol(Symbol.toStringTag)]: 'Mod…' } to have property \"API_ERROR_CODES\"\n    at D:\\Code\\Multi_Channel_Integration_System\\tests\\api-standardization.test.ts:318:29\n    at processTicksAndRejections (node:internal/process/task_queues:105:5)\n    at file:///D:/Code/Multi_Channel_Integration_System/node_modules/@vitest/runner/dist/chunk-hooks.js:752:20"],"meta":{}},{"ancestorTitles":["API 客戶端標準化測試"],"fullName":"API 客戶端標準化測試 現代化 API 客戶端應該正確處理標準響應","status":"failed","title":"現代化 API 客戶端應該正確處理標準響應","duration":26.064499999999953,"failureMessages":["ReferenceError: vi is not defined\n    at D:\\Code\\Multi_Channel_Integration_System\\tests\\api-standardization.test.ts:329:20\n    at processTicksAndRejections (node:internal/process/task_queues:105:5)\n    at file:///D:/Code/Multi_Channel_Integration_System/node_modules/@vitest/runner/dist/chunk-hooks.js:752:20"],"meta":{}},{"ancestorTitles":["API 客戶端標準化測試"],"fullName":"API 客戶端標準化測試 現代化 API 客戶端應該正確處理錯誤響應","status":"failed","title":"現代化 API 客戶端應該正確處理錯誤響應","duration":0.3442000000000007,"failureMessages":["ReferenceError: vi is not defined\n    at D:\\Code\\Multi_Channel_Integration_System\\tests\\api-standardization.test.ts:354:20\n    at processTicksAndRejections (node:internal/process/task_queues:105:5)\n    at file:///D:/Code/Multi_Channel_Integration_System/node_modules/@vitest/runner/dist/chunk-hooks.js:752:20"],"meta":{}}],"startTime":1759236809474,"endTime":1759236811891.3442,"status":"failed","message":"","name":"D:/Code/Multi_Channel_Integration_System/tests/api-standardization.test.ts"},{"assertionResults":[],"startTime":1759236805722,"endTime":1759236805722,"status":"failed","message":"Cannot find package '@vue/test-utils' imported from 'D:/Code/Multi_Channel_Integration_System/tests/file-upload-end-to-end.test.ts'","name":"D:/Code/Multi_Channel_Integration_System/tests/file-upload-end-to-end.test.ts"},{"assertionResults":[{"ancestorTitles":["File Upload Integration Status Check","Frontend Component Analysis"],"fullName":"File Upload Integration Status Check Frontend Component Analysis should check MessageInput component file upload features","status":"passed","title":"should check MessageInput component file upload features","duration":1.8138000000000147,"failureMessages":[],"meta":{}},{"ancestorTitles":["File Upload Integration Status Check","API Client Analysis"],"fullName":"File Upload Integration Status Check API Client Analysis should check message API file upload support","status":"passed","title":"should check message API file upload support","duration":0.3176000000000272,"failureMessages":[],"meta":{}},{"ancestorTitles":["File Upload Integration Status Check","Backend Handler Analysis"],"fullName":"File Upload Integration Status Check Backend Handler Analysis should check backend file upload handlers","status":"passed","title":"should check backend file upload handlers","duration":0.264500000000055,"failureMessages":[],"meta":{}},{"ancestorTitles":["File Upload Integration Status Check","Integration Completeness"],"fullName":"File Upload Integration Status Check Integration Completeness should assess overall integration status","status":"passed","title":"should assess overall integration status","duration":0.19429999999999836,"failureMessages":[],"meta":{}}],"startTime":1759236811739,"endTime":1759236811742.1943,"status":"passed","message":"","name":"D:/Code/Multi_Channel_Integration_System/tests/file-upload-integration.test.ts"},{"assertionResults":[{"ancestorTitles":["Database Migration: Enterprise Role System","Teams Table Creation"],"fullName":"Database Migration: Enterprise Role System Teams Table Creation should create teams table with correct schema","status":"passed","title":"should create teams table with correct schema","duration":4.6096,"failureMessages":[],"meta":{}},{"ancestorTitles":["Database Migration: Enterprise Role System","Teams Table Creation"],"fullName":"Database Migration: Enterprise Role System Teams Table Creation should create teams table indexes","status":"passed","title":"should create teams table indexes","duration":1.0318000000000325,"failureMessages":[],"meta":{}},{"ancestorTitles":["Database Migration: Enterprise Role System","Agents Table Migration"],"fullName":"Database Migration: Enterprise Role System Agents Table Migration should add team_id column to agents table","status":"passed","title":"should add team_id column to agents table","duration":0.6863999999999919,"failureMessages":[],"meta":{}},{"ancestorTitles":["Database Migration: Enterprise Role System","Agents Table Migration"],"fullName":"Database Migration: Enterprise Role System Agents Table Migration should create agents team_id index","status":"passed","title":"should create agents team_id index","duration":0.6678999999999746,"failureMessages":[],"meta":{}},{"ancestorTitles":["Database Migration: Enterprise Role System","Agents Table Migration"],"fullName":"Database Migration: Enterprise Role System Agents Table Migration should create agents role index","status":"passed","title":"should create agents role index","duration":0.5098000000000411,"failureMessages":[],"meta":{}},{"ancestorTitles":["Database Migration: Enterprise Role System","Invitations Table Migration"],"fullName":"Database Migration: Enterprise Role System Invitations Table Migration should add team_id column to invitations table","status":"passed","title":"should add team_id column to invitations table","duration":0.4922000000000253,"failureMessages":[],"meta":{}},{"ancestorTitles":["Database Migration: Enterprise Role System","Invitations Table Migration"],"fullName":"Database Migration: Enterprise Role System Invitations Table Migration should create invitations team_id index","status":"passed","title":"should create invitations team_id index","duration":0.4847000000000321,"failureMessages":[],"meta":{}},{"ancestorTitles":["Database Migration: Enterprise Role System","Default Data Seeding"],"fullName":"Database Migration: Enterprise Role System Default Data Seeding should create default teams","status":"passed","title":"should create default teams","duration":0.8614999999999782,"failureMessages":[],"meta":{}},{"ancestorTitles":["Database Migration: Enterprise Role System","Default Data Seeding"],"fullName":"Database Migration: Enterprise Role System Default Data Seeding should assign existing agents to default team","status":"passed","title":"should assign existing agents to default team","duration":0.72199999999998,"failureMessages":[],"meta":{}},{"ancestorTitles":["Database Migration: Enterprise Role System","Migration Validation Tests"],"fullName":"Database Migration: Enterprise Role System Migration Validation Tests should validate teams table structure after migration","status":"passed","title":"should validate teams table structure after migration","duration":0.7089000000000283,"failureMessages":[],"meta":{}},{"ancestorTitles":["Database Migration: Enterprise Role System","Migration Validation Tests"],"fullName":"Database Migration: Enterprise Role System Migration Validation Tests should validate agents table team_id column exists","status":"passed","title":"should validate agents table team_id column exists","duration":0.5147999999999797,"failureMessages":[],"meta":{}},{"ancestorTitles":["Database Migration: Enterprise Role System","Migration Validation Tests"],"fullName":"Database Migration: Enterprise Role System Migration Validation Tests should validate role values support manager","status":"passed","title":"should validate role values support manager","duration":0.6048000000000116,"failureMessages":[],"meta":{}},{"ancestorTitles":["Database Migration: Enterprise Role System","Migration Rollback Tests"],"fullName":"Database Migration: Enterprise Role System Migration Rollback Tests should handle rollback of teams table creation","status":"passed","title":"should handle rollback of teams table creation","duration":0.5184000000000424,"failureMessages":[],"meta":{}},{"ancestorTitles":["Database Migration: Enterprise Role System","Migration Rollback Tests"],"fullName":"Database Migration: Enterprise Role System Migration Rollback Tests should handle rollback of column additions","status":"passed","title":"should handle rollback of column additions","duration":0.44540000000000646,"failureMessages":[],"meta":{}},{"ancestorTitles":["Database Migration: Enterprise Role System","Data Integrity Tests"],"fullName":"Database Migration: Enterprise Role System Data Integrity Tests should ensure foreign key constraints work correctly","status":"passed","title":"should ensure foreign key constraints work correctly","duration":0.39910000000003265,"failureMessages":[],"meta":{}},{"ancestorTitles":["Database Migration: Enterprise Role System","Data Integrity Tests"],"fullName":"Database Migration: Enterprise Role System Data Integrity Tests should handle foreign key constraint violations gracefully","status":"passed","title":"should handle foreign key constraint violations gracefully","duration":1.8116999999999734,"failureMessages":[],"meta":{}},{"ancestorTitles":["Database Migration: Enterprise Role System","Data Integrity Tests"],"fullName":"Database Migration: Enterprise Role System Data Integrity Tests should validate team deletion with existing member references","status":"passed","title":"should validate team deletion with existing member references","duration":0.6605000000000132,"failureMessages":[],"meta":{}},{"ancestorTitles":["Database Migration: Enterprise Role System","Performance Impact Tests"],"fullName":"Database Migration: Enterprise Role System Performance Impact Tests should validate index creation improves query performance","status":"passed","title":"should validate index creation improves query performance","duration":0.45249999999998636,"failureMessages":[],"meta":{}},{"ancestorTitles":["Database Migration: Enterprise Role System","Performance Impact Tests"],"fullName":"Database Migration: Enterprise Role System Performance Impact Tests should validate trigger creation for auto-update timestamps","status":"passed","title":"should validate trigger creation for auto-update timestamps","duration":0.40850000000000364,"failureMessages":[],"meta":{}}],"startTime":1759236810057,"endTime":1759236810074.4524,"status":"passed","message":"","name":"D:/Code/Multi_Channel_Integration_System/tests/database/migration-role-system.test.ts"},{"assertionResults":[{"ancestorTitles":["Analytics API E2E Tests with Authentication","Authentication Tests"],"fullName":"Analytics API E2E Tests with Authentication Authentication Tests should reject requests without authentication","status":"failed","title":"should reject requests without authentication","duration":5011.2093,"failureMessages":["Error: STACK_TRACE_ERROR\n    at task (file:///D:/Code/Multi_Channel_Integration_System/node_modules/@vitest/runner/dist/chunk-hooks.js:638:27)\n    at Object.<anonymous> (file:///D:/Code/Multi_Channel_Integration_System/node_modules/@vitest/runner/dist/chunk-hooks.js:662:16)\n    at Object.<anonymous> (file:///D:/Code/Multi_Channel_Integration_System/node_modules/@vitest/runner/dist/chunk-hooks.js:458:28)\n    at chain (file:///D:/Code/Multi_Channel_Integration_System/node_modules/@vitest/runner/dist/chunk-hooks.js:369:14)\n    at D:\\Code\\Multi_Channel_Integration_System\\tests\\e2e\\analytics-api-e2e-auth.test.ts:67:5\n    at file:///D:/Code/Multi_Channel_Integration_System/node_modules/@vitest/runner/dist/chunk-hooks.js:734:40\n    at runWithSuite (file:///D:/Code/Multi_Channel_Integration_System/node_modules/@vitest/runner/dist/chunk-hooks.js:1849:8)\n    at Object.collect (file:///D:/Code/Multi_Channel_Integration_System/node_modules/@vitest/runner/dist/chunk-hooks.js:734:10)\n    at Object.collect (file:///D:/Code/Multi_Channel_Integration_System/node_modules/@vitest/runner/dist/chunk-hooks.js:738:54)\n    at Object.collect (file:///D:/Code/Multi_Channel_Integration_System/node_modules/@vitest/runner/dist/chunk-hooks.js:738:46)\n    at collectTests (file:///D:/Code/Multi_Channel_Integration_System/node_modules/@vitest/runner/dist/chunk-hooks.js:1179:25)\n    at startTests (file:///D:/Code/Multi_Channel_Integration_System/node_modules/@vitest/runner/dist/chunk-hooks.js:1817:17)\n    at file:///D:/Code/Multi_Channel_Integration_System/node_modules/vitest/dist/chunks/runBaseTests.9Ij9_de-.js:117:26\n    at withEnv (file:///D:/Code/Multi_Channel_Integration_System/node_modules/vitest/dist/chunks/runBaseTests.9Ij9_de-.js:84:3)\n    at run (file:///D:/Code/Multi_Channel_Integration_System/node_modules/vitest/dist/chunks/runBaseTests.9Ij9_de-.js:109:2)"],"meta":{}},{"ancestorTitles":["Analytics API E2E Tests with Authentication","Authentication Tests"],"fullName":"Analytics API E2E Tests with Authentication Authentication Tests should reject requests with invalid token","status":"failed","title":"should reject requests with invalid token","duration":5003.3117,"failureMessages":["Error: STACK_TRACE_ERROR\n    at task (file:///D:/Code/Multi_Channel_Integration_System/node_modules/@vitest/runner/dist/chunk-hooks.js:638:27)\n    at Object.<anonymous> (file:///D:/Code/Multi_Channel_Integration_System/node_modules/@vitest/runner/dist/chunk-hooks.js:662:16)\n    at Object.<anonymous> (file:///D:/Code/Multi_Channel_Integration_System/node_modules/@vitest/runner/dist/chunk-hooks.js:458:28)\n    at chain (file:///D:/Code/Multi_Channel_Integration_System/node_modules/@vitest/runner/dist/chunk-hooks.js:369:14)\n    at D:\\Code\\Multi_Channel_Integration_System\\tests\\e2e\\analytics-api-e2e-auth.test.ts:81:5\n    at file:///D:/Code/Multi_Channel_Integration_System/node_modules/@vitest/runner/dist/chunk-hooks.js:734:40\n    at runWithSuite (file:///D:/Code/Multi_Channel_Integration_System/node_modules/@vitest/runner/dist/chunk-hooks.js:1849:8)\n    at Object.collect (file:///D:/Code/Multi_Channel_Integration_System/node_modules/@vitest/runner/dist/chunk-hooks.js:734:10)\n    at Object.collect (file:///D:/Code/Multi_Channel_Integration_System/node_modules/@vitest/runner/dist/chunk-hooks.js:738:54)\n    at Object.collect (file:///D:/Code/Multi_Channel_Integration_System/node_modules/@vitest/runner/dist/chunk-hooks.js:738:46)\n    at collectTests (file:///D:/Code/Multi_Channel_Integration_System/node_modules/@vitest/runner/dist/chunk-hooks.js:1179:25)\n    at startTests (file:///D:/Code/Multi_Channel_Integration_System/node_modules/@vitest/runner/dist/chunk-hooks.js:1817:17)\n    at file:///D:/Code/Multi_Channel_Integration_System/node_modules/vitest/dist/chunks/runBaseTests.9Ij9_de-.js:117:26\n    at withEnv (file:///D:/Code/Multi_Channel_Integration_System/node_modules/vitest/dist/chunks/runBaseTests.9Ij9_de-.js:84:3)\n    at run (file:///D:/Code/Multi_Channel_Integration_System/node_modules/vitest/dist/chunks/runBaseTests.9Ij9_de-.js:109:2)"],"meta":{}},{"ancestorTitles":["Analytics API E2E Tests with Authentication","Authentication Tests"],"fullName":"Analytics API E2E Tests with Authentication Authentication Tests should reject requests with expired token","status":"failed","title":"should reject requests with expired token","duration":5014.6391,"failureMessages":["Error: STACK_TRACE_ERROR\n    at task (file:///D:/Code/Multi_Channel_Integration_System/node_modules/@vitest/runner/dist/chunk-hooks.js:638:27)\n    at Object.<anonymous> (file:///D:/Code/Multi_Channel_Integration_System/node_modules/@vitest/runner/dist/chunk-hooks.js:662:16)\n    at Object.<anonymous> (file:///D:/Code/Multi_Channel_Integration_System/node_modules/@vitest/runner/dist/chunk-hooks.js:458:28)\n    at chain (file:///D:/Code/Multi_Channel_Integration_System/node_modules/@vitest/runner/dist/chunk-hooks.js:369:14)\n    at D:\\Code\\Multi_Channel_Integration_System\\tests\\e2e\\analytics-api-e2e-auth.test.ts:94:5\n    at file:///D:/Code/Multi_Channel_Integration_System/node_modules/@vitest/runner/dist/chunk-hooks.js:734:40\n    at runWithSuite (file:///D:/Code/Multi_Channel_Integration_System/node_modules/@vitest/runner/dist/chunk-hooks.js:1849:8)\n    at Object.collect (file:///D:/Code/Multi_Channel_Integration_System/node_modules/@vitest/runner/dist/chunk-hooks.js:734:10)\n    at Object.collect (file:///D:/Code/Multi_Channel_Integration_System/node_modules/@vitest/runner/dist/chunk-hooks.js:738:54)\n    at Object.collect (file:///D:/Code/Multi_Channel_Integration_System/node_modules/@vitest/runner/dist/chunk-hooks.js:738:46)\n    at collectTests (file:///D:/Code/Multi_Channel_Integration_System/node_modules/@vitest/runner/dist/chunk-hooks.js:1179:25)\n    at startTests (file:///D:/Code/Multi_Channel_Integration_System/node_modules/@vitest/runner/dist/chunk-hooks.js:1817:17)\n    at file:///D:/Code/Multi_Channel_Integration_System/node_modules/vitest/dist/chunks/runBaseTests.9Ij9_de-.js:117:26\n    at withEnv (file:///D:/Code/Multi_Channel_Integration_System/node_modules/vitest/dist/chunks/runBaseTests.9Ij9_de-.js:84:3)\n    at run (file:///D:/Code/Multi_Channel_Integration_System/node_modules/vitest/dist/chunks/runBaseTests.9Ij9_de-.js:109:2)"],"meta":{}},{"ancestorTitles":["Analytics API E2E Tests with Authentication","Authentication Tests"],"fullName":"Analytics API E2E Tests with Authentication Authentication Tests should accept requests with valid admin token","status":"failed","title":"should accept requests with valid admin token","duration":5007.2317,"failureMessages":["Error: STACK_TRACE_ERROR\n    at task (file:///D:/Code/Multi_Channel_Integration_System/node_modules/@vitest/runner/dist/chunk-hooks.js:638:27)\n    at Object.<anonymous> (file:///D:/Code/Multi_Channel_Integration_System/node_modules/@vitest/runner/dist/chunk-hooks.js:662:16)\n    at Object.<anonymous> (file:///D:/Code/Multi_Channel_Integration_System/node_modules/@vitest/runner/dist/chunk-hooks.js:458:28)\n    at chain (file:///D:/Code/Multi_Channel_Integration_System/node_modules/@vitest/runner/dist/chunk-hooks.js:369:14)\n    at D:\\Code\\Multi_Channel_Integration_System\\tests\\e2e\\analytics-api-e2e-auth.test.ts:109:5\n    at file:///D:/Code/Multi_Channel_Integration_System/node_modules/@vitest/runner/dist/chunk-hooks.js:734:40\n    at runWithSuite (file:///D:/Code/Multi_Channel_Integration_System/node_modules/@vitest/runner/dist/chunk-hooks.js:1849:8)\n    at Object.collect (file:///D:/Code/Multi_Channel_Integration_System/node_modules/@vitest/runner/dist/chunk-hooks.js:734:10)\n    at Object.collect (file:///D:/Code/Multi_Channel_Integration_System/node_modules/@vitest/runner/dist/chunk-hooks.js:738:54)\n    at Object.collect (file:///D:/Code/Multi_Channel_Integration_System/node_modules/@vitest/runner/dist/chunk-hooks.js:738:46)\n    at collectTests (file:///D:/Code/Multi_Channel_Integration_System/node_modules/@vitest/runner/dist/chunk-hooks.js:1179:25)\n    at startTests (file:///D:/Code/Multi_Channel_Integration_System/node_modules/@vitest/runner/dist/chunk-hooks.js:1817:17)\n    at file:///D:/Code/Multi_Channel_Integration_System/node_modules/vitest/dist/chunks/runBaseTests.9Ij9_de-.js:117:26\n    at withEnv (file:///D:/Code/Multi_Channel_Integration_System/node_modules/vitest/dist/chunks/runBaseTests.9Ij9_de-.js:84:3)\n    at run (file:///D:/Code/Multi_Channel_Integration_System/node_modules/vitest/dist/chunks/runBaseTests.9Ij9_de-.js:109:2)"],"meta":{}},{"ancestorTitles":["Analytics API E2E Tests with Authentication","Authentication Tests"],"fullName":"Analytics API E2E Tests with Authentication Authentication Tests should accept requests with valid team token","status":"failed","title":"should accept requests with valid team token","duration":5011.923699999999,"failureMessages":["Error: STACK_TRACE_ERROR\n    at task (file:///D:/Code/Multi_Channel_Integration_System/node_modules/@vitest/runner/dist/chunk-hooks.js:638:27)\n    at Object.<anonymous> (file:///D:/Code/Multi_Channel_Integration_System/node_modules/@vitest/runner/dist/chunk-hooks.js:662:16)\n    at Object.<anonymous> (file:///D:/Code/Multi_Channel_Integration_System/node_modules/@vitest/runner/dist/chunk-hooks.js:458:28)\n    at chain (file:///D:/Code/Multi_Channel_Integration_System/node_modules/@vitest/runner/dist/chunk-hooks.js:369:14)\n    at D:\\Code\\Multi_Channel_Integration_System\\tests\\e2e\\analytics-api-e2e-auth.test.ts:124:5\n    at file:///D:/Code/Multi_Channel_Integration_System/node_modules/@vitest/runner/dist/chunk-hooks.js:734:40\n    at runWithSuite (file:///D:/Code/Multi_Channel_Integration_System/node_modules/@vitest/runner/dist/chunk-hooks.js:1849:8)\n    at Object.collect (file:///D:/Code/Multi_Channel_Integration_System/node_modules/@vitest/runner/dist/chunk-hooks.js:734:10)\n    at Object.collect (file:///D:/Code/Multi_Channel_Integration_System/node_modules/@vitest/runner/dist/chunk-hooks.js:738:54)\n    at Object.collect (file:///D:/Code/Multi_Channel_Integration_System/node_modules/@vitest/runner/dist/chunk-hooks.js:738:46)\n    at collectTests (file:///D:/Code/Multi_Channel_Integration_System/node_modules/@vitest/runner/dist/chunk-hooks.js:1179:25)\n    at startTests (file:///D:/Code/Multi_Channel_Integration_System/node_modules/@vitest/runner/dist/chunk-hooks.js:1817:17)\n    at file:///D:/Code/Multi_Channel_Integration_System/node_modules/vitest/dist/chunks/runBaseTests.9Ij9_de-.js:117:26\n    at withEnv (file:///D:/Code/Multi_Channel_Integration_System/node_modules/vitest/dist/chunks/runBaseTests.9Ij9_de-.js:84:3)\n    at run (file:///D:/Code/Multi_Channel_Integration_System/node_modules/vitest/dist/chunks/runBaseTests.9Ij9_de-.js:109:2)"],"meta":{}},{"ancestorTitles":["Analytics API E2E Tests with Authentication","Authentication Tests"],"fullName":"Analytics API E2E Tests with Authentication Authentication Tests should accept requests with valid agent token","status":"failed","title":"should accept requests with valid agent token","duration":5003.739600000004,"failureMessages":["Error: STACK_TRACE_ERROR\n    at task (file:///D:/Code/Multi_Channel_Integration_System/node_modules/@vitest/runner/dist/chunk-hooks.js:638:27)\n    at Object.<anonymous> (file:///D:/Code/Multi_Channel_Integration_System/node_modules/@vitest/runner/dist/chunk-hooks.js:662:16)\n    at Object.<anonymous> (file:///D:/Code/Multi_Channel_Integration_System/node_modules/@vitest/runner/dist/chunk-hooks.js:458:28)\n    at chain (file:///D:/Code/Multi_Channel_Integration_System/node_modules/@vitest/runner/dist/chunk-hooks.js:369:14)\n    at D:\\Code\\Multi_Channel_Integration_System\\tests\\e2e\\analytics-api-e2e-auth.test.ts:137:5\n    at file:///D:/Code/Multi_Channel_Integration_System/node_modules/@vitest/runner/dist/chunk-hooks.js:734:40\n    at runWithSuite (file:///D:/Code/Multi_Channel_Integration_System/node_modules/@vitest/runner/dist/chunk-hooks.js:1849:8)\n    at Object.collect (file:///D:/Code/Multi_Channel_Integration_System/node_modules/@vitest/runner/dist/chunk-hooks.js:734:10)\n    at Object.collect (file:///D:/Code/Multi_Channel_Integration_System/node_modules/@vitest/runner/dist/chunk-hooks.js:738:54)\n    at Object.collect (file:///D:/Code/Multi_Channel_Integration_System/node_modules/@vitest/runner/dist/chunk-hooks.js:738:46)\n    at collectTests (file:///D:/Code/Multi_Channel_Integration_System/node_modules/@vitest/runner/dist/chunk-hooks.js:1179:25)\n    at startTests (file:///D:/Code/Multi_Channel_Integration_System/node_modules/@vitest/runner/dist/chunk-hooks.js:1817:17)\n    at file:///D:/Code/Multi_Channel_Integration_System/node_modules/vitest/dist/chunks/runBaseTests.9Ij9_de-.js:117:26\n    at withEnv (file:///D:/Code/Multi_Channel_Integration_System/node_modules/vitest/dist/chunks/runBaseTests.9Ij9_de-.js:84:3)\n    at run (file:///D:/Code/Multi_Channel_Integration_System/node_modules/vitest/dist/chunks/runBaseTests.9Ij9_de-.js:109:2)"],"meta":{}},{"ancestorTitles":["Analytics API E2E Tests with Authentication","Health Check E2E"],"fullName":"Analytics API E2E Tests with Authentication Health Check E2E should access health endpoint with authentication","status":"failed","title":"should access health endpoint with authentication","duration":5004.491999999998,"failureMessages":["Error: STACK_TRACE_ERROR\n    at task (file:///D:/Code/Multi_Channel_Integration_System/node_modules/@vitest/runner/dist/chunk-hooks.js:638:27)\n    at Object.<anonymous> (file:///D:/Code/Multi_Channel_Integration_System/node_modules/@vitest/runner/dist/chunk-hooks.js:662:16)\n    at Object.<anonymous> (file:///D:/Code/Multi_Channel_Integration_System/node_modules/@vitest/runner/dist/chunk-hooks.js:458:28)\n    at chain (file:///D:/Code/Multi_Channel_Integration_System/node_modules/@vitest/runner/dist/chunk-hooks.js:369:14)\n    at D:\\Code\\Multi_Channel_Integration_System\\tests\\e2e\\analytics-api-e2e-auth.test.ts:154:5\n    at file:///D:/Code/Multi_Channel_Integration_System/node_modules/@vitest/runner/dist/chunk-hooks.js:734:40\n    at runWithSuite (file:///D:/Code/Multi_Channel_Integration_System/node_modules/@vitest/runner/dist/chunk-hooks.js:1849:8)\n    at Object.collect (file:///D:/Code/Multi_Channel_Integration_System/node_modules/@vitest/runner/dist/chunk-hooks.js:734:10)\n    at Object.collect (file:///D:/Code/Multi_Channel_Integration_System/node_modules/@vitest/runner/dist/chunk-hooks.js:738:54)\n    at Object.collect (file:///D:/Code/Multi_Channel_Integration_System/node_modules/@vitest/runner/dist/chunk-hooks.js:738:46)\n    at collectTests (file:///D:/Code/Multi_Channel_Integration_System/node_modules/@vitest/runner/dist/chunk-hooks.js:1179:25)\n    at startTests (file:///D:/Code/Multi_Channel_Integration_System/node_modules/@vitest/runner/dist/chunk-hooks.js:1817:17)\n    at file:///D:/Code/Multi_Channel_Integration_System/node_modules/vitest/dist/chunks/runBaseTests.9Ij9_de-.js:117:26\n    at withEnv (file:///D:/Code/Multi_Channel_Integration_System/node_modules/vitest/dist/chunks/runBaseTests.9Ij9_de-.js:84:3)\n    at run (file:///D:/Code/Multi_Channel_Integration_System/node_modules/vitest/dist/chunks/runBaseTests.9Ij9_de-.js:109:2)"],"meta":{}},{"ancestorTitles":["Analytics API E2E Tests with Authentication","Conversation Analytics E2E"],"fullName":"Analytics API E2E Tests with Authentication Conversation Analytics E2E should fetch conversation analytics with admin authentication","status":"failed","title":"should fetch conversation analytics with admin authentication","duration":5004.705700000006,"failureMessages":["Error: STACK_TRACE_ERROR\n    at task (file:///D:/Code/Multi_Channel_Integration_System/node_modules/@vitest/runner/dist/chunk-hooks.js:638:27)\n    at Object.<anonymous> (file:///D:/Code/Multi_Channel_Integration_System/node_modules/@vitest/runner/dist/chunk-hooks.js:662:16)\n    at Object.<anonymous> (file:///D:/Code/Multi_Channel_Integration_System/node_modules/@vitest/runner/dist/chunk-hooks.js:458:28)\n    at chain (file:///D:/Code/Multi_Channel_Integration_System/node_modules/@vitest/runner/dist/chunk-hooks.js:369:14)\n    at D:\\Code\\Multi_Channel_Integration_System\\tests\\e2e\\analytics-api-e2e-auth.test.ts:180:5\n    at file:///D:/Code/Multi_Channel_Integration_System/node_modules/@vitest/runner/dist/chunk-hooks.js:734:40\n    at runWithSuite (file:///D:/Code/Multi_Channel_Integration_System/node_modules/@vitest/runner/dist/chunk-hooks.js:1849:8)\n    at Object.collect (file:///D:/Code/Multi_Channel_Integration_System/node_modules/@vitest/runner/dist/chunk-hooks.js:734:10)\n    at Object.collect (file:///D:/Code/Multi_Channel_Integration_System/node_modules/@vitest/runner/dist/chunk-hooks.js:738:54)\n    at Object.collect (file:///D:/Code/Multi_Channel_Integration_System/node_modules/@vitest/runner/dist/chunk-hooks.js:738:46)\n    at collectTests (file:///D:/Code/Multi_Channel_Integration_System/node_modules/@vitest/runner/dist/chunk-hooks.js:1179:25)\n    at startTests (file:///D:/Code/Multi_Channel_Integration_System/node_modules/@vitest/runner/dist/chunk-hooks.js:1817:17)\n    at file:///D:/Code/Multi_Channel_Integration_System/node_modules/vitest/dist/chunks/runBaseTests.9Ij9_de-.js:117:26\n    at withEnv (file:///D:/Code/Multi_Channel_Integration_System/node_modules/vitest/dist/chunks/runBaseTests.9Ij9_de-.js:84:3)\n    at run (file:///D:/Code/Multi_Channel_Integration_System/node_modules/vitest/dist/chunks/runBaseTests.9Ij9_de-.js:109:2)"],"meta":{}},{"ancestorTitles":["Analytics API E2E Tests with Authentication","Conversation Analytics E2E"],"fullName":"Analytics API E2E Tests with Authentication Conversation Analytics E2E should support platform filtering with authentication","status":"failed","title":"should support platform filtering with authentication","duration":5013.627600000007,"failureMessages":["Error: STACK_TRACE_ERROR\n    at task (file:///D:/Code/Multi_Channel_Integration_System/node_modules/@vitest/runner/dist/chunk-hooks.js:638:27)\n    at Object.<anonymous> (file:///D:/Code/Multi_Channel_Integration_System/node_modules/@vitest/runner/dist/chunk-hooks.js:662:16)\n    at Object.<anonymous> (file:///D:/Code/Multi_Channel_Integration_System/node_modules/@vitest/runner/dist/chunk-hooks.js:458:28)\n    at chain (file:///D:/Code/Multi_Channel_Integration_System/node_modules/@vitest/runner/dist/chunk-hooks.js:369:14)\n    at D:\\Code\\Multi_Channel_Integration_System\\tests\\e2e\\analytics-api-e2e-auth.test.ts:207:5\n    at file:///D:/Code/Multi_Channel_Integration_System/node_modules/@vitest/runner/dist/chunk-hooks.js:734:40\n    at runWithSuite (file:///D:/Code/Multi_Channel_Integration_System/node_modules/@vitest/runner/dist/chunk-hooks.js:1849:8)\n    at Object.collect (file:///D:/Code/Multi_Channel_Integration_System/node_modules/@vitest/runner/dist/chunk-hooks.js:734:10)\n    at Object.collect (file:///D:/Code/Multi_Channel_Integration_System/node_modules/@vitest/runner/dist/chunk-hooks.js:738:54)\n    at Object.collect (file:///D:/Code/Multi_Channel_Integration_System/node_modules/@vitest/runner/dist/chunk-hooks.js:738:46)\n    at collectTests (file:///D:/Code/Multi_Channel_Integration_System/node_modules/@vitest/runner/dist/chunk-hooks.js:1179:25)\n    at startTests (file:///D:/Code/Multi_Channel_Integration_System/node_modules/@vitest/runner/dist/chunk-hooks.js:1817:17)\n    at file:///D:/Code/Multi_Channel_Integration_System/node_modules/vitest/dist/chunks/runBaseTests.9Ij9_de-.js:117:26\n    at withEnv (file:///D:/Code/Multi_Channel_Integration_System/node_modules/vitest/dist/chunks/runBaseTests.9Ij9_de-.js:84:3)\n    at run (file:///D:/Code/Multi_Channel_Integration_System/node_modules/vitest/dist/chunks/runBaseTests.9Ij9_de-.js:109:2)"],"meta":{}},{"ancestorTitles":["Analytics API E2E Tests with Authentication","Conversation Analytics E2E"],"fullName":"Analytics API E2E Tests with Authentication Conversation Analytics E2E should respect team-level permissions","status":"failed","title":"should respect team-level permissions","duration":5013.9038999999975,"failureMessages":["Error: STACK_TRACE_ERROR\n    at task (file:///D:/Code/Multi_Channel_Integration_System/node_modules/@vitest/runner/dist/chunk-hooks.js:638:27)\n    at Object.<anonymous> (file:///D:/Code/Multi_Channel_Integration_System/node_modules/@vitest/runner/dist/chunk-hooks.js:662:16)\n    at Object.<anonymous> (file:///D:/Code/Multi_Channel_Integration_System/node_modules/@vitest/runner/dist/chunk-hooks.js:458:28)\n    at chain (file:///D:/Code/Multi_Channel_Integration_System/node_modules/@vitest/runner/dist/chunk-hooks.js:369:14)\n    at D:\\Code\\Multi_Channel_Integration_System\\tests\\e2e\\analytics-api-e2e-auth.test.ts:227:5\n    at file:///D:/Code/Multi_Channel_Integration_System/node_modules/@vitest/runner/dist/chunk-hooks.js:734:40\n    at runWithSuite (file:///D:/Code/Multi_Channel_Integration_System/node_modules/@vitest/runner/dist/chunk-hooks.js:1849:8)\n    at Object.collect (file:///D:/Code/Multi_Channel_Integration_System/node_modules/@vitest/runner/dist/chunk-hooks.js:734:10)\n    at Object.collect (file:///D:/Code/Multi_Channel_Integration_System/node_modules/@vitest/runner/dist/chunk-hooks.js:738:54)\n    at Object.collect (file:///D:/Code/Multi_Channel_Integration_System/node_modules/@vitest/runner/dist/chunk-hooks.js:738:46)\n    at collectTests (file:///D:/Code/Multi_Channel_Integration_System/node_modules/@vitest/runner/dist/chunk-hooks.js:1179:25)\n    at startTests (file:///D:/Code/Multi_Channel_Integration_System/node_modules/@vitest/runner/dist/chunk-hooks.js:1817:17)\n    at file:///D:/Code/Multi_Channel_Integration_System/node_modules/vitest/dist/chunks/runBaseTests.9Ij9_de-.js:117:26\n    at withEnv (file:///D:/Code/Multi_Channel_Integration_System/node_modules/vitest/dist/chunks/runBaseTests.9Ij9_de-.js:84:3)\n    at run (file:///D:/Code/Multi_Channel_Integration_System/node_modules/vitest/dist/chunks/runBaseTests.9Ij9_de-.js:109:2)"],"meta":{}},{"ancestorTitles":["Analytics API E2E Tests with Authentication","Conversation Analytics E2E"],"fullName":"Analytics API E2E Tests with Authentication Conversation Analytics E2E should restrict agent access appropriately","status":"failed","title":"should restrict agent access appropriately","duration":5014.4303,"failureMessages":["Error: STACK_TRACE_ERROR\n    at task (file:///D:/Code/Multi_Channel_Integration_System/node_modules/@vitest/runner/dist/chunk-hooks.js:638:27)\n    at Object.<anonymous> (file:///D:/Code/Multi_Channel_Integration_System/node_modules/@vitest/runner/dist/chunk-hooks.js:662:16)\n    at Object.<anonymous> (file:///D:/Code/Multi_Channel_Integration_System/node_modules/@vitest/runner/dist/chunk-hooks.js:458:28)\n    at chain (file:///D:/Code/Multi_Channel_Integration_System/node_modules/@vitest/runner/dist/chunk-hooks.js:369:14)\n    at D:\\Code\\Multi_Channel_Integration_System\\tests\\e2e\\analytics-api-e2e-auth.test.ts:248:5\n    at file:///D:/Code/Multi_Channel_Integration_System/node_modules/@vitest/runner/dist/chunk-hooks.js:734:40\n    at runWithSuite (file:///D:/Code/Multi_Channel_Integration_System/node_modules/@vitest/runner/dist/chunk-hooks.js:1849:8)\n    at Object.collect (file:///D:/Code/Multi_Channel_Integration_System/node_modules/@vitest/runner/dist/chunk-hooks.js:734:10)\n    at Object.collect (file:///D:/Code/Multi_Channel_Integration_System/node_modules/@vitest/runner/dist/chunk-hooks.js:738:54)\n    at Object.collect (file:///D:/Code/Multi_Channel_Integration_System/node_modules/@vitest/runner/dist/chunk-hooks.js:738:46)\n    at collectTests (file:///D:/Code/Multi_Channel_Integration_System/node_modules/@vitest/runner/dist/chunk-hooks.js:1179:25)\n    at startTests (file:///D:/Code/Multi_Channel_Integration_System/node_modules/@vitest/runner/dist/chunk-hooks.js:1817:17)\n    at file:///D:/Code/Multi_Channel_Integration_System/node_modules/vitest/dist/chunks/runBaseTests.9Ij9_de-.js:117:26\n    at withEnv (file:///D:/Code/Multi_Channel_Integration_System/node_modules/vitest/dist/chunks/runBaseTests.9Ij9_de-.js:84:3)\n    at run (file:///D:/Code/Multi_Channel_Integration_System/node_modules/vitest/dist/chunks/runBaseTests.9Ij9_de-.js:109:2)"],"meta":{}},{"ancestorTitles":["Analytics API E2E Tests with Authentication","Message Analytics E2E"],"fullName":"Analytics API E2E Tests with Authentication Message Analytics E2E should fetch message analytics with authentication","status":"failed","title":"should fetch message analytics with authentication","duration":5014.875200000002,"failureMessages":["Error: STACK_TRACE_ERROR\n    at task (file:///D:/Code/Multi_Channel_Integration_System/node_modules/@vitest/runner/dist/chunk-hooks.js:638:27)\n    at Object.<anonymous> (file:///D:/Code/Multi_Channel_Integration_System/node_modules/@vitest/runner/dist/chunk-hooks.js:662:16)\n    at Object.<anonymous> (file:///D:/Code/Multi_Channel_Integration_System/node_modules/@vitest/runner/dist/chunk-hooks.js:458:28)\n    at chain (file:///D:/Code/Multi_Channel_Integration_System/node_modules/@vitest/runner/dist/chunk-hooks.js:369:14)\n    at D:\\Code\\Multi_Channel_Integration_System\\tests\\e2e\\analytics-api-e2e-auth.test.ts:273:5\n    at file:///D:/Code/Multi_Channel_Integration_System/node_modules/@vitest/runner/dist/chunk-hooks.js:734:40\n    at runWithSuite (file:///D:/Code/Multi_Channel_Integration_System/node_modules/@vitest/runner/dist/chunk-hooks.js:1849:8)\n    at Object.collect (file:///D:/Code/Multi_Channel_Integration_System/node_modules/@vitest/runner/dist/chunk-hooks.js:734:10)\n    at Object.collect (file:///D:/Code/Multi_Channel_Integration_System/node_modules/@vitest/runner/dist/chunk-hooks.js:738:54)\n    at Object.collect (file:///D:/Code/Multi_Channel_Integration_System/node_modules/@vitest/runner/dist/chunk-hooks.js:738:46)\n    at collectTests (file:///D:/Code/Multi_Channel_Integration_System/node_modules/@vitest/runner/dist/chunk-hooks.js:1179:25)\n    at startTests (file:///D:/Code/Multi_Channel_Integration_System/node_modules/@vitest/runner/dist/chunk-hooks.js:1817:17)\n    at file:///D:/Code/Multi_Channel_Integration_System/node_modules/vitest/dist/chunks/runBaseTests.9Ij9_de-.js:117:26\n    at withEnv (file:///D:/Code/Multi_Channel_Integration_System/node_modules/vitest/dist/chunks/runBaseTests.9Ij9_de-.js:84:3)\n    at run (file:///D:/Code/Multi_Channel_Integration_System/node_modules/vitest/dist/chunks/runBaseTests.9Ij9_de-.js:109:2)"],"meta":{}},{"ancestorTitles":["Analytics API E2E Tests with Authentication","User Analytics E2E"],"fullName":"Analytics API E2E Tests with Authentication User Analytics E2E should fetch user analytics with authentication","status":"failed","title":"should fetch user analytics with authentication","duration":5017.279900000001,"failureMessages":["Error: STACK_TRACE_ERROR\n    at task (file:///D:/Code/Multi_Channel_Integration_System/node_modules/@vitest/runner/dist/chunk-hooks.js:638:27)\n    at Object.<anonymous> (file:///D:/Code/Multi_Channel_Integration_System/node_modules/@vitest/runner/dist/chunk-hooks.js:662:16)\n    at Object.<anonymous> (file:///D:/Code/Multi_Channel_Integration_System/node_modules/@vitest/runner/dist/chunk-hooks.js:458:28)\n    at chain (file:///D:/Code/Multi_Channel_Integration_System/node_modules/@vitest/runner/dist/chunk-hooks.js:369:14)\n    at D:\\Code\\Multi_Channel_Integration_System\\tests\\e2e\\analytics-api-e2e-auth.test.ts:299:5\n    at file:///D:/Code/Multi_Channel_Integration_System/node_modules/@vitest/runner/dist/chunk-hooks.js:734:40\n    at runWithSuite (file:///D:/Code/Multi_Channel_Integration_System/node_modules/@vitest/runner/dist/chunk-hooks.js:1849:8)\n    at Object.collect (file:///D:/Code/Multi_Channel_Integration_System/node_modules/@vitest/runner/dist/chunk-hooks.js:734:10)\n    at Object.collect (file:///D:/Code/Multi_Channel_Integration_System/node_modules/@vitest/runner/dist/chunk-hooks.js:738:54)\n    at Object.collect (file:///D:/Code/Multi_Channel_Integration_System/node_modules/@vitest/runner/dist/chunk-hooks.js:738:46)\n    at collectTests (file:///D:/Code/Multi_Channel_Integration_System/node_modules/@vitest/runner/dist/chunk-hooks.js:1179:25)\n    at startTests (file:///D:/Code/Multi_Channel_Integration_System/node_modules/@vitest/runner/dist/chunk-hooks.js:1817:17)\n    at file:///D:/Code/Multi_Channel_Integration_System/node_modules/vitest/dist/chunks/runBaseTests.9Ij9_de-.js:117:26\n    at withEnv (file:///D:/Code/Multi_Channel_Integration_System/node_modules/vitest/dist/chunks/runBaseTests.9Ij9_de-.js:84:3)\n    at run (file:///D:/Code/Multi_Channel_Integration_System/node_modules/vitest/dist/chunks/runBaseTests.9Ij9_de-.js:109:2)"],"meta":{}},{"ancestorTitles":["Analytics API E2E Tests with Authentication","Performance Analytics E2E"],"fullName":"Analytics API E2E Tests with Authentication Performance Analytics E2E should fetch performance analytics with authentication","status":"failed","title":"should fetch performance analytics with authentication","duration":5015.516400000008,"failureMessages":["Error: STACK_TRACE_ERROR\n    at task (file:///D:/Code/Multi_Channel_Integration_System/node_modules/@vitest/runner/dist/chunk-hooks.js:638:27)\n    at Object.<anonymous> (file:///D:/Code/Multi_Channel_Integration_System/node_modules/@vitest/runner/dist/chunk-hooks.js:662:16)\n    at Object.<anonymous> (file:///D:/Code/Multi_Channel_Integration_System/node_modules/@vitest/runner/dist/chunk-hooks.js:458:28)\n    at chain (file:///D:/Code/Multi_Channel_Integration_System/node_modules/@vitest/runner/dist/chunk-hooks.js:369:14)\n    at D:\\Code\\Multi_Channel_Integration_System\\tests\\e2e\\analytics-api-e2e-auth.test.ts:324:5\n    at file:///D:/Code/Multi_Channel_Integration_System/node_modules/@vitest/runner/dist/chunk-hooks.js:734:40\n    at runWithSuite (file:///D:/Code/Multi_Channel_Integration_System/node_modules/@vitest/runner/dist/chunk-hooks.js:1849:8)\n    at Object.collect (file:///D:/Code/Multi_Channel_Integration_System/node_modules/@vitest/runner/dist/chunk-hooks.js:734:10)\n    at Object.collect (file:///D:/Code/Multi_Channel_Integration_System/node_modules/@vitest/runner/dist/chunk-hooks.js:738:54)\n    at Object.collect (file:///D:/Code/Multi_Channel_Integration_System/node_modules/@vitest/runner/dist/chunk-hooks.js:738:46)\n    at collectTests (file:///D:/Code/Multi_Channel_Integration_System/node_modules/@vitest/runner/dist/chunk-hooks.js:1179:25)\n    at startTests (file:///D:/Code/Multi_Channel_Integration_System/node_modules/@vitest/runner/dist/chunk-hooks.js:1817:17)\n    at file:///D:/Code/Multi_Channel_Integration_System/node_modules/vitest/dist/chunks/runBaseTests.9Ij9_de-.js:117:26\n    at withEnv (file:///D:/Code/Multi_Channel_Integration_System/node_modules/vitest/dist/chunks/runBaseTests.9Ij9_de-.js:84:3)\n    at run (file:///D:/Code/Multi_Channel_Integration_System/node_modules/vitest/dist/chunks/runBaseTests.9Ij9_de-.js:109:2)"],"meta":{}},{"ancestorTitles":["Analytics API E2E Tests with Authentication","Export E2E"],"fullName":"Analytics API E2E Tests with Authentication Export E2E should export analytics data with authentication","status":"failed","title":"should export analytics data with authentication","duration":5003.547300000006,"failureMessages":["Error: STACK_TRACE_ERROR\n    at task (file:///D:/Code/Multi_Channel_Integration_System/node_modules/@vitest/runner/dist/chunk-hooks.js:638:27)\n    at Object.<anonymous> (file:///D:/Code/Multi_Channel_Integration_System/node_modules/@vitest/runner/dist/chunk-hooks.js:662:16)\n    at Object.<anonymous> (file:///D:/Code/Multi_Channel_Integration_System/node_modules/@vitest/runner/dist/chunk-hooks.js:458:28)\n    at chain (file:///D:/Code/Multi_Channel_Integration_System/node_modules/@vitest/runner/dist/chunk-hooks.js:369:14)\n    at D:\\Code\\Multi_Channel_Integration_System\\tests\\e2e\\analytics-api-e2e-auth.test.ts:349:5\n    at file:///D:/Code/Multi_Channel_Integration_System/node_modules/@vitest/runner/dist/chunk-hooks.js:734:40\n    at runWithSuite (file:///D:/Code/Multi_Channel_Integration_System/node_modules/@vitest/runner/dist/chunk-hooks.js:1849:8)\n    at Object.collect (file:///D:/Code/Multi_Channel_Integration_System/node_modules/@vitest/runner/dist/chunk-hooks.js:734:10)\n    at Object.collect (file:///D:/Code/Multi_Channel_Integration_System/node_modules/@vitest/runner/dist/chunk-hooks.js:738:54)\n    at Object.collect (file:///D:/Code/Multi_Channel_Integration_System/node_modules/@vitest/runner/dist/chunk-hooks.js:738:46)\n    at collectTests (file:///D:/Code/Multi_Channel_Integration_System/node_modules/@vitest/runner/dist/chunk-hooks.js:1179:25)\n    at startTests (file:///D:/Code/Multi_Channel_Integration_System/node_modules/@vitest/runner/dist/chunk-hooks.js:1817:17)\n    at file:///D:/Code/Multi_Channel_Integration_System/node_modules/vitest/dist/chunks/runBaseTests.9Ij9_de-.js:117:26\n    at withEnv (file:///D:/Code/Multi_Channel_Integration_System/node_modules/vitest/dist/chunks/runBaseTests.9Ij9_de-.js:84:3)\n    at run (file:///D:/Code/Multi_Channel_Integration_System/node_modules/vitest/dist/chunks/runBaseTests.9Ij9_de-.js:109:2)"],"meta":{}},{"ancestorTitles":["Analytics API E2E Tests with Authentication","Export E2E"],"fullName":"Analytics API E2E Tests with Authentication Export E2E should restrict export access based on role","status":"failed","title":"should restrict export access based on role","duration":5013.497699999993,"failureMessages":["Error: STACK_TRACE_ERROR\n    at task (file:///D:/Code/Multi_Channel_Integration_System/node_modules/@vitest/runner/dist/chunk-hooks.js:638:27)\n    at Object.<anonymous> (file:///D:/Code/Multi_Channel_Integration_System/node_modules/@vitest/runner/dist/chunk-hooks.js:662:16)\n    at Object.<anonymous> (file:///D:/Code/Multi_Channel_Integration_System/node_modules/@vitest/runner/dist/chunk-hooks.js:458:28)\n    at chain (file:///D:/Code/Multi_Channel_Integration_System/node_modules/@vitest/runner/dist/chunk-hooks.js:369:14)\n    at D:\\Code\\Multi_Channel_Integration_System\\tests\\e2e\\analytics-api-e2e-auth.test.ts:380:5\n    at file:///D:/Code/Multi_Channel_Integration_System/node_modules/@vitest/runner/dist/chunk-hooks.js:734:40\n    at runWithSuite (file:///D:/Code/Multi_Channel_Integration_System/node_modules/@vitest/runner/dist/chunk-hooks.js:1849:8)\n    at Object.collect (file:///D:/Code/Multi_Channel_Integration_System/node_modules/@vitest/runner/dist/chunk-hooks.js:734:10)\n    at Object.collect (file:///D:/Code/Multi_Channel_Integration_System/node_modules/@vitest/runner/dist/chunk-hooks.js:738:54)\n    at Object.collect (file:///D:/Code/Multi_Channel_Integration_System/node_modules/@vitest/runner/dist/chunk-hooks.js:738:46)\n    at collectTests (file:///D:/Code/Multi_Channel_Integration_System/node_modules/@vitest/runner/dist/chunk-hooks.js:1179:25)\n    at startTests (file:///D:/Code/Multi_Channel_Integration_System/node_modules/@vitest/runner/dist/chunk-hooks.js:1817:17)\n    at file:///D:/Code/Multi_Channel_Integration_System/node_modules/vitest/dist/chunks/runBaseTests.9Ij9_de-.js:117:26\n    at withEnv (file:///D:/Code/Multi_Channel_Integration_System/node_modules/vitest/dist/chunks/runBaseTests.9Ij9_de-.js:84:3)\n    at run (file:///D:/Code/Multi_Channel_Integration_System/node_modules/vitest/dist/chunks/runBaseTests.9Ij9_de-.js:109:2)"],"meta":{}},{"ancestorTitles":["Analytics API E2E Tests with Authentication","Error Handling E2E"],"fullName":"Analytics API E2E Tests with Authentication Error Handling E2E should handle invalid query parameters gracefully","status":"failed","title":"should handle invalid query parameters gracefully","duration":5001.1783,"failureMessages":["Error: STACK_TRACE_ERROR\n    at task (file:///D:/Code/Multi_Channel_Integration_System/node_modules/@vitest/runner/dist/chunk-hooks.js:638:27)\n    at Object.<anonymous> (file:///D:/Code/Multi_Channel_Integration_System/node_modules/@vitest/runner/dist/chunk-hooks.js:662:16)\n    at Object.<anonymous> (file:///D:/Code/Multi_Channel_Integration_System/node_modules/@vitest/runner/dist/chunk-hooks.js:458:28)\n    at chain (file:///D:/Code/Multi_Channel_Integration_System/node_modules/@vitest/runner/dist/chunk-hooks.js:369:14)\n    at D:\\Code\\Multi_Channel_Integration_System\\tests\\e2e\\analytics-api-e2e-auth.test.ts:417:5\n    at file:///D:/Code/Multi_Channel_Integration_System/node_modules/@vitest/runner/dist/chunk-hooks.js:734:40\n    at runWithSuite (file:///D:/Code/Multi_Channel_Integration_System/node_modules/@vitest/runner/dist/chunk-hooks.js:1849:8)\n    at Object.collect (file:///D:/Code/Multi_Channel_Integration_System/node_modules/@vitest/runner/dist/chunk-hooks.js:734:10)\n    at Object.collect (file:///D:/Code/Multi_Channel_Integration_System/node_modules/@vitest/runner/dist/chunk-hooks.js:738:54)\n    at Object.collect (file:///D:/Code/Multi_Channel_Integration_System/node_modules/@vitest/runner/dist/chunk-hooks.js:738:46)\n    at collectTests (file:///D:/Code/Multi_Channel_Integration_System/node_modules/@vitest/runner/dist/chunk-hooks.js:1179:25)\n    at startTests (file:///D:/Code/Multi_Channel_Integration_System/node_modules/@vitest/runner/dist/chunk-hooks.js:1817:17)\n    at file:///D:/Code/Multi_Channel_Integration_System/node_modules/vitest/dist/chunks/runBaseTests.9Ij9_de-.js:117:26\n    at withEnv (file:///D:/Code/Multi_Channel_Integration_System/node_modules/vitest/dist/chunks/runBaseTests.9Ij9_de-.js:84:3)\n    at run (file:///D:/Code/Multi_Channel_Integration_System/node_modules/vitest/dist/chunks/runBaseTests.9Ij9_de-.js:109:2)"],"meta":{}},{"ancestorTitles":["Analytics API E2E Tests with Authentication","Error Handling E2E"],"fullName":"Analytics API E2E Tests with Authentication Error Handling E2E should handle malformed request body","status":"failed","title":"should handle malformed request body","duration":5015.314899999998,"failureMessages":["Error: STACK_TRACE_ERROR\n    at task (file:///D:/Code/Multi_Channel_Integration_System/node_modules/@vitest/runner/dist/chunk-hooks.js:638:27)\n    at Object.<anonymous> (file:///D:/Code/Multi_Channel_Integration_System/node_modules/@vitest/runner/dist/chunk-hooks.js:662:16)\n    at Object.<anonymous> (file:///D:/Code/Multi_Channel_Integration_System/node_modules/@vitest/runner/dist/chunk-hooks.js:458:28)\n    at chain (file:///D:/Code/Multi_Channel_Integration_System/node_modules/@vitest/runner/dist/chunk-hooks.js:369:14)\n    at D:\\Code\\Multi_Channel_Integration_System\\tests\\e2e\\analytics-api-e2e-auth.test.ts:435:5\n    at file:///D:/Code/Multi_Channel_Integration_System/node_modules/@vitest/runner/dist/chunk-hooks.js:734:40\n    at runWithSuite (file:///D:/Code/Multi_Channel_Integration_System/node_modules/@vitest/runner/dist/chunk-hooks.js:1849:8)\n    at Object.collect (file:///D:/Code/Multi_Channel_Integration_System/node_modules/@vitest/runner/dist/chunk-hooks.js:734:10)\n    at Object.collect (file:///D:/Code/Multi_Channel_Integration_System/node_modules/@vitest/runner/dist/chunk-hooks.js:738:54)\n    at Object.collect (file:///D:/Code/Multi_Channel_Integration_System/node_modules/@vitest/runner/dist/chunk-hooks.js:738:46)\n    at collectTests (file:///D:/Code/Multi_Channel_Integration_System/node_modules/@vitest/runner/dist/chunk-hooks.js:1179:25)\n    at startTests (file:///D:/Code/Multi_Channel_Integration_System/node_modules/@vitest/runner/dist/chunk-hooks.js:1817:17)\n    at file:///D:/Code/Multi_Channel_Integration_System/node_modules/vitest/dist/chunks/runBaseTests.9Ij9_de-.js:117:26\n    at withEnv (file:///D:/Code/Multi_Channel_Integration_System/node_modules/vitest/dist/chunks/runBaseTests.9Ij9_de-.js:84:3)\n    at run (file:///D:/Code/Multi_Channel_Integration_System/node_modules/vitest/dist/chunks/runBaseTests.9Ij9_de-.js:109:2)"],"meta":{}},{"ancestorTitles":["Analytics API E2E Tests with Authentication","CORS and Headers E2E"],"fullName":"Analytics API E2E Tests with Authentication CORS and Headers E2E should include proper response headers","status":"failed","title":"should include proper response headers","duration":5008.118300000002,"failureMessages":["Error: STACK_TRACE_ERROR\n    at task (file:///D:/Code/Multi_Channel_Integration_System/node_modules/@vitest/runner/dist/chunk-hooks.js:638:27)\n    at Object.<anonymous> (file:///D:/Code/Multi_Channel_Integration_System/node_modules/@vitest/runner/dist/chunk-hooks.js:662:16)\n    at Object.<anonymous> (file:///D:/Code/Multi_Channel_Integration_System/node_modules/@vitest/runner/dist/chunk-hooks.js:458:28)\n    at chain (file:///D:/Code/Multi_Channel_Integration_System/node_modules/@vitest/runner/dist/chunk-hooks.js:369:14)\n    at D:\\Code\\Multi_Channel_Integration_System\\tests\\e2e\\analytics-api-e2e-auth.test.ts:454:5\n    at file:///D:/Code/Multi_Channel_Integration_System/node_modules/@vitest/runner/dist/chunk-hooks.js:734:40\n    at runWithSuite (file:///D:/Code/Multi_Channel_Integration_System/node_modules/@vitest/runner/dist/chunk-hooks.js:1849:8)\n    at Object.collect (file:///D:/Code/Multi_Channel_Integration_System/node_modules/@vitest/runner/dist/chunk-hooks.js:734:10)\n    at Object.collect (file:///D:/Code/Multi_Channel_Integration_System/node_modules/@vitest/runner/dist/chunk-hooks.js:738:54)\n    at Object.collect (file:///D:/Code/Multi_Channel_Integration_System/node_modules/@vitest/runner/dist/chunk-hooks.js:738:46)\n    at collectTests (file:///D:/Code/Multi_Channel_Integration_System/node_modules/@vitest/runner/dist/chunk-hooks.js:1179:25)\n    at startTests (file:///D:/Code/Multi_Channel_Integration_System/node_modules/@vitest/runner/dist/chunk-hooks.js:1817:17)\n    at file:///D:/Code/Multi_Channel_Integration_System/node_modules/vitest/dist/chunks/runBaseTests.9Ij9_de-.js:117:26\n    at withEnv (file:///D:/Code/Multi_Channel_Integration_System/node_modules/vitest/dist/chunks/runBaseTests.9Ij9_de-.js:84:3)\n    at run (file:///D:/Code/Multi_Channel_Integration_System/node_modules/vitest/dist/chunks/runBaseTests.9Ij9_de-.js:109:2)"],"meta":{}},{"ancestorTitles":["Analytics API E2E Tests with Authentication","CORS and Headers E2E"],"fullName":"Analytics API E2E Tests with Authentication CORS and Headers E2E should handle OPTIONS preflight requests","status":"failed","title":"should handle OPTIONS preflight requests","duration":5038.121100000004,"failureMessages":["Error: STACK_TRACE_ERROR\n    at task (file:///D:/Code/Multi_Channel_Integration_System/node_modules/@vitest/runner/dist/chunk-hooks.js:638:27)\n    at Object.<anonymous> (file:///D:/Code/Multi_Channel_Integration_System/node_modules/@vitest/runner/dist/chunk-hooks.js:662:16)\n    at Object.<anonymous> (file:///D:/Code/Multi_Channel_Integration_System/node_modules/@vitest/runner/dist/chunk-hooks.js:458:28)\n    at chain (file:///D:/Code/Multi_Channel_Integration_System/node_modules/@vitest/runner/dist/chunk-hooks.js:369:14)\n    at D:\\Code\\Multi_Channel_Integration_System\\tests\\e2e\\analytics-api-e2e-auth.test.ts:469:5\n    at file:///D:/Code/Multi_Channel_Integration_System/node_modules/@vitest/runner/dist/chunk-hooks.js:734:40\n    at runWithSuite (file:///D:/Code/Multi_Channel_Integration_System/node_modules/@vitest/runner/dist/chunk-hooks.js:1849:8)\n    at Object.collect (file:///D:/Code/Multi_Channel_Integration_System/node_modules/@vitest/runner/dist/chunk-hooks.js:734:10)\n    at Object.collect (file:///D:/Code/Multi_Channel_Integration_System/node_modules/@vitest/runner/dist/chunk-hooks.js:738:54)\n    at Object.collect (file:///D:/Code/Multi_Channel_Integration_System/node_modules/@vitest/runner/dist/chunk-hooks.js:738:46)\n    at collectTests (file:///D:/Code/Multi_Channel_Integration_System/node_modules/@vitest/runner/dist/chunk-hooks.js:1179:25)\n    at startTests (file:///D:/Code/Multi_Channel_Integration_System/node_modules/@vitest/runner/dist/chunk-hooks.js:1817:17)\n    at file:///D:/Code/Multi_Channel_Integration_System/node_modules/vitest/dist/chunks/runBaseTests.9Ij9_de-.js:117:26\n    at withEnv (file:///D:/Code/Multi_Channel_Integration_System/node_modules/vitest/dist/chunks/runBaseTests.9Ij9_de-.js:84:3)\n    at run (file:///D:/Code/Multi_Channel_Integration_System/node_modules/vitest/dist/chunks/runBaseTests.9Ij9_de-.js:109:2)"],"meta":{}},{"ancestorTitles":["Analytics API E2E Tests with Authentication","Concurrent Requests E2E"],"fullName":"Analytics API E2E Tests with Authentication Concurrent Requests E2E should handle multiple concurrent authenticated requests","status":"failed","title":"should handle multiple concurrent authenticated requests","duration":5001.558899999989,"failureMessages":["Error: STACK_TRACE_ERROR\n    at task (file:///D:/Code/Multi_Channel_Integration_System/node_modules/@vitest/runner/dist/chunk-hooks.js:638:27)\n    at Object.<anonymous> (file:///D:/Code/Multi_Channel_Integration_System/node_modules/@vitest/runner/dist/chunk-hooks.js:662:16)\n    at Object.<anonymous> (file:///D:/Code/Multi_Channel_Integration_System/node_modules/@vitest/runner/dist/chunk-hooks.js:458:28)\n    at chain (file:///D:/Code/Multi_Channel_Integration_System/node_modules/@vitest/runner/dist/chunk-hooks.js:369:14)\n    at D:\\Code\\Multi_Channel_Integration_System\\tests\\e2e\\analytics-api-e2e-auth.test.ts:487:5\n    at file:///D:/Code/Multi_Channel_Integration_System/node_modules/@vitest/runner/dist/chunk-hooks.js:734:40\n    at runWithSuite (file:///D:/Code/Multi_Channel_Integration_System/node_modules/@vitest/runner/dist/chunk-hooks.js:1849:8)\n    at Object.collect (file:///D:/Code/Multi_Channel_Integration_System/node_modules/@vitest/runner/dist/chunk-hooks.js:734:10)\n    at Object.collect (file:///D:/Code/Multi_Channel_Integration_System/node_modules/@vitest/runner/dist/chunk-hooks.js:738:54)\n    at Object.collect (file:///D:/Code/Multi_Channel_Integration_System/node_modules/@vitest/runner/dist/chunk-hooks.js:738:46)\n    at collectTests (file:///D:/Code/Multi_Channel_Integration_System/node_modules/@vitest/runner/dist/chunk-hooks.js:1179:25)\n    at startTests (file:///D:/Code/Multi_Channel_Integration_System/node_modules/@vitest/runner/dist/chunk-hooks.js:1817:17)\n    at file:///D:/Code/Multi_Channel_Integration_System/node_modules/vitest/dist/chunks/runBaseTests.9Ij9_de-.js:117:26\n    at withEnv (file:///D:/Code/Multi_Channel_Integration_System/node_modules/vitest/dist/chunks/runBaseTests.9Ij9_de-.js:84:3)\n    at run (file:///D:/Code/Multi_Channel_Integration_System/node_modules/vitest/dist/chunks/runBaseTests.9Ij9_de-.js:109:2)"],"meta":{}}],"startTime":1759236810962,"endTime":1759236916195.5588,"status":"failed","message":"","name":"D:/Code/Multi_Channel_Integration_System/tests/e2e/analytics-api-e2e-auth.test.ts"},{"assertionResults":[],"startTime":1759236805722,"endTime":1759236805722,"status":"failed","message":"Cannot find package '@modules/analytics/services/analytics-cache-service' imported from 'D:/Code/Multi_Channel_Integration_System/src/modules/analytics/services/analytics-core.ts'","name":"D:/Code/Multi_Channel_Integration_System/tests/e2e/analytics-real-d1-simplified.test.ts"},{"assertionResults":[{"ancestorTitles":["Analytics E2E Tests - Real D1 Database","Health Check"],"fullName":"Analytics E2E Tests - Real D1 Database Health Check should access analytics health endpoint","status":"failed","title":"should access analytics health endpoint","duration":5015.629400000001,"failureMessages":["Error: STACK_TRACE_ERROR\n    at task (file:///D:/Code/Multi_Channel_Integration_System/node_modules/@vitest/runner/dist/chunk-hooks.js:638:27)\n    at Object.<anonymous> (file:///D:/Code/Multi_Channel_Integration_System/node_modules/@vitest/runner/dist/chunk-hooks.js:662:16)\n    at Object.<anonymous> (file:///D:/Code/Multi_Channel_Integration_System/node_modules/@vitest/runner/dist/chunk-hooks.js:458:28)\n    at chain (file:///D:/Code/Multi_Channel_Integration_System/node_modules/@vitest/runner/dist/chunk-hooks.js:369:14)\n    at D:\\Code\\Multi_Channel_Integration_System\\tests\\e2e\\analytics-real-d1.test.ts:87:5\n    at file:///D:/Code/Multi_Channel_Integration_System/node_modules/@vitest/runner/dist/chunk-hooks.js:734:40\n    at runWithSuite (file:///D:/Code/Multi_Channel_Integration_System/node_modules/@vitest/runner/dist/chunk-hooks.js:1849:8)\n    at Object.collect (file:///D:/Code/Multi_Channel_Integration_System/node_modules/@vitest/runner/dist/chunk-hooks.js:734:10)\n    at Object.collect (file:///D:/Code/Multi_Channel_Integration_System/node_modules/@vitest/runner/dist/chunk-hooks.js:738:54)\n    at Object.collect (file:///D:/Code/Multi_Channel_Integration_System/node_modules/@vitest/runner/dist/chunk-hooks.js:738:46)\n    at collectTests (file:///D:/Code/Multi_Channel_Integration_System/node_modules/@vitest/runner/dist/chunk-hooks.js:1179:25)\n    at startTests (file:///D:/Code/Multi_Channel_Integration_System/node_modules/@vitest/runner/dist/chunk-hooks.js:1817:17)\n    at file:///D:/Code/Multi_Channel_Integration_System/node_modules/vitest/dist/chunks/runBaseTests.9Ij9_de-.js:117:26\n    at withEnv (file:///D:/Code/Multi_Channel_Integration_System/node_modules/vitest/dist/chunks/runBaseTests.9Ij9_de-.js:84:3)\n    at run (file:///D:/Code/Multi_Channel_Integration_System/node_modules/vitest/dist/chunks/runBaseTests.9Ij9_de-.js:109:2)"],"meta":{}},{"ancestorTitles":["Analytics E2E Tests - Real D1 Database","Conversation Analytics - Real D1"],"fullName":"Analytics E2E Tests - Real D1 Database Conversation Analytics - Real D1 should fetch conversation analytics with real database","status":"failed","title":"should fetch conversation analytics with real database","duration":5001.156700000001,"failureMessages":["Error: STACK_TRACE_ERROR\n    at task (file:///D:/Code/Multi_Channel_Integration_System/node_modules/@vitest/runner/dist/chunk-hooks.js:638:27)\n    at Object.<anonymous> (file:///D:/Code/Multi_Channel_Integration_System/node_modules/@vitest/runner/dist/chunk-hooks.js:662:16)\n    at Object.<anonymous> (file:///D:/Code/Multi_Channel_Integration_System/node_modules/@vitest/runner/dist/chunk-hooks.js:458:28)\n    at chain (file:///D:/Code/Multi_Channel_Integration_System/node_modules/@vitest/runner/dist/chunk-hooks.js:369:14)\n    at D:\\Code\\Multi_Channel_Integration_System\\tests\\e2e\\analytics-real-d1.test.ts:118:5\n    at file:///D:/Code/Multi_Channel_Integration_System/node_modules/@vitest/runner/dist/chunk-hooks.js:734:40\n    at runWithSuite (file:///D:/Code/Multi_Channel_Integration_System/node_modules/@vitest/runner/dist/chunk-hooks.js:1849:8)\n    at Object.collect (file:///D:/Code/Multi_Channel_Integration_System/node_modules/@vitest/runner/dist/chunk-hooks.js:734:10)\n    at Object.collect (file:///D:/Code/Multi_Channel_Integration_System/node_modules/@vitest/runner/dist/chunk-hooks.js:738:54)\n    at Object.collect (file:///D:/Code/Multi_Channel_Integration_System/node_modules/@vitest/runner/dist/chunk-hooks.js:738:46)\n    at collectTests (file:///D:/Code/Multi_Channel_Integration_System/node_modules/@vitest/runner/dist/chunk-hooks.js:1179:25)\n    at startTests (file:///D:/Code/Multi_Channel_Integration_System/node_modules/@vitest/runner/dist/chunk-hooks.js:1817:17)\n    at file:///D:/Code/Multi_Channel_Integration_System/node_modules/vitest/dist/chunks/runBaseTests.9Ij9_de-.js:117:26\n    at withEnv (file:///D:/Code/Multi_Channel_Integration_System/node_modules/vitest/dist/chunks/runBaseTests.9Ij9_de-.js:84:3)\n    at run (file:///D:/Code/Multi_Channel_Integration_System/node_modules/vitest/dist/chunks/runBaseTests.9Ij9_de-.js:109:2)"],"meta":{}},{"ancestorTitles":["Analytics E2E Tests - Real D1 Database","Conversation Analytics - Real D1"],"fullName":"Analytics E2E Tests - Real D1 Database Conversation Analytics - Real D1 should support platform filtering with real database","status":"failed","title":"should support platform filtering with real database","duration":5013.854299999999,"failureMessages":["Error: STACK_TRACE_ERROR\n    at task (file:///D:/Code/Multi_Channel_Integration_System/node_modules/@vitest/runner/dist/chunk-hooks.js:638:27)\n    at Object.<anonymous> (file:///D:/Code/Multi_Channel_Integration_System/node_modules/@vitest/runner/dist/chunk-hooks.js:662:16)\n    at Object.<anonymous> (file:///D:/Code/Multi_Channel_Integration_System/node_modules/@vitest/runner/dist/chunk-hooks.js:458:28)\n    at chain (file:///D:/Code/Multi_Channel_Integration_System/node_modules/@vitest/runner/dist/chunk-hooks.js:369:14)\n    at D:\\Code\\Multi_Channel_Integration_System\\tests\\e2e\\analytics-real-d1.test.ts:157:5\n    at file:///D:/Code/Multi_Channel_Integration_System/node_modules/@vitest/runner/dist/chunk-hooks.js:734:40\n    at runWithSuite (file:///D:/Code/Multi_Channel_Integration_System/node_modules/@vitest/runner/dist/chunk-hooks.js:1849:8)\n    at Object.collect (file:///D:/Code/Multi_Channel_Integration_System/node_modules/@vitest/runner/dist/chunk-hooks.js:734:10)\n    at Object.collect (file:///D:/Code/Multi_Channel_Integration_System/node_modules/@vitest/runner/dist/chunk-hooks.js:738:54)\n    at Object.collect (file:///D:/Code/Multi_Channel_Integration_System/node_modules/@vitest/runner/dist/chunk-hooks.js:738:46)\n    at collectTests (file:///D:/Code/Multi_Channel_Integration_System/node_modules/@vitest/runner/dist/chunk-hooks.js:1179:25)\n    at startTests (file:///D:/Code/Multi_Channel_Integration_System/node_modules/@vitest/runner/dist/chunk-hooks.js:1817:17)\n    at file:///D:/Code/Multi_Channel_Integration_System/node_modules/vitest/dist/chunks/runBaseTests.9Ij9_de-.js:117:26\n    at withEnv (file:///D:/Code/Multi_Channel_Integration_System/node_modules/vitest/dist/chunks/runBaseTests.9Ij9_de-.js:84:3)\n    at run (file:///D:/Code/Multi_Channel_Integration_System/node_modules/vitest/dist/chunks/runBaseTests.9Ij9_de-.js:109:2)"],"meta":{}},{"ancestorTitles":["Analytics E2E Tests - Real D1 Database","Conversation Analytics - Real D1"],"fullName":"Analytics E2E Tests - Real D1 Database Conversation Analytics - Real D1 should support time range filtering","status":"failed","title":"should support time range filtering","duration":5008.3884,"failureMessages":["Error: STACK_TRACE_ERROR\n    at task (file:///D:/Code/Multi_Channel_Integration_System/node_modules/@vitest/runner/dist/chunk-hooks.js:638:27)\n    at Object.<anonymous> (file:///D:/Code/Multi_Channel_Integration_System/node_modules/@vitest/runner/dist/chunk-hooks.js:662:16)\n    at Object.<anonymous> (file:///D:/Code/Multi_Channel_Integration_System/node_modules/@vitest/runner/dist/chunk-hooks.js:458:28)\n    at chain (file:///D:/Code/Multi_Channel_Integration_System/node_modules/@vitest/runner/dist/chunk-hooks.js:369:14)\n    at D:\\Code\\Multi_Channel_Integration_System\\tests\\e2e\\analytics-real-d1.test.ts:188:5\n    at file:///D:/Code/Multi_Channel_Integration_System/node_modules/@vitest/runner/dist/chunk-hooks.js:734:40\n    at runWithSuite (file:///D:/Code/Multi_Channel_Integration_System/node_modules/@vitest/runner/dist/chunk-hooks.js:1849:8)\n    at Object.collect (file:///D:/Code/Multi_Channel_Integration_System/node_modules/@vitest/runner/dist/chunk-hooks.js:734:10)\n    at Object.collect (file:///D:/Code/Multi_Channel_Integration_System/node_modules/@vitest/runner/dist/chunk-hooks.js:738:54)\n    at Object.collect (file:///D:/Code/Multi_Channel_Integration_System/node_modules/@vitest/runner/dist/chunk-hooks.js:738:46)\n    at collectTests (file:///D:/Code/Multi_Channel_Integration_System/node_modules/@vitest/runner/dist/chunk-hooks.js:1179:25)\n    at startTests (file:///D:/Code/Multi_Channel_Integration_System/node_modules/@vitest/runner/dist/chunk-hooks.js:1817:17)\n    at file:///D:/Code/Multi_Channel_Integration_System/node_modules/vitest/dist/chunks/runBaseTests.9Ij9_de-.js:11
[...]
0"],"meta":{}},{"ancestorTitles":["SessionService","CRUD Operations","create"],"fullName":"SessionService CRUD Operations create should generate topic automatically from message content","status":"passed","title":"should generate topic automatically from message content","duration":1.0873999999998887,"failureMessages":[],"meta":{}},{"ancestorTitles":["SessionService","CRUD Operations","create"],"fullName":"SessionService CRUD Operations create should use provided topic over extracted topic","status":"passed","title":"should use provided topic over extracted topic","duration":0.6721999999999753,"failureMessages":[],"meta":{}},{"ancestorTitles":["SessionService","CRUD Operations","create"],"fullName":"SessionService CRUD Operations create should handle JSON metadata properly","status":"passed","title":"should handle JSON metadata properly","duration":0.7001999999999953,"failureMessages":[],"meta":{}},{"ancestorTitles":["SessionService","CRUD Operations","create"],"fullName":"SessionService CRUD Operations create should handle database insertion error","status":"passed","title":"should handle database insertion error","duration":4.18529999999987,"failureMessages":[],"meta":{}},{"ancestorTitles":["SessionService","CRUD Operations","get"],"fullName":"SessionService CRUD Operations get should retrieve session by id","status":"passed","title":"should retrieve session by id","duration":1.4908000000000357,"failureMessages":[],"meta":{}},{"ancestorTitles":["SessionService","CRUD Operations","get"],"fullName":"SessionService CRUD Operations get should return null for non-existent session","status":"passed","title":"should return null for non-existent session","duration":0.34809999999993124,"failureMessages":[],"meta":{}},{"ancestorTitles":["SessionService","CRUD Operations","get"],"fullName":"SessionService CRUD Operations get should handle database query error","status":"passed","title":"should handle database query error","duration":1.397899999999936,"failureMessages":[],"meta":{}},{"ancestorTitles":["SessionService","CRUD Operations","update"],"fullName":"SessionService CRUD Operations update should update session successfully","status":"failed","title":"should update session successfully","duration":2.6315000000001874,"failureMessages":["AssertionError: expected \"spy\" to be called 2 times, but got 5 times\n    at D:\\Code\\Multi_Channel_Integration_System\\tests\\modules\\session\\unit\\services\\session-service.test.ts:254:39\n    at processTicksAndRejections (node:internal/process/task_queues:105:5)\n    at file:///D:/Code/Multi_Channel_Integration_System/node_modules/@vitest/runner/dist/chunk-hooks.js:752:20"],"meta":{}},{"ancestorTitles":["SessionService","CRUD Operations","update"],"fullName":"SessionService CRUD Operations update should throw error when session not found","status":"passed","title":"should throw error when session not found","duration":0.6973000000000411,"failureMessages":[],"meta":{}},{"ancestorTitles":["SessionService","CRUD Operations","update"],"fullName":"SessionService CRUD Operations update should handle partial update data","status":"passed","title":"should handle partial update data","duration":1.1294000000000324,"failureMessages":[],"meta":{}},{"ancestorTitles":["SessionService","CRUD Operations","delete"],"fullName":"SessionService CRUD Operations delete should delete session successfully","status":"failed","title":"should delete session successfully","duration":1.3770999999999276,"failureMessages":["AssertionError: expected \"spy\" to be called 2 times, but got 9 times\n    at D:\\Code\\Multi_Channel_Integration_System\\tests\\modules\\session\\unit\\services\\session-service.test.ts:303:39\n    at processTicksAndRejections (node:internal/process/task_queues:105:5)\n    at file:///D:/Code/Multi_Channel_Integration_System/node_modules/@vitest/runner/dist/chunk-hooks.js:752:20"],"meta":{}},{"ancestorTitles":["SessionService","CRUD Operations","delete"],"fullName":"SessionService CRUD Operations delete should throw error when session not found for deletion","status":"passed","title":"should throw error when session not found for deletion","duration":0.5661999999999807,"failureMessages":[],"meta":{}},{"ancestorTitles":["SessionService","List and Search Operations","list"],"fullName":"SessionService List and Search Operations list should return paginated session list","status":"passed","title":"should return paginated session list","duration":1.7231999999999061,"failureMessages":[],"meta":{}},{"ancestorTitles":["SessionService","List and Search Operations","list"],"fullName":"SessionService List and Search Operations list should handle empty results","status":"passed","title":"should handle empty results","duration":0.648200000000088,"failureMessages":[],"meta":{}},{"ancestorTitles":["SessionService","List and Search Operations","list"],"fullName":"SessionService List and Search Operations list should apply filters correctly","status":"passed","title":"should apply filters correctly","duration":0.6173999999998614,"failureMessages":[],"meta":{}},{"ancestorTitles":["SessionService","List and Search Operations","list"],"fullName":"SessionService List and Search Operations list should handle pagination correctly","status":"passed","title":"should handle pagination correctly","duration":0.9994999999998981,"failureMessages":[],"meta":{}},{"ancestorTitles":["SessionService","List and Search Operations","search"],"fullName":"SessionService List and Search Operations search should search sessions by query string","status":"passed","title":"should search sessions by query string","duration":0.7076999999999316,"failureMessages":[],"meta":{}},{"ancestorTitles":["SessionService","List and Search Operations","search"],"fullName":"SessionService List and Search Operations search should handle empty search results","status":"passed","title":"should handle empty search results","duration":0.4078999999999269,"failureMessages":[],"meta":{}},{"ancestorTitles":["SessionService","List and Search Operations","search"],"fullName":"SessionService List and Search Operations search should apply search filters","status":"passed","title":"should apply search filters","duration":0.26860000000010587,"failureMessages":[],"meta":{}},{"ancestorTitles":["SessionService","Session Management","getOrCreate"],"fullName":"SessionService Session Management getOrCreate should create new session when no active session exists","status":"failed","title":"should create new session when no active session exists","duration":3.3075999999998658,"failureMessages":["SessionOperationError: Failed to get or create session\n    at SessionService.getOrCreate (D:\\Code\\Multi_Channel_Integration_System\\src\\modules\\session\\services\\session-service.ts:312:13)\n    at processTicksAndRejections (node:internal/process/task_queues:105:5)\n    at D:\\Code\\Multi_Channel_Integration_System\\tests\\modules\\session\\unit\\services\\session-service.test.ts:508:24\n    at file:///D:/Code/Multi_Channel_Integration_System/node_modules/@vitest/runner/dist/chunk-hooks.js:752:20"],"meta":{}},{"ancestorTitles":["SessionService","Session Management","getOrCreate"],"fullName":"SessionService Session Management getOrCreate should return existing active session when appropriate","status":"failed","title":"should return existing active session when appropriate","duration":1.1997000000001208,"failureMessages":["SessionOperationError: Failed to get or create session\n    at SessionService.getOrCreate (D:\\Code\\Multi_Channel_Integration_System\\src\\modules\\session\\services\\session-service.ts:312:13)\n    at processTicksAndRejections (node:internal/process/task_queues:105:5)\n    at D:\\Code\\Multi_Channel_Integration_System\\tests\\modules\\session\\unit\\services\\session-service.test.ts:539:24\n    at file:///D:/Code/Multi_Channel_Integration_System/node_modules/@vitest/runner/dist/chunk-hooks.js:752:20"],"meta":{}},{"ancestorTitles":["SessionService","Session Management","getOrCreate"],"fullName":"SessionService Session Management getOrCreate should close old session and create new when boundary detected","status":"failed","title":"should close old session and create new when boundary detected","duration":1.0036999999999807,"failureMessages":["SessionOperationError: Failed to get or create session\n    at SessionService.getOrCreate (D:\\Code\\Multi_Channel_Integration_System\\src\\modules\\session\\services\\session-service.ts:312:13)\n    at processTicksAndRejections (node:internal/process/task_queues:105:5)\n    at D:\\Code\\Multi_Channel_Integration_System\\tests\\modules\\session\\unit\\services\\session-service.test.ts:570:24\n    at file:///D:/Code/Multi_Channel_Integration_System/node_modules/@vitest/runner/dist/chunk-hooks.js:752:20"],"meta":{}},{"ancestorTitles":["SessionService","Session Management","closeSession"],"fullName":"SessionService Session Management closeSession should close session successfully","status":"passed","title":"should close session successfully","duration":1.3315999999999804,"failureMessages":[],"meta":{}},{"ancestorTitles":["SessionService","Session Management","closeSession"],"fullName":"SessionService Session Management closeSession should handle close session error","status":"passed","title":"should handle close session error","duration":2.430799999999863,"failureMessages":[],"meta":{}},{"ancestorTitles":["SessionService","Session Management","reopenSession"],"fullName":"SessionService Session Management reopenSession should reopen session successfully","status":"failed","title":"should reopen session successfully","duration":1.6536999999998443,"failureMessages":["SessionOperationError: Failed to reopen session\n    at SessionService.reopenSession (D:\\Code\\Multi_Channel_Integration_System\\src\\modules\\session\\services\\session-service.ts:361:13)\n    at D:\\Code\\Multi_Channel_Integration_System\\tests\\modules\\session\\unit\\services\\session-service.test.ts:610:45\n    at file:///D:/Code/Multi_Channel_Integration_System/node_modules/@vitest/runner/dist/chunk-hooks.js:155:11\n    at file:///D:/Code/Multi_Channel_Integration_System/node_modules/@vitest/runner/dist/chunk-hooks.js:752:26\n    at file:///D:/Code/Multi_Channel_Integration_System/node_modules/@vitest/runner/dist/chunk-hooks.js:1897:20\n    at new Promise (<anonymous>)\n    at runWithTimeout (file:///D:/Code/Multi_Channel_Integration_System/node_modules/@vitest/runner/dist/chunk-hooks.js:1863:10)\n    at runTest (file:///D:/Code/Multi_Channel_Integration_System/node_modules/@vitest/runner/dist/chunk-hooks.js:1574:12)\n    at processTicksAndRejections (node:internal/process/task_queues:105:5)\n    at runSuite (file:///D:/Code/Multi_Channel_Integration_System/node_modules/@vitest/runner/dist/chunk-hooks.js:1729:8)"],"meta":{}},{"ancestorTitles":["SessionService","Message Operations","getMessages"],"fullName":"SessionService Message Operations getMessages should return session messages with pagination","status":"passed","title":"should return session messages with pagination","duration":1.3268000000000484,"failureMessages":[],"meta":{}},{"ancestorTitles":["SessionService","Message Operations","getMessages"],"fullName":"SessionService Message Operations getMessages should throw error when session not found","status":"passed","title":"should throw error when session not found","duration":0.5352000000000317,"failureMessages":[],"meta":{}},{"ancestorTitles":["SessionService","Message Operations","addMessage"],"fullName":"SessionService Message Operations addMessage should add message to session successfully","status":"failed","title":"should add message to session successfully","duration":1.3795000000000073,"failureMessages":["SessionOperationError: Failed to add message to session\n    at SessionService.addMessage (D:\\Code\\Multi_Channel_Integration_System\\src\\modules\\session\\services\\session-service.ts:504:13)\n    at processTicksAndRejections (node:internal/process/task_queues:105:5)\n    at D:\\Code\\Multi_Channel_Integration_System\\tests\\modules\\session\\unit\\services\\session-service.test.ts:736:24\n    at file:///D:/Code/Multi_Channel_Integration_System/node_modules/@vitest/runner/dist/chunk-hooks.js:752:20"],"meta":{}},{"ancestorTitles":["SessionService","Message Operations","addMessage"],"fullName":"SessionService Message Operations addMessage should handle agent message correctly","status":"failed","title":"should handle agent message correctly","duration":0.8620999999998276,"failureMessages":["SessionOperationError: Failed to add message to session\n    at SessionService.addMessage (D:\\Code\\Multi_Channel_Integration_System\\src\\modules\\session\\services\\session-service.ts:504:13)\n    at processTicksAndRejections (node:internal/process/task_queues:105:5)\n    at D:\\Code\\Multi_Channel_Integration_System\\tests\\modules\\session\\unit\\services\\session-service.test.ts:783:24\n    at file:///D:/Code/Multi_Channel_Integration_System/node_modules/@vitest/runner/dist/chunk-hooks.js:752:20"],"meta":{}},{"ancestorTitles":["SessionService","Statistics and Analytics","getStats"],"fullName":"SessionService Statistics and Analytics getStats should return session statistics","status":"passed","title":"should return session statistics","duration":0.801200000000108,"failureMessages":[],"meta":{}},{"ancestorTitles":["SessionService","Statistics and Analytics","getStats"],"fullName":"SessionService Statistics and Analytics getStats should return conversation-specific statistics","status":"passed","title":"should return conversation-specific statistics","duration":0.33130000000005566,"failureMessages":[],"meta":{}},{"ancestorTitles":["SessionService","Statistics and Analytics","getStats"],"fullName":"SessionService Statistics and Analytics getStats should handle empty statistics","status":"passed","title":"should handle empty statistics","duration":0.36629999999991014,"failureMessages":[],"meta":{}},{"ancestorTitles":["SessionService","Statistics and Analytics","getActivityStats"],"fullName":"SessionService Statistics and Analytics getActivityStats should return activity statistics","status":"failed","title":"should return activity statistics","duration":0.7264999999999873,"failureMessages":["AssertionError: expected undefined to be 'conv_001' // Object.is equality\n    at D:\\Code\\Multi_Channel_Integration_System\\tests\\modules\\session\\unit\\services\\session-service.test.ts:869:39\n    at processTicksAndRejections (node:internal/process/task_queues:105:5)\n    at file:///D:/Code/Multi_Channel_Integration_System/node_modules/@vitest/runner/dist/chunk-hooks.js:752:20"],"meta":{}},{"ancestorTitles":["SessionService","Batch Operations","batchOperation"],"fullName":"SessionService Batch Operations batchOperation should perform successful batch close operation","status":"failed","title":"should perform successful batch close operation","duration":6.468800000000101,"failureMessages":["AssertionError: expected false to be true // Object.is equality\n    at D:\\Code\\Multi_Channel_Integration_System\\tests\\modules\\session\\unit\\services\\session-service.test.ts:890:32\n    at processTicksAndRejections (node:internal/process/task_queues:105:5)\n    at file:///D:/Code/Multi_Channel_Integration_System/node_modules/@vitest/runner/dist/chunk-hooks.js:752:20"],"meta":{}},{"ancestorTitles":["SessionService","Batch Operations","batchOperation"],"fullName":"SessionService Batch Operations batchOperation should perform successful batch reopen operation","status":"failed","title":"should perform successful batch reopen operation","duration":2.0092999999999392,"failureMessages":["AssertionError: expected false to be true // Object.is equality\n    at D:\\Code\\Multi_Channel_Integration_System\\tests\\modules\\session\\unit\\services\\session-service.test.ts:907:32\n    at processTicksAndRejections (node:internal/process/task_queues:105:5)\n    at file:///D:/Code/Multi_Channel_Integration_System/node_modules/@vitest/runner/dist/chunk-hooks.js:752:20"],"meta":{}},{"ancestorTitles":["SessionService","Batch Operations","batchOperation"],"fullName":"SessionService Batch Operations batchOperation should handle batch delete operation","status":"passed","title":"should handle batch delete operation","duration":0.778400000000147,"failureMessages":[],"meta":{}},{"ancestorTitles":["SessionService","Batch Operations","batchOperation"],"fullName":"SessionService Batch Operations batchOperation should handle partial batch operation failure","status":"failed","title":"should handle partial batch operation failure","duration":2.3408999999999196,"failureMessages":["AssertionError: expected +0 to be 2 // Object.is equality\n    at D:\\Code\\Multi_Channel_Integration_System\\tests\\modules\\session\\unit\\services\\session-service.test.ts:947:37\n    at processTicksAndRejections (node:internal/process/task_queues:105:5)\n    at file:///D:/Code/Multi_Channel_Integration_System/node_modules/@vitest/runner/dist/chunk-hooks.js:752:20"],"meta":{}},{"ancestorTitles":["SessionService","Utility Methods","analyzeSessionHealth"],"fullName":"SessionService Utility Methods analyzeSessionHealth should return healthy session report","status":"passed","title":"should return healthy session report","duration":0.6902999999999793,"failureMessages":[],"meta":{}},{"ancestorTitles":["SessionService","Utility Methods","analyzeSessionHealth"],"fullName":"SessionService Utility Methods analyzeSessionHealth should return unhealthy session report","status":"passed","title":"should return unhealthy session report","duration":0.8951999999999316,"failureMessages":[],"meta":{}},{"ancestorTitles":["SessionService","Utility Methods","analyzeSessionHealth"],"fullName":"SessionService Utility Methods analyzeSessionHealth should throw error when session not found","status":"passed","title":"should throw error when session not found","duration":0.3284000000001015,"failureMessages":[],"meta":{}},{"ancestorTitles":["SessionService","Error Handling"],"fullName":"SessionService Error Handling should handle database connection errors","status":"passed","title":"should handle database connection errors","duration":0.7747999999999138,"failureMessages":[],"meta":{}},{"ancestorTitles":["SessionService","Error Handling"],"fullName":"SessionService Error Handling should handle invalid data gracefully","status":"passed","title":"should handle invalid data gracefully","duration":0.9253999999998541,"failureMessages":[],"meta":{}},{"ancestorTitles":["SessionService","Error Handling"],"fullName":"SessionService Error Handling should handle concurrent operations","status":"failed","title":"should handle concurrent operations","duration":0.9158999999999651,"failureMessages":["SessionOperationError: Failed to create session\n    at SessionService.create (D:\\Code\\Multi_Channel_Integration_System\\src\\modules\\session\\services\\session-service.ts:78:13)\n    at processTicksAndRejections (node:internal/process/task_queues:105:5)\n    at async Promise.all (index 0)\n    at D:\\Code\\Multi_Channel_Integration_System\\tests\\modules\\session\\unit\\services\\session-service.test.ts:1047:23\n    at file:///D:/Code/Multi_Channel_Integration_System/node_modules/@vitest/runner/dist/chunk-hooks.js:752:20"],"meta":{}},{"ancestorTitles":["SessionService","Configuration"],"fullName":"SessionService Configuration should use custom configuration","status":"passed","title":"should use custom configuration","duration":0.264699999999948,"failureMessages":[],"meta":{}},{"ancestorTitles":["SessionService","Configuration"],"fullName":"SessionService Configuration should use default configuration when none provided","status":"passed","title":"should use default configuration when none provided","duration":0.17070000000012442,"failureMessages":[],"meta":{}}],"startTime":1759236807263,"endTime":1759236807335.1707,"status":"failed","message":"","name":"D:/Code/Multi_Channel_Integration_System/tests/modules/session/unit/services/session-service.test.ts"}]}
