{"numTotalTestSuites":539,"numPassedTestSuites":270,"numFailedTestSuites":269,"numPendingTestSuites":0,"numTotalTests":866,"numPassedTests":630,"numFailedTests":230,"numPendingTests":6,"numTodoTests":0,"snapshot":{"added":0,"failure":false,"filesAdded":0,"filesRemoved":0,"filesRemovedList":[],"filesUnmatched":0,"filesUpdated":0,"matched":0,"total":0,"unchecked":0,"uncheckedKeysByFile":[],"unmatched":0,"updated":0,"didUpdate":false},"startTime":1763476343885,"success":false,"testResults":[{"assertionResults":[{"ancestorTitles":["API Documentation Consistency","Response Format Standards"],"fullName":"API Documentation Consistency Response Format Standards should have consistent StandardApiResponse interface","status":"passed","title":"should have consistent StandardApiResponse interface","duration":1.8634000000000128,"failureMessages":[],"meta":{}},{"ancestorTitles":["API Documentation Consistency","Response Format Standards"],"fullName":"API Documentation Consistency Response Format Standards should have consistent PaginatedApiResponse interface","status":"passed","title":"should have consistent PaginatedApiResponse interface","duration":0.7427000000000135,"failureMessages":[],"meta":{}},{"ancestorTitles":["API Documentation Consistency","Response Format Standards"],"fullName":"API Documentation Consistency Response Format Standards should have consistent error response format","status":"passed","title":"should have consistent error response format","duration":0.3813999999999851,"failureMessages":[],"meta":{}},{"ancestorTitles":["API Documentation Consistency","Error Codes Consistency"],"fullName":"API Documentation Consistency Error Codes Consistency should have all documented error codes","status":"passed","title":"should have all documented error codes","duration":0.9564000000000021,"failureMessages":[],"meta":{}},{"ancestorTitles":["API Documentation Consistency","Error Codes Consistency"],"fullName":"API Documentation Consistency Error Codes Consistency should have all documented HTTP status codes","status":"passed","title":"should have all documented HTTP status codes","duration":0.41020000000000323,"failureMessages":[],"meta":{}},{"ancestorTitles":["API Documentation Consistency","API Response Utilities"],"fullName":"API Documentation Consistency API Response Utilities should generate consistent request IDs","status":"passed","title":"should generate consistent request IDs","duration":0.34449999999998226,"failureMessages":[],"meta":{}},{"ancestorTitles":["API Documentation Consistency","API Response Utilities"],"fullName":"API Documentation Consistency API Response Utilities should format timestamps consistently","status":"passed","title":"should format timestamps consistently","duration":0.5826999999999884,"failureMessages":[],"meta":{}},{"ancestorTitles":["API Documentation Consistency","Endpoint Documentation Coverage"],"fullName":"API Documentation Consistency Endpoint Documentation Coverage should have comprehensive endpoint documentation","status":"failed","title":"should have comprehensive endpoint documentation","duration":3.369799999999998,"failureMessages":["AssertionError: expected 0 to be greater than or equal to 2\n    at D:\\Code\\Multi_Channel_Integration_System\\tests\\api-documentation-consistency.test.ts:204:39\n    at file:///D:/Code/Multi_Channel_Integration_System/node_modules/@vitest/runner/dist/chunk-hooks.js:155:11\n    at file:///D:/Code/Multi_Channel_Integration_System/node_modules/@vitest/runner/dist/chunk-hooks.js:752:26\n    at file:///D:/Code/Multi_Channel_Integration_System/node_modules/@vitest/runner/dist/chunk-hooks.js:1897:20\n    at new Promise (<anonymous>)\n    at runWithTimeout (file:///D:/Code/Multi_Channel_Integration_System/node_modules/@vitest/runner/dist/chunk-hooks.js:1863:10)\n    at runTest (file:///D:/Code/Multi_Channel_Integration_System/node_modules/@vitest/runner/dist/chunk-hooks.js:1574:12)\n    at processTicksAndRejections (node:internal/process/task_queues:105:5)\n    at runSuite (file:///D:/Code/Multi_Channel_Integration_System/node_modules/@vitest/runner/dist/chunk-hooks.js:1729:8)\n    at runSuite (file:///D:/Code/Multi_Channel_Integration_System/node_modules/@vitest/runner/dist/chunk-hooks.js:1729:8)"],"meta":{}},{"ancestorTitles":["API Documentation Consistency","Endpoint Documentation Coverage"],"fullName":"API Documentation Consistency Endpoint Documentation Coverage should document all CRUD operations for main resources","status":"passed","title":"should document all CRUD operations for main resources","duration":0.8393000000000086,"failureMessages":[],"meta":{}},{"ancestorTitles":["API Documentation Consistency","Authentication Requirements"],"fullName":"API Documentation Consistency Authentication Requirements should properly document authentication requirements","status":"passed","title":"should properly document authentication requirements","duration":0.1571999999999889,"failureMessages":[],"meta":{}},{"ancestorTitles":["API Documentation Consistency","Authentication Requirements"],"fullName":"API Documentation Consistency Authentication Requirements should have clear distinction between user and admin endpoints","status":"passed","title":"should have clear distinction between user and admin endpoints","duration":0.10859999999999559,"failureMessages":[],"meta":{}}],"startTime":1763476361298,"endTime":1763476361308.1086,"status":"failed","message":"","name":"D:/Code/Multi_Channel_Integration_System/tests/api-documentation-consistency.test.ts"},{"assertionResults":[{"ancestorTitles":["API Endpoint Fixes Verification","1. QR Code Deactivation Endpoint"],"fullName":"API Endpoint Fixes Verification 1. QR Code Deactivation Endpoint should return 401 without authentication","status":"failed","title":"should return 401 without authentication","duration":466.02970000000005,"failureMessages":["AssertionError: expected 500 to be 401 // Object.is equality\n    at D:\\Code\\Multi_Channel_Integration_System\\tests\\api-endpoint-fixes-verification.test.ts:66:31\n    at processTicksAndRejections (node:internal/process/task_queues:105:5)\n    at file:///D:/Code/Multi_Channel_Integration_System/node_modules/@vitest/runner/dist/chunk-hooks.js:752:20"],"meta":{}},{"ancestorTitles":["API Endpoint Fixes Verification","1. QR Code Deactivation Endpoint"],"fullName":"API Endpoint Fixes Verification 1. QR Code Deactivation Endpoint should return 400 for invalid team ID","status":"failed","title":"should return 400 for invalid team ID","duration":416.8938999999999,"failureMessages":["AssertionError: expected 500 to be 400 // Object.is equality\n    at D:\\Code\\Multi_Channel_Integration_System\\tests\\api-endpoint-fixes-verification.test.ts:78:31\n    at processTicksAndRejections (node:internal/process/task_queues:105:5)\n    at file:///D:/Code/Multi_Channel_Integration_System/node_modules/@vitest/runner/dist/chunk-hooks.js:752:20"],"meta":{}},{"ancestorTitles":["API Endpoint Fixes Verification","1. QR Code Deactivation Endpoint"],"fullName":"API Endpoint Fixes Verification 1. QR Code Deactivation Endpoint should return 400 for empty QR code ID","status":"failed","title":"should return 400 for empty QR code ID","duration":142.70010000000002,"failureMessages":["AssertionError: expected 500 to be 400 // Object.is equality\n    at D:\\Code\\Multi_Channel_Integration_System\\tests\\api-endpoint-fixes-verification.test.ts:93:31\n    at processTicksAndRejections (node:internal/process/task_queues:105:5)\n    at file:///D:/Code/Multi_Channel_Integration_System/node_modules/@vitest/runner/dist/chunk-hooks.js:752:20"],"meta":{}},{"ancestorTitles":["API Endpoint Fixes Verification","1. QR Code Deactivation Endpoint"],"fullName":"API Endpoint Fixes Verification 1. QR Code Deactivation Endpoint should create and then deactivate a QR code successfully","status":"failed","title":"should create and then deactivate a QR code successfully","duration":151.14640000000009,"failureMessages":["AssertionError: expected 500 to be 201 // Object.is equality\n    at D:\\Code\\Multi_Channel_Integration_System\\tests\\api-endpoint-fixes-verification.test.ts:111:37\n    at processTicksAndRejections (node:internal/process/task_queues:105:5)\n    at file:///D:/Code/Multi_Channel_Integration_System/node_modules/@vitest/runner/dist/chunk-hooks.js:752:20"],"meta":{}},{"ancestorTitles":["API Endpoint Fixes Verification","1. QR Code Deactivation Endpoint"],"fullName":"API Endpoint Fixes Verification 1. QR Code Deactivation Endpoint should return error for non-existent QR code","status":"failed","title":"should return error for non-existent QR code","duration":141.82230000000004,"failureMessages":["SyntaxError: Unexpected token '<', \"<!DOCTYPE \"... is not valid JSON\n    at JSON.parse (<anonymous>)\n    at parseJSONFromBytes (node:internal/deps/undici/undici:5738:19)\n    at successSteps (node:internal/deps/undici/undici:5719:27)\n    at fullyReadBody (node:internal/deps/undici/undici:4609:9)\n    at processTicksAndRejections (node:internal/process/task_queues:105:5)\n    at consumeBody (node:internal/deps/undici/undici:5728:7)\n    at D:\\Code\\Multi_Channel_Integration_System\\tests\\api-endpoint-fixes-verification.test.ts:163:20\n    at file:///D:/Code/Multi_Channel_Integration_System/node_modules/@vitest/runner/dist/chunk-hooks.js:752:20"],"meta":{}},{"ancestorTitles":["API Endpoint Fixes Verification","2. Team Member Details Endpoint"],"fullName":"API Endpoint Fixes Verification 2. Team Member Details Endpoint should return 401 without authentication","status":"failed","title":"should return 401 without authentication","duration":143.03340000000003,"failureMessages":["AssertionError: expected 500 to be 401 // Object.is equality\n    at D:\\Code\\Multi_Channel_Integration_System\\tests\\api-endpoint-fixes-verification.test.ts:179:31\n    at processTicksAndRejections (node:internal/process/task_queues:105:5)\n    at file:///D:/Code/Multi_Channel_Integration_System/node_modules/@vitest/runner/dist/chunk-hooks.js:752:20"],"meta":{}},{"ancestorTitles":["API Endpoint Fixes Verification","2. Team Member Details Endpoint"],"fullName":"API Endpoint Fixes Verification 2. Team Member Details Endpoint should retrieve team member details successfully","status":"failed","title":"should retrieve team member details successfully","duration":148.87609999999995,"failureMessages":["AssertionError: expected 500 to be 200 // Object.is equality\n    at D:\\Code\\Multi_Channel_Integration_System\\tests\\api-endpoint-fixes-verification.test.ts:191:31\n    at processTicksAndRejections (node:internal/process/task_queues:105:5)\n    at file:///D:/Code/Multi_Channel_Integration_System/node_modules/@vitest/runner/dist/chunk-hooks.js:752:20"],"meta":{}},{"ancestorTitles":["API Endpoint Fixes Verification","2. Team Member Details Endpoint"],"fullName":"API Endpoint Fixes Verification 2. Team Member Details Endpoint should return 404 for non-existent member","status":"failed","title":"should return 404 for non-existent member","duration":148.20460000000003,"failureMessages":["AssertionError: expected 500 to be 404 // Object.is equality\n    at D:\\Code\\Multi_Channel_Integration_System\\tests\\api-endpoint-fixes-verification.test.ts:215:31\n    at processTicksAndRejections (node:internal/process/task_queues:105:5)\n    at file:///D:/Code/Multi_Channel_Integration_System/node_modules/@vitest/runner/dist/chunk-hooks.js:752:20"],"meta":{}},{"ancestorTitles":["API Endpoint Fixes Verification","2. Team Member Details Endpoint"],"fullName":"API Endpoint Fixes Verification 2. Team Member Details Endpoint should return correct member status mapping","status":"failed","title":"should return correct member status mapping","duration":138.615,"failureMessages":["AssertionError: expected 500 to be 200 // Object.is equality\n    at D:\\Code\\Multi_Channel_Integration_System\\tests\\api-endpoint-fixes-verification.test.ts:230:31\n    at processTicksAndRejections (node:internal/process/task_queues:105:5)\n    at file:///D:/Code/Multi_Channel_Integration_System/node_modules/@vitest/runner/dist/chunk-hooks.js:752:20"],"meta":{}},{"ancestorTitles":["API Endpoint Fixes Verification","2. Team Member Details Endpoint"],"fullName":"API Endpoint Fixes Verification 2. Team Member Details Endpoint should return member with all required role information","status":"failed","title":"should return member with all required role information","duration":138.0338999999999,"failureMessages":["AssertionError: expected 500 to be 200 // Object.is equality\n    at D:\\Code\\Multi_Channel_Integration_System\\tests\\api-endpoint-fixes-verification.test.ts:253:31\n    at processTicksAndRejections (node:internal/process/task_queues:105:5)\n    at file:///D:/Code/Multi_Channel_Integration_System/node_modules/@vitest/runner/dist/chunk-hooks.js:752:20"],"meta":{}},{"ancestorTitles":["API Endpoint Fixes Verification","3. Frontend Invitation Feature Toggle"],"fullName":"API Endpoint Fixes Verification 3. Frontend Invitation Feature Toggle should verify invitation endpoints are disabled by default","status":"passed","title":"should verify invitation endpoints are disabled by default","duration":145.36569999999983,"failureMessages":[],"meta":{}},{"ancestorTitles":["API Endpoint Fixes Verification","3. Frontend Invitation Feature Toggle"],"fullName":"API Endpoint Fixes Verification 3. Frontend Invitation Feature Toggle should verify resend invitation endpoint is disabled","status":"passed","title":"should verify resend invitation endpoint is disabled","duration":140.0875000000001,"failureMessages":[],"meta":{}},{"ancestorTitles":["API Endpoint Fixes Verification","3. Frontend Invitation Feature Toggle"],"fullName":"API Endpoint Fixes Verification 3. Frontend Invitation Feature Toggle should verify cancel invitation endpoint is disabled","status":"passed","title":"should verify cancel invitation endpoint is disabled","duration":139.89169999999967,"failureMessages":[],"meta":{}},{"ancestorTitles":["API Endpoint Fixes Verification","3. Frontend Invitation Feature Toggle"],"fullName":"API Endpoint Fixes Verification 3. Frontend Invitation Feature Toggle should verify QR invite generation endpoint is disabled","status":"passed","title":"should verify QR invite generation endpoint is disabled","duration":142.88419999999996,"failureMessages":[],"meta":{}},{"ancestorTitles":["API Endpoint Fixes Verification","3. Frontend Invitation Feature Toggle"],"fullName":"API Endpoint Fixes Verification 3. Frontend Invitation Feature Toggle should verify accept invitation endpoint is disabled","status":"passed","title":"should verify accept invitation endpoint is disabled","duration":139.78690000000006,"failureMessages":[],"meta":{}},{"ancestorTitles":["API Endpoint Fixes Verification","4. Integration Tests - All Endpoints Working Together"],"fullName":"API Endpoint Fixes Verification 4. Integration Tests - All Endpoints Working Together should successfully complete full workflow: create team member, get details, create QR, deactivate QR","status":"failed","title":"should successfully complete full workflow: create team member, get details, create QR, deactivate QR","duration":136.7799,"failureMessages":["AssertionError: expected 500 to be 200 // Object.is equality\n    at D:\\Code\\Multi_Channel_Integration_System\\tests\\api-endpoint-fixes-verification.test.ts:353:37\n    at processTicksAndRejections (node:internal/process/task_queues:105:5)\n    at file:///D:/Code/Multi_Channel_Integration_System/node_modules/@vitest/runner/dist/chunk-hooks.js:752:20"],"meta":{}},{"ancestorTitles":["API Endpoint Fixes Verification","4. Integration Tests - All Endpoints Working Together"],"fullName":"API Endpoint Fixes Verification 4. Integration Tests - All Endpoints Working Together should verify all endpoints have correct CORS headers","status":"failed","title":"should verify all endpoints have correct CORS headers","duration":139.67370000000028,"failureMessages":["AssertionError: expected false to be true // Object.is equality\n    at D:\\Code\\Multi_Channel_Integration_System\\tests\\api-endpoint-fixes-verification.test.ts:425:69\n    at processTicksAndRejections (node:internal/process/task_queues:105:5)\n    at file:///D:/Code/Multi_Channel_Integration_System/node_modules/@vitest/runner/dist/chunk-hooks.js:752:20"],"meta":{}},{"ancestorTitles":["API Endpoint Fixes Verification","4. Integration Tests - All Endpoints Working Together"],"fullName":"API Endpoint Fixes Verification 4. Integration Tests - All Endpoints Working Together should verify all endpoints return consistent timestamp format","status":"failed","title":"should verify all endpoints return consistent timestamp format","duration":136.7826,"failureMessages":["SyntaxError: Unexpected token '<', \"<!DOCTYPE \"... is not valid JSON\n    at JSON.parse (<anonymous>)\n    at parseJSONFromBytes (node:internal/deps/undici/undici:5738:19)\n    at successSteps (node:internal/deps/undici/undici:5719:27)\n    at fullyReadBody (node:internal/deps/undici/undici:4609:9)\n    at processTicksAndRejections (node:internal/process/task_queues:105:5)\n    at consumeBody (node:internal/deps/undici/undici:5728:7)\n    at D:\\Code\\Multi_Channel_Integration_System\\tests\\api-endpoint-fixes-verification.test.ts:444:22\n    at file:///D:/Code/Multi_Channel_Integration_System/node_modules/@vitest/runner/dist/chunk-hooks.js:752:20"],"meta":{}},{"ancestorTitles":["API Endpoint Fixes Verification","5. Error Handling and Edge Cases"],"fullName":"API Endpoint Fixes Verification 5. Error Handling and Edge Cases should handle concurrent QR code deactivation requests gracefully","status":"failed","title":"should handle concurrent QR code deactivation requests gracefully","duration":139.89400000000023,"failureMessages":["SyntaxError: Unexpected token '<', \"<!DOCTYPE \"... is not valid JSON\n    at JSON.parse (<anonymous>)\n    at parseJSONFromBytes (node:internal/deps/undici/undici:5738:19)\n    at successSteps (node:internal/deps/undici/undici:5719:27)\n    at fullyReadBody (node:internal/deps/undici/undici:4609:9)\n    at processTicksAndRejections (node:internal/process/task_queues:105:5)\n    at consumeBody (node:internal/deps/undici/undici:5728:7)\n    at D:\\Code\\Multi_Channel_Integration_System\\tests\\api-endpoint-fixes-verification.test.ts:469:26\n    at file:///D:/Code/Multi_Channel_Integration_System/node_modules/@vitest/runner/dist/chunk-hooks.js:752:20"],"meta":{}},{"ancestorTitles":["API Endpoint Fixes Verification","5. Error Handling and Edge Cases"],"fullName":"API Endpoint Fixes Verification 5. Error Handling and Edge Cases should return proper error for malformed request body","status":"passed","title":"should return proper error for malformed request body","duration":136.48959999999988,"failureMessages":[],"meta":{}},{"ancestorTitles":["API Endpoint Fixes Verification","5. Error Handling and Edge Cases"],"fullName":"API Endpoint Fixes Verification 5. Error Handling and Edge Cases should handle special characters in member IDs correctly","status":"failed","title":"should handle special characters in member IDs correctly","duration":143.98249999999962,"failureMessages":["AssertionError: expected 500 to be 404 // Object.is equality\n    at D:\\Code\\Multi_Channel_Integration_System\\tests\\api-endpoint-fixes-verification.test.ts:520:31\n    at processTicksAndRejections (node:internal/process/task_queues:105:5)\n    at file:///D:/Code/Multi_Channel_Integration_System/node_modules/@vitest/runner/dist/chunk-hooks.js:752:20"],"meta":{}}],"startTime":1763476344072,"endTime":1763476347649.9824,"status":"failed","message":"","name":"D:/Code/Multi_Channel_Integration_System/tests/api-endpoint-fixes-verification.test.ts"},{"assertionResults":[{"ancestorTitles":["API 標準化測試","響應格式標準化"],"fullName":"API 標準化測試 響應格式標準化 成功響應應該包含標準字段","status":"passed","title":"成功響應應該包含標準字段","duration":12.57340000000002,"failureMessages":[],"meta":{}},{"ancestorTitles":["API 標準化測試","響應格式標準化"],"fullName":"API 標準化測試 響應格式標準化 錯誤響應應該包含標準字段","status":"passed","title":"錯誤響應應該包含標準字段","duration":0.8183999999999969,"failureMessages":[],"meta":{}},{"ancestorTitles":["API 標準化測試","響應格式標準化"],"fullName":"API 標準化測試 響應格式標準化 分頁響應應該包含分頁信息","status":"failed","title":"分頁響應應該包含分頁信息","duration":5.352000000000004,"failureMessages":["AssertionError: expected { success: true, data: { …(8) }, …(3) } to have property \"data\" with value [ { id: 1 }, { id: 2 } ]\n    at D:\\Code\\Multi_Channel_Integration_System\\tests\\api-standardization.test.ts:111:20\n    at processTicksAndRejections (node:internal/process/task_queues:105:5)\n    at file:///D:/Code/Multi_Channel_Integration_System/node_modules/@vitest/runner/dist/chunk-hooks.js:752:20"],"meta":{}},{"ancestorTitles":["API 標準化測試","響應格式標準化"],"fullName":"API 標準化測試 響應格式標準化 驗證錯誤響應應該包含詳細錯誤信息","status":"passed","title":"驗證錯誤響應應該包含詳細錯誤信息","duration":1.0989000000000146,"failureMessages":[],"meta":{}},{"ancestorTitles":["API 標準化測試","處理器標準化測試"],"fullName":"API 標準化測試 處理器標準化測試 認證處理器應該使用標準響應","status":"passed","title":"認證處理器應該使用標準響應","duration":249.4394,"failureMessages":[],"meta":{}},{"ancestorTitles":["API 標準化測試","處理器標準化測試"],"fullName":"API 標準化測試 處理器標準化測試 對話處理器應該使用標準響應","status":"failed","title":"對話處理器應該使用標準響應","duration":156.16030000000006,"failureMessages":["TypeError: conversationHandler.list is not a function\n    at D:\\Code\\Multi_Channel_Integration_System\\tests\\api-standardization.test.ts:175:50\n    at processTicksAndRejections (node:internal/process/task_queues:105:5)\n    at file:///D:/Code/Multi_Channel_Integration_System/node_modules/@vitest/runner/dist/chunk-hooks.js:752:20"],"meta":{}},{"ancestorTitles":["API 標準化測試","處理器標準化測試"],"fullName":"API 標準化測試 處理器標準化測試 訊息處理器應該使用標準響應","status":"passed","title":"訊息處理器應該使用標準響應","duration":32.591899999999896,"failureMessages":[],"meta":{}},{"ancestorTitles":["API 標準化測試","處理器標準化測試"],"fullName":"API 標準化測試 處理器標準化測試 附件處理器應該使用標準響應","status":"passed","title":"附件處理器應該使用標準響應","duration":9.112800000000107,"failureMessages":[],"meta":{}},{"ancestorTitles":["API 標準化測試","處理器標準化測試"],"fullName":"API 標準化測試 處理器標準化測試 系統處理器應該使用標準響應","status":"passed","title":"系統處理器應該使用標準響應","duration":80.9778,"failureMessages":[],"meta":{}},{"ancestorTitles":["API 標準化測試","處理器標準化測試"],"fullName":"API 標準化測試 處理器標準化測試 團隊處理器應該使用標準響應","status":"failed","title":"團隊處理器應該使用標準響應","duration":4.515700000000038,"failureMessages":["Error: Cannot find module '../src/handlers/team' imported from 'D:/Code/Multi_Channel_Integration_System/tests/api-standardization.test.ts'\n    at VitestExecutor._fetchModule (file:///D:/Code/Multi_Channel_Integration_System/node_modules/vite-node/dist/client.mjs:247:19)\n    at processTicksAndRejections (node:internal/process/task_queues:105:5)\n    at VitestExecutor.directRequest (file:///D:/Code/Multi_Channel_Integration_System/node_modules/vite-node/dist/client.mjs:268:44)\n    at VitestExecutor.cachedRequest (file:///D:/Code/Multi_Channel_Integration_System/node_modules/vite-node/dist/client.mjs:189:11)\n    at VitestExecutor.dependencyRequest (file:///D:/Code/Multi_Channel_Integration_System/node_modules/vite-node/dist/client.mjs:239:10)\n    at D:\\Code\\Multi_Channel_Integration_System\\tests\\api-standardization.test.ts:224:34\n    at file:///D:/Code/Multi_Channel_Integration_System/node_modules/@vitest/runner/dist/chunk-hooks.js:752:20"],"meta":{}},{"ancestorTitles":["API 標準化測試","錯誤處理標準化測試"],"fullName":"API 標準化測試 錯誤處理標準化測試 應該正確處理未授權錯誤","status":"passed","title":"應該正確處理未授權錯誤","duration":0.9085000000000036,"failureMessages":[],"meta":{}},{"ancestorTitles":["API 標準化測試","錯誤處理標準化測試"],"fullName":"API 標準化測試 錯誤處理標準化測試 應該正確處理禁止訪問錯誤","status":"passed","title":"應該正確處理禁止訪問錯誤","duration":0.5726000000000795,"failureMessages":[],"meta":{}},{"ancestorTitles":["API 標準化測試","錯誤處理標準化測試"],"fullName":"API 標準化測試 錯誤處理標準化測試 應該正確處理資源未找到錯誤","status":"passed","title":"應該正確處理資源未找到錯誤","duration":0.40430000000003474,"failureMessages":[],"meta":{}},{"ancestorTitles":["API 標準化測試","錯誤處理標準化測試"],"fullName":"API 標準化測試 錯誤處理標準化測試 應該正確處理內部錯誤","status":"passed","title":"應該正確處理內部錯誤","duration":0.3020000000000209,"failureMessages":[],"meta":{}},{"ancestorTitles":["API 標準化測試","錯誤處理標準化測試"],"fullName":"API 標準化測試 錯誤處理標準化測試 handleApiError 應該正確處理不同類型的錯誤","status":"passed","title":"handleApiError 應該正確處理不同類型的錯誤","duration":0.8970000000000482,"failureMessages":[],"meta":{}},{"ancestorTitles":["API 標準化測試","類型定義一致性測試"],"fullName":"API 標準化測試 類型定義一致性測試 共用類型應該正確導出","status":"passed","title":"共用類型應該正確導出","duration":12.363000000000056,"failureMessages":[],"meta":{}},{"ancestorTitles":["API 標準化測試","類型定義一致性測試"],"fullName":"API 標準化測試 類型定義一致性測試 前端類型應該包含共用類型","status":"failed","title":"前端類型應該包含共用類型","duration":3.4327999999999292,"failureMessages":["AssertionError: expected { [Symbol(Symbol.toStringTag)]: 'Mod…' } to have property \"API_ERROR_CODES\"\n    at D:\\Code\\Multi_Channel_Integration_System\\tests\\api-standardization.test.ts:318:29\n    at processTicksAndRejections (node:internal/process/task_queues:105:5)\n    at file:///D:/Code/Multi_Channel_Integration_System/node_modules/@vitest/runner/dist/chunk-hooks.js:752:20"],"meta":{}},{"ancestorTitles":["API 客戶端標準化測試"],"fullName":"API 客戶端標準化測試 現代化 API 客戶端應該正確處理標準響應","status":"passed","title":"現代化 API 客戶端應該正確處理標準響應","duration":10.426399999999944,"failureMessages":[],"meta":{}},{"ancestorTitles":["API 客戶端標準化測試"],"fullName":"API 客戶端標準化測試 現代化 API 客戶端應該正確處理錯誤響應","status":"passed","title":"現代化 API 客戶端應該正確處理錯誤響應","duration":0.3893000000000484,"failureMessages":[],"meta":{}}],"startTime":1763476352188,"endTime":1763476352770.4265,"status":"failed","message":"","name":"D:/Code/Multi_Channel_Integration_System/tests/api-standardization.test.ts"},{"assertionResults":[{"ancestorTitles":["File Upload Integration Status Check","Frontend Component Analysis"],"fullName":"File Upload Integration Status Check Frontend Component Analysis should check MessageInput component file upload features","status":"passed","title":"should check MessageInput component file upload features","duration":1.3363999999999976,"failureMessages":[],"meta":{}},{"ancestorTitles":["File Upload Integration Status Check","API Client Analysis"],"fullName":"File Upload Integration Status Check API Client Analysis should check message API file upload support","status":"passed","title":"should check message API file upload support","duration":0.24190000000000111,"failureMessages":[],"meta":{}},{"ancestorTitles":["File Upload Integration Status Check","Backend Handler Analysis"],"fullName":"File Upload Integration Status Check Backend Handler Analysis should check backend file upload handlers","status":"passed","title":"should check backend file upload handlers","duration":0.30220000000001335,"failureMessages":[],"meta":{}},{"ancestorTitles":["File Upload Integration Status Check","Integration Completeness"],"fullName":"File Upload Integration Status Check Integration Completeness should assess overall integration status","status":"passed","title":"should assess overall integration status","duration":0.1740999999999957,"failureMessages":[],"meta":{}}],"startTime":1763476390322,"endTime":1763476390324.3022,"status":"passed","message":"","name":"D:/Code/Multi_Channel_Integration_System/tests/file-upload-integration.test.ts"},{"assertionResults":[{"ancestorTitles":["Database Migration: Enterprise Role System","Teams Table Creation"],"fullName":"Database Migration: Enterprise Role System Teams Table Creation should create teams table with correct schema","status":"passed","title":"should create teams table with correct schema","duration":2.3851000000000084,"failureMessages":[],"meta":{}},{"ancestorTitles":["Database Migration: Enterprise Role System","Teams Table Creation"],"fullName":"Database Migration: Enterprise Role System Teams Table Creation should create teams table indexes","status":"passed","title":"should create teams table indexes","duration":0.3702999999999861,"failureMessages":[],"meta":{}},{"ancestorTitles":["Database Migration: Enterprise Role System","Agents Table Migration"],"fullName":"Database Migration: Enterprise Role System Agents Table Migration should add team_id column to agents table","status":"passed","title":"should add team_id column to agents table","duration":0.33440000000001646,"failureMessages":[],"meta":{}},{"ancestorTitles":["Database Migration: Enterprise Role System","Agents Table Migration"],"fullName":"Database Migration: Enterprise Role System Agents Table Migration should create agents team_id index","status":"passed","title":"should create agents team_id index","duration":0.2682000000000073,"failureMessages":[],"meta":{}},{"ancestorTitles":["Database Migration: Enterprise Role System","Agents Table Migration"],"fullName":"Database Migration: Enterprise Role System Agents Table Migration should create agents role index","status":"passed","title":"should create agents role index","duration":0.25440000000000396,"failureMessages":[],"meta":{}},{"ancestorTitles":["Database Migration: Enterprise Role System","Invitations Table Migration"],"fullName":"Database Migration: Enterprise Role System Invitations Table Migration should add team_id column to invitations table","status":"passed","title":"should add team_id column to invitations table","duration":0.212600000000009,"failureMessages":[],"meta":{}},{"ancestorTitles":["Database Migration: Enterprise Role System","Invitations Table Migration"],"fullName":"Database Migration: Enterprise Role System Invitations Table Migration should create invitations team_id index","status":"passed","title":"should create invitations team_id index","duration":0.1932999999999936,"failureMessages":[],"meta":{}},{"ancestorTitles":["Database Migration: Enterprise Role System","Default Data Seeding"],"fullName":"Database Migration: Enterprise Role System Default Data Seeding should create default teams","status":"passed","title":"should create default teams","duration":0.4339999999999975,"failureMessages":[],"meta":{}},{"ancestorTitles":["Database Migration: Enterprise Role System","Default Data Seeding"],"fullName":"Database Migration: Enterprise Role System Default Data Seeding should assign existing agents to default team","status":"passed","title":"should assign existing agents to default team","duration":0.3404999999999916,"failureMessages":[],"meta":{}},{"ancestorTitles":["Database Migration: Enterprise Role System","Migration Validation Tests"],"fullName":"Database Migration: Enterprise Role System Migration Validation Tests should validate teams table structure after migration","status":"passed","title":"should validate teams table structure after migration","duration":0.32280000000000086,"failureMessages":[],"meta":{}},{"ancestorTitles":["Database Migration: Enterprise Role System","Migration Validation Tests"],"fullName":"Database Migration: Enterprise Role System Migration Validation Tests should validate agents table team_id column exists","status":"passed","title":"should validate agents table team_id column exists","duration":0.25190000000000623,"failureMessages":[],"meta":{}},{"ancestorTitles":["Database Migration: Enterprise Role System","Migration Validation Tests"],"fullName":"Database Migration: Enterprise Role System Migration Validation Tests should validate role values support manager","status":"passed","title":"should validate role values support manager","duration":0.7338000000000022,"failureMessages":[],"meta":{}},{"ancestorTitles":["Database Migration: Enterprise Role System","Migration Rollback Tests"],"fullName":"Database Migration: Enterprise Role System Migration Rollback Tests should handle rollback of teams table creation","status":"passed","title":"should handle rollback of teams table creation","duration":0.209699999999998,"failureMessages":[],"meta":{}},{"ancestorTitles":["Database Migration: Enterprise Role System","Migration Rollback Tests"],"fullName":"Database Migration: Enterprise Role System Migration Rollback Tests should handle rollback of column additions","status":"passed","title":"should handle rollback of column additions","duration":0.25979999999998427,"failureMessages":[],"meta":{}},{"ancestorTitles":["Database Migration: Enterprise Role System","Data Integrity Tests"],"fullName":"Database Migration: Enterprise Role System Data Integrity Tests should ensure foreign key constraints work correctly","status":"passed","title":"should ensure foreign key constraints work correctly","duration":0.22849999999999682,"failureMessages":[],"meta":{}},{"ancestorTitles":["Database Migration: Enterprise Role System","Data Integrity Tests"],"fullName":"Database Migration: Enterprise Role System Data Integrity Tests should handle foreign key constraint violations gracefully","status":"passed","title":"should handle foreign key constraint violations gracefully","duration":0.9200000000000159,"failureMessages":[],"meta":{}},{"ancestorTitles":["Database Migration: Enterprise Role System","Data Integrity Tests"],"fullName":"Database Migration: Enterprise Role System Data Integrity Tests should validate team deletion with existing member references","status":"passed","title":"should validate team deletion with existing member references","duration":0.38580000000001746,"failureMessages":[],"meta":{}},{"ancestorTitles":["Database Migration: Enterprise Role System","Performance Impact Tests"],"fullName":"Database Migration: Enterprise Role System Performance Impact Tests should validate index creation improves query performance","status":"passed","title":"should validate index creation improves query performance","duration":0.3410000000000082,"failureMessages":[],"meta":{}},{"ancestorTitles":["Database Migration: Enterprise Role System","Performance Impact Tests"],"fullName":"Database Migration: Enterprise Role System Performance Impact Tests should validate trigger creation for auto-update timestamps","status":"passed","title":"should validate trigger creation for auto-update timestamps","duration":0.23390000000000555,"failureMessages":[],"meta":{}}],"startTime":1763476388554,"endTime":1763476388563.234,"status":"passed","message":"","name":"D:/Code/Multi_Channel_Integration_System/tests/database/migration-role-system.test.ts"},{"assertionResults":[],"startTime":1763476343885,"endTime":1763476343885,"status":"failed","message":"Transform failed with 1 error:\nD:/Code/Multi_Channel_Integration_System/tests/e2e/analytics-api-e2e-auth.test.ts:5:78: ERROR: Expected \";\" but found \"@\"","name":"D:/Code/Multi_Channel_Integration_System/tests/e2e/analytics-api-e2e-auth.test.ts"},{"assertionResults":[],"startTime":1763476343885,"endTime":1763476343885,"status":"failed","message":"Transform failed with 1 error:\nD:/Code/Multi_Channel_Integration_System/tests/e2e/analytics-real-d1-simplified.test.ts:11:12: ERROR: Expected \"}\" but found \"{\"","name":"D:/Code/Multi_Channel_Integration_System/tests/e2e/analytics-real-d1-simplified.test.ts"},{"assertionResults":[],"startTime":1763476343885,"endTime":1763476343885,"status":"failed","message":"Transform failed with 1 error:\nD:/Code/Multi_Channel_Integration_System/tests/e2e/analytics-real-d1.test.ts:10:32: ERROR: Expected \"}\" but found \"{\"","name":"D:/Code/Multi_Channel_Integration_System/tests/e2e/analytics-real-d1.test.ts"},{"assertionResults":[{"ancestorTitles":["E2E: Complete Customer Support Journey","Scenario 1: New customer inquiry on LINE"],"fullName":"E2E: Complete Customer Support Journey Scenario 1: New customer inquiry on LINE should handle complete journey from inquiry to resolution","status":"passed","title":"should handle complete journey from inquiry to resolution","duration":10.194799999999987,"failureMessages":[],"meta":{}},{"ancestorTitles":["E2E: Complete Customer Support Journey","Scenario 2: Multi-agent collaboration"],"fullName":"E2E: Complete Customer Support Journey Scenario 2: Multi-agent collaboration should handle conversation handoff between agents","status":"passed","title":"should handle conversation handoff between agents","duration":4.569299999999998,"failureMessages":[],"meta":{}},{"ancestorTitles":["E2E: Complete Customer Support Journey","Scenario 3: Error recovery and retry"],"fullName":"E2E: Complete Customer Support Journey Scenario 3: Error recovery and retry should handle transient errors and recover gracefully","status":"passed","title":"should handle transient errors and recover gracefully","duration":5.264499999999998,"failureMessages":[],"meta":{}},{"ancestorTitles":["E2E: Complete Customer Support Journey","Scenario 4: High-volume conversation"],"fullName":"E2E: Complete Customer Support Journey Scenario 4: High-volume conversation should handle conversations with many messages efficiently","status":"passed","title":"should handle conversations with many messages efficiently","duration":2.849999999999966,"failureMessages":[],"meta":{}}],"startTime":1763476386693,"endTime":1763476386716.85,"status":"passed","message":"","name":"D:/Code/Multi_Channel_Integration_System/tests/e2e/customer-support-journey.test.ts"},{"assertionResults":[],"startTime":1763476343885,"endTime":1763476343885,"status":"failed","message":"Transform failed with 1 error:\nD:/Code/Multi_Channel_Integration_System/tests/edge-cases/analytics-edge-cases.test.ts:11:27: ERROR: Expected \"}\" but found \"{\"","name":"D:/Code/Multi_Channel_Integration_System/tests/edge-cases/analytics-edge-cases.test.ts"},{"assertionResults":[{"ancestorTitles":["Role Transition and Permission Edge Cases","Invalid Role Scenarios"],"fullName":"Role Transition and Permission Edge Cases Invalid Role Scenarios should handle unknown role gracefully","status":"passed","title":"should handle unknown role gracefully","duration":1.5548000000000002,"failureMessages":[],"meta":{}},{"ancestorTitles":["Role Transition and Permission Edge Cases","Invalid Role Scenarios"],"fullName":"Role Transition and Permission Edge Cases Invalid Role Scenarios should handle null role values","status":"passed","title":"should handle null role values","duration":0.2955000000000041,"failureMessages":[],"meta":{}},{"ancestorTitles":["Role Transition and Permission Edge Cases","Invalid Role Scenarios"],"fullName":"Role Transition and Permission Edge Cases Invalid Role Scenarios should handle undefined role values","status":"passed","title":"should handle undefined role values","duration":0.2961999999999989,"failureMessages":[],"meta":{}},{"ancestorTitles":["Role Transition and Permission Edge Cases","Invalid Role Scenarios"],"fullName":"Role Transition and Permission Edge Cases Invalid Role Scenarios should handle empty string roles","status":"passed","title":"should handle empty string roles","duration":0.16559999999998354,"failureMessages":[],"meta":{}},{"ancestorTitles":["Role Transition and Permission Edge Cases","Invalid Role Scenarios"],"fullName":"Role Transition and Permission Edge Cases Invalid Role Scenarios should handle case sensitivity in roles","status":"passed","title":"should handle case sensitivity in roles","duration":0.20069999999998345,"failureMessages":[],"meta":{}},{"ancestorTitles":["Role Transition and Permission Edge Cases","Edge Cases in Role Hierarchy"],"fullName":"Role Transition and Permission Edge Cases Edge Cases in Role Hierarchy should handle self-comparison correctly","status":"failed","title":"should handle self-comparison correctly","duration":4.979499999999973,"failureMessages":["AssertionError: expected false to be true // Object.is equality\n    at D:\\Code\\Multi_Channel_Integration_System\\tests\\edge-cases\\role-transition-edge-cases.test.ts:64:32\n    at file:///D:/Code/Multi_Channel_Integration_System/node_modules/@vitest/runner/dist/chunk-hooks.js:155:11\n    at file:///D:/Code/Multi_Channel_Integration_System/node_modules/@vitest/runner/dist/chunk-hooks.js:752:26\n    at file:///D:/Code/Multi_Channel_Integration_System/node_modules/@vitest/runner/dist/chunk-hooks.js:1897:20\n    at new Promise (<anonymous>)\n    at runWithTimeout (file:///D:/Code/Multi_Channel_Integration_System/node_modules/@vitest/runner/dist/chunk-hooks.js:1863:10)\n    at runTest (file:///D:/Code/Multi_Channel_Integration_System/node_modules/@vitest/runner/dist/chunk-hooks.js:1574:12)\n    at processTicksAndRejections (node:internal/process/task_queues:105:5)\n    at runSuite (file:///D:/Code/Multi_Channel_Integration_System/node_modules/@vitest/runner/dist/chunk-hooks.js:1729:8)\n    at runSuite (file:///D:/Code/Multi_Channel_Integration_System/node_modules/@vitest/runner/dist/chunk-hooks.js:1729:8)"],"meta":{}},{"ancestorTitles":["Role Transition and Permission Edge Cases","Edge Cases in Role Hierarchy"],"fullName":"Role Transition and Permission Edge Cases Edge Cases in Role Hierarchy should handle getManagedRoles with invalid inputs","status":"passed","title":"should handle getManagedRoles with invalid inputs","duration":0.52049999999997,"failureMessages":[],"meta":{}},{"ancestorTitles":["Role Transition and Permission Edge Cases","Edge Cases in Role Hierarchy"],"fullName":"Role Transition and Permission Edge Cases Edge Cases in Role Hierarchy should return correct managed roles for all valid roles","status":"failed","title":"should return correct managed roles for all valid roles","duration":1.9721000000000117,"failureMessages":["AssertionError: expected [ 'agent' ] to deeply equal ArrayContaining [\"manager\", \"agent\"]\n    at D:\\Code\\Multi_Channel_Integration_System\\tests\\edge-cases\\role-transition-edge-cases.test.ts:82:33\n    at file:///D:/Code/Multi_Channel_Integration_System/node_modules/@vitest/runner/dist/chunk-hooks.js:155:11\n    at file:///D:/Code/Multi_Channel_Integration_System/node_modules/@vitest/runner/dist/chunk-hooks.js:752:26\n    at file:///D:/Code/Multi_Channel_Integration_System/node_modules/@vitest/runner/dist/chunk-hooks.js:1897:20\n    at new Promise (<anonymous>)\n    at runWithTimeout (file:///D:/Code/Multi_Channel_Integration_System/node_modules/@vitest/runner/dist/chunk-hooks.js:1863:10)\n    at runTest (file:///D:/Code/Multi_Channel_Integration_System/node_modules/@vitest/runner/dist/chunk-hooks.js:1574:12)\n    at processTicksAndRejections (node:internal/process/task_queues:105:5)\n    at runSuite (file:///D:/Code/Multi_Channel_Integration_System/node_modules/@vitest/runner/dist/chunk-hooks.js:1729:8)\n    at runSuite (file:///D:/Code/Multi_Channel_Integration_System/node_modules/@vitest/runner/dist/chunk-hooks.js:1729:8)"],"meta":{}},{"ancestorTitles":["Role Transition and Permission Edge Cases","Permission Context Edge Cases"],"fullName":"Role Transition and Permission Edge Cases Permission Context Edge Cases should handle missing context when conditions are required","status":"passed","title":"should handle missing context when conditions are required","duration":0.49029999999999063,"failureMessages":[],"meta":{}},{"ancestorTitles":["Role Transition and Permission Edge Cases","Permission Context Edge Cases"],"fullName":"Role Transition and Permission Edge Cases Permission Context Edge Cases should handle malformed context objects","status":"passed","title":"should handle malformed context objects","duration":0.40030000000001564,"failureMessages":[],"meta":{}},{"ancestorTitles":["Role Transition and Permission Edge Cases","Permission Context Edge Cases"],"fullName":"Role Transition and Permission Edge Cases Permission Context Edge Cases should handle context with extra unexpected properties","status":"failed","title":"should handle context with extra unexpected properties","duration":0.42369999999999663,"failureMessages":["AssertionError: expected false to be true // Object.is equality\n    at D:\\Code\\Multi_Channel_Integration_System\\tests\\edge-cases\\role-transition-edge-cases.test.ts:181:22\n    at processTicksAndRejections (node:internal/process/task_queues:105:5)\n    at file:///D:/Code/Multi_Channel_Integration_System/node_modules/@vitest/runner/dist/chunk-hooks.js:752:20"],"meta":{}},{"ancestorTitles":["Role Transition and Permission Edge Cases","User Data Edge Cases"],"fullName":"Role Transition and Permission Edge Cases User Data Edge Cases should handle invalid user IDs","status":"passed","title":"should handle invalid user IDs","duration":0.3055999999999699,"failureMessages":[],"meta":{}},{"ancestorTitles":["Role Transition and Permission Edge Cases","User Data Edge Cases"],"fullName":"Role Transition and Permission Edge Cases User Data Edge Cases should handle user lookup failures","status":"passed","title":"should handle user lookup failures","duration":0.9748000000000161,"failureMessages":[],"meta":{}},{"ancestorTitles":["Role Transition and Permission Edge Cases","User Data Edge Cases"],"fullName":"Role Transition and Permission Edge Cases User Data Edge Cases should handle user with invalid team data","status":"passed","title":"should handle user with invalid team data","duration":0.2781999999999698,"failureMessages":[],"meta":{}},{"ancestorTitles":["Role Transition and Permission Edge Cases","User Data Edge Cases"],"fullName":"Role Transition and Permission Edge Cases User Data Edge Cases should handle inactive users","status":"failed","title":"should handle inactive users","duration":0.4557999999999538,"failureMessages":["AssertionError: expected true to be false // Object.is equality\n    at D:\\Code\\Multi_Channel_Integration_System\\tests\\edge-cases\\role-transition-edge-cases.test.ts:255:22\n    at processTicksAndRejections (node:internal/process/task_queues:105:5)\n    at file:///D:/Code/Multi_Channel_Integration_System/node_modules/@vitest/runner/dist/chunk-hooks.js:752:20"],"meta":{}},{"ancestorTitles":["Role Transition and Permission Edge Cases","Resource and Action Edge Cases"],"fullName":"Role Transition and Permission Edge Cases Resource and Action Edge Cases should handle invalid resource names","status":"failed","title":"should handle invalid resource names","duration":0.487700000000018,"failureMessages":["AssertionError: expected true to be false // Object.is equality\n    at D:\\Code\\Multi_Channel_Integration_System\\tests\\edge-cases\\role-transition-edge-cases.test.ts:285:26\n    at processTicksAndRejections (node:internal/process/task_queues:105:5)\n    at file:///D:/Code/Multi_Channel_Integration_System/node_modules/@vitest/runner/dist/chunk-hooks.js:752:20"],"meta":{}},{"ancestorTitles":["Role Transition and Permission Edge Cases","Resource and Action Edge Cases"],"fullName":"Role Transition and Permission Edge Cases Resource and Action Edge Cases should handle invalid action names","status":"failed","title":"should handle invalid action names","duration":0.43360000000001264,"failureMessages":["AssertionError: expected true to be false // Object.is equality\n    at D:\\Code\\Multi_Channel_Integration_System\\tests\\edge-cases\\role-transition-edge-cases.test.ts:315:26\n    at processTicksAndRejections (node:internal/process/task_queues:105:5)\n    at file:///D:/Code/Multi_Channel_Integration_System/node_modules/@vitest/runner/dist/chunk-hooks.js:752:20"],"meta":{}},{"ancestorTitles":["Role Transition and Permission Edge Cases","Condition Logic Edge Cases"],"fullName":"Role Transition and Permission Edge Cases Condition Logic Edge Cases should handle conflicting conditions","status":"failed","title":"should handle conflicting conditions","duration":0.3613000000000284,"failureMessages":["AssertionError: expected false to be true // Object.is equality\n    at D:\\Code\\Multi_Channel_Integration_System\\tests\\edge-cases\\role-transition-edge-cases.test.ts:347:22\n    at processTicksAndRejections (node:internal/process/task_queues:105:5)\n    at file:///D:/Code/Multi_Channel_Integration_System/node_modules/@vitest/runner/dist/chunk-hooks.js:752:20"],"meta":{}},{"ancestorTitles":["Role Transition and Permission Edge Cases","Condition Logic Edge Cases"],"fullName":"Role Transition and Permission Edge Cases Condition Logic Edge Cases should handle conditions with boundary values","status":"failed","title":"should handle conditions with boundary values","duration":0.4005999999999972,"failureMessages":["AssertionError: expected true to be false // Object.is equality\n    at D:\\Code\\Multi_Channel_Integration_System\\tests\\edge-cases\\role-transition-edge-cases.test.ts:381:26\n    at processTicksAndRejections (node:internal/process/task_queues:105:5)\n    at file:///D:/Code/Multi_Channel_Integration_System/node_modules/@vitest/runner/dist/chunk-hooks.js:752:20"],"meta":{}},{"ancestorTitles":["Role Transition and Permission Edge Cases","Concurrent Access Edge Cases"],"fullName":"Role Transition and Permission Edge Cases Concurrent Access Edge Cases should handle simultaneous permission checks","status":"failed","title":"should handle simultaneous permission checks","duration":0.6373000000000388,"failureMessages":["AssertionError: expected false to be true // Object.is equality\n    at D:\\Code\\Multi_Channel_Integration_System\\tests\\edge-cases\\role-transition-edge-cases.test.ts:414:26\n    at processTicksAndRejections (node:internal/process/task_queues:105:5)\n    at file:///D:/Code/Multi_Channel_Integration_System/node_modules/@vitest/runner/dist/chunk-hooks.js:752:20"],"meta":{}},{"ancestorTitles":["Role Transition and Permission Edge Cases","Memory and Performance Edge Cases"],"fullName":"Role Transition and Permission Edge Cases Memory and Performance Edge Cases should handle large number of sequential permission checks without memory leaks","status":"passed","title":"should handle large number of sequential permission checks without memory leaks","duration":1.1071999999999775,"failureMessages":[],"meta":{}},{"ancestorTitles":["Role Transition and Permission Edge Cases","Memory and Performance Edge Cases"],"fullName":"Role Transition and Permission Edge Cases Memory and Performance Edge Cases should handle deeply nested context objects","status":"failed","title":"should handle deeply nested context objects","duration":0.47870000000000346,"failureMessages":["AssertionError: expected false to be true // Object.is equality\n    at D:\\Code\\Multi_Channel_Integration_System\\tests\\edge-cases\\role-transition-edge-cases.test.ts:485:22\n    at processTicksAndRejections (node:internal/process/task_queues:105:5)\n    at file:///D:/Code/Multi_Channel_Integration_System/node_modules/@vitest/runner/dist/chunk-hooks.js:752:20"],"meta":{}}],"startTime":1763476360632,"endTime":1763476360649.4788,"status":"failed","message":"","name":"D:/Code/Multi_Channel_Integration_System/tests/edge-cases/role-transition-edge-cases.test.ts"},{"assertionResults":[],"startTime":1763476343885,"endTime":1763476343885,"status":"failed","message":"No test suite found in file D:/Code/Multi_Channel_Integration_System/tests/integration/activity-log.test.ts","name":"D:/Code/Multi_Channel_Integration_System/tests/integration/activity-log.test.ts"},{"assertionResults":[],"startTime":1763476343885,"endTime":1763476343885,"status":"failed","message":"Transform failed with 1 error:\nD:/Code/Multi_Channel_Integration_System/tests/integration/analytics-database-integration-refactored.test.ts:11:8: ERROR: Expected \"as\" but found \"{\"","name":"D:/Code/Multi_Channel_Integration_System/tests/integration/analytics-database-integration-refactored.test.ts"},{"assertionResults":[],"startTime":1763476343885,"endTime":1763476343885,"status":"failed","message":"Transform failed with 1 error:\nD:/Code/Multi_Channel_Integration_System/tests/integration/channel-integration.test.ts:5:39: ERROR: Expected \"}\" but found \"{\"","name":"D:/Code/Multi_Channel_Integration_System/tests/integration/channel-integration.test.ts"},{"assertionResults":[{"ancestorTitles":["Database Field Mapping Integration Tests - Refactored","Agent ID to Sender ID Mapping"],"fullName":"Database Field Mapping Integration Tests - Refactored Agent ID to Sender ID Mapping should correctly map agentId to senderId when creating delayed message","status":"passed","title":"should correctly map agentId to senderId when creating delayed message","duration":11.125200000000007,"failureMessages":[],"meta":{}},{"ancestorTitles":["Database Field Mapping Integration Tests - Refactored","Agent ID to Sender ID Mapping"],"fullName":"Database Field Mapping Integration Tests - Refactored Agent ID to Sender ID Mapping should correctly map agentId to senderId when retrieving delayed message","status":"passed","title":"should correctly map agentId to senderId when retrieving delayed message","duration":2.4553000000000225,"failureMessages":[],"meta":{}},{"ancestorTitles":["Database Field Mapping Integration Tests - Refactored","Failure Reason Metadata Mapping"],"fullName":"Database Field Mapping Integration Tests - Refactored Failure Reason Metadata Mapping should store failure reason in metadata when cancelling message","status":"passed","title":"should store failure reason in metadata when cancelling message","duration":3.717199999999991,"failureMessages":[],"meta":{}},{"ancestorTitles":["Database Field Mapping Integration Tests - Refactored","Failure Reason Metadata Mapping"],"fullName":"Database Field Mapping Integration Tests - Refactored Failure Reason Metadata Mapping should retrieve failure reason from metadata correctly","status":"passed","title":"should retrieve failure reason from metadata correctly","duration":2.253499999999974,"failureMessages":[],"meta":{}},{"ancestorTitles":["Database Field Mapping Integration Tests - Refactored","Complete Lifecycle Mapping Test"],"fullName":"Database Field Mapping Integration Tests - Refactored Complete Lifecycle Mapping Test should maintain correct field mappings throughout message lifecycle","status":"passed","title":"should maintain correct field mappings throughout message lifecycle","duration":2.5072999999999865,"failureMessages":[],"meta":{}},{"ancestorTitles":["Database Field Mapping Integration Tests - Refactored","Edge Cases and Error Scenarios"],"fullName":"Database Field Mapping Integration Tests - Refactored Edge Cases and Error Scenarios should handle missing metadata gracefully","status":"passed","title":"should handle missing metadata gracefully","duration":2.458000000000027,"failureMessages":[],"meta":{}},{"ancestorTitles":["Database Field Mapping Integration Tests - Refactored","Edge Cases and Error Scenarios"],"fullName":"Database Field Mapping Integration Tests - Refactored Edge Cases and Error Scenarios should handle invalid JSON metadata gracefully","status":"passed","title":"should handle invalid JSON metadata gracefully","duration":5.458100000000002,"failureMessages":[],"meta":{}},{"ancestorTitles":["Database Field Mapping Integration Tests - Refactored","Edge Cases and Error Scenarios"],"fullName":"Database Field Mapping Integration Tests - Refactored Edge Cases and Error Scenarios should validate foreign key constraints","status":"passed","title":"should validate foreign key constraints","duration":1.8801000000000272,"failureMessages":[],"meta":{}},{"ancestorTitles":["Database Field Mapping Integration Tests - Refactored","Edge Cases and Error Scenarios"],"fullName":"Database Field Mapping Integration Tests - Refactored Edge Cases and Error Scenarios should validate agent exists when creating message","status":"passed","title":"should validate agent exists when creating message","duration":3.7426999999999566,"failureMessages":[],"meta":{}},{"ancestorTitles":["Database Field Mapping Integration Tests - Refactored","Edge Cases and Error Scenarios"],"fullName":"Database Field Mapping Integration Tests - Refactored Edge Cases and Error Scenarios should handle concurrent updates to same message","status":"passed","title":"should handle concurrent updates to same message","duration":2.609899999999982,"failureMessages":[],"meta":{}},{"ancestorTitles":["Database Field Mapping Integration Tests - Refactored","Metadata JSON Serialization"],"fullName":"Database Field Mapping Integration Tests - Refactored Metadata JSON Serialization should correctly serialize and deserialize complex metadata","status":"passed","title":"should correctly serialize and deserialize complex metadata","duration":2.6188999999999965,"failureMessages":[],"meta":{}}],"startTime":1763476385800,"endTime":1763476385841.619,"status":"passed","message":"","name":"D:/Code/Multi_Channel_Integration_System/tests/integration/database-field-mapping-refactored.test.ts"},{"assertionResults":[{"ancestorTitles":["DelayedMessageBuffer - Edge Cases & Advanced Scenarios","🔒 Edge Case #1: Concurrent Cancellation"],"fullName":"DelayedMessageBuffer - Edge Cases & Advanced Scenarios 🔒 Edge Case #1: Concurrent Cancellation should handle simultaneous schedule and cancel operations","status":"passed","title":"should handle simultaneous schedule and cancel operations","duration":2.7257999999999925,"failureMessages":[],"meta":{}},{"ancestorTitles":["DelayedMessageBuffer - Edge Cases & Advanced Scenarios","🔒 Edge Case #1: Concurrent Cancellation"],"fullName":"DelayedMessageBuffer - Edge Cases & Advanced Scenarios 🔒 Edge Case #1: Concurrent Cancellation should handle multiple concurrent cancellations of the same message","status":"passed","title":"should handle multiple concurrent cancellations of the same message","duration":1.075099999999992,"failureMessages":[],"meta":{}},{"ancestorTitles":["DelayedMessageBuffer - Edge Cases & Advanced Scenarios","🔒 Edge Case #1: Concurrent Cancellation"],"fullName":"DelayedMessageBuffer - Edge Cases & Advanced Scenarios 🔒 Edge Case #1: Concurrent Cancellation should handle cancel during active sending","status":"passed","title":"should handle cancel during active sending","duration":0.3721000000000174,"failureMessages":[],"meta":{}},{"ancestorTitles":["DelayedMessageBuffer - Edge Cases & Advanced Scenarios","🔄 Edge Case #2: Durable Object Eviction & State Recovery"],"fullName":"DelayedMessageBuffer - Edge Cases & Advanced Scenarios 🔄 Edge Case #2: Durable Object Eviction & State Recovery should restore pending messages after DO restart","status":"passed","title":"should restore pending messages after DO restart","duration":0.7016000000000133,"failureMessages":[],"meta":{}},{"ancestorTitles":["DelayedMessageBuffer - Edge Cases & Advanced Scenarios","🔄 Edge Case #2: Durable Object Eviction & State Recovery"],"fullName":"DelayedMessageBuffer - Edge Cases & Advanced Scenarios 🔄 Edge Case #2: Durable Object Eviction & State Recovery should restore retry counts accurately after DO restart","status":"passed","title":"should restore retry counts accurately after DO restart","duration":0.4078000000000088,"failureMessages":[],"meta":{}},{"ancestorTitles":["DelayedMessageBuffer - Edge Cases & Advanced Scenarios","🔄 Edge Case #2: Durable Object Eviction & State Recovery"],"fullName":"DelayedMessageBuffer - Edge Cases & Advanced Scenarios 🔄 Edge Case #2: Durable Object Eviction & State Recovery should restore alarm time after DO restart","status":"passed","title":"should restore alarm time after DO restart","duration":0.2983999999999867,"failureMessages":[],"meta":{}},{"ancestorTitles":["DelayedMessageBuffer - Edge Cases & Advanced Scenarios","💾 Edge Case #3: Storage Quota Exceeded"],"fullName":"DelayedMessageBuffer - Edge Cases & Advanced Scenarios 💾 Edge Case #3: Storage Quota Exceeded should handle storage quota exceeded gracefully","status":"passed","title":"should handle storage quota exceeded gracefully","duration":0.42859999999998877,"failureMessages":[],"meta":{}},{"ancestorTitles":["DelayedMessageBuffer - Edge Cases & Advanced Scenarios","💾 Edge Case #3: Storage Quota Exceeded"],"fullName":"DelayedMessageBuffer - Edge Cases & Advanced Scenarios 💾 Edge Case #3: Storage Quota Exceeded should prioritize critical DLQ writes when quota is near limit","status":"passed","title":"should prioritize critical DLQ writes when quota is near limit","duration":0.3036999999999921,"failureMessages":[],"meta":{}},{"ancestorTitles":["DelayedMessageBuffer - Edge Cases & Advanced Scenarios","💾 Edge Case #3: Storage Quota Exceeded"],"fullName":"DelayedMessageBuffer - Edge Cases & Advanced Scenarios 💾 Edge Case #3: Storage Quota Exceeded should track quota usage accurately","status":"passed","title":"should track quota usage accurately","duration":0.584699999999998,"failureMessages":[],"meta":{}},{"ancestorTitles":["DelayedMessageBuffer - Edge Cases & Advanced Scenarios","🌐 Edge Case #4: Network Partition & Retry Scenarios"],"fullName":"DelayedMessageBuffer - Edge Cases & Advanced Scenarios 🌐 Edge Case #4: Network Partition & Retry Scenarios should handle network partition during retry sequence","status":"passed","title":"should handle network partition during retry sequence","duration":38.71440000000001,"failureMessages":[],"meta":{}},{"ancestorTitles":["DelayedMessageBuffer - Edge Cases & Advanced Scenarios","🌐 Edge Case #4: Network Partition & Retry Scenarios"],"fullName":"DelayedMessageBuffer - Edge Cases & Advanced Scenarios 🌐 Edge Case #4: Network Partition & Retry Scenarios should handle intermittent network failures","status":"passed","title":"should handle intermittent network failures","duration":0.432200000000023,"failureMessages":[],"meta":{}},{"ancestorTitles":["DelayedMessageBuffer - Edge Cases & Advanced Scenarios","📬 Edge Case #5: Dead Letter Queue Overflow"],"fullName":"DelayedMessageBuffer - Edge Cases & Advanced Scenarios 📬 Edge Case #5: Dead Letter Queue Overflow should handle DLQ reaching capacity limit","status":"passed","title":"should handle DLQ reaching capacity limit","duration":0.5355999999999881,"failureMessages":[],"meta":{}},{"ancestorTitles":["DelayedMessageBuffer - Edge Cases & Advanced Scenarios","📬 Edge Case #5: Dead Letter Queue Overflow"],"fullName":"DelayedMessageBuffer - Edge Cases & Advanced Scenarios 📬 Edge Case #5: Dead Letter Queue Overflow should prioritize most recent failures in DLQ","status":"passed","title":"should prioritize most recent failures in DLQ","duration":0.36659999999997694,"failureMessages":[],"meta":{}},{"ancestorTitles":["DelayedMessageBuffer - Edge Cases & Advanced Scenarios","⚡ Edge Case #6: Extreme Concurrency"],"fullName":"DelayedMessageBuffer - Edge Cases & Advanced Scenarios ⚡ Edge Case #6: Extreme Concurrency should handle 100 concurrent message schedules","status":"passed","title":"should handle 100 concurrent message schedules","duration":0.41149999999998954,"failureMessages":[],"meta":{}},{"ancestorTitles":["DelayedMessageBuffer - Edge Cases & Advanced Scenarios","⚡ Edge Case #6: Extreme Concurrency"],"fullName":"DelayedMessageBuffer - Edge Cases & Advanced Scenarios ⚡ Edge Case #6: Extreme Concurrency should handle rapid schedule-cancel-reschedule cycles","status":"passed","title":"should handle rapid schedule-cancel-reschedule cycles","duration":0.30689999999998463,"failureMessages":[],"meta":{}},{"ancestorTitles":["DelayedMessageBuffer - Edge Cases & Advanced Scenarios","⚡ Edge Case #6: Extreme Concurrency"],"fullName":"DelayedMessageBuffer - Edge Cases & Advanced Scenarios ⚡ Edge Case #6: Extreme Concurrency should handle burst traffic with rate limiting simulation","status":"passed","title":"should handle burst traffic with rate limiting simulation","duration":0.3305000000000007,"failureMessages":[],"meta":{}},{"ancestorTitles":["DelayedMessageBuffer - Edge Cases & Advanced Scenarios","🚨 Edge Case #7: Disaster Recovery"],"fullName":"DelayedMessageBuffer - Edge Cases & Advanced Scenarios 🚨 Edge Case #7: Disaster Recovery should recover from catastrophic storage failure","status":"passed","title":"should recover from catastrophic storage failure","duration":0.28050000000001774,"failureMessages":[],"meta":{}},{"ancestorTitles":["DelayedMessageBuffer - Edge Cases & Advanced Scenarios","🚨 Edge Case #7: Disaster Recovery"],"fullName":"DelayedMessageBuffer - Edge Cases & Advanced Scenarios 🚨 Edge Case #7: Disaster Recovery should maintain message ordering after recovery","status":"passed","title":"should maintain message ordering after recovery","duration":0.30410000000000537,"failureMessages":[],"meta":{}},{"ancestorTitles":["DelayedMessageBuffer - Edge Cases & Advanced Scenarios","🚨 Edge Case #7: Disaster Recovery"],"fullName":"DelayedMessageBuffer - Edge Cases & Advanced Scenarios 🚨 Edge Case #7: Disaster Recovery should handle partial data corruption gracefully","status":"passed","title":"should handle partial data corruption gracefully","duration":0.46419999999997685,"failureMessages":[],"meta":{}},{"ancestorTitles":["DelayedMessageBuffer - Edge Cases & Advanced Scenarios","⏰ Edge Case #8: Time-Related Scenarios"],"fullName":"DelayedMessageBuffer - Edge Cases & Advanced Scenarios ⏰ Edge Case #8: Time-Related Scenarios should handle messages scheduled in the past","status":"passed","title":"should handle messages scheduled in the past","duration":0.3523000000000138,"failureMessages":[],"meta":{}},{"ancestorTitles":["DelayedMessageBuffer - Edge Cases & Advanced Scenarios","⏰ Edge Case #8: Time-Related Scenarios"],"fullName":"DelayedMessageBuffer - Edge Cases & Advanced Scenarios ⏰ Edge Case #8: Time-Related Scenarios should handle clock skew between DO instances","status":"passed","title":"should handle clock skew between DO instances","duration":0.8349999999999795,"failureMessages":[],"meta":{}},{"ancestorTitles":["DelayedMessageBuffer - Edge Cases & Advanced Scenarios","⏰ Edge Case #8: Time-Related Scenarios"],"fullName":"DelayedMessageBuffer - Edge Cases & Advanced Scenarios ⏰ Edge Case #8: Time-Related Scenarios should handle very long delays (weeks)","status":"passed","title":"should handle very long delays (weeks)","duration":0.25900000000001455,"failureMessages":[],"meta":{}}],"startTime":1763476384873,"endTime":1763476384924.259,"status":"passed","message":"","name":"D:/Code/Multi_Channel_Integration_System/tests/integration/DelayedMessageBuffer-EdgeCases.test.ts"},{"assertionResults":[{"ancestorTitles":["DelayedMessageBuffer - Integration Tests (Critical Issues Fixed)","✅ Critical Fix #1: Race Condition Prevention"],"fullName":"DelayedMessageBuffer - Integration Tests (Critical Issues Fixed) ✅ Critical Fix #1: Race Condition Prevention should handle concurrent modifications safely with immutable snapshot","status":"passed","title":"should handle concurrent modifications safely with immutable snapshot","duration":2.788499999999999,"failureMessages":[],"meta":{}},{"ancestorTitles":["DelayedMessageBuffer - Integration Tests (Critical Issues Fixed)","✅ Critical Fix #1: Race Condition Prevention"],"fullName":"DelayedMessageBuffer - Integration Tests (Critical Issues Fixed) ✅ Critical Fix #1: Race Condition Prevention should process all ready messages even if some are deleted during iteration","status":"passed","title":"should process all ready messages even if some are deleted during iteration","duration":0.5178999999999974,"failureMessages":[],"meta":{}},{"ancestorTitles":["DelayedMessageBuffer - Integration Tests (Critical Issues Fixed)","✅ Critical Fix #2: DLQ Retry Mechanism"],"fullName":"DelayedMessageBuffer - Integration Tests (Critical Issues Fixed) ✅ Critical Fix #2: DLQ Retry Mechanism should retry DLQ write 3 times on failure","status":"passed","title":"should retry DLQ write 3 times on failure","duration":32.33969999999999,"failureMessages":[],"meta":{}},{"ancestorTitles":["DelayedMessageBuffer - Integration Tests (Critical Issues Fixed)","✅ Critical Fix #2: DLQ Retry Mechanism"],"fullName":"DelayedMessageBuffer - Integration Tests (Critical Issues Fixed) ✅ Critical Fix #2: DLQ Retry Mechanism should log CRITICAL error after all retries fail","status":"passed","title":"should log CRITICAL error after all retries fail","duration":5.1865999999999985,"failureMessages":[],"meta":{}},{"ancestorTitles":["DelayedMessageBuffer - Integration Tests (Critical Issues Fixed)","✅ Critical Fix #3: Awaited DLQ Operations"],"fullName":"DelayedMessageBuffer - Integration Tests (Critical Issues Fixed) ✅ Critical Fix #3: Awaited DLQ Operations should await all DLQ operations before returning from alarm()","status":"passed","title":"should await all DLQ operations before returning from alarm()","duration":0.7730999999999995,"failureMessages":[],"meta":{}},{"ancestorTitles":["DelayedMessageBuffer - Integration Tests (Critical Issues Fixed)","✅ Critical Fix #3: Awaited DLQ Operations"],"fullName":"DelayedMessageBuffer - Integration Tests (Critical Issues Fixed) ✅ Critical Fix #3: Awaited DLQ Operations should not return from alarm() until all async operations complete","status":"passed","title":"should not return from alarm() until all async operations complete","duration":54.917,"failureMessages":[],"meta":{}},{"ancestorTitles":["DelayedMessageBuffer - Integration Tests (Critical Issues Fixed)","✅ Critical Fix #4: API Timeout Protection"],"fullName":"DelayedMessageBuffer - Integration Tests (Critical Issues Fixed) ✅ Critical Fix #4: API Timeout Protection should abort LINE API call after 10 seconds","status":"passed","title":"should abort LINE API call after 10 seconds","duration":1.7951999999999941,"failureMessages":[],"meta":{}},{"ancestorTitles":["DelayedMessageBuffer - Integration Tests (Critical Issues Fixed)","✅ Critical Fix #4: API Timeout Protection"],"fullName":"DelayedMessageBuffer - Integration Tests (Critical Issues Fixed) ✅ Critical Fix #4: API Timeout Protection should throw timeout error when API hangs","status":"passed","title":"should throw timeout error when API hangs","duration":0.3907000000000096,"failureMessages":[],"meta":{}},{"ancestorTitles":["DelayedMessageBuffer - Integration Tests (Critical Issues Fixed)","✅ Critical Fix #4: API Timeout Protection"],"fullName":"DelayedMessageBuffer - Integration Tests (Critical Issues Fixed) ✅ Critical Fix #4: API Timeout Protection should clear timeout when API responds quickly","status":"passed","title":"should clear timeout when API responds quickly","duration":0.7098000000000013,"failureMessages":[],"meta":{}},{"ancestorTitles":["DelayedMessageBuffer - Integration Tests (Critical Issues Fixed)","✅ High Fix #5: Retry State Persistence"],"fullName":"DelayedMessageBuffer - Integration Tests (Critical Issues Fixed) ✅ High Fix #5: Retry State Persistence should persist retry count after each attempt","status":"passed","title":"should persist retry count after each attempt","duration":0.7993000000000166,"failureMessages":[],"meta":{}},{"ancestorTitles":["DelayedMessageBuffer - Integration Tests (Critical Issues Fixed)","✅ High Fix #5: Retry State Persistence"],"fullName":"DelayedMessageBuffer - Integration Tests (Critical Issues Fixed) ✅ High Fix #5: Retry State Persistence should restore retry count after DO restart","status":"passed","title":"should restore retry count after DO restart","duration":0.2039000000000044,"failureMessages":[],"meta":{}},{"ancestorTitles":["DelayedMessageBuffer - Integration Tests (Critical Issues Fixed)","✅ High Fix #6: Error Re-throw Consistency"],"fullName":"DelayedMessageBuffer - Integration Tests (Critical Issues Fixed) ✅ High Fix #6: Error Re-throw Consistency should NOT re-throw errors after complete handling","status":"passed","title":"should NOT re-throw errors after complete handling","duration":0.23199999999999932,"failureMessages":[],"meta":{}},{"ancestorTitles":["DelayedMessageBuffer - Integration Tests (Critical Issues Fixed)","✅ High Fix #6: Error Re-throw Consistency"],"fullName":"DelayedMessageBuffer - Integration Tests (Critical Issues Fixed) ✅ High Fix #6: Error Re-throw Consistency should handle errors gracefully without propagation","status":"passed","title":"should handle errors gracefully without propagation","duration":0.3540999999999883,"failureMessages":[],"meta":{}},{"ancestorTitles":["DelayedMessageBuffer - Integration Tests (Critical Issues Fixed)","🔒 Edge Cases & Concurrent Scenarios"],"fullName":"DelayedMessageBuffer - Integration Tests (Critical Issues Fixed) 🔒 Edge Cases & Concurrent Scenarios should handle empty message queue gracefully","status":"passed","title":"should handle empty message queue gracefully","duration":0.28300000000001546,"failureMessages":[],"meta":{}},{"ancestorTitles":["DelayedMessageBuffer - Integration Tests (Critical Issues Fixed)","🔒 Edge Cases & Concurrent Scenarios"],"fullName":"DelayedMessageBuffer - Integration Tests (Critical Issues Fixed) 🔒 Edge Cases & Concurrent Scenarios should handle simultaneous schedule and cancel","status":"passed","title":"should handle simultaneous schedule and cancel","duration":0.20359999999999445,"failureMessages":[],"meta":{}},{"ancestorTitles":["DelayedMessageBuffer - Integration Tests (Critical Issues Fixed)","🔒 Edge Cases & Concurrent Scenarios"],"fullName":"DelayedMessageBuffer - Integration Tests (Critical Issues Fixed) 🔒 Edge Cases & Concurrent Scenarios should handle rapid successive retries","status":"passed","title":"should handle rapid successive retries","duration":0.23340000000001737,"failureMessages":[],"meta":{}},{"ancestorTitles":["DelayedMessageBuffer - Integration Tests (Critical Issues Fixed)","📊 Performance & Reliability"],"fullName":"DelayedMessageBuffer - Integration Tests (Critical Issues Fixed) 📊 Performance & Reliability should complete DLQ write within reasonable time","status":"passed","title":"should complete DLQ write within reasonable time","duration":0.2424000000000035,"failureMessages":[],"meta":{}},{"ancestorTitles":["DelayedMessageBuffer - Integration Tests (Critical Issues Fixed)","📊 Performance & Reliability"],"fullName":"DelayedMessageBuffer - Integration Tests (Critical Issues Fixed) 📊 Performance & Reliability should handle batch DLQ writes efficiently","status":"passed","title":"should handle batch DLQ writes efficiently","duration":0.8712999999999909,"failureMessages":[],"meta":{}}],"startTime":1763476384137,"endTime":1763476384239.8713,"status":"passed","message":"","name":"D:/Code/Multi_Channel_Integration_System/tests/integration/DelayedMessageBuffer-Integration.test.ts"},{"assertionResults":[],"startTime":1763476343885,"endTime":1763476343885,"status":"failed","message":"Cannot set property crypto of #<Object> which has only a getter","name":"D:/Code/Multi_Channel_Integration_System/tests/integration/facebook-integration-complete.test.ts"},{"assertionResults":[],"startTime":1763476343885,"endTime":1763476343885,"status":"failed","message":"Cannot set property crypto of #<Object> which has only a getter","name":"D:/Code/Multi_Channel_Integration_System/tests/integration/line-integration-complete.test.ts"},{"assertionResults":[{"ancestorTitles":["Message & Conversation Integration Tests - Refactored","Complete conversation workflow"],"fullName":"Message & Conversation Integration Tests - Refactored Complete conversation workflow should create conversation, send messages, and list messages","status":"passed","title":"should create conversation, send messages, and list messages","duration":10.925299999999993,"failureMessages":[],"meta":{}},{"ancestorTitles":["Message & Conversation Integration Tests - Refactored","Complete conversation workflow"],"fullName":"Message & Conversation Integration Tests - Refactored Complete conversation workflow should handle conversation assignment changes during active messaging","status":"passed","title":"should handle conversation assignment changes during active messaging","duration":3.532099999999957,"failureMessages":[],"meta":{}},{"ancestorTitles":["Message & Conversation Integration Tests - Refactored","Multi-platform message handling"],"fullName":"Message & Conversation Integration Tests - Refactored Multi-platform message handling should handle messages across LINE and Facebook platforms","status":"passed","title":"should handle messages across LINE and Facebook platforms","duration":3.7724000000000046,"failureMessages":[],"meta":{}},{"ancestorTitles":["Message & Conversation Integration Tests - Refactored","Error recovery and resilience"],"fullName":"Message & Conversation Integration Tests - Refactored Error recovery and resilience should handle database constraints gracefully","status":"passed","title":"should handle database constraints gracefully","duration":2.369100000000003,"failureMessages":[],"meta":{}},{"ancestorTitles":["Message & Conversation Integration Tests - Refactored","Error recovery and resilience"],"fullName":"Message & Conversation Integration Tests - Refactored Error recovery and resilience should validate message content requirements","status":"passed","title":"should validate message content requirements","duration":2.2491999999999734,"failureMessages":[],"meta":{}},{"ancestorTitles":["Message & Conversation Integration Tests - Refactored","Error recovery and resilience"],"fullName":"Message & Conversation Integration Tests - Refactored Error recovery and resilience should enforce foreign key constraints on agent assignment","status":"passed","title":"should enforce foreign key constraints on agent assignment","duration":1.641900000000021,"failureMessages":[],"meta":{}},{"ancestorTitles":["Message & Conversation Integration Tests - Refactored","Pagination and data consistency"],"fullName":"Message & Conversation Integration Tests - Refactored Pagination and data consistency should maintain data consistency across paginated message lists","status":"passed","title":"should maintain data consistency across paginated message lists","duration":8.759400000000028,"failureMessages":[],"meta":{}},{"ancestorTitles":["Message & Conversation Integration Tests - Refactored","Pagination and data consistency"],"fullName":"Message & Conversation Integration Tests - Refactored Pagination and data consistency should handle concurrent message creation","status":"passed","title":"should handle concurrent message creation","duration":3.8419000000000096,"failureMessages":[],"meta":{}},{"ancestorTitles":["Message & Conversation Integration Tests - Refactored","Message relationships and data integrity"],"fullName":"Message & Conversation Integration Tests - Refactored Message relationships and data integrity should maintain referential integrity across messages, conversations, and customers","status":"passed","title":"should maintain referential integrity across messages, conversations, and customers","duration":2.684100000000001,"failureMessages":[],"meta":{}}],"startTime":1763476385341,"endTime":1763476385380.684,"status":"passed","message":"","name":"D:/Code/Multi_Channel_Integration_System/tests/integration/message-conversation-workflow-refactored.test.ts"},{"assertionResults":[{"ancestorTitles":["Message Recall Integration Tests - Refactored","End-to-End Recall Flow"],"fullName":"Message Recall Integration Tests - Refactored End-to-End Recall Flow should complete full recall workflow","status":"passed","title":"should complete full recall workflow","duration":11.088800000000049,"failureMessages":[],"meta":{}},{"ancestorTitles":["Message Recall Integration Tests - Refactored","End-to-End Recall Flow"],"fullName":"Message Recall Integration Tests - Refactored End-to-End Recall Flow should handle queue processing after recall","status":"passed","title":"should handle queue processing after recall","duration":2.883800000000008,"failureMessages":[],"meta":{}},{"ancestorTitles":["Message Recall Integration Tests - Refactored","End-to-End Recall Flow"],"fullName":"Message Recall Integration Tests - Refactored End-to-End Recall Flow should handle concurrent recall attempts","status":"passed","title":"should handle concurrent recall attempts","duration":1.8788999999999874,"failureMessages":[],"meta":{}},{"ancestorTitles":["Message Recall Integration Tests - Refactored","Database Integration"],"fullName":"Message Recall Integration Tests - Refactored Database Integration should handle database foreign key constraints","status":"passed","title":"should handle database foreign key constraints","duration":4.847499999999968,"failureMessages":[],"meta":{}},{"ancestorTitles":["Message Recall Integration Tests - Refactored","KV Storage Integration"],"fullName":"Message Recall Integration Tests - Refactored KV Storage Integration should handle KV TTL expiration correctly","status":"passed","title":"should handle KV TTL
[...]
n":0.5200999999999851,"failureMessages":[],"meta":{}},{"ancestorTitles":["LINE Signature Verification - Advanced Tests","Security edge cases"],"fullName":"LINE Signature Verification - Advanced Tests Security edge cases should handle very long channel secret","status":"passed","title":"should handle very long channel secret","duration":0.39339999999998554,"failureMessages":[],"meta":{}},{"ancestorTitles":["LINE Signature Verification - Advanced Tests","Crypto API error handling"],"fullName":"LINE Signature Verification - Advanced Tests Crypto API error handling should handle importKey failure","status":"passed","title":"should handle importKey failure","duration":0.37189999999998236,"failureMessages":[],"meta":{}},{"ancestorTitles":["LINE Signature Verification - Advanced Tests","Crypto API error handling"],"fullName":"LINE Signature Verification - Advanced Tests Crypto API error handling should handle sign operation failure","status":"passed","title":"should handle sign operation failure","duration":0.41620000000000346,"failureMessages":[],"meta":{}},{"ancestorTitles":["LINE Signature Verification - Advanced Tests","Crypto API error handling"],"fullName":"LINE Signature Verification - Advanced Tests Crypto API error handling should handle missing crypto API","status":"passed","title":"should handle missing crypto API","duration":0.28770000000000095,"failureMessages":[],"meta":{}},{"ancestorTitles":["LINE Signature Verification - Advanced Tests","Performance and edge cases"],"fullName":"LINE Signature Verification - Advanced Tests Performance and edge cases should handle very large webhook payload","status":"passed","title":"should handle very large webhook payload","duration":0.6064000000000078,"failureMessages":[],"meta":{}},{"ancestorTitles":["LINE Signature Verification - Advanced Tests","Performance and edge cases"],"fullName":"LINE Signature Verification - Advanced Tests Performance and edge cases should handle concurrent signature verifications","status":"passed","title":"should handle concurrent signature verifications","duration":0.28600000000000136,"failureMessages":[],"meta":{}}],"startTime":1763476389625,"endTime":1763476389632.6064,"status":"passed","message":"","name":"D:/Code/Multi_Channel_Integration_System/tests/unit/utils/line-signature.test.ts"},{"assertionResults":[{"ancestorTitles":["LINE API Test Suite - Coverage Overview","Test Coverage Areas"],"fullName":"LINE API Test Suite - Coverage Overview Test Coverage Areas should cover all LINE API functions","status":"passed","title":"should cover all LINE API functions","duration":1.8991000000000042,"failureMessages":[],"meta":{}},{"ancestorTitles":["LINE API Test Suite - Coverage Overview","Test Coverage Areas"],"fullName":"LINE API Test Suite - Coverage Overview Test Coverage Areas should cover all critical error scenarios","status":"passed","title":"should cover all critical error scenarios","duration":0.3703999999999894,"failureMessages":[],"meta":{}},{"ancestorTitles":["LINE API Test Suite - Coverage Overview","Test Coverage Areas"],"fullName":"LINE API Test Suite - Coverage Overview Test Coverage Areas should cover message formatting edge cases","status":"passed","title":"should cover message formatting edge cases","duration":0.40500000000000114,"failureMessages":[],"meta":{}},{"ancestorTitles":["LINE API Test Suite - Coverage Overview","Test Coverage Areas"],"fullName":"LINE API Test Suite - Coverage Overview Test Coverage Areas should cover integration scenarios","status":"passed","title":"should cover integration scenarios","duration":0.21620000000000061,"failureMessages":[],"meta":{}},{"ancestorTitles":["LINE API Test Suite - Coverage Overview","Test File Organization"],"fullName":"LINE API Test Suite - Coverage Overview Test File Organization should have organized test files by functionality","status":"passed","title":"should have organized test files by functionality","duration":0.2557000000000045,"failureMessages":[],"meta":{}},{"ancestorTitles":["LINE API Test Suite - Coverage Overview","Test File Organization"],"fullName":"LINE API Test Suite - Coverage Overview Test File Organization should follow testing best practices","status":"passed","title":"should follow testing best practices","duration":0.2691000000000088,"failureMessages":[],"meta":{}},{"ancestorTitles":["LINE API Test Suite - Coverage Overview","Business Logic Priority Coverage"],"fullName":"LINE API Test Suite - Coverage Overview Business Logic Priority Coverage should prioritize core business logic tests","status":"passed","title":"should prioritize core business logic tests","duration":0.1741999999999848,"failureMessages":[],"meta":{}},{"ancestorTitles":["LINE API Test Suite - Coverage Overview","Business Logic Priority Coverage"],"fullName":"LINE API Test Suite - Coverage Overview Business Logic Priority Coverage should ensure production readiness","status":"passed","title":"should ensure production readiness","duration":0.14749999999997954,"failureMessages":[],"meta":{}}],"startTime":1763476390172,"endTime":1763476390176.269,"status":"passed","message":"","name":"D:/Code/Multi_Channel_Integration_System/tests/unit/utils/line-test-suite.test.ts"},{"assertionResults":[],"startTime":1763476343885,"endTime":1763476343885,"status":"failed","message":"Cannot set property crypto of #<Object> which has only a getter","name":"D:/Code/Multi_Channel_Integration_System/tests/unit/utils/line.test.ts"},{"assertionResults":[],"startTime":1763476343885,"endTime":1763476343885,"status":"failed","message":"Cannot find package '@vue/test-utils' imported from 'D:/Code/Multi_Channel_Integration_System/tests/.archive/misplaced-vue-tests/components/AppLayout.test.ts'","name":"D:/Code/Multi_Channel_Integration_System/tests/.archive/misplaced-vue-tests/components/AppLayout.test.ts"},{"assertionResults":[],"startTime":1763476343885,"endTime":1763476343885,"status":"failed","message":"Cannot find package '@vue/test-utils' imported from 'D:/Code/Multi_Channel_Integration_System/tests/.archive/misplaced-vue-tests/components/ConversationCard.test.ts'","name":"D:/Code/Multi_Channel_Integration_System/tests/.archive/misplaced-vue-tests/components/ConversationCard.test.ts"},{"assertionResults":[],"startTime":1763476343885,"endTime":1763476343885,"status":"failed","message":"Cannot find package '@vue/test-utils' imported from 'D:/Code/Multi_Channel_Integration_System/tests/.archive/misplaced-vue-tests/components/EmptyState.test.ts'","name":"D:/Code/Multi_Channel_Integration_System/tests/.archive/misplaced-vue-tests/components/EmptyState.test.ts"},{"assertionResults":[],"startTime":1763476343885,"endTime":1763476343885,"status":"failed","message":"Cannot find package '@vue/test-utils' imported from 'D:/Code/Multi_Channel_Integration_System/tests/.archive/misplaced-vue-tests/components/MessageBubble.test.ts'","name":"D:/Code/Multi_Channel_Integration_System/tests/.archive/misplaced-vue-tests/components/MessageBubble.test.ts"},{"assertionResults":[],"startTime":1763476343885,"endTime":1763476343885,"status":"failed","message":"Cannot find package '@vue/test-utils' imported from 'D:/Code/Multi_Channel_Integration_System/tests/.archive/misplaced-vue-tests/components/MessageInput.test.ts'","name":"D:/Code/Multi_Channel_Integration_System/tests/.archive/misplaced-vue-tests/components/MessageInput.test.ts"},{"assertionResults":[],"startTime":1763476343885,"endTime":1763476343885,"status":"failed","message":"Cannot find package '@vue/test-utils' imported from 'D:/Code/Multi_Channel_Integration_System/tests/.archive/misplaced-vue-tests/components/PlatformBadge.test.ts'","name":"D:/Code/Multi_Channel_Integration_System/tests/.archive/misplaced-vue-tests/components/PlatformBadge.test.ts"},{"assertionResults":[],"startTime":1763476343885,"endTime":1763476343885,"status":"failed","message":"Cannot find package '@vue/test-utils' imported from 'D:/Code/Multi_Channel_Integration_System/tests/.archive/misplaced-vue-tests/components/PlatformStatus.test.ts'","name":"D:/Code/Multi_Channel_Integration_System/tests/.archive/misplaced-vue-tests/components/PlatformStatus.test.ts"},{"assertionResults":[],"startTime":1763476343885,"endTime":1763476343885,"status":"failed","message":"Cannot find package '@vue/test-utils' imported from 'D:/Code/Multi_Channel_Integration_System/tests/.archive/misplaced-vue-tests/components/RefreshIcon.test.ts'","name":"D:/Code/Multi_Channel_Integration_System/tests/.archive/misplaced-vue-tests/components/RefreshIcon.test.ts"},{"assertionResults":[],"startTime":1763476343885,"endTime":1763476343885,"status":"failed","message":"Cannot find package '@vue/test-utils' imported from 'D:/Code/Multi_Channel_Integration_System/tests/.archive/misplaced-vue-tests/components/SendIcon.test.ts'","name":"D:/Code/Multi_Channel_Integration_System/tests/.archive/misplaced-vue-tests/components/SendIcon.test.ts"},{"assertionResults":[],"startTime":1763476343885,"endTime":1763476343885,"status":"failed","message":"Cannot find package '@vue/test-utils' imported from 'D:/Code/Multi_Channel_Integration_System/tests/.archive/misplaced-vue-tests/components/StatusBadge.test.ts'","name":"D:/Code/Multi_Channel_Integration_System/tests/.archive/misplaced-vue-tests/components/StatusBadge.test.ts"},{"assertionResults":[],"startTime":1763476343885,"endTime":1763476343885,"status":"failed","message":"Cannot find package '@vue/test-utils' imported from 'D:/Code/Multi_Channel_Integration_System/tests/.archive/misplaced-vue-tests/views/ConversationDetail.test.ts'","name":"D:/Code/Multi_Channel_Integration_System/tests/.archive/misplaced-vue-tests/views/ConversationDetail.test.ts"},{"assertionResults":[],"startTime":1763476343885,"endTime":1763476343885,"status":"failed","message":"Cannot find module '../../helpers/piniaTestSetup' imported from 'D:/Code/Multi_Channel_Integration_System/tests/.archive/misplaced-vue-tests/views/ConversationList.test.ts'","name":"D:/Code/Multi_Channel_Integration_System/tests/.archive/misplaced-vue-tests/views/ConversationList.test.ts"},{"assertionResults":[],"startTime":1763476343885,"endTime":1763476343885,"status":"failed","message":"Cannot find package '@vue/test-utils' imported from 'D:/Code/Multi_Channel_Integration_System/tests/.archive/misplaced-vue-tests/views/Dashboard.test.ts'","name":"D:/Code/Multi_Channel_Integration_System/tests/.archive/misplaced-vue-tests/views/Dashboard.test.ts"},{"assertionResults":[],"startTime":1763476343885,"endTime":1763476343885,"status":"failed","message":"Cannot find package '@vue/test-utils' imported from 'D:/Code/Multi_Channel_Integration_System/tests/.archive/misplaced-vue-tests/views/InviteAcceptance.test.ts'","name":"D:/Code/Multi_Channel_Integration_System/tests/.archive/misplaced-vue-tests/views/InviteAcceptance.test.ts"},{"assertionResults":[],"startTime":1763476343885,"endTime":1763476343885,"status":"failed","message":"Cannot find package '@vue/test-utils' imported from 'D:/Code/Multi_Channel_Integration_System/tests/.archive/misplaced-vue-tests/views/SystemSettings.test.ts'","name":"D:/Code/Multi_Channel_Integration_System/tests/.archive/misplaced-vue-tests/views/SystemSettings.test.ts"},{"assertionResults":[],"startTime":1763476343885,"endTime":1763476343885,"status":"failed","message":"Cannot find package '@vue/test-utils' imported from 'D:/Code/Multi_Channel_Integration_System/tests/.archive/misplaced-vue-tests/views/TeamManagement.test.ts'","name":"D:/Code/Multi_Channel_Integration_System/tests/.archive/misplaced-vue-tests/views/TeamManagement.test.ts"},{"assertionResults":[],"startTime":1763476343885,"endTime":1763476343885,"status":"failed","message":"Transform failed with 1 error:\nD:/Code/Multi_Channel_Integration_System/tests/integration/modules/file-management/file-upload-flow.test.ts:11:29: ERROR: Expected \"}\" but found \"{\"","name":"D:/Code/Multi_Channel_Integration_System/tests/integration/modules/file-management/file-upload-flow.test.ts"},{"assertionResults":[],"startTime":1763476343885,"endTime":1763476343885,"status":"failed","message":"Transform failed with 1 error:\nD:/Code/Multi_Channel_Integration_System/tests/unit/modules/activities/activity-service.test.ts:10:25: ERROR: Expected \"}\" but found \"{\"","name":"D:/Code/Multi_Channel_Integration_System/tests/unit/modules/activities/activity-service.test.ts"},{"assertionResults":[],"startTime":1763476343885,"endTime":1763476343885,"status":"failed","message":"Transform failed with 1 error:\nD:/Code/Multi_Channel_Integration_System/tests/unit/modules/analytics/analytics-cache-service.test.ts:3:91: ERROR: Expected \";\" but found \"@\"","name":"D:/Code/Multi_Channel_Integration_System/tests/unit/modules/analytics/analytics-cache-service.test.ts"},{"assertionResults":[],"startTime":1763476343885,"endTime":1763476343885,"status":"failed","message":"Transform failed with 1 error:\nD:/Code/Multi_Channel_Integration_System/tests/unit/modules/analytics/calculation-helpers.test.ts:10:59: ERROR: Expected \";\" but found \"@\"","name":"D:/Code/Multi_Channel_Integration_System/tests/unit/modules/analytics/calculation-helpers.test.ts"},{"assertionResults":[],"startTime":1763476343885,"endTime":1763476343885,"status":"failed","message":"Transform failed with 1 error:\nD:/Code/Multi_Channel_Integration_System/tests/unit/modules/analytics/period-comparison-service.test.ts:4:81: ERROR: Expected \";\" but found \"@\"","name":"D:/Code/Multi_Channel_Integration_System/tests/unit/modules/analytics/period-comparison-service.test.ts"},{"assertionResults":[],"startTime":1763476343885,"endTime":1763476343885,"status":"failed","message":"Transform failed with 1 error:\nD:/Code/Multi_Channel_Integration_System/tests/unit/modules/analytics/platform-filter.test.ts:8:22: ERROR: Expected \"}\" but found \"{\"","name":"D:/Code/Multi_Channel_Integration_System/tests/unit/modules/analytics/platform-filter.test.ts"},{"assertionResults":[],"startTime":1763476343885,"endTime":1763476343885,"status":"failed","message":"Transform failed with 1 error:\nD:/Code/Multi_Channel_Integration_System/tests/unit/modules/file-management/validation-service.test.ts:9:30: ERROR: Expected \"}\" but found \"{\"","name":"D:/Code/Multi_Channel_Integration_System/tests/unit/modules/file-management/validation-service.test.ts"},{"assertionResults":[],"startTime":1763476343885,"endTime":1763476343885,"status":"failed","message":"Transform failed with 1 error:\nD:/Code/Multi_Channel_Integration_System/tests/unit/modules/integrations/webhook-security.test.ts:5:33: ERROR: Expected \"from\" but found \"import\"","name":"D:/Code/Multi_Channel_Integration_System/tests/unit/modules/integrations/webhook-security.test.ts"},{"assertionResults":[],"startTime":1763476343885,"endTime":1763476343885,"status":"failed","message":"功能 is not defined","name":"D:/Code/Multi_Channel_Integration_System/tests/unit/modules/notifications/notifications-service.test.ts"},{"assertionResults":[],"startTime":1763476343885,"endTime":1763476343885,"status":"failed","message":"Transform failed with 1 error:\nD:/Code/Multi_Channel_Integration_System/tests/unit/modules/qrcode/qrcode-service.test.ts:5:58: ERROR: Expected \"}\" but found \"{\"","name":"D:/Code/Multi_Channel_Integration_System/tests/unit/modules/qrcode/qrcode-service.test.ts"},{"assertionResults":[],"startTime":1763476343885,"endTime":1763476343885,"status":"failed","message":"Transform failed with 1 error:\nD:/Code/Multi_Channel_Integration_System/tests/unit/modules/realtime/performance-monitor.test.ts:7:18: ERROR: Expected \"}\" but found \"{\"","name":"D:/Code/Multi_Channel_Integration_System/tests/unit/modules/realtime/performance-monitor.test.ts"},{"assertionResults":[],"startTime":1763476343885,"endTime":1763476343885,"status":"failed","message":"Transform failed with 1 error:\nD:/Code/Multi_Channel_Integration_System/tests/unit/modules/realtime/realtime-main.test.ts:6:58: ERROR: Expected \"from\" but found \"fromimport\"","name":"D:/Code/Multi_Channel_Integration_System/tests/unit/modules/realtime/realtime-main.test.ts"},{"assertionResults":[],"startTime":1763476343885,"endTime":1763476343885,"status":"failed","message":"Transform failed with 1 error:\nD:/Code/Multi_Channel_Integration_System/tests/unit/modules/reports/reports-service.test.ts:9:16: ERROR: Expected \"}\" but found \"{\"","name":"D:/Code/Multi_Channel_Integration_System/tests/unit/modules/reports/reports-service.test.ts"},{"assertionResults":[],"startTime":1763476343885,"endTime":1763476343885,"status":"failed","message":"Transform failed with 1 error:\nD:/Code/Multi_Channel_Integration_System/tests/modules/session/unit/handlers/session-boundary.test.ts:18:40: ERROR: Expected \";\" but found \"@\"","name":"D:/Code/Multi_Channel_Integration_System/tests/modules/session/unit/handlers/session-boundary.test.ts"},{"assertionResults":[],"startTime":1763476343885,"endTime":1763476343885,"status":"failed","message":"Transform failed with 1 error:\nD:/Code/Multi_Channel_Integration_System/tests/modules/session/unit/handlers/session-main.test.ts:27:11: ERROR: Expected \"}\" but found \"{\"","name":"D:/Code/Multi_Channel_Integration_System/tests/modules/session/unit/handlers/session-main.test.ts"},{"assertionResults":[],"startTime":1763476343885,"endTime":1763476343885,"status":"failed","message":"Transform failed with 1 error:\nD:/Code/Multi_Channel_Integration_System/tests/modules/session/unit/middleware/middleware-integration.test.ts:19:76: ERROR: Expected \";\" but found \"@\"","name":"D:/Code/Multi_Channel_Integration_System/tests/modules/session/unit/middleware/middleware-integration.test.ts"},{"assertionResults":[],"startTime":1763476343885,"endTime":1763476343885,"status":"failed","message":"Transform failed with 1 error:\nD:/Code/Multi_Channel_Integration_System/tests/modules/session/unit/middleware/session-auth.test.ts:16:73: ERROR: Expected \";\" but found \"@\"","name":"D:/Code/Multi_Channel_Integration_System/tests/modules/session/unit/middleware/session-auth.test.ts"},{"assertionResults":[],"startTime":1763476343885,"endTime":1763476343885,"status":"failed","message":"Transform failed with 1 error:\nD:/Code/Multi_Channel_Integration_System/tests/modules/session/unit/middleware/session-validation.test.ts:25:56: ERROR: Expected \";\" but found \"@\"","name":"D:/Code/Multi_Channel_Integration_System/tests/modules/session/unit/middleware/session-validation.test.ts"},{"assertionResults":[],"startTime":1763476343885,"endTime":1763476343885,"status":"failed","message":"Transform failed with 1 error:\nD:/Code/Multi_Channel_Integration_System/tests/modules/session/unit/services/boundary-detection.test.ts:15:23: ERROR: Expected \"}\" but found \"{\"","name":"D:/Code/Multi_Channel_Integration_System/tests/modules/session/unit/services/boundary-detection.test.ts"},{"assertionResults":[],"startTime":1763476343885,"endTime":1763476343885,"status":"failed","message":"Transform failed with 1 error:\nD:/Code/Multi_Channel_Integration_System/tests/modules/session/unit/services/session-service.test.ts:31:11: ERROR: Expected \"}\" but found \"{\"","name":"D:/Code/Multi_Channel_Integration_System/tests/modules/session/unit/services/session-service.test.ts"},{"assertionResults":[],"startTime":1763476343885,"endTime":1763476343885,"status":"failed","message":"Transform failed with 1 error:\nD:/Code/Multi_Channel_Integration_System/tests/unit/modules/file-management/services/validation-service.test.ts:10:42: ERROR: Expected \"}\" but found \"{\"","name":"D:/Code/Multi_Channel_Integration_System/tests/unit/modules/file-management/services/validation-service.test.ts"},{"assertionResults":[],"startTime":1763476343885,"endTime":1763476343885,"status":"failed","message":"Transform failed with 1 error:\nD:/Code/Multi_Channel_Integration_System/tests/unit/modules/file-management/utils/error-handler.test.ts:12:58: ERROR: Expected \";\" but found \"@\"","name":"D:/Code/Multi_Channel_Integration_System/tests/unit/modules/file-management/utils/error-handler.test.ts"}]}