{"D:\\Code\\Multi_Channel_Integration_System\\web-installer\\backend\\src\\index.ts": {"path":"D:\\Code\\Multi_Channel_Integration_System\\web-installer\\backend\\src\\index.ts","all":true,"statementMap":{"0":{"start":{"line":1,"column":0},"end":{"line":1,"column":3}},"1":{"start":{"line":2,"column":0},"end":{"line":2,"column":42}},"2":{"start":{"line":3,"column":0},"end":{"line":3,"column":2}},"3":{"start":{"line":4,"column":0},"end":{"line":4,"column":71}},"4":{"start":{"line":5,"column":0},"end":{"line":5,"column":3}},"5":{"start":{"line":6,"column":0},"end":{"line":6,"column":0}},"6":{"start":{"line":7,"column":0},"end":{"line":7,"column":28}},"7":{"start":{"line":8,"column":0},"end":{"line":8,"column":33}},"8":{"start":{"line":9,"column":0},"end":{"line":9,"column":37}},"9":{"start":{"line":10,"column":0},"end":{"line":10,"column":41}},"10":{"start":{"line":11,"column":0},"end":{"line":11,"column":51}},"11":{"start":{"line":12,"column":0},"end":{"line":12,"column":82}},"12":{"start":{"line":13,"column":0},"end":{"line":13,"column":35}},"13":{"start":{"line":14,"column":0},"end":{"line":14,"column":0}},"14":{"start":{"line":15,"column":0},"end":{"line":15,"column":23}},"15":{"start":{"line":16,"column":0},"end":{"line":16,"column":42}},"16":{"start":{"line":17,"column":0},"end":{"line":17,"column":0}},"17":{"start":{"line":18,"column":0},"end":{"line":18,"column":43}},"18":{"start":{"line":19,"column":0},"end":{"line":19,"column":13}},"19":{"start":{"line":20,"column":0},"end":{"line":20,"column":43}},"20":{"start":{"line":21,"column":0},"end":{"line":21,"column":0}},"21":{"start":{"line":22,"column":0},"end":{"line":22,"column":42}},"22":{"start":{"line":23,"column":0},"end":{"line":23,"column":33}},"23":{"start":{"line":24,"column":0},"end":{"line":24,"column":43}},"24":{"start":{"line":25,"column":0},"end":{"line":25,"column":29}},"25":{"start":{"line":26,"column":0},"end":{"line":26,"column":3}},"26":{"start":{"line":27,"column":0},"end":{"line":27,"column":15}},"27":{"start":{"line":28,"column":0},"end":{"line":28,"column":3}},"28":{"start":{"line":29,"column":0},"end":{"line":29,"column":0}},"29":{"start":{"line":30,"column":0},"end":{"line":30,"column":18}},"30":{"start":{"line":31,"column":0},"end":{"line":31,"column":19}},"31":{"start":{"line":32,"column":0},"end":{"line":32,"column":23}},"32":{"start":{"line":33,"column":0},"end":{"line":33,"column":38}},"33":{"start":{"line":34,"column":0},"end":{"line":34,"column":71}},"34":{"start":{"line":35,"column":0},"end":{"line":35,"column":20}},"35":{"start":{"line":36,"column":0},"end":{"line":36,"column":5}},"36":{"start":{"line":37,"column":0},"end":{"line":37,"column":37}},"37":{"start":{"line":38,"column":0},"end":{"line":38,"column":40}},"38":{"start":{"line":39,"column":0},"end":{"line":39,"column":20}},"39":{"start":{"line":40,"column":0},"end":{"line":40,"column":5}},"40":{"start":{"line":41,"column":0},"end":{"line":41,"column":67}},"41":{"start":{"line":42,"column":0},"end":{"line":42,"column":18}},"42":{"start":{"line":43,"column":0},"end":{"line":43,"column":4}},"43":{"start":{"line":44,"column":0},"end":{"line":44,"column":60}},"44":{"start":{"line":45,"column":0},"end":{"line":45,"column":50}},"45":{"start":{"line":46,"column":0},"end":{"line":46,"column":36}},"46":{"start":{"line":47,"column":0},"end":{"line":47,"column":14}},"47":{"start":{"line":48,"column":0},"end":{"line":48,"column":19}},"48":{"start":{"line":49,"column":0},"end":{"line":49,"column":4}},"49":{"start":{"line":50,"column":0},"end":{"line":50,"column":0}},"50":{"start":{"line":51,"column":0},"end":{"line":51,"column":43}},"51":{"start":{"line":52,"column":0},"end":{"line":52,"column":9}},"52":{"start":{"line":53,"column":0},"end":{"line":53,"column":43}},"53":{"start":{"line":54,"column":0},"end":{"line":54,"column":0}},"54":{"start":{"line":55,"column":0},"end":{"line":55,"column":16}},"55":{"start":{"line":56,"column":0},"end":{"line":56,"column":21}},"56":{"start":{"line":57,"column":0},"end":{"line":57,"column":17}},"57":{"start":{"line":58,"column":0},"end":{"line":58,"column":30}},"58":{"start":{"line":59,"column":0},"end":{"line":59,"column":21}},"59":{"start":{"line":60,"column":0},"end":{"line":60,"column":71}},"60":{"start":{"line":61,"column":0},"end":{"line":61,"column":26}},"61":{"start":{"line":62,"column":0},"end":{"line":62,"column":16}},"62":{"start":{"line":63,"column":0},"end":{"line":63,"column":24}},"63":{"start":{"line":64,"column":0},"end":{"line":64,"column":14}},"64":{"start":{"line":65,"column":0},"end":{"line":65,"column":38}},"65":{"start":{"line":66,"column":0},"end":{"line":66,"column":35}},"66":{"start":{"line":67,"column":0},"end":{"line":67,"column":8}},"67":{"start":{"line":68,"column":0},"end":{"line":68,"column":19}},"68":{"start":{"line":69,"column":0},"end":{"line":69,"column":35}},"69":{"start":{"line":70,"column":0},"end":{"line":70,"column":50}},"70":{"start":{"line":71,"column":0},"end":{"line":71,"column":50}},"71":{"start":{"line":72,"column":0},"end":{"line":72,"column":49}},"72":{"start":{"line":73,"column":0},"end":{"line":73,"column":7}},"73":{"start":{"line":74,"column":0},"end":{"line":74,"column":6}},"74":{"start":{"line":75,"column":0},"end":{"line":75,"column":60}},"75":{"start":{"line":76,"column":0},"end":{"line":76,"column":38}},"76":{"start":{"line":77,"column":0},"end":{"line":77,"column":5}},"77":{"start":{"line":78,"column":0},"end":{"line":78,"column":3}},"78":{"start":{"line":79,"column":0},"end":{"line":79,"column":0}},"79":{"start":{"line":80,"column":0},"end":{"line":80,"column":21}},"80":{"start":{"line":81,"column":0},"end":{"line":81,"column":33}},"81":{"start":{"line":82,"column":0},"end":{"line":82,"column":0}},"82":{"start":{"line":83,"column":0},"end":{"line":83,"column":58}},"83":{"start":{"line":84,"column":0},"end":{"line":84,"column":33}},"84":{"start":{"line":85,"column":0},"end":{"line":85,"column":0}},"85":{"start":{"line":86,"column":0},"end":{"line":86,"column":43}},"86":{"start":{"line":87,"column":0},"end":{"line":87,"column":17}},"87":{"start":{"line":88,"column":0},"end":{"line":88,"column":43}},"88":{"start":{"line":89,"column":0},"end":{"line":89,"column":0}},"89":{"start":{"line":90,"column":0},"end":{"line":90,"column":14}},"90":{"start":{"line":91,"column":0},"end":{"line":91,"column":21}},"91":{"start":{"line":92,"column":0},"end":{"line":92,"column":17}},"92":{"start":{"line":93,"column":0},"end":{"line":93,"column":23}},"93":{"start":{"line":94,"column":0},"end":{"line":94,"column":53}},"94":{"start":{"line":95,"column":0},"end":{"line":95,"column":20}},"95":{"start":{"line":96,"column":0},"end":{"line":96,"column":10}},"96":{"start":{"line":97,"column":0},"end":{"line":97,"column":3}},"97":{"start":{"line":98,"column":0},"end":{"line":98,"column":0}},"98":{"start":{"line":99,"column":0},"end":{"line":99,"column":23}},"99":{"start":{"line":100,"column":0},"end":{"line":100,"column":25}},"100":{"start":{"line":101,"column":0},"end":{"line":101,"column":38}},"101":{"start":{"line":102,"column":0},"end":{"line":102,"column":0}},"102":{"start":{"line":103,"column":0},"end":{"line":103,"column":47}},"103":{"start":{"line":104,"column":0},"end":{"line":104,"column":43}},"104":{"start":{"line":105,"column":0},"end":{"line":105,"column":19}},"105":{"start":{"line":106,"column":0},"end":{"line":106,"column":37}},"106":{"start":{"line":107,"column":0},"end":{"line":107,"column":62}},"107":{"start":{"line":108,"column":0},"end":{"line":108,"column":12}},"108":{"start":{"line":109,"column":0},"end":{"line":109,"column":3}},"109":{"start":{"line":110,"column":0},"end":{"line":110,"column":0}},"110":{"start":{"line":111,"column":0},"end":{"line":111,"column":17}},"111":{"start":{"line":112,"column":0},"end":{"line":112,"column":35}},"112":{"start":{"line":113,"column":0},"end":{"line":113,"column":25}},"113":{"start":{"line":114,"column":0},"end":{"line":114,"column":20}},"114":{"start":{"line":115,"column":0},"end":{"line":115,"column":10}},"115":{"start":{"line":116,"column":0},"end":{"line":116,"column":3}},"116":{"start":{"line":117,"column":0},"end":{"line":117,"column":0}},"117":{"start":{"line":118,"column":0},"end":{"line":118,"column":43}},"118":{"start":{"line":119,"column":0},"end":{"line":119,"column":10}},"119":{"start":{"line":120,"column":0},"end":{"line":120,"column":43}},"120":{"start":{"line":121,"column":0},"end":{"line":121,"column":0}},"121":{"start":{"line":122,"column":0},"end":{"line":122,"column":33}},"122":{"start":{"line":123,"column":0},"end":{"line":123,"column":16}},"123":{"start":{"line":124,"column":0},"end":{"line":124,"column":18}},"124":{"start":{"line":125,"column":0},"end":{"line":125,"column":2}},"125":{"start":{"line":126,"column":0},"end":{"line":126,"column":0}},"126":{"start":{"line":127,"column":0},"end":{"line":127,"column":25}},"127":{"start":{"line":128,"column":0},"end":{"line":128,"column":34}}},"s":{"0":0,"1":0,"2":0,"3":0,"4":0,"5":0,"6":0,"7":0,"8":0,"9":0,"10":0,"11":0,"12":0,"13":0,"14":0,"15":0,"16":0,"17":0,"18":0,"19":0,"20":0,"21":0,"22":0,"23":0,"24":0,"25":0,"26":0,"27":0,"28":0,"29":0,"30":0,"31":0,"32":0,"33":0,"34":0,"35":0,"36":0,"37":0,"38":0,"39":0,"40":0,"41":0,"42":0,"43":0,"44":0,"45":0,"46":0,"47":0,"48":0,"49":0,"50":0,"51":0,"52":0,"53":0,"54":0,"55":0,"56":0,"57":0,"58":0,"59":0,"60":0,"61":0,"62":0,"63":0,"64":0,"65":0,"66":0,"67":0,"68":0,"69":0,"70":0,"71":0,"72":0,"73":0,"74":0,"75":0,"76":0,"77":0,"78":0,"79":0,"80":0,"81":0,"82":0,"83":0,"84":0,"85":0,"86":0,"87":0,"88":0,"89":0,"90":0,"91":0,"92":0,"93":0,"94":0,"95":0,"96":0,"97":0,"98":0,"99":0,"100":0,"101":0,"102":0,"103":0,"104":0,"105":0,"106":0,"107":0,"108":0,"109":0,"110":0,"111":0,"112":0,"113":0,"114":0,"115":0,"116":0,"117":0,"118":0,"119":0,"120":0,"121":0,"122":0,"123":0,"124":0,"125":0,"126":0,"127":0},"branchMap":{"0":{"type":"branch","line":1,"loc":{"start":{"line":1,"column":3388},"end":{"line":128,"column":34}},"locations":[{"start":{"line":1,"column":3388},"end":{"line":128,"column":34}}]}},"b":{"0":[0]},"fnMap":{"0":{"name":"(empty-report)","decl":{"start":{"line":1,"column":3388},"end":{"line":128,"column":34}},"loc":{"start":{"line":1,"column":3388},"end":{"line":128,"column":34}},"line":1}},"f":{"0":0}}
,"D:\\Code\\Multi_Channel_Integration_System\\web-installer\\backend\\src\\durable-objects\\DeploymentOrchestrator.ts": {"path":"D:\\Code\\Multi_Channel_Integration_System\\web-installer\\backend\\src\\durable-objects\\DeploymentOrchestrator.ts","all":true,"statementMap":{"0":{"start":{"line":1,"column":0},"end":{"line":1,"column":3}},"1":{"start":{"line":2,"column":0},"end":{"line":2,"column":40}},"2":{"start":{"line":3,"column":0},"end":{"line":3,"column":2}},"3":{"start":{"line":4,"column":0},"end":{"line":4,"column":47}},"4":{"start":{"line":5,"column":0},"end":{"line":5,"column":57}},"5":{"start":{"line":6,"column":0},"end":{"line":6,"column":3}},"6":{"start":{"line":7,"column":0},"end":{"line":7,"column":0}},"7":{"start":{"line":8,"column":0},"end":{"line":8,"column":58}},"8":{"start":{"line":9,"column":0},"end":{"line":9,"column":62}},"9":{"start":{"line":10,"column":0},"end":{"line":10,"column":62}},"10":{"start":{"line":11,"column":0},"end":{"line":11,"column":56}},"11":{"start":{"line":12,"column":0},"end":{"line":12,"column":62}},"12":{"start":{"line":13,"column":0},"end":{"line":13,"column":13}},"13":{"start":{"line":14,"column":0},"end":{"line":14,"column":19}},"14":{"start":{"line":15,"column":0},"end":{"line":15,"column":18}},"15":{"start":{"line":16,"column":0},"end":{"line":16,"column":17}},"16":{"start":{"line":17,"column":0},"end":{"line":17,"column":19}},"17":{"start":{"line":18,"column":0},"end":{"line":18,"column":16}},"18":{"start":{"line":19,"column":0},"end":{"line":19,"column":18}},"19":{"start":{"line":20,"column":0},"end":{"line":20,"column":22}},"20":{"start":{"line":21,"column":0},"end":{"line":21,"column":19}},"21":{"start":{"line":22,"column":0},"end":{"line":22,"column":11}},"22":{"start":{"line":23,"column":0},"end":{"line":23,"column":18}},"23":{"start":{"line":24,"column":0},"end":{"line":24,"column":29}},"24":{"start":{"line":25,"column":0},"end":{"line":25,"column":0}},"25":{"start":{"line":26,"column":0},"end":{"line":26,"column":62}},"26":{"start":{"line":27,"column":0},"end":{"line":27,"column":36}},"27":{"start":{"line":28,"column":0},"end":{"line":28,"column":57}},"28":{"start":{"line":29,"column":0},"end":{"line":29,"column":71}},"29":{"start":{"line":30,"column":0},"end":{"line":30,"column":0}},"30":{"start":{"line":31,"column":0},"end":{"line":31,"column":13}},"31":{"start":{"line":32,"column":0},"end":{"line":32,"column":30}},"32":{"start":{"line":33,"column":0},"end":{"line":33,"column":44}},"33":{"start":{"line":34,"column":0},"end":{"line":34,"column":44}},"34":{"start":{"line":35,"column":0},"end":{"line":35,"column":38}},"35":{"start":{"line":36,"column":0},"end":{"line":36,"column":44}},"36":{"start":{"line":37,"column":0},"end":{"line":37,"column":0}},"37":{"start":{"line":38,"column":0},"end":{"line":38,"column":52}},"38":{"start":{"line":39,"column":0},"end":{"line":39,"column":23}},"39":{"start":{"line":40,"column":0},"end":{"line":40,"column":33}},"40":{"start":{"line":41,"column":0},"end":{"line":41,"column":3}},"41":{"start":{"line":42,"column":0},"end":{"line":42,"column":0}},"42":{"start":{"line":43,"column":0},"end":{"line":43,"column":5}},"43":{"start":{"line":44,"column":0},"end":{"line":44,"column":28}},"44":{"start":{"line":45,"column":0},"end":{"line":45,"column":5}},"45":{"start":{"line":46,"column":0},"end":{"line":46,"column":46}},"46":{"start":{"line":47,"column":0},"end":{"line":47,"column":58}},"47":{"start":{"line":48,"column":0},"end":{"line":48,"column":51}},"48":{"start":{"line":49,"column":0},"end":{"line":49,"column":3}},"49":{"start":{"line":50,"column":0},"end":{"line":50,"column":0}},"50":{"start":{"line":51,"column":0},"end":{"line":51,"column":5}},"51":{"start":{"line":52,"column":0},"end":{"line":52,"column":25}},"52":{"start":{"line":53,"column":0},"end":{"line":53,"column":5}},"53":{"start":{"line":54,"column":0},"end":{"line":54,"column":52}},"54":{"start":{"line":55,"column":0},"end":{"line":55,"column":37}},"55":{"start":{"line":56,"column":0},"end":{"line":56,"column":30}},"56":{"start":{"line":57,"column":0},"end":{"line":57,"column":0}},"57":{"start":{"line":58,"column":0},"end":{"line":58,"column":9}},"58":{"start":{"line":59,"column":0},"end":{"line":59,"column":25}},"59":{"start":{"line":60,"column":0},"end":{"line":60,"column":60}},"60":{"start":{"line":61,"column":0},"end":{"line":61,"column":62}},"61":{"start":{"line":62,"column":0},"end":{"line":62,"column":50}},"62":{"start":{"line":63,"column":0},"end":{"line":63,"column":7}},"63":{"start":{"line":64,"column":0},"end":{"line":64,"column":0}},"64":{"start":{"line":65,"column":0},"end":{"line":65,"column":30}},"65":{"start":{"line":66,"column":0},"end":{"line":66,"column":59}},"66":{"start":{"line":67,"column":0},"end":{"line":67,"column":38}},"67":{"start":{"line":68,"column":0},"end":{"line":68,"column":7}},"68":{"start":{"line":69,"column":0},"end":{"line":69,"column":0}},"69":{"start":{"line":70,"column":0},"end":{"line":70,"column":41}},"70":{"start":{"line":71,"column":0},"end":{"line":71,"column":59}},"71":{"start":{"line":72,"column":0},"end":{"line":72,"column":38}},"72":{"start":{"line":73,"column":0},"end":{"line":73,"column":7}},"73":{"start":{"line":74,"column":0},"end":{"line":74,"column":0}},"74":{"start":{"line":75,"column":0},"end":{"line":75,"column":26}},"75":{"start":{"line":76,"column":0},"end":{"line":76,"column":60}},"76":{"start":{"line":77,"column":0},"end":{"line":77,"column":45}},"77":{"start":{"line":78,"column":0},"end":{"line":78,"column":7}},"78":{"start":{"line":79,"column":0},"end":{"line":79,"column":0}},"79":{"start":{"line":80,"column":0},"end":{"line":80,"column":56}},"80":{"start":{"line":81,"column":0},"end":{"line":81,"column":21}},"81":{"start":{"line":82,"column":0},"end":{"line":82,"column":26}},"82":{"start":{"line":83,"column":0},"end":{"line":83,"column":92}},"83":{"start":{"line":84,"column":0},"end":{"line":84,"column":72}},"84":{"start":{"line":85,"column":0},"end":{"line":85,"column":8}},"85":{"start":{"line":86,"column":0},"end":{"line":86,"column":5}},"86":{"start":{"line":87,"column":0},"end":{"line":87,"column":3}},"87":{"start":{"line":88,"column":0},"end":{"line":88,"column":0}},"88":{"start":{"line":89,"column":0},"end":{"line":89,"column":5}},"89":{"start":{"line":90,"column":0},"end":{"line":90,"column":29}},"90":{"start":{"line":91,"column":0},"end":{"line":91,"column":5}},"91":{"start":{"line":92,"column":0},"end":{"line":92,"column":78}},"92":{"start":{"line":93,"column":0},"end":{"line":93,"column":43}},"93":{"start":{"line":94,"column":0},"end":{"line":94,"column":34}},"94":{"start":{"line":95,"column":0},"end":{"line":95,"column":34}},"95":{"start":{"line":96,"column":0},"end":{"line":96,"column":33}},"96":{"start":{"line":97,"column":0},"end":{"line":97,"column":7}},"97":{"start":{"line":98,"column":0},"end":{"line":98,"column":0}},"98":{"start":{"line":99,"column":0},"end":{"line":99,"column":57}},"99":{"start":{"line":100,"column":0},"end":{"line":100,"column":49}},"100":{"start":{"line":101,"column":0},"end":{"line":101,"column":42}},"101":{"start":{"line":102,"column":0},"end":{"line":102,"column":47}},"102":{"start":{"line":103,"column":0},"end":{"line":103,"column":62}},"103":{"start":{"line":104,"column":0},"end":{"line":104,"column":7}},"104":{"start":{"line":105,"column":0},"end":{"line":105,"column":57}},"105":{"start":{"line":106,"column":0},"end":{"line":106,"column":0}},"106":{"start":{"line":107,"column":0},"end":{"line":107,"column":34}},"107":{"start":{"line":108,"column":0},"end":{"line":108,"column":45}},"108":{"start":{"line":109,"column":0},"end":{"line":109,"column":28}},"109":{"start":{"line":110,"column":0},"end":{"line":110,"column":19}},"110":{"start":{"line":111,"column":0},"end":{"line":111,"column":13}},"111":{"start":{"line":112,"column":0},"end":{"line":112,"column":44}},"112":{"start":{"line":113,"column":0},"end":{"line":113,"column":50}},"113":{"start":{"line":114,"column":0},"end":{"line":114,"column":29}},"114":{"start":{"line":115,"column":0},"end":{"line":115,"column":23}},"115":{"start":{"line":116,"column":0},"end":{"line":116,"column":20}},"116":{"start":{"line":117,"column":0},"end":{"line":117,"column":15}},"117":{"start":{"line":118,"column":0},"end":{"line":118,"column":28}},"118":{"start":{"line":119,"column":0},"end":{"line":119,"column":27}},"119":{"start":{"line":120,"column":0},"end":{"line":120,"column":6}},"120":{"start":{"line":121,"column":0},"end":{"line":121,"column":0}},"121":{"start":{"line":122,"column":0},"end":{"line":122,"column":20}},"122":{"start":{"line":123,"column":0},"end":{"line":123,"column":74}},"123":{"start":{"line":124,"column":0},"end":{"line":124,"column":0}},"124":{"start":{"line":125,"column":0},"end":{"line":125,"column":37}},"125":{"start":{"line":126,"column":0},"end":{"line":126,"column":53}},"126":{"start":{"line":127,"column":0},"end":{"line":127,"column":46}},"127":{"start":{"line":128,"column":0},"end":{"line":128,"column":7}},"128":{"start":{"line":129,"column":0},"end":{"line":129,"column":0}},"129":{"start":{"line":130,"column":0},"end":{"line":130,"column":24}},"130":{"start":{"line":131,"column":0},"end":{"line":131,"column":22}},"131":{"start":{"line":132,"column":0},"end":{"line":132,"column":22}},"132":{"start":{"line":133,"column":0},"end":{"line":133,"column":21}},"133":{"start":{"line":134,"column":0},"end":{"line":134,"column":37}},"134":{"start":{"line":135,"column":0},"end":{"line":135,"column":9}},"135":{"start":{"line":136,"column":0},"end":{"line":136,"column":70}},"136":{"start":{"line":137,"column":0},"end":{"line":137,"column":6}},"137":{"start":{"line":138,"column":0},"end":{"line":138,"column":3}},"138":{"start":{"line":139,"column":0},"end":{"line":139,"column":0}},"139":{"start":{"line":140,"column":0},"end":{"line":140,"column":5}},"140":{"start":{"line":141,"column":0},"end":{"line":141,"column":29}},"141":{"start":{"line":142,"column":0},"end":{"line":142,"column":5}},"142":{"start":{"line":143,"column":0},"end":{"line":143,"column":52}},"143":{"start":{"line":144,"column":0},"end":{"line":144,"column":38}},"144":{"start":{"line":145,"column":0},"end":{"line":145,"column":0}},"145":{"start":{"line":146,"column":0},"end":{"line":146,"column":9}},"146":{"start":{"line":147,"column":0},"end":{"line":147,"column":50}},"147":{"start":{"line":148,"column":0},"end":{"line":148,"column":31}},"148":{"start":{"line":149,"column":0},"end":{"line":149,"column":0}},"149":{"start":{"line":150,"column":0},"end":{"line":150,"column":35}},"150":{"start":{"line":151,"column":0},"end":{"line":151,"column":68}},"151":{"start":{"line":152,"column":0},"end":{"line":152,"column":65}},"152":{"start":{"line":153,"column":0},"end":{"line":153,"column":80}},"153":{"start":{"line":154,"column":0},"end":{"line":154,"column":76}},"154":{"start":{"line":155,"column":0},"end":{"line":155,"column":65}},"155":{"start":{"line":156,"column":0},"end":{"line":156,"column":71}},"156":{"start":{"line":157,"column":0},"end":{"line":157,"column":75}},"157":{"start":{"line":158,"column":0},"end":{"line":158,"column":77}},"158":{"start":{"line":159,"column":0},"end":{"line":159,"column":73}},"159":{"start":{"line":160,"column":0},"end":{"line":160,"column":75}},"160":{"start":{"line":161,"column":0},"end":{"line":161,"column":71}},"161":{"start":{"line":162,"column":0},"end":{"line":162,"column":0}},"162":{"start":{"line":163,"column":0},"end":{"line":163,"column":32}},"163":{"start":{"line":164,"column":0},"end":{"line":164,"column":53}},"164":{"start":{"line":165,"column":0},"end":{"line":165,"column":81}},"165":{"start":{"line":166,"column":0},"end":{"line":166,"column":7}},"166":{"start":{"line":167,"column":0},"end":{"line":167,"column":0}},"167":{"start":{"line":168,"column":0},"end":{"line":168,"column":71}},"168":{"start":{"line":169,"column":0},"end":{"line":169,"column":67}},"169":{"start":{"line":170,"column":0},"end":{"line":170,"column":73}},"170":{"start":{"line":171,"column":0},"end":{"line":171,"column":64}},"171":{"start":{"line":172,"column":0},"end":{"line":172,"column":0}},"172":{"start":{"line":173,"column":0},"end":{"line":173,"column":30}},"173":{"start":{"line":174,"column":0},"end":{"line":174,"column":48}},"174":{"start":{"line":175,"column":0},"end":{"line":175,"column":52}},"175":{"start":{"line":176,"column":0},"end":{"line":176,"column":31}},"176":{"start":{"line":177,"column":0},"end":{"line":177,"column":0}},"177":{"start":{"line":178,"column":0},"end":{"line":178,"column":25}},"178":{"start":{"line":179,"column":0},"end":{"line":179,"column":25}},"179":{"start":{"line":180,"column":0},"end":{"line":180,"column":15}},"180":{"start":{"line":181,"column":0},"end":{"line":181,"column":58}},"181":{"start":{"line":182,"column":0},"end":{"line":182,"column":52}},"182":{"start":{"line":183,"column":0},"end":{"line":183,"column":70}},"183":{"start":{"line":184,"column":0},"end":{"line":184,"column":17}},"184":{"start":{"line":185,"column":0},"end":{"line":185,"column":68}},"185":{"start":{"line":186,"column":0},"end":{"line":186,"column":67}},"186":{"start":{"line":187,"column":0},"end":{"line":187,"column":11}},"187":{"start":{"line":188,"column":0},"end":{"line":188,"column":9}},"188":{"start":{"line":189,"column":0},"end":{"line":189,"column":9}},"189":{"start":{"line":190,"column":0},"end":{"line":190,"column":0}},"190":{"start":{"line":191,"column":0},"end":{"line":191,"column":21}},"191":{"start":{"line":192,"column":0},"end":{"line":192,"column":46}},"192":{"start":{"line":193,"column":0},"end":{"line":193,"column":5}},"193":{"start":{"line":194,"column":0},"end":{"line":194,"column":3}},"194":{"start":{"line":195,"column":0},"end":{"line":195,"column":0}},"195":{"start":{"line":196,"column":0},"end":{"line":196,"column":5}},"196":{"start":{"line":197,"column":0},"end":{"line":197,"column":65}},"197":{"start":{"line":198,"column":0},"end":{"line":198,"column":5}},"198":{"start":{"line":199,"column":0},"end":{"line":199,"column":24}},"199":{"start":{"line":200,"column":0},"end":{"line":200,"column":29}},"200":{"start":{"line":201,"column":0},"end":{"line":201,"column":37}},"201":{"start":{"line":202,"column":0},"end":{"line":202,"column":20}},"202":{"start":{"line":203,"column":0},"end":{"line":203,"column":38}},"203":{"start":{"line":204,"column":0},"end":{"line":204,"column":0}},"204":{"start":{"line":205,"column":0},"end":{"line":205,"column":59}},"205":{"start":{"line":206,"column":0},"end":{"line":206,"column":23}},"206":{"start":{"line":207,"column":0},"end":{"line":207,"column":39}},"207":{"start":{"line":208,"column":0},"end":{"line":208,"column":0}},"208":{"start":{"line":209,"column":0},"end":{"line":209,"column":48}},"209":{"start":{"line":210,"column":0},"end":{"line":210,"column":49}},"210":{"start":{"line":211,"column":0},"end":{"line":211,"column":29}},"211":{"start":{"line":212,"column":0},"end":{"line":212,"column":0}},"212":{"start":{"line":213,"column":0},"end":{"line":213,"column":65}},"213":{"start":{"line":214,"column":0},"end":{"line":214,"column":0}},"214":{"start":{"line":215,"column":0},"end":{"line":215,"column":56}},"215":{"start":{"line":216,"column":0},"end":{"line":216,"column":11}},"216":{"start":{"line":217,"column":0},"end":{"line":217,"column":36}},"217":{"start":{"line":218,"column":0},"end":{"line":218,"column":67}},"218":{"start":{"line":219,"column":0},"end":{"line":219,"column":0}},"219":{"start":{"line":220,"column":0},"end":{"line":220,"column":38}},"220":{"start":{"line":221,"column":0},"end":{"line":221,"column":55}},"221":{"start":{"line":222,"column":0},"end":{"line":222,"column":43}},"222":{"start":{"line":223,"column":0},"end":{"line":223,"column":33}},"223":{"start":{"line":224,"column":0},"end":{"line":224,"column":0}},"224":{"start":{"line":225,"column":0},"end":{"line":225,"column":73}},"225":{"start":{"line":226,"column":0},"end":{"line":226,"column":0}},"226":{"start":{"line":227,"column":0},"end":{"line":227,"column":27}},"227":{"start":{"line":228,"column":0},"end":{"line":228,"column":27}},"228":{"start":{"line":229,"column":0},"end":{"line":229,"column":17}},"229":{"start":{"line":230,"column":0},"end":{"line":230,"column":27}},"230":{"start":{"line":231,"column":0},"end":{"line":231,"column":30}},"231":{"start":{"line":232,"column":0},"end":{"line":232,"column":62}},"232":{"start":{"line":233,"column":0},"end":{"line":233,"column":59}},"233":{"start":{"line":234,"column":0},"end":{"line":234,"column":11}},"234":{"start":{"line":235,"column":0},"end":{"line":235,"column":11}},"235":{"start":{"line":236,"column":0},"end":{"line":236,"column":0}},"236":{"start":{"line":237,"column":0},"end":{"line":237,"column":42}},"237":{"start":{"line":238,"column":0},"end":{"line":238,"column":0}},"238":{"start":{"line":239,"column":0},"end":{"line":239,"column":23}},"239":{"start":{"line":240,"column":0},"end":{"line":240,"column":35}},"240":{"start":{"line":241,"column":0},"end":{"line":241,"column":21}},"241":{"start":{"line":242,"column":0},"end":{"line":242,"column":0}},"242":{"start":{"line":243,"column":0},"end":{"line":243,"column":81}},"243":{"start":{"line":244,"column":0},"end":{"line":244,"column":130}},"244":{"start":{"line":245,"column":0},"end":{"line":245,"column":69}},"245":{"start":{"line":246,"column":0},"end":{"line":246,"column":16}},"246":{"start":{"line":247,"column":0},"end":{"line":247,"column":55}},"247":{"start":{"line":248,"column":0},"end":{"line":248,"column":26}},"248":{"start":{"line":249,"column":0},"end":{"line":249,"column":9}},"249":{"start":{"line":250,"column":0},"end":{"line":250,"column":7}},"250":{"start":{"line":251,"column":0},"end":{"line":251,"column":5}},"251":{"start":{"line":252,"column":0},"end":{"line":252,"column":0}},"252":{"start":{"line":253,"column":0},"end":{"line":253,"column":41}},"253":{"start":{"line":254,"column":0},"end":{"line":254,"column":20}},"254":{"start":{"line":255,"column":0},"end":{"line":255,"column":3}},"255":{"start":{"line":256,"column":0},"end":{"line":256,"column":0}},"256":{"start":{"line":257,"column":0},"end":{"line":257,"column":5}},"257":{"start":{"line":258,"column":0},"end":{"line":258,"column":51}},"258":{"start":{"line":259,"column":0},"end":{"line":259,"column":5}},"259":{"start":{"line":260,"column":0},"end":{"line":260,"column":68}},"260":{"start":{"line":261,"column":0},"end":{"line":261,"column":38}},"261":{"start":{"line":262,"column":0},"end":{"line":262,"column":0}},"262":{"start":{"line":263,"column":0},"end":{"line":263,"column":42}},"263":{"start":{"line":264,"column":0},"end":{"line":264,"column":26}},"264":{"start":{"line":265,"column":0},"end":{"line":265,"column":0}},"265":{"start":{"line":266,"column":0},"end":{"line":266,"column":73}},"266":{"start":{"line":267,"column":0},"end":{"line":267,"column":65}},"267":{"start":{"line":268,"column":0},"end":{"line":268,"column":41}},"268":{"start":{"line":269,"column":0},"end":{"line":269,"column":44}},"269":{"start":{"line":270,"column":0},"end":{"line":270,"column":5}},"270":{"start":{"line":271,"column":0},"end":{"line":271,"column":0}},"271":{"start":{"line":272,"column":0},"end":{"line":272,"column":70}},"272":{"start":{"line":273,"column":0},"end":{"line":273,"column":3}},"273":{"start":{"line":274,"column":0},"end":{"line":274,"column":0}},"274":{"start":{"line":275,"column":0},"end":{"line":275,"column":5}},"275":{"start":{"line":276,"column":0},"end":{"line":276,"column":28}},"276":{"start":{"line":277,"column":0},"end":{"line":277,"column":5}},"277":{"start":{"line":278,"column":0},"end":{"line":278,"column":70}},"278":{"start":{"line":279,"column":0},"end":{"line":279,"column":38}},"279":{"start":{"line":280,"column":0},"end":{"line":280,"column":0}},"280":{"start":{"line":281,"column":0},"end":{"line":281,"column":82}},"281":{"start":{"line":282,"column":0},"end":{"line":282,"column":46}},"282":{"start":{"line":283,"column":0},"end":{"line":283,"column":32}},"283":{"start":{"line":284,"column":0},"end":{"line":284,"column":28}},"284":{"start":{"line":285,"column":0},"end":{"line":285,"column":45}},"285":{"start":{"line":286,"column":0},"end":{"line":286,"column":24}},"286":{"start":{"line":287,"column":0},"end":{"line":287,"column":6}},"287":{"start":{"line":288,"column":0},"end":{"line":288,"column":0}},"288":{"start":{"line":289,"column":0},"end":{"line":289,"column":49}},"289":{"start":{"line":290,"column":0},"end":{"line":290,"column":49}},"290":{"start":{"line":291,"column":0},"end":{"line":291,"column":29}},"291":{"start":{"line":292,"column":0},"end":{"line":292,"column":0}},"292":{"start":{"line":293,"column":0},"end":{"line":293,"column":60}},"293":{"start":{"line":294,"column":0},"end":{"line":294,"column":0}},"294":{"start":{"line":295,"column":0},"end":{"line":295,"column":23}},"295":{"start":{"line":296,"column":0},"end":{"line":296,"column":20}},"296":{"start":{"line":297,"column":0},"end":{"line":297,"column":13}},"297":{"start":{"line":298,"column":0},"end":{"line":298,"column":31}},"298":{"start":{"line":299,"column":0},"end":{"line":299,"column":31}},"299":{"start":{"line":300,"column":0},"end":{"line":300,"column":7}},"300":{"start":{"line":301,"column":0},"end":{"line":301,"column":7}},"301":{"start":{"line":302,"column":0},"end":{"line":302,"column":0}},"302":{"start":{"line":303,"column":0},"end":{"line":303,"column":23}},"303":{"start":{"line":304,"column":0},"end":{"line":304,"column":9}},"304":{"start":{"line":305,"column":0},"end":{"line":305,"column":74}},"305":{"start":{"line":306,"column":0},"end":{"line":306,"column":61}},"306":{"start":{"line":307,"column":0},"end":{"line":307,"column":29}},"307":{"start":{"line":308,"column":0},"end":{"line":308,"column":114}},"308":{"start":{"line":309,"column":0},"end":{"line":309,"column":5}},"309":{"start":{"line":310,"column":0},"end":{"line":310,"column":0}},"310":{"start":{"line":311,"column":0},"end":{"line":311,"column":25}},"311":{"start":{"line":312,"column":0},"end":{"line":312,"column":9}},"312":{"start":{"line":313,"column":0},"end":{"line":313,"column":57}},"313":{"start":{"line":314,"column":0},"end":{"line":314,"column":47}},"314":{"start":{"line":315,"column":0},"end":{"line":315,"column":48}},"315":{"start":{"line":316,"column":0},"end":{"line":316,"column":20}},"316":{"start":{"line":317,"column":0},"end":{"line":317,"column":8}},"317":{"start":{"line":318,"column":0},"end":{"line":318,"column":26}},"318":{"start":{"line":319,"column":0},"end":{"line":319,"column":121}},"319":{"start":{"line":320,"column":0},"end":{"line":320,"column":5}},"320":{"start":{"line":321,"column":0},"end":{"line":321,"column":0}},"321":{"start":{"line":322,"column":0},"end":{"line":322,"column":43}},"322":{"start":{"line":323,"column":0},"end":{"line":323,"column":29}},"323":{"start":{"line":324,"column":0},"end":{"line":324,"column":3}},"324":{"start":{"line":325,"column":0},"end":{"line":325,"column":0}},"325":{"start":{"line":326,"column":0},"end":{"line":326,"column":5}},"326":{"start":{"line":327,"column":0},"end":{"line":327,"column":26}},"327":{"start":{"line":328,"column":0},"end":{"line":328,"column":5}},"328":{"start":{"line":329,"column":0},"end":{"line":329,"column":48}},"329":{"start":{"line":330,"column":0},"end":{"line":330,"column":107}},"330":{"start":{"line":331,"column":0},"end":{"line":331,"column":0}},"331":{"start":{"line":332,"column":0},"end":{"line":332,"column":17}},"332":{"start":{"line":333,"column":0},"end":{"line":333,"column":26}},"333":{"start":{"line":334,"column":0},"end":{"line":334,"column":57}},"334":{"start":{"line":335,"column":0},"end":{"line":335,"column":72}},"335":{"start":{"line":336,"column":0},"end":{"line":336,"column":8}},"336":{"start":{"line":337,"column":0},"end":{"line":337,"column":5}},"337":{"start":{"line":338,"column":0},"end":{"line":338,"column":0}},"338":{"start":{"line":339,"column":0},"end":{"line":339,"column":24}},"339":{"start":{"line":340,"column":0},"end":{"line":340,"column":28}},"340":{"start":{"line":341,"column":0},"end":{"line":341,"column":70}},"341":{"start":{"line":342,"column":0},"end":{"line":342,"column":6}},"342":{"start":{"line":343,"column":0},"end":{"line":343,"column":3}},"343":{"start":{"line":344,"column":0},"end":{"line":344,"column":0}},"344":{"start":{"line":345,"column":0},"end":{"line":345,"column":5}},"345":{"start":{"line":346,"column":0},"end":{"line":346,"column":41}},"346":{"start":{"line":347,"column":0},"end":{"line":347,"column":5}},"347":{"start":{"line":348,"column":0},"end":{"line":348,"column":48}},"348":{"start":{"line":349,"column":0},"end":{"line":349,"column":57}},"349":{"start":{"line":350,"column":0},"end":{"line":350,"column":40}},"350":{"start":{"line":351,"column":0},"end":{"line":351,"column":38}},"351":{"start":{"line":352,"column":0},"end":{"line":352,"column":0}},"352":{"start":{"line":353,"column":0},"end":{"line":353,"column":35}},"353":{"start":{"line":354,"column":0},"end":{"line":354,"column":51}},"354":{"start":{"line":355,"column":0},"end":{"line":355,"column":36}},"355":{"start":{"line":356,"column":0},"end":{"line":356,"column":0}},"356":{"start":{"line":357,"column":0},"end":{"line":357,"column":25}},"357":{"start":{"line":358,"column":0},"end":{"line":358,"column":31}},"358":{"start":{"line":359,"column":0},"end":{"line":359,"column":25}},"359":{"start":{"line":360,"column":0},"end":{"line":360,"column":48}},"360":{"start":{"line":361,"column":0},"end":{"line":361,"column":25}},"361":{"start":{"line":362,"column":0},"end":{"line":362,"column":36}},"362":{"start":{"line":363,"column":0},"end":{"line":363,"column":17}},"363":{"start":{"line":364,"column":0},"end":{"line":364,"column":8}},"364":{"start":{"line":365,"column":0},"end":{"line":365,"column":5}},"365":{"start":{"line":366,"column":0},"end":{"line":366,"column":0}},"366":{"start":{"line":367,"column":0},"end":{"line":367,"column":35}},"367":{"start":{"line":368,"column":0},"end":{"line":368,"column":16}},"368":{"start":{"line":369,"column":0},"end":{"line":369,"column":44}},"369":{"start":{"line":370,"column":0},"end":{"line":370,"column":36}},"370":{"start":{"line":371,"column":0},"end":{"line":371,"column":34}},"371":{"start":{"line":372,"column":0},"end":{"line":372,"column":7}},"372":{"start":{"line":373,"column":0},"end":{"line":373,"column":7}},"373":{"start":{"line":374,"column":0},"end":{"line":374,"column":3}},"374":{"start":{"line":375,"column":0},"end":{"line":375,"column":0}},"375":{"start":{"line":376,"column":0},"end":{"line":376,"column":5}},"376":{"start":{"line":377,"column":0},"end":{"line":377,"column":49}},"377":{"start":{"line":378,"column":0},"end":{"line":378,"column":5}},"378":{"start":{"line":379,"column":0},"end":{"line":379,"column":47}},"379":{"start":{"line":380,"column":0},"end":{"line":380,"column":38}},"380":{"start":{"line":381,"column":0},"end":{"line":381,"column":70}},"381":{"start":{"line":382,"column":0},"end":{"line":382,"column":0}},"382":{"start":{"line":383,"column":0},"end":{"line":383,"column":45}},"383":{"start":{"line":384,"column":0},"end":{"line":384,"column":11}},"384":{"start":{"line":385,"column":0},"end":{"line":385,"column":42}},"385":{"start":{"line":386,"column":0},"end":{"line":386,"column":15}},"386":{"start":{"line":387,"column":0},"end":{"line":387,"column":43}},"387":{"start":{"line":388,"column":0},"end":{"line":388,"column":7}},"388":{"start":{"line":389,"column":0},"end":{"line":389,"column":7}},"389":{"start":{"line":390,"column":0},"end":{"line":390,"column":3}},"390":{"start":{"line":391,"column":0},"end":{"line":391,"column":0}},"391":{"start":{"line":392,"column":0},"end":{"line":392,"column":5}},"392":{"start":{"line":393,"column":0},"end":{"line":393,"column":22}},"393":{"start":{"line":394,"column":0},"end":{"line":394,"column":5}},"394":{"start":{"line":395,"column":0},"end":{"line":395,"column":55}},"395":{"start":{"line":396,"column":0},"end":{"line":396,"column":32}},"396":{"start":{"line":397,"column":0},"end":{"line":397,"column":26}},"397":{"start":{"line":398,"column":0},"end":{"line":398,"column":58}},"398":{"start":{"line":399,"column":0},"end":{"line":399,"column":72}},"399":{"start":{"line":400,"column":0},"end":{"line":400,"column":8}},"400":{"start":{"line":401,"column":0},"end":{"line":401,"column":5}},"401":{"start":{"line":402,"column":0},"end":{"line":402,"column":0}},"402":{"start":{"line":403,"column":0},"end":{"line":403,"column":24}},"403":{"start":{"line":404,"column":0},"end":{"line":404,"column":49}},"404":{"start":{"line":405,"column":0},"end":{"line":405,"column":29}},"405":{"start":{"line":406,"column":0},"end":{"line":406,"column":0}},"406":{"start":{"line":407,"column":0},"end":{"line":407,"column":72}},"407":{"start":{"line":408,"column":0},"end":{"line":408,"column":0}},"408":{"start":{"line":409,"column":0},"end":{"line":409,"column":43}},"409":{"start":{"line":410,"column":0},"end":{"line":410,"column":29}},"410":{"start":{"line":411,"column":0},"end":{"line":411,"column":0}},"411":{"start":{"line":412,"column":0},"end":{"line":412,"column":24}},"412":{"start":{"line":413,"column":0},"end":{"line":413,"column":73}},"413":{"start":{"line":414,"column":0},"end":{"line":414,"column":70}},"414":{"start":{"line":415,"column":0},"end":{"line":415,"column":6}},"415":{"start":{"line":416,"column":0},"end":{"line":416,"column":3}},"416":{"start":{"line":417,"column":0},"end":{"line":417,"column":0}},"417":{"start":{"line":418,"column":0},"end":{"line":418,"column":5}},"418":{"start":{"line":419,"column":0},"end":{"line":419,"column":18}},"419":{"start":{"line":420,"column":0},"end":{"line":420,"column":5}},"420":{"start":{"line":421,"column":0},"end":{"line":421,"column":104}},"421":{"start":{"line":422,"column":0},"end":{"line":422,"column":38}},"422":{"start":{"line":423,"column":0},"end":{"line":423,"column":0}},"423":{"start":{"line":424,"column":0},"end":{"line":424,"column":37}},"424":{"start":{"line":425,"column":0},"end":{"line":425,"column":28}},"425":{"start":{"line":426,"column":0},"end":{"line":426,"column":12}},"426":{"start":{"line":427,"column":0},"end":{"line":427,"column":14}},"427":{"start":{"line":428,"column":0},"end":{"line":428,"column":45}},"428":{"start":{"line":429,"column":0},"end":{"line":429,"column":13}},"429":{"start":{"line":430,"column":0},"end":{"line":430,"column":6}},"430":{"start":{"line":431,"column":0},"end":{"line":431,"column":0}},"431":{"start":{"line":432,"column":0},"end":{"line":432,"column":45}},"432":{"start":{"line":433,"column":0},"end":{"line":433,"column":0}},"433":{"start":{"line":434,"column":0},"end":{"line":434,"column":35}},"434":{"start":{"line":435,"column":0},"end":{"line":435,"column":23}},"435":{"start":{"line":436,"column":0},"end":{"line":436,"column":18}},"436":{"start":{"line":437,"column":0},"end":{"line":437,"column":13}},"437":{"start":{"line":438,"column":0},"end":{"line":438,"column":38}},"438":{"start":{"line":439,"column":0},"end":{"line":439,"column":14}},"439":{"start":{"line":440,"column":0},"end":{"line":440,"column":16}},"440":{"start":{"line":441,"column":0},"end":{"line":441,"column":46}},"441":{"start":{"line":442,"column":0},"end":{"line":442,"column":7}},"442":{"start":{"line":443,"column":0},"end":{"line":443,"column":7}},"443":{"start":{"line":444,"column":0},"end":{"line":444,"column":3}},"444":{"start":{"line":445,"column":0},"end":{"line":445,"column":0}},"445":{"start":{"line":446,"column":0},"end":{"line":446,"column":5}},"446":{"start":{"line":447,"column":0},"end":{"line":447,"column":29}},"447":{"start":{"line":448,"column":0},"end":{"line":448,"column":5}},"448":{"start":{"line":449,"column":0},"end":{"line":449,"column":46}},"449":{"start":{"line":450,"column":0},"end":{"line":450,"column":38}},"450":{"start":{"line":451,"column":0},"end":{"line":451,"column":0}},"451":{"start":{"line":452,"column":0},"end":{"line":452,"column":48}},"452":{"start":{"line":453,"column":0},"end":{"line":453,"column":74}},"453":{"start":{"line":454,"column":0},"end":{"line":454,"column":3}},"454":{"start":{"line":455,"column":0},"end":{"line":455,"column":0}},"455":{"start":{"line":456,"column":0},"end":{"line":456,"column":5}},"456":{"start":{"line":457,"column":0},"end":{"line":457,"column":25}},"457":{"start":{"line":458,"column":0},"end":{"line":458,"column":5}},"458":{"start":{"line":459,"column":0},"end":{"line":459,"column":44}},"459":{"start":{"line":460,"column":0},"end":{"line":460,"column":59}},"460":{"start":{"line":461,"column":0},"end":{"line":461,"column":3}},"461":{"start":{"line":462,"column":0},"end":{"line":462,"column":0}},"462":{"start":{"line":463,"column":0},"end":{"line":463,"column":5}},"463":{"start":{"line":464,"column":0},"end":{"line":464,"column":33}},"464":{"start":{"line":465,"column":0},"end":{"line":465,"column":5}},"465":{"start":{"line":466,"column":0},"end":{"line":466,"column":78}},"466":{"start":{"line":467,"column":0},"end":{"line":467,"column":25}},"467":{"start":{"line":468,"column":0},"end":{"line":468,"column":14}},"468":{"start":{"line":469,"column":0},"end":{"line":469,"column":35}},"469":{"start":{"line":470,"column":0},"end":{"line":470,"column":86}},"470":{"start":{"line":471,"column":0},"end":{"line":471,"column":7}},"471":{"start":{"line":472,"column":0},"end":{"line":472,"column":7}},"472":{"start":{"line":473,"column":0},"end":{"line":473,"column":3}},"473":{"start":{"line":474,"column":0},"end":{"line":474,"column":0}},"474":{"start":{"line":475,"column":0},"end":{"line":475,"column":45}},"475":{"start":{"line":476,"column":0},"end":{"line":476,"column":36}},"476":{"start":{"line":477,"column":0},"end":{"line":477,"column":45}},"477":{"start":{"line":478,"column":0},"end":{"line":478,"column":0}},"478":{"start":{"line":479,"column":0},"end":{"line":479,"column":49}},"479":{"start":{"line":480,"column":0},"end":{"line":480,"column":38}},"480":{"start":{"line":481,"column":0},"end":{"line":481,"column":51}},"481":{"start":{"line":482,"column":0},"end":{"line":482,"column":54}},"482":{"start":{"line":483,"column":0},"end":{"line":483,"column":3}},"483":{"start":{"line":484,"column":0},"end":{"line":484,"column":0}},"484":{"start":{"line":485,"column":0},"end":{"line":485,"column":47}},"485":{"start":{"line":486,"column":0},"end":{"line":486,"column":38}},"486":{"start":{"line":487,"column":0},"end":{"line":487,"column":67}},"487":{"start":{"line":488,"column":0},"end":{"line":488,"column":55}},"488":{"start":{"line":489,"column":0},"end":{"line":489,"column":58}},"489":{"start":{"line":490,"column":0},"end":{"line":490,"column":59}},"490":{"start":{"line":491,"column":0},"end":{"line":491,"column":3}},"491":{"start":{"line":492,"column":0},"end":{"line":492,"column":0}},"492":{"start":{"line":493,"column":0},"end":{"line":493,"column":54}},"493":{"start":{"line":494,"column":0},"end":{"line":494,"column":38}},"494":{"start":{"line":495,"column":0},"end":{"line":495,"column":75}},"495":{"start":{"line":496,"column":0},"end":{"line":496,"column":56}},"496":{"start":{"line":497,"column":0},"end":{"line":497,"column":64}},"497":{"start":{"line":498,"column":0},"end":{"line":498,"column":68}},"498":{"start":{"line":499,"column":0},"end":{"line":499,"column":3}},"499":{"start":{"line":500,"column":0},"end":{"line":500,"column":0}},"500":{"start":{"line":501,"column":0},"end":{"line":501,"column":52}},"501":{"start":{"line":502,"column":0},"end":{"line":502,"column":38}},"502":{"start":{"line":503,"column":0},"end":{"line":503,"column":73}},"503":{"start":{"line":504,"column":0},"end":{"line":504,"column":56}},"504":{"start":{"line":505,"column":0},"end":{"line":505,"column":62}},"505":{"start":{"line":506,"column":0},"end":{"line":506,"column":66}},"506":{"start":{"line":507,"column":0},"end":{"line":507,"column":3}},"507":{"start":{"line":508,"column":0},"end":{"line":508,"column":0}},"508":{"start":{"line":509,"column":0},"end":{"line":509,"column":47}},"509":{"start":{"line":510,"column":0},"end":{"line":510,"column":38}},"510":{"start":{"line":511,"column":0},"end":{"line":511,"column":74}},"511":{"start":{"line":512,"column":0},"end":{"line":512,"column":61}},"512":{"start":{"line":513,"column":0},"end":{"line":513,"column":62}},"513":{"start":{"line":514,"column":0},"end":{"line":514,"column":61}},"514":{"start":{"line":515,"column":0},"end":{"line":515,"column":3}},"515":{"start":{"line":516,"column":0},"end":{"line":516,"column":0}},"516":{"start":{"line":517,"column":0},"end":{"line":517,"column":50}},"517":{"start":{"line":518,"column":0},"end":{"line":518,"column":38}},"518":{"start":{"line":519,"column":0},"end":{"line":519,"column":73}},"519":{"start":{"line":520,"column":0},"end":{"line":520,"column":56}},"520":{"start":{"line":521,"column":0},"end":{"line":521,"column":64}},"521":{"start":{"line":522,"column":0},"end":{"line":522,"column":62}},"522":{"start":{"line":523,"column":0},"end":{"line":523,"column":3}},"523":{"start":{"line":524,"column":0},"end":{"line":524,"column":0}},"524":{"start":{"line":525,"column":0},"end":{"line":525,"column":52}},"525":{"start":{"line":526,"column":0},"end":{"line":526,"column":38}},"526":{"start":{"line":527,"column":0},"end":{"line":527,"column":55}},"527":{"start":{"line":528,"column":0},"end":{"line":528,"column":49}},"528":{"start":{"line":529,"column":0},"end":{"line":529,"column":5}},"529":{"start":{"line":530,"column":0},"end":{"line":530,"column":93}},"530":{"start":{"line":531,"column":0},"end":{"line":531,"column":57}},"531":{"start":{"line":532,"column":0},"end":{"line":532,"column":3}},"532":{"start":{"line":533,"column":0},"end":{"line":533,"column":0}},"533":{"start":{"line":534,"column":0},"end":{"line":534,"column":53}},"534":{"start":{"line":535,"column":0},"end":{"line":535,"column":38}},"535":{"start":{"line":536,"column":0},"end":{"line":536,"column":63}},"536":{"start":{"line":537,"column":0},"end":{"line":537,"column":46}},"537":{"start":{"line":538,"column":0},"end":{"line":538,"column":36}},"538":{"start":{"line":539,"column":0},"end":{"line":539,"column":6}},"539":{"start":{"line":540,"column":0},"end":{"line":540,"column":65}},"540":{"start":{"line":541,"column":0},"end":{"line":541,"column":49}},"541":{"start":{"line":542,"column":0},"end":{"line":542,"column":3}},"542":{"start":{"line":543,"column":0},"end":{"line":543,"column":0}},"543":{"start":{"line":544,"column":0},"end":{"line":544,"column":51}},"544":{"start":{"line":545,"column":0},"end":{"line":545,"column":38}},"545":{"start":{"line":546,"column":0},"end":{"line":546,"column":73}},"546":{"start":{"line":547,"column":0},"end":{"line":547,"column":30}},"547":{"start":{"line":548,"column":0},"end":{"line":548,"column":75}},"548":{"start":{"line":549,"column":0},"end":{"line":549,"column":57}},"549":{"start":{"line":550,"column":0},"end":{"line":550,"column":83}},"550":{"start":{"line":551,"column":0},"end":{"line":551,"column":58}},"551":{"start":{"line":552,"column":0},"end":{"line":552,"column":55}},"552":{"start":{"line":553,"column":0},"end":{"line":553,"column":3}},"553":{"start":{"line":554,"column":0},"end":{"line":554,"column":0}},"554":{"start":{"line":555,"column":0},"end":{"line":555,"column":52}},"555":{"start":{"line":556,"column":0},"end":{"line":556,"column":38}},"556":{"start":{"line":557,"column":0},"end":{"line":557,"column":45}},"557":{"start":{"line":558,"column":0},"end":{"line":558,"column":50}},"558":{"start":{"line":559,"column":0},"end":{"line":559,"column":52}},"559":{"start":{"line":560,"column":0},"end":{"line":560,"column":3}},"560":{"start":{"line":561,"column":0},"end":{"line":561,"column":0}},"561":{"start":{"line":562,"column":0},"end":{"line":562,"column":50}},"562":{"start":{"line":563,"column":0},"end":{"line":563,"column":38}},"563":{"start":{"line":564,"column":0},"end":{"line":564,"column":64}},"564":{"start":{"line":565,"column":0},"end":{"line":565,"column":65}},"565":{"start":{"line":566,"column":0},"end":{"line":566,"column":61}},"566":{"start":{"line":567,"column":0},"end":{"line":567,"column":85}},"567":{"start":{"line":568,"column":0},"end":{"line":568,"column":72}},"568":{"start":{"line":569,"column":0},"end":{"line":569,"column":3}},"569":{"start":{"line":570,"column":0},"end":{"line":570,"column":0}},"570":{"start":{"line":571,"column":0},"end":{"line":571,"column":54}},"571":{"start":{"line":572,"column":0},"end":{"line":572,"column":83}},"572":{"start":{"line":573,"column":0},"end":{"line":573,"column":60}},"573":{"start":{"line":574,"column":0},"end":{"line":574,"column":97}},"574":{"start":{"line":575,"column":0},"end":{"line":575,"column":27}},"575":{"start":{"line":576,"column":0},"end":{"line":576,"column":3}},"576":{"start":{"line":577,"column":0},"end":{"line":577,"column":0}},"577":{"start":{"line":578,"column":0},"end":{"line":578,"column":50}},"578":{"start":{"line":579,"column":0},"end":{"line":579,"column":38}},"579":{"start":{"line":580,"column":0},"end":{"line":580,"column":55}},"580":{"start":{"line":581,"column":0},"end":{"line":581,"column":51}},"581":{"start":{"line":582,"column":0},"end":{"line":582,"column":5}},"582":{"start":{"line":583,"column":0},"end":{"line":583,"column":0}},"583":{"start":{"line":584,"column":0},"end":{"line":584,"column":66}},"584":{"start":{"line":585,"column":0},"end":{"line":585,"column":43}},"585":{"start":{"line":586,"column":0},"end":{"line":586,"column":24}},"586":{"start":{"line":587,"column":0},"end":{"line":587,"column":15}},"587":{"start":{"line":588,"column":0},"end":{"line":588,"column":51}},"588":{"start":{"line":589,"column":0},"end":{"line":589,"column":6}},"589":{"start":{"line":590,"column":0},"end":{"line":590,"column":0}},"590":{"start":{"line":591,"column":0},"end":{"line":591,"column":48}},"591":{"start":{"line":592,"column":0},"end":{"line":592,"column":68}},"592":{"start":{"line":593,"column":0},"end":{"line":593,"column":0}},"593":{"start":{"line":594,"column":0},"end":{"line":594,"column":47}},"594":{"start":{"line":595,"column":0},"end":{"line":595,"column":50}},"595":{"start":{"line":596,"column":0},"end":{"line":596,"column":27}},"596":{"start":{"line":597,"column":0},"end":{"line":597,"column":24}},"597":{"start":{"line":598,"column":0},"end":{"line":598,"column":18}},"598":{"start":{"line":599,"column":0},"end":{"line":599,"column":6}},"599":{"start":{"line":600,"column":0},"end":{"line":600,"column":0}},"600":{"start":{"line":601,"column":0},"end":{"line":601,"column":65}},"601":{"start":{"line":602,"column":0},"end":{"line":602,"column":46}},"602":{"start":{"line":603,"column":0},"end":{"line":603,"column":3}},"603":{"start":{"line":604,"column":0},"end":{"line":604,"column":0}},"604":{"start":{"line":605,"column":0},"end":{"line":605,"column":48}},"605":{"start":{"line":606,"column":0},"end":{"line":606,"column":38}},"606":{"start":{"line":607,"column":0},"end":{"line":607,"column":91}},"607":{"start":{"line":608,"column":0},"end":{"line":608,"column":0}},"608":{"start":{"line":609,"column":0},"end":{"line":609,"column":55}},"609":{"start":{"line":610,"column":0},"end":{"line":610,"column":45}},"610":{"start":{"line":611,"column":0},"end":{"line":611,"column":46}},"611":{"start":{"line":612,"column":0},"end":{"line":612,"column":18}},"612":{"start":{"line":613,"column":0},"end":{"line":613,"column":36}},"613":{"start":{"line":614,"column":0},"end":{"line":614,"column":6}},"614":{"start":{"line":615,"column":0},"end":{"line":615,"column":0}},"615":{"start":{"line":616,"column":0},"end":{"line":616,"column":57}},"616":{"start":{"line":617,"column":0},"end":{"line":617,"column":3}},"617":{"start":{"line":618,"column":0},"end":{"line":618,"column":0}},"618":{"start":{"line":619,"column":0},"end":{"line":619,"column":51}},"619":{"start":{"line":620,"column":0},"end":{"line":620,"column":38}},"620":{"start":{"line":621,"column":0},"end":{"line":621,"column":52}},"621":{"start":{"line":622,"column":0},"end":{"line":622,"column":50}},"622":{"start":{"line":623,"column":0},"end":{"line":623,"column":5}},"623":{"start":{"line":624,"column":0},"end":{"line":624,"column":0}},"624":{"start":{"line":625,"column":0},"end":{"line":625,"column":91}},"625":{"start":{"line":626,"column":0},"end":{"line":626,"column":21}},"626":{"start":{"line":627,"column":0},"end":{"line":627,"column":45}},"627":{"start":{"line":628,"column":0},"end":{"line":628,"column":5}},"628":{"start":{"line":629,"column":0},"end":{"line":629,"column":0}},"629":{"start":{"line":630,"column":0},"end":{"line":630,"column":47}},"630":{"start":{"line":631,"column":0},"end":{"line":631,"column":3}},"631":{"start":{"line":632,"column":0},"end":{"line":632,"column":0}},"632":{"start":{"line":633,"column":0},"end":{"line":633,"column":47}},"633":{"start":{"line":634,"column":0},"end":{"line":634,"column":38}},"634":{"start":{"line":635,"column":0},"end":{"line":635,"column":65}},"635":{"start":{"line":636,"column":0},"end":{"line":636,"column":3}},"636":{"start":{"line":637,"column":0},"end":{"line":637,"column":1}}},"s":{"0":0,"1":0,"2":0,"3":0,"4":0,"5":0,"6":0,"7":0,"8":0,"9":0,"10":0,"11":0,"12":0,"13":0,"14":0,"15":0,"16":0,"17":0,"18":0,"19":0,"20":0,"21":0,"22":0,"23":0,"24":0,"25":0,"26":0,"27":0,"28":0,"29":0,"30":0,"31":0,"32":0,"33":0,"34":0,"35":0,"36":0,"37":0,"38":0,"39":0,"40":0,"41":0,"42":0,"43":0,"44":0,"45":0,"46":0,"47":0,"48":0,"49":0,"50":0,"51":0,"52":0,"53":0,"54":0,"55":0,"56":0,"57":0,"58":0,"59":0,"60":0,"61":0,"62":0,"63":0,"64":0,"65":0,"66":0,"67":0,"68":0,"69":0,"70":0,"71":0,"72":0,"73":0,"74":0,"75":0,"76":0,"77":0,"78":0,"79":0,"80":0,"81":0,"82":0,"83":0,"84":0,"85":0,"86":0,"87":0,"88":0,"89":0,"90":0,"91":0,"92":0,"93":0,"94":0,"95":0,"96":0,"97":0,"98":0,"99":0,"100":0,"101":0,"102":0,"103":0,"104":0,"105":0,"106":0,"107":0,"108":0,"109":0,"110":0,"111":0,"112":0,"113":0,"114":0,"115":0,"116":0,"117":0,"118":0,"119":0,"120":0,"121":0,"122":0,"123":0,"124":0,"125":0,"126":0,"127":0,"128":0,"129":0,"130":0,"131":0,"132":0,"133":0,"134":0,"135":0,"136":0,"137":0,"138":0,"139":0,"140":0,"141":0,"142":0,"143":0,"144":0,"145":0,"146":0,"147":0,"148":0,"149":0,"150":0,"151":0,"152":0,"153":0,"154":0,"155":0,"156":0,"157":0,"158":0,"159":0,"160":0,"161":0,"162":0,"163":0,"164":0,"165":0,"166":0,"167":0,"168":0,"169":0,"170":0,"171":0,"172":0,"173":0,"174":0,"175":0,"176":0,"177":0,"178":0,"179":0,"180":0,"181":0,"182":0,"183":0,"184":0,"185":0,"186":0,"187":0,"188":0,"189":0,"190":0,"191":0,"192":0,"193":0,"194":0,"195":0,"196":0,"197":0,"198":0,"199":0,"200":0,"201":0,"202":0,"203":0,"204":0,"205":0,"206":0,"207":0,"208":0,"209":0,"210":0,"211":0,"212":0,"213":0,"214":0,"215":0,"216":0,"217":0,"218":0,"219":0,"220":0,"221":0,"222":0,"223":0,"224":0,"225":0,"226":0,"227":0,"228":0,"229":0,"230":0,"231":0,"232":0,"233":0,"234":0,"235":0,"236":0,"237":0,"238":0,"239":0,"240":0,"241":0,"242":0,"243":0,"244":0,"245":0,"246":0,"247":0,"248":0,"249":0,"250":0,"251":0,"252":0,"253":0,"254":0,"255":0,"256":0,"257":0,"258":0,"259":0,"260":0,"261":0,"262":0,"263":0,"264":0,"265":0,"266":0,"267":0,"268":0,"269":0,"270":0,"271":0,"272":0,"273":0,"274":0,"275":0,"276":0,"277":0,"278":0,"279":0,"280":0,"281":0,"282":0,"283":0,"284":0,"285":0,"286":0,"287":0,"288":0,"289":0,"290":0,"291":0,"292":0,"293":0,"294":0,"295":0,"296":0,"297":0,"298":0,"299":0,"300":0,"301":0,"302":0,"303":0,"304":0,"305":0,"306":0,"307":0,"308":0,"309":0,"310":0,"311":0,"312":0,"313":0,"314":0,"315":0,"316":0,"317":0,"318":0,"319":0,"320":0,"321":0,"322":0,"323":0,"324":0,"325":0,"326":0,"327":0,"328":0,"329":0,"330":0,"331":0,"332":0,"333":0,"334":0,"335":0,"336":0,"337":0,"338":0,"339":0,"340":0,"341":0,"342":0,"343":0,"344":0,"345":0,"346":0,"347":0,"348":0,"349":0,"350":0,"351":0,"352":0,"353":0,"354":0,"355":0,"356":0,"357":0,"358":0,"359":0,"360":0,"361":0,"362":0,"363":0,"364":0,"365":0,"366":0,"367":0,"368":0,"369":0,"370":0,"371":0,"372":0,"373":0,"374":0,"375":0,"376":0,"377":0,"378":0,"379":0,"380":0,"381":0,"382":0,"383":0,"384":0,"385":0,"386":0,"387":0,"388":0,"389":0,"390":0,"391":0,"392":0,"393":0,"394":0,"395":0,"396":0,"397":0,"398":0,"399":0,"400":0,"401":0,"402":0,"403":0,"404":0,"405":0,"406":0,"407":0,"408":0,"409":0,"410":0,"411":0,"412":0,"413":0,"414":0,"415":0,"416":0,"417":0,"418":0,"419":0,"420":0,"421":0,"422":0,"423":0,"424":0,"425":0,"426":0,"427":0,"428":0,"429":0,"430":0,"431":0,"432":0,"433":0,"434":0,"435":0,"436":0,"437":0,"438":0,"439":0,"440":0,"441":0,"442":0,"443":0,"444":0,"445":0,"446":0,"447":0,"448":0,"449":0,"450":0,"451":0,"452":0,"453":0,"454":0,"455":0,"456":0,"457":0,"458":0,"459":0,"460":0,"461":0,"462":0,"463":0,"464":0,"465":0,"466":0,"467":0,"468":0,"469":0,"470":0,"471":0,"472":0,"473":0,"474":0,"475":0,"476":0,"477":0,"478":0,"479":0,"480":0,"481":0,"482":0,"483":0,"484":0,"485":0,"486":0,"487":0,"488":0,"489":0,"490":0,"491":0,"492":0,"493":0,"494":0,"495":0,"496":0,"497":0,"498":0,"499":0,"500":0,"501":0,"502":0,"503":0,"504":0,"505":0,"506":0,"507":0,"508":0,"509":0,"510":0,"511":0,"512":0,"513":0,"514":0,"515":0,"516":0,"517":0,"518":0,"519":0,"520":0,"521":0,"522":0,"523":0,"524":0,"525":0,"526":0,"527":0,"528":0,"529":0,"530":0,"531":0,"532":0,"533":0,"534":0,"535":0,"536":0,"537":0,"538":0,"539":0,"540":0,"541":0,"542":0,"543":0,"544":0,"545":0,"546":0,"547":0,"548":0,"549":0,"550":0,"551":0,"552":0,"553":0,"554":0,"555":0,"556":0,"557":0,"558":0,"559":0,"560":0,"561":0,"562":0,"563":0,"564":0,"565":0,"566":0,"567":0,"568":0,"569":0,"570":0,"571":0,"572":0,"573":0,"574":0,"575":0,"576":0,"577":0,"578":0,"579":0,"580":0,"581":0,"582":0,"583":0,"584":0,"585":0,"586":0,"587":0,"588":0,"589":0,"590":0,"591":0,"592":0,"593":0,"594":0,"595":0,"596":0,"597":0,"598":0,"599":0,"600":0,"601":0,"602":0,"603":0,"604":0,"605":0,"606":0,"607":0,"608":0,"609":0,"610":0,"611":0,"612":0,"613":0,"614":0,"615":0,"616":0,"617":0,"618":0,"619":0,"620":0,"621":0,"622":0,"623":0,"624":0,"625":0,"626":0,"627":0,"628":0,"629":0,"630":0,"631":0,"632":0,"633":0,"634":0,"635":0,"636":0},"branchMap":{"0":{"type":"branch","line":1,"loc":{"start":{"line":1,"column":20892},"end":{"line":637,"column":1}},"locations":[{"start":{"line":1,"column":20892},"end":{"line":637,"column":1}}]}},"b":{"0":[0]},"fnMap":{"0":{"name":"(empty-report)","decl":{"start":{"line":1,"column":20892},"end":{"line":637,"column":1}},"loc":{"start":{"line":1,"column":20892},"end":{"line":637,"column":1}},"line":1}},"f":{"0":0}}
,"D:\\Code\\Multi_Channel_Integration_System\\web-installer\\backend\\src\\routes\\deployment.ts": {"path":"D:\\Code\\Multi_Channel_Integration_System\\web-installer\\backend\\src\\routes\\deployment.ts","all":true,"statementMap":{"0":{"start":{"line":1,"column":0},"end":{"line":1,"column":3}},"1":{"start":{"line":2,"column":0},"end":{"line":2,"column":20}},"2":{"start":{"line":3,"column":0},"end":{"line":3,"column":2}},"3":{"start":{"line":4,"column":0},"end":{"line":4,"column":41}},"4":{"start":{"line":5,"column":0},"end":{"line":5,"column":3}},"5":{"start":{"line":6,"column":0},"end":{"line":6,"column":0}},"6":{"start":{"line":7,"column":0},"end":{"line":7,"column":28}},"7":{"start":{"line":8,"column":0},"end":{"line":8,"column":43}},"8":{"start":{"line":9,"column":0},"end":{"line":9,"column":73}},"9":{"start":{"line":10,"column":0},"end":{"line":10,"column":78}},"10":{"start":{"line":11,"column":0},"end":{"line":11,"column":0}},"11":{"start":{"line":12,"column":0},"end":{"line":12,"column":49}},"12":{"start":{"line":13,"column":0},"end":{"line":13,"column":0}},"13":{"start":{"line":14,"column":0},"end":{"line":14,"column":3}},"14":{"start":{"line":15,"column":0},"end":{"line":15,"column":24}},"15":{"start":{"line":16,"column":0},"end":{"line":16,"column":14}},"16":{"start":{"line":17,"column":0},"end":{"line":17,"column":3}},"17":{"start":{"line":18,"column":0},"end":{"line":18,"column":34}},"18":{"start":{"line":19,"column":0},"end":{"line":19,"column":17}},"19":{"start":{"line":20,"column":0},"end":{"line":20,"column":17}},"20":{"start":{"line":21,"column":0},"end":{"line":21,"column":29}},"21":{"start":{"line":22,"column":0},"end":{"line":22,"column":21}},"22":{"start":{"line":23,"column":0},"end":{"line":23,"column":25}},"23":{"start":{"line":24,"column":0},"end":{"line":24,"column":5}},"24":{"start":{"line":25,"column":0},"end":{"line":25,"column":3}},"25":{"start":{"line":26,"column":0},"end":{"line":26,"column":0}},"26":{"start":{"line":27,"column":0},"end":{"line":27,"column":3}},"27":{"start":{"line":28,"column":0},"end":{"line":28,"column":25}},"28":{"start":{"line":29,"column":0},"end":{"line":29,"column":25}},"29":{"start":{"line":30,"column":0},"end":{"line":30,"column":3}},"30":{"start":{"line":31,"column":0},"end":{"line":31,"column":16}},"31":{"start":{"line":32,"column":0},"end":{"line":32,"column":22}},"32":{"start":{"line":33,"column":0},"end":{"line":33,"column":35}},"33":{"start":{"line":34,"column":0},"end":{"line":34,"column":49}},"34":{"start":{"line":35,"column":0},"end":{"line":35,"column":0}},"35":{"start":{"line":36,"column":0},"end":{"line":36,"column":28}},"36":{"start":{"line":37,"column":0},"end":{"line":37,"column":72}},"37":{"start":{"line":38,"column":0},"end":{"line":38,"column":39}},"38":{"start":{"line":39,"column":0},"end":{"line":39,"column":65}},"39":{"start":{"line":40,"column":0},"end":{"line":40,"column":5}},"40":{"start":{"line":41,"column":0},"end":{"line":41,"column":0}},"41":{"start":{"line":42,"column":0},"end":{"line":42,"column":21}},"42":{"start":{"line":43,"column":0},"end":{"line":43,"column":59}},"43":{"start":{"line":44,"column":0},"end":{"line":44,"column":33}},"44":{"start":{"line":45,"column":0},"end":{"line":45,"column":59}},"45":{"start":{"line":46,"column":0},"end":{"line":46,"column":5}},"46":{"start":{"line":47,"column":0},"end":{"line":47,"column":0}},"47":{"start":{"line":48,"column":0},"end":{"line":48,"column":26}},"48":{"start":{"line":49,"column":0},"end":{"line":49,"column":58}},"49":{"start":{"line":50,"column":0},"end":{"line":50,"column":69}},"50":{"start":{"line":51,"column":0},"end":{"line":51,"column":5}},"51":{"start":{"line":52,"column":0},"end":{"line":52,"column":0}},"52":{"start":{"line":53,"column":0},"end":{"line":53,"column":27}},"53":{"start":{"line":54,"column":0},"end":{"line":54,"column":27}},"54":{"start":{"line":55,"column":0},"end":{"line":55,"column":60}},"55":{"start":{"line":56,"column":0},"end":{"line":56,"column":5}},"56":{"start":{"line":57,"column":0},"end":{"line":57,"column":0}},"57":{"start":{"line":58,"column":0},"end":{"line":58,"column":39}},"58":{"start":{"line":59,"column":0},"end":{"line":59,"column":28}},"59":{"start":{"line":60,"column":0},"end":{"line":60,"column":105}},"60":{"start":{"line":61,"column":0},"end":{"line":61,"column":49}},"61":{"start":{"line":62,"column":0},"end":{"line":62,"column":70}},"62":{"start":{"line":63,"column":0},"end":{"line":63,"column":7}},"63":{"start":{"line":64,"column":0},"end":{"line":64,"column":5}},"64":{"start":{"line":65,"column":0},"end":{"line":65,"column":0}},"65":{"start":{"line":66,"column":0},"end":{"line":66,"column":16}},"66":{"start":{"line":67,"column":0},"end":{"line":67,"column":5}},"67":{"start":{"line":68,"column":0},"end":{"line":68,"column":16}},"68":{"start":{"line":69,"column":0},"end":{"line":69,"column":9}},"69":{"start":{"line":70,"column":0},"end":{"line":70,"column":39}},"70":{"start":{"line":71,"column":0},"end":{"line":71,"column":0}},"71":{"start":{"line":72,"column":0},"end":{"line":72,"column":36}},"72":{"start":{"line":73,"column":0},"end":{"line":73,"column":78}},"73":{"start":{"line":74,"column":0},"end":{"line":74,"column":61}},"74":{"start":{"line":75,"column":0},"end":{"line":75,"column":0}},"75":{"start":{"line":76,"column":0},"end":{"line":76,"column":34}},"76":{"start":{"line":77,"column":0},"end":{"line":77,"column":40}},"77":{"start":{"line":78,"column":0},"end":{"line":78,"column":38}},"78":{"start":{"line":79,"column":0},"end":{"line":79,"column":36}},"79":{"start":{"line":80,"column":0},"end":{"line":80,"column":40}},"80":{"start":{"line":81,"column":0},"end":{"line":81,"column":36}},"81":{"start":{"line":82,"column":0},"end":{"line":82,"column":33}},"82":{"start":{"line":83,"column":0},"end":{"line":83,"column":8}},"83":{"start":{"line":84,"column":0},"end":{"line":84,"column":0}},"84":{"start":{"line":85,"column":0},"end":{"line":85,"column":25}},"85":{"start":{"line":86,"column":0},"end":{"line":86,"column":63}},"86":{"start":{"line":87,"column":0},"end":{"line":87,"column":23}},"87":{"start":{"line":88,"column":0},"end":{"line":88,"column":56}},"88":{"start":{"line":89,"column":0},"end":{"line":89,"column":36}},"89":{"start":{"line":90,"column":0},"end":{"line":90,"column":9}},"90":{"start":{"line":91,"column":0},"end":{"line":91,"column":0}},"91":{"start":{"line":92,"column":0},"end":{"line":92,"column":43}},"92":{"start":{"line":93,"column":0},"end":{"line":93,"column":28}},"93":{"start":{"line":94,"column":0},"end":{"line":94,"column":0}},"94":{"start":{"line":95,"column":0},"end":{"line":95,"column":21}},"95":{"start":{"line":96,"column":0},"end":{"line":96,"column":54}},"96":{"start":{"line":97,"column":0},"end":{"line":97,"column":21}},"97":{"start":{"line":98,"column":0},"end":{"line":98,"column":84}},"98":{"start":{"line":99,"column":0},"end":{"line":99,"column":14}},"99":{"start":{"line":100,"column":0},"end":{"line":100,"column":5}},"100":{"start":{"line":101,"column":0},"end":{"line":101,"column":3}},"101":{"start":{"line":102,"column":0},"end":{"line":102,"column":2}},"102":{"start":{"line":103,"column":0},"end":{"line":103,"column":0}},"103":{"start":{"line":104,"column":0},"end":{"line":104,"column":3}},"104":{"start":{"line":105,"column":0},"end":{"line":105,"column":24}},"105":{"start":{"line":106,"column":0},"end":{"line":106,"column":38}},"106":{"start":{"line":107,"column":0},"end":{"line":107,"column":3}},"107":{"start":{"line":108,"column":0},"end":{"line":108,"column":64}},"108":{"start":{"line":109,"column":0},"end":{"line":109,"column":7}},"109":{"start":{"line":110,"column":0},"end":{"line":110,"column":51}},"110":{"start":{"line":111,"column":0},"end":{"line":111,"column":0}},"111":{"start":{"line":112,"column":0},"end":{"line":112,"column":34}},"112":{"start":{"line":113,"column":0},"end":{"line":113,"column":71}},"113":{"start":{"line":114,"column":0},"end":{"line":114,"column":59}},"114":{"start":{"line":115,"column":0},"end":{"line":115,"column":0}},"115":{"start":{"line":116,"column":0},"end":{"line":116,"column":17}},"116":{"start":{"line":117,"column":0},"end":{"line":117,"column":61}},"117":{"start":{"line":118,"column":0},"end":{"line":118,"column":19}},"118":{"start":{"line":119,"column":0},"end":{"line":119,"column":7}},"119":{"start":{"line":120,"column":0},"end":{"line":120,"column":0}},"120":{"start":{"line":121,"column":0},"end":{"line":121,"column":23}},"121":{"start":{"line":122,"column":0},"end":{"line":122,"column":60}},"122":{"start":{"line":123,"column":0},"end":{"line":123,"column":5}},"123":{"start":{"line":124,"column":0},"end":{"line":124,"column":0}},"124":{"start":{"line":125,"column":0},"end":{"line":125,"column":41}},"125":{"start":{"line":126,"column":0},"end":{"line":126,"column":26}},"126":{"start":{"line":127,"column":0},"end":{"line":127,"column":0}},"127":{"start":{"line":128,"column":0},"end":{"line":128,"column":19}},"128":{"start":{"line":129,"column":0},"end":{"line":129,"column":46}},"129":{"start":{"line":130,"column":0},"end":{"line":130,"column":19}},"130":{"start":{"line":131,"column":0},"end":{"line":131,"column":76}},"131":{"start":{"line":132,"column":0},"end":{"line":132,"column":12}},"132":{"start":{"line":133,"column":0},"end":{"line":133,"column":3}},"133":{"start":{"line":134,"column":0},"end":{"line":134,"column":3}},"134":{"start":{"line":135,"column":0},"end":{"line":135,"column":0}},"135":{"start":{"line":136,"column":0},"end":{"line":136,"column":3}},"136":{"start":{"line":137,"column":0},"end":{"line":137,"column":35}},"137":{"start":{"line":138,"column":0},"end":{"line":138,"column":38}},"138":{"start":{"line":139,"column":0},"end":{"line":139,"column":3}},"139":{"start":{"line":140,"column":0},"end":{"line":140,"column":64}},"140":{"start":{"line":141,"column":0},"end":{"line":141,"column":7}},"141":{"start":{"line":142,"column":0},"end":{"line":142,"column":51}},"142":{"start":{"line":143,"column":0},"end":{"line":143,"column":0}},"143":{"start":{"line":144,"column":0},"end":{"line":144,"column":34}},"144":{"start":{"line":145,"column":0},"end":{"line":145,"column":71}},"145":{"start":{"line":146,"column":0},"end":{"line":146,"column":59}},"146":{"start":{"line":147,"column":0},"end":{"line":147,"column":0}},"147":{"start":{"line":148,"column":0},"end":{"line":148,"column":45}},"148":{"start":{"line":149,"column":0},"end":{"line":149,"column":61}},"149":{"start":{"line":150,"column":0},"end":{"line":150,"column":19}},"150":{"start":{"line":151,"column":0},"end":{"line":151,"column":7}},"151":{"start":{"line":152,"column":0},"end":{"line":152,"column":0}},"152":{"start":{"line":153,"column":0},"end":{"line":153,"column":28}},"153":{"start":{"line":154,"column":0},"end":{"line":154,"column":40}},"154":{"start":{"line":155,"column":0},"end":{"line":155,"column":16}},"155":{"start":{"line":156,"column":0},"end":{"line":156,"column":44}},"156":{"start":{"line":157,"column":0},"end":{"line":157,"column":36}},"157":{"start":{"line":158,"column":0},"end":{"line":158,"column":35}},"158":{"start":{"line":159,"column":0},"end":{"line":159,"column":42}},"159":{"start":{"line":160,"column":0},"end":{"line":160,"column":7}},"160":{"start":{"line":161,"column":0},"end":{"line":161,"column":7}},"161":{"start":{"line":162,"column":0},"end":{"line":162,"column":0}},"162":{"start":{"line":163,"column":0},"end":{"line":163,"column":19}},"163":{"start":{"line":164,"column":0},"end":{"line":164,"column":46}},"164":{"start":{"line":165,"column":0},"end":{"line":165,"column":19}},"165":{"start":{"line":166,"column":0},"end":{"line":166,"column":79}},"166":{"start":{"line":167,"column":0},"end":{"line":167,"column":12}},"167":{"start":{"line":168,"column":0},"end":{"line":168,"column":3}},"168":{"start":{"line":169,"column":0},"end":{"line":169,"column":3}},"169":{"start":{"line":170,"column":0},"end":{"line":170,"column":0}},"170":{"start":{"line":171,"column":0},"end":{"line":171,"column":3}},"171":{"start":{"line":172,"column":0},"end":{"line":172,"column":20}},"172":{"start":{"line":173,"column":0},"end":{"line":173,"column":39}},"173":{"start":{"line":174,"column":0},"end":{"line":174,"column":3}},"174":{"start":{"line":175,"column":0},"end":{"line":175,"column":65}},"175":{"start":{"line":176,"column":0},"end":{"line":176,"column":7}},"176":{"start":{"line":177,"column":0},"end":{"line":177,"column":51}},"177":{"start":{"line":178,"column":0},"end":{"line":178,"column":0}},"178":{"start":{"line":179,"column":0},"end":{"line":179,"column":34}},"179":{"start":{"line":180,"column":0},"end":{"line":180,"column":71}},"180":{"start":{"line":181,"column":0},"end":{"line":181,"column":59}},"181":{"start":{"line":182,"column":0},"end":{"line":182,"column":0}},"182":{"start":{"line":183,"column":0},"end":{"line":183,"column":24}},"183":{"start":{"line":184,"column":0},"end":{"line":184,"column":61}},"184":{"start":{"line":185,"column":0},"end":{"line":185,"column":20}},"185":{"start":{"line":186,"column":0},"end":{"line":186,"column":7}},"186":{"start":{"line":187,"column":0},"end":{"line":187,"column":0}},"187":{"start":{"line":188,"column":0},"end":{"line":188,"column":41}},"188":{"start":{"line":189,"column":0},"end":{"line":189,"column":26}},"189":{"start":{"line":190,"column":0},"end":{"line":190,"column":0}},"190":{"start":{"line":191,"column":0},"end":{"line":191,"column":19}},"191":{"start":{"line":192,"column":0},"end":{"line":192,"column":53}},"192":{"start":{"line":193,"column":0},"end":{"line":193,"column":19}},"193":{"start":{"line":194,"column":0},"end":{"line":194,"column":83}},"194":{"start":{"line":195,"column":0},"end":{"line":195,"column":12}},"195":{"start":{"line":196,"column":0},"end":{"line":196,"column":3}},"196":{"start":{"line":197,"column":0},"end":{"line":197,"column":3}},"197":{"start":{"line":198,"column":0},"end":{"line":198,"column":0}},"198":{"start":{"line":199,"column":0},"end":{"line":199,"column":3}},"199":{"start":{"line":200,"column":0},"end":{"line":200,"column":35}},"200":{"start":{"line":201,"column":0},"end":{"line":201,"column":19}},"201":{"start":{"line":202,"column":0},"end":{"line":202,"column":3}},"202":{"start":{"line":203,"column":0},"end":{"line":203,"column":45}},"203":{"start":{"line":204,"column":0},"end":{"line":204,"column":76}},"204":{"start":{"line":205,"column":0},"end":{"line":205,"column":38}},"205":{"start":{"line":206,"column":0},"end":{"line":206,"column":17}},"206":{"start":{"line":207,"column":0},"end":{"line":207,"column":45}},"207":{"start":{"line":208,"column":0},"end":{"line":208,"column":65}},"208":{"start":{"line":209,"column":0},"end":{"line":209,"column":5}},"209":{"start":{"line":210,"column":0},"end":{"line":210,"column":3}},"210":{"start":{"line":211,"column":0},"end":{"line":211,"column":0}},"211":{"start":{"line":212,"column":0},"end":{"line":212,"column":26}}},"s":{"0":0,"1":0,"2":0,"3":0,"4":0,"5":0,"6":0,"7":0,"8":0,"9":0,"10":0,"11":0,"12":0,"13":0,"14":0,"15":0,"16":0,"17":0,"18":0,"19":0,"20":0,"21":0,"22":0,"23":0,"24":0,"25":0,"26":0,"27":0,"28":0,"29":0,"30":0,"31":0,"32":0,"33":0,"34":0,"35":0,"36":0,"37":0,"38":0,"39":0,"40":0,"41":0,"42":0,"43":0,"44":0,"45":0,"46":0,"47":0,"48":0,"49":0,"50":0,"51":0,"52":0,"53":0,"54":0,"55":0,"56":0,"57":0,"58":0,"59":0,"60":0,"61":0,"62":0,"63":0,"64":0,"65":0,"66":0,"67":0,"68":0,"69":0,"70":0,"71":0,"72":0,"73":0,"74":0,"75":0,"76":0,"77":0,"78":0,"79":0,"80":0,"81":0,"82":0,"83":0,"84":0,"85":0,"86":0,"87":0,"88":0,"89":0,"90":0,"91":0,"92":0,"93":0,"94":0,"95":0,"96":0,"97":0,"98":0,"99":0,"100":0,"101":0,"102":0,"103":0,"104":0,"105":0,"106":0,"107":0,"108":0,"109":0,"110":0,"111":0,"112":0,"113":0,"114":0,"115":0,"116":0,"117":0,"118":0,"119":0,"120":0,"121":0,"122":0,"123":0,"124":0,"125":0,"126":0,"127":0,"128":0,"129":0,"130":0,"131":0,"132":0,"133":0,"134":0,"135":0,"136":0,"137":0,"138":0,"139":0,"140":0,"141":0,"142":0,"143":0,"144":0,"145":0,"146":0,"147":0,"148":0,"149":0,"150":0,"151":0,"152":0,"153":0,"154":0,"155":0,"156":0,"157":0,"158":0,"159":0,"160":0,"161":0,"162":0,"163":0,"164":0,"165":0,"166":0,"167":0,"168":0,"169":0,"170":0,"171":0,"172":0,"173":0,"174":0,"175":0,"176":0,"177":0,"178":0,"179":0,"180":0,"181":0,"182":0,"183":0,"184":0,"185":0,"186":0,"187":0,"188":0,"189":0,"190":0,"191":0,"192":0,"193":0,"194":0,"195":0,"196":0,"197":0,"198":0,"199":0,"200":0,"201":0,"202":0,"203":0,"204":0,"205":0,"206":0,"207":0,"208":0,"209":0,"210":0,"211":0},"branchMap":{"0":{"type":"branch","line":1,"loc":{"start":{"line":1,"column":5940},"end":{"line":212,"column":26}},"locations":[{"start":{"line":1,"column":5940},"end":{"line":212,"column":26}}]}},"b":{"0":[0]},"fnMap":{"0":{"name":"(empty-report)","decl":{"start":{"line":1,"column":5940},"end":{"line":212,"column":26}},"loc":{"start":{"line":1,"column":5940},"end":{"line":212,"column":26}},"line":1}},"f":{"0":0}}
,"D:\\Code\\Multi_Channel_Integration_System\\web-installer\\backend\\src\\routes\\oauth.ts": {"path":"D:\\Code\\Multi_Channel_Integration_System\\web-installer\\backend\\src\\routes\\oauth.ts","all":true,"statementMap":{"0":{"start":{"line":1,"column":0},"end":{"line":1,"column":3}},"1":{"start":{"line":2,"column":0},"end":{"line":2,"column":15}},"2":{"start":{"line":3,"column":0},"end":{"line":3,"column":2}},"3":{"start":{"line":4,"column":0},"end":{"line":4,"column":47}},"4":{"start":{"line":5,"column":0},"end":{"line":5,"column":3}},"5":{"start":{"line":6,"column":0},"end":{"line":6,"column":0}},"6":{"start":{"line":7,"column":0},"end":{"line":7,"column":28}},"7":{"start":{"line":8,"column":0},"end":{"line":8,"column":88}},"8":{"start":{"line":9,"column":0},"end":{"line":9,"column":0}},"9":{"start":{"line":10,"column":0},"end":{"line":10,"column":44}},"10":{"start":{"line":11,"column":0},"end":{"line":11,"column":0}},"11":{"start":{"line":12,"column":0},"end":{"line":12,"column":22}},"12":{"start":{"line":13,"column":0},"end":{"line":13,"column":71}},"13":{"start":{"line":14,"column":0},"end":{"line":14,"column":72}},"14":{"start":{"line":15,"column":0},"end":{"line":15,"column":77}},"15":{"start":{"line":16,"column":0},"end":{"line":16,"column":0}},"16":{"start":{"line":17,"column":0},"end":{"line":17,"column":3}},"17":{"start":{"line":18,"column":0},"end":{"line":18,"column":22}},"18":{"start":{"line":19,"column":0},"end":{"line":19,"column":23}},"19":{"start":{"line":20,"column":0},"end":{"line":20,"column":3}},"20":{"start":{"line":21,"column":0},"end":{"line":21,"column":38}},"21":{"start":{"line":22,"column":0},"end":{"line":22,"column":7}},"22":{"start":{"line":23,"column":0},"end":{"line":23,"column":40}},"23":{"start":{"line":24,"column":0},"end":{"line":24,"column":20}},"24":{"start":{"line":25,"column":0},"end":{"line":25,"column":60}},"25":{"start":{"line":26,"column":0},"end":{"line":26,"column":5}},"26":{"start":{"line":27,"column":0},"end":{"line":27,"column":0}},"27":{"start":{"line":28,"column":0},"end":{"line":28,"column":48}},"28":{"start":{"line":29,"column":0},"end":{"line":29,"column":43}},"29":{"start":{"line":30,"column":0},"end":{"line":30,"column":50}},"30":{"start":{"line":31,"column":0},"end":{"line":31,"column":68}},"31":{"start":{"line":32,"column":0},"end":{"line":32,"column":0}},"32":{"start":{"line":33,"column":0},"end":{"line":33,"column":49}},"33":{"start":{"line":34,"column":0},"end":{
[...]
0},"end":{"line":59,"column":0}},"59":{"start":{"line":60,"column":0},"end":{"line":60,"column":27}},"60":{"start":{"line":61,"column":0},"end":{"line":61,"column":62}},"61":{"start":{"line":62,"column":0},"end":{"line":62,"column":3}},"62":{"start":{"line":63,"column":0},"end":{"line":63,"column":0}},"63":{"start":{"line":64,"column":0},"end":{"line":64,"column":27}},"64":{"start":{"line":65,"column":0},"end":{"line":65,"column":79}},"65":{"start":{"line":66,"column":0},"end":{"line":66,"column":3}},"66":{"start":{"line":67,"column":0},"end":{"line":67,"column":0}},"67":{"start":{"line":68,"column":0},"end":{"line":68,"column":27}},"68":{"start":{"line":69,"column":0},"end":{"line":69,"column":72}},"69":{"start":{"line":70,"column":0},"end":{"line":70,"column":3}},"70":{"start":{"line":71,"column":0},"end":{"line":71,"column":0}},"71":{"start":{"line":72,"column":0},"end":{"line":72,"column":53}},"72":{"start":{"line":73,"column":0},"end":{"line":73,"column":1}}},"s":{"0":1,"1":1,"2":1,"3":15,"4":15,"5":15,"6":15,"7":15,"8":15,"9":15,"10":15,"11":15,"12":15,"13":15,"14":1,"15":1,"16":1,"17":1,"18":1,"19":1,"20":1,"21":1,"22":1,"23":4,"24":4,"25":1,"26":1,"27":1,"28":1,"29":2,"30":2,"31":1,"32":1,"33":1,"34":1,"35":2,"36":2,"37":1,"38":1,"39":1,"40":1,"41":2,"42":2,"43":1,"44":1,"45":1,"46":1,"47":3,"48":3,"49":1,"50":1,"51":1,"52":7,"53":7,"54":7,"55":7,"56":2,"57":2,"58":5,"59":7,"60":1,"61":1,"62":4,"63":7,"64":1,"65":1,"66":3,"67":7,"68":1,"69":1,"70":2,"71":2,"72":2},"branchMap":{"0":{"type":"branch","line":3,"loc":{"start":{"line":3,"column":42},"end":{"line":14,"column":1}},"locations":[{"start":{"line":3,"column":42},"end":{"line":14,"column":1}}]},"1":{"type":"branch","line":7,"loc":{"start":{"line":7,"column":2},"end":{"line":13,"column":3}},"locations":[{"start":{"line":7,"column":2},"end":{"line":13,"column":3}}]},"2":{"type":"branch","line":17,"loc":{"start":{"line":17,"column":2},"end":{"line":19,"column":3}},"locations":[{"start":{"line":17,"column":2},"end":{"line":19,"column":3}}]},"3":{"type":"branch","line":23,"loc":{"start":{"line":23,"column":2},"end":{"line":25,"column":3}},"locations":[{"start":{"line":23,"column":2},"end":{"line":25,"column":3}}]},"4":{"type":"branch","line":29,"loc":{"start":{"line":29,"column":2},"end":{"line":31,"column":3}},"locations":[{"start":{"line":29,"column":2},"end":{"line":31,"column":3}}]},"5":{"type":"branch","line":35,"loc":{"start":{"line":35,"column":2},"end":{"line":37,"column":3}},"locations":[{"start":{"line":35,"column":2},"end":{"line":37,"column":3}}]},"6":{"type":"branch","line":41,"loc":{"start":{"line":41,"column":2},"end":{"line":43,"column":3}},"locations":[{"start":{"line":41,"column":2},"end":{"line":43,"column":3}}]},"7":{"type":"branch","line":47,"loc":{"start":{"line":47,"column":2},"end":{"line":49,"column":3}},"locations":[{"start":{"line":47,"column":2},"end":{"line":49,"column":3}}]},"8":{"type":"branch","line":52,"loc":{"start":{"line":52,"column":7},"end":{"line":73,"column":1}},"locations":[{"start":{"line":52,"column":7},"end":{"line":73,"column":1}}]},"9":{"type":"branch","line":53,"loc":{"start":{"line":53,"column":24},"end":{"line":53,"column":66}},"locations":[{"start":{"line":53,"column":24},"end":{"line":53,"column":66}}]},"10":{"type":"branch","line":54,"loc":{"start":{"line":54,"column":27},"end":{"line":54,"column":45}},"locations":[{"start":{"line":54,"column":27},"end":{"line":54,"column":45}}]},"11":{"type":"branch","line":56,"loc":{"start":{"line":56,"column":21},"end":{"line":56,"column":48}},"locations":[{"start":{"line":56,"column":21},"end":{"line":56,"column":48}}]},"12":{"type":"branch","line":56,"loc":{"start":{"line":56,"column":48},"end":{"line":58,"column":3}},"locations":[{"start":{"line":56,"column":48},"end":{"line":58,"column":3}}]},"13":{"type":"branch","line":58,"loc":{"start":{"line":58,"column":2},"end":{"line":60,"column":26}},"locations":[{"start":{"line":58,"column":2},"end":{"line":60,"column":26}}]},"14":{"type":"branch","line":60,"loc":{"start":{"line":60,"column":26},"end":{"line":62,"column":3}},"locations":[{"start":{"line":60,"column":26},"end":{"line":62,"column":3}}]},"15":{"type":"branch","line":62,"loc":{"start":{"line":62,"column":2},"end":{"line":64,"column":26}},"locations":[{"start":{"line":62,"column":2},"end":{"line":64,"column":26}}]},"16":{"type":"branch","line":64,"loc":{"start":{"line":64,"column":26},"end":{"line":66,"column":3}},"locations":[{"start":{"line":64,"column":26},"end":{"line":66,"column":3}}]},"17":{"type":"branch","line":66,"loc":{"start":{"line":66,"column":2},"end":{"line":68,"column":26}},"locations":[{"start":{"line":66,"column":2},"end":{"line":68,"column":26}}]},"18":{"type":"branch","line":68,"loc":{"start":{"line":68,"column":26},"end":{"line":70,"column":3}},"locations":[{"start":{"line":68,"column":26},"end":{"line":70,"column":3}}]},"19":{"type":"branch","line":70,"loc":{"start":{"line":70,"column":2},"end":{"line":73,"column":1}},"locations":[{"start":{"line":70,"column":2},"end":{"line":73,"column":1}}]}},"b":{"0":[15],"1":[15],"2":[1],"3":[4],"4":[2],"5":[2],"6":[2],"7":[3],"8":[7],"9":[0],"10":[1],"11":[6],"12":[2],"13":[5],"14":[1],"15":[4],"16":[1],"17":[3],"18":[1],"19":[2]},"fnMap":{"0":{"name":"<instance_members_initializer>","decl":{"start":{"line":3,"column":42},"end":{"line":14,"column":1}},"loc":{"start":{"line":3,"column":42},"end":{"line":14,"column":1}},"line":3},"1":{"name":"InstallerError","decl":{"start":{"line":7,"column":2},"end":{"line":13,"column":3}},"loc":{"start":{"line":7,"column":2},"end":{"line":13,"column":3}},"line":7},"2":{"name":"ValidationError","decl":{"start":{"line":17,"column":2},"end":{"line":19,"column":3}},"loc":{"start":{"line":17,"column":2},"end":{"line":19,"column":3}},"line":17},"3":{"name":"AuthenticationError","decl":{"start":{"line":23,"column":2},"end":{"line":25,"column":3}},"loc":{"start":{"line":23,"column":2},"end":{"line":25,"column":3}},"line":23},"4":{"name":"NotFoundError","decl":{"start":{"line":29,"column":2},"end":{"line":31,"column":3}},"loc":{"start":{"line":29,"column":2},"end":{"line":31,"column":3}},"line":29},"5":{"name":"ResourceConflictError","decl":{"start":{"line":35,"column":2},"end":{"line":37,"column":3}},"loc":{"start":{"line":35,"column":2},"end":{"line":37,"column":3}},"line":35},"6":{"name":"QuotaExceededError","decl":{"start":{"line":41,"column":2},"end":{"line":43,"column":3}},"loc":{"start":{"line":41,"column":2},"end":{"line":43,"column":3}},"line":41},"7":{"name":"CloudflareAPIError","decl":{"start":{"line":47,"column":2},"end":{"line":49,"column":3}},"loc":{"start":{"line":47,"column":2},"end":{"line":49,"column":3}},"line":47},"8":{"name":"mapCloudflareError","decl":{"start":{"line":52,"column":7},"end":{"line":73,"column":1}},"loc":{"start":{"line":52,"column":7},"end":{"line":73,"column":1}},"line":52}},"f":{"0":15,"1":15,"2":1,"3":4,"4":2,"5":2,"6":2,"7":3,"8":7}}
,"D:\\Code\\Multi_Channel_Integration_System\\web-installer\\backend\\src\\utils\\validation.ts": {"path":"D:\\Code\\Multi_Channel_Integration_System\\web-installer\\backend\\src\\utils\\validation.ts","all":false,"statementMap":{"0":{"start":{"line":1,"column":0},"end":{"line":1,"column":37}},"1":{"start":{"line":2,"column":0},"end":{"line":2,"column":33}},"2":{"start":{"line":3,"column":0},"end":{"line":3,"column":21}},"3":{"start":{"line":4,"column":0},"end":{"line":4,"column":19}},"4":{"start":{"line":5,"column":0},"end":{"line":5,"column":21}},"5":{"start":{"line":6,"column":0},"end":{"line":6,"column":21}},"6":{"start":{"line":7,"column":0},"end":{"line":7,"column":38}},"7":{"start":{"line":8,"column":0},"end":{"line":8,"column":19}},"8":{"start":{"line":9,"column":0},"end":{"line":9,"column":1}},"9":{"start":{"line":10,"column":0},"end":{"line":10,"column":0}},"10":{"start":{"line":11,"column":0},"end":{"line":11,"column":34}},"11":{"start":{"line":12,"column":0},"end":{"line":12,"column":32}},"12":{"start":{"line":13,"column":0},"end":{"line":13,"column":1}},"13":{"start":{"line":14,"column":0},"end":{"line":14,"column":0}},"14":{"start":{"line":15,"column":0},"end":{"line":15,"column":34}},"15":{"start":{"line":16,"column":0},"end":{"line":16,"column":16}},"16":{"start":{"line":17,"column":0},"end":{"line":17,"column":18}},"17":{"start":{"line":18,"column":0},"end":{"line":18,"column":1}},"18":{"start":{"line":19,"column":0},"end":{"line":19,"column":0}},"19":{"start":{"line":20,"column":0},"end":{"line":20,"column":49}},"20":{"start":{"line":21,"column":0},"end":{"line":21,"column":16}},"21":{"start":{"line":22,"column":0},"end":{"line":22,"column":19}},"22":{"start":{"line":23,"column":0},"end":{"line":23,"column":33}},"23":{"start":{"line":24,"column":0},"end":{"line":24,"column":97}},"24":{"start":{"line":25,"column":0},"end":{"line":25,"column":4}},"25":{"start":{"line":26,"column":0},"end":{"line":26,"column":15}},"26":{"start":{"line":27,"column":0},"end":{"line":27,"column":19}},"27":{"start":{"line":28,"column":0},"end":{"line":28,"column":42}},"28":{"start":{"line":29,"column":0},"end":{"line":29,"column":49}},"29":{"start":{"line":30,"column":0},"end":{"line":30,"column":4}},"30":{"start":{"line":31,"column":0},"end":{"line":31,"column":17}},"31":{"start":{"line":32,"column":0},"end":{"line":32,"column":20}},"32":{"start":{"line":33,"column":0},"end":{"line":33,"column":60}},"33":{"start":{"line":34,"column":0},"end":{"line":34,"column":70}},"34":{"start":{"line":35,"column":0},"end":{"line":35,"column":3}},"35":{"start":{"line":36,"column":0},"end":{"line":36,"column":2}},"36":{"start":{"line":37,"column":0},"end":{"line":37,"column":0}},"37":{"start":{"line":38,"column":0},"end":{"line":38,"column":30}},"38":{"start":{"line":39,"column":0},"end":{"line":39,"column":20}},"39":{"start":{"line":40,"column":0},"end":{"line":40,"column":16}},"40":{"start":{"line":41,"column":0},"end":{"line":41,"column":24}},"41":{"start":{"line":42,"column":0},"end":{"line":42,"column":27}},"42":{"start":{"line":43,"column":0},"end":{"line":43,"column":32}},"43":{"start":{"line":44,"column":0},"end":{"line":44,"column":0}},"44":{"start":{"line":45,"column":0},"end":{"line":45,"column":14}},"45":{"start":{"line":46,"column":0},"end":{"line":46,"column":16}},"46":{"start":{"line":47,"column":0},"end":{"line":47,"column":3}},"47":{"start":{"line":48,"column":0},"end":{"line":48,"column":0}},"48":{"start":{"line":49,"column":0},"end":{"line":49,"column":19}},"49":{"start":{"line":50,"column":0},"end":{"line":50,"column":39}},"50":{"start":{"line":51,"column":0},"end":{"line":51,"column":12}},"51":{"start":{"line":52,"column":0},"end":{"line":52,"column":23}},"52":{"start":{"line":53,"column":0},"end":{"line":53,"column":41}},"53":{"start":{"line":54,"column":0},"end":{"line":54,"column":6}},"54":{"start":{"line":55,"column":0},"end":{"line":55,"column":3}},"55":{"start":{"line":56,"column":0},"end":{"line":56,"column":0}},"56":{"start":{"line":57,"column":0},"end":{"line":57,"column":46}},"57":{"start":{"line":58,"column":0},"end":{"line":58,"column":66}},"58":{"start":{"line":59,"column":0},"end":{"line":59,"column":12}},"59":{"start":{"line":60,"column":0},"end":{"line":60,"column":23}},"60":{"start":{"line":61,"column":0},"end":{"line":61,"column":56}},"61":{"start":{"line":62,"column":0},"end":{"line":62,"column":6}},"62":{"start":{"line":63,"column":0},"end":{"line":63,"column":3}},"63":{"start":{"line":64,"column":0},"end":{"line":64,"column":0}},"64":{"start":{"line":65,"column":0},"end":{"line":65,"column":20}},"65":{"start":{"line":66,"column":0},"end":{"line":66,"column":56}},"66":{"start":{"line":67,"column":0},"end":{"line":67,"column":12}},"67":{"start":{"line":68,"column":0},"end":{"line":68,"column":23}},"68":{"start":{"line":69,"column":0},"end":{"line":69,"column":75}},"69":{"start":{"line":70,"column":0},"end":{"line":70,"column":6}},"70":{"start":{"line":71,"column":0},"end":{"line":71,"column":3}},"71":{"start":{"line":72,"column":0},"end":{"line":72,"column":0}},"72":{"start":{"line":73,"column":0},"end":{"line":73,"column":20}},"73":{"start":{"line":74,"column":0},"end":{"line":74,"column":56}},"74":{"start":{"line":75,"column":0},"end":{"line":75,"column":12}},"75":{"start":{"line":76,"column":0},"end":{"line":76,"column":23}},"76":{"start":{"line":77,"column":0},"end":{"line":77,"column":74}},"77":{"start":{"line":78,"column":0},"end":{"line":78,"column":6}},"78":{"start":{"line":79,"column":0},"end":{"line":79,"column":3}},"79":{"start":{"line":80,"column":0},"end":{"line":80,"column":0}},"80":{"start":{"line":81,"column":0},"end":{"line":81,"column":22}},"81":{"start":{"line":82,"column":0},"end":{"line":82,"column":43}},"82":{"start":{"line":83,"column":0},"end":{"line":83,"column":12}},"83":{"start":{"line":84,"column":0},"end":{"line":84,"column":23}},"84":{"start":{"line":85,"column":0},"end":{"line":85,"column":56}},"85":{"start":{"line":86,"column":0},"end":{"line":86,"column":6}},"86":{"start":{"line":87,"column":0},"end":{"line":87,"column":3}},"87":{"start":{"line":88,"column":0},"end":{"line":88,"column":0}},"88":{"start":{"line":89,"column":0},"end":{"line":89,"column":14}},"89":{"start":{"line":90,"column":0},"end":{"line":90,"column":1}},"90":{"start":{"line":91,"column":0},"end":{"line":91,"column":0}},"91":{"start":{"line":92,"column":0},"end":{"line":92,"column":28}},"92":{"start":{"line":93,"column":0},"end":{"line":93,"column":31}},"93":{"start":{"line":94,"column":0},"end":{"line":94,"column":24}},"94":{"start":{"line":95,"column":0},"end":{"line":95,"column":22}},"95":{"start":{"line":96,"column":0},"end":{"line":96,"column":39}},"96":{"start":{"line":97,"column":0},"end":{"line":97,"column":0}},"97":{"start":{"line":98,"column":0},"end":{"line":98,"column":34}},"98":{"start":{"line":99,"column":0},"end":{"line":99,"column":40}},"99":{"start":{"line":100,"column":0},"end":{"line":100,"column":57}},"100":{"start":{"line":101,"column":0},"end":{"line":101,"column":0}},"101":{"start":{"line":102,"column":0},"end":{"line":102,"column":16}},"102":{"start":{"line":103,"column":0},"end":{"line":103,"column":25}},"103":{"start":{"line":104,"column":0},"end":{"line":104,"column":5}},"104":{"start":{"line":105,"column":0},"end":{"line":105,"column":3}},"105":{"start":{"line":106,"column":0},"end":{"line":106,"column":0}},"106":{"start":{"line":107,"column":0},"end":{"line":107,"column":16}},"107":{"start":{"line":108,"column":0},"end":{"line":108,"column":1}}},"s":{"0":1,"1":1,"2":1,"3":1,"4":1,"5":1,"6":1,"7":1,"8":1,"9":1,"10":1,"11":1,"12":1,"13":1,"14":1,"15":1,"16":1,"17":1,"18":1,"19":1,"20":1,"21":1,"22":1,"23":1,"24":1,"25":1,"26":1,"27":1,"28":1,"29":1,"30":1,"31":1,"32":1,"33":1,"34":1,"35":1,"36":1,"37":1,"38":19,"39":19,"40":19,"41":19,"42":19,"43":19,"44":19,"45":0,"46":0,"47":19,"48":19,"49":19,"50":1,"51":1,"52":1,"53":1,"54":1,"55":18,"56":18,"57":19,"58":8,"59":8,"60":8,"61":8,"62":8,"63":10,"64":10,"65":19,"66":0,"67":0,"68":0,"69":0,"70":0,"71":10,"72":10,"73":19,"74":0,"75":0,"76":0,"77":0,"78":0,"79":10,"80":10,"81":19,"82":0,"83":0,"84":0,"85":0,"86":0,"87":10,"88":10,"89":10,"90":1,"91":1,"92":3,"93":3,"94":3,"95":3,"96":3,"97":3,"98":9,"99":9,"100":9,"101":9,"102":3,"103":3,"104":9,"105":3,"106":3,"107":3},"branchMap":{"0":{"type":"branch","line":38,"loc":{"start":{"line":38,"column":7},"end":{"line":90,"column":1}},"locations":[{"start":{"line":38,"column":7},"end":{"line":90,"column":1}}]},"1":{"type":"branch","line":45,"loc":{"start":{"line":45,"column":13},"end":{"line":47,"column":3}},"locations":[{"start":{"line":45,"column":13},"end":{"line":47,"column":3}}]},"2":{"type":"branch","line":50,"loc":{"start":{"line":50,"column":11},"end":{"line":50,"column":38}},"locations":[{"start":{"line":50,"column":11},"end":{"line":50,"column":38}}]},"3":{"type":"branch","line":50,"loc":{"start":{"line":50,"column":38},"end":{"line":55,"column":3}},"locations":[{"start":{"line":50,"column":38},"end":{"line":55,"column":3}}]},"4":{"type":"branch","line":55,"loc":{"start":{"line":55,"column":2},"end":{"line":58,"column":22}},"locations":[{"start":{"line":55,"column":2},"end":{"line":58,"column":22}}]},"5":{"type":"branch","line":58,"loc":{"start":{"line":58,"column":17},"end":{"line":58,"column":38}},"locations":[{"start":{"line":58,"column":17},"end":{"line":58,"column":38}}]},"6":{"type":"branch","line":58,"loc":{"start":{"line":58,"column":27},"end":{"line":58,"column":65}},"locations":[{"start":{"line":58,"column":27},"end":{"line":58,"column":65}}]},"7":{"type":"branch","line":58,"loc":{"start":{"line":58,"column":65},"end":{"line":63,"column":3}},"locations":[{"start":{"line":58,"column":65},"end":{"line":63,"column":3}}]},"8":{"type":"branch","line":61,"loc":{"start":{"line":61,"column":20},"end":{"line":61,"column":56}},"locations":[{"start":{"line":61,"column":20},"end":{"line":61,"column":56}}]},"9":{"type":"branch","line":63,"loc":{"start":{"line":63,"column":2},"end":{"line":66,"column":24}},"locations":[{"start":{"line":63,"column":2},"end":{"line":66,"column":24}}]},"10":{"type":"branch","line":66,"loc":{"start":{"line":66,"column":11},"end":{"line":66,"column":55}},"locations":[{"start":{"line":66,"column":11},"end":{"line":66,"column":55}}]},"11":{"type":"branch","line":66,"loc":{"start":{"line":66,"column":55},"end":{"line":71,"column":3}},"locations":[{"start":{"line":66,"column":55},"end":{"line":71,"column":3}}]},"12":{"type":"branch","line":71,"loc":{"start":{"line":71,"column":2},"end":{"line":74,"column":24}},"locations":[{"start":{"line":71,"column":2},"end":{"line":74,"column":24}}]},"13":{"type":"branch","line":74,"loc":{"start":{"line":74,"column":11},"end":{"line":74,"column":55}},"locations":[{"start":{"line":74,"column":11},"end":{"line":74,"column":55}}]},"14":{"type":"branch","line":74,"loc":{"start":{"line":74,"column":55},"end":{"line":79,"column":3}},"locations":[{"start":{"line":74,"column":55},"end":{"line":79,"column":3}}]},"15":{"type":"branch","line":79,"loc":{"start":{"line":79,"column":2},"end":{"line":82,"column":21}},"locations":[{"start":{"line":79,"column":2},"end":{"line":82,"column":21}}]},"16":{"type":"branch","line":82,"loc":{"start":{"line":82,"column":11},"end":{"line":82,"column":42}},"locations":[{"start":{"line":82,"column":11},"end":{"line":82,"column":42}}]},"17":{"type":"branch","line":82,"loc":{"start":{"line":82,"column":42},"end":{"line":87,"column":3}},"locations":[{"start":{"line":82,"column":42},"end":{"line":87,"column":3}}]},"18":{"type":"branch","line":87,"loc":{"start":{"line":87,"column":2},"end":{"line":90,"column":1}},"locations":[{"start":{"line":87,"column":2},"end":{"line":90,"column":1}}]},"19":{"type":"branch","line":92,"loc":{"start":{"line":92,"column":7},"end":{"line":108,"column":1}},"locations":[{"start":{"line":92,"column":7},"end":{"line":108,"column":1}}]},"20":{"type":"branch","line":98,"loc":{"start":{"line":98,"column":33},"end":{"line":105,"column":3}},"locations":[{"start":{"line":98,"column":33},"end":{"line":105,"column":3}}]},"21":{"type":"branch","line":99,"loc":{"start":{"line":99,"column":32},"end":{"line":99,"column":40}},"locations":[{"start":{"line":99,"column":32},"end":{"line":99,"column":40}}]},"22":{"type":"branch","line":102,"loc":{"start":{"line":102,"column":15},"end":{"line":104,"column":5}},"locations":[{"start":{"line":102,"column":15},"end":{"line":104,"column":5}}]}},"b":{"0":[19],"1":[0],"2":[13],"3":[1],"4":[18],"5":[16],"6":[16],"7":[8],"8":[0],"9":[10],"10":[0],"11":[0],"12":[10],"13":[0],"14":[0],"15":[10],"16":[0],"17":[0],"18":[10],"19":[3],"20":[9],"21":[1],"22":[3]},"fnMap":{"0":{"name":"validateField","decl":{"start":{"line":38,"column":7},"end":{"line":90,"column":1}},"loc":{"start":{"line":38,"column":7},"end":{"line":90,"column":1}},"line":38},"1":{"name":"validateAll","decl":{"start":{"line":92,"column":7},"end":{"line":108,"column":1}},"loc":{"start":{"line":92,"column":7},"end":{"line":108,"column":1}},"line":92}},"f":{"0":19,"1":3}}
}
