{"C:\\Code\\Multi-Channel-Integration-System\\web-installer\\backend\\src\\index.ts": {"path":"C:\\Code\\Multi-Channel-Integration-System\\web-installer\\backend\\src\\index.ts","all":true,"statementMap":{"6":{"start":{"line":7,"column":0},"end":{"line":7,"column":28}},"7":{"start":{"line":8,"column":0},"end":{"line":8,"column":33}},"8":{"start":{"line":9,"column":0},"end":{"line":9,"column":37}},"9":{"start":{"line":10,"column":0},"end":{"line":10,"column":41}},"10":{"start":{"line":11,"column":0},"end":{"line":11,"column":51}},"11":{"start":{"line":12,"column":0},"end":{"line":12,"column":82}},"15":{"start":{"line":16,"column":0},"end":{"line":16,"column":42}},"22":{"start":{"line":23,"column":0},"end":{"line":23,"column":33}},"23":{"start":{"line":24,"column":0},"end":{"line":24,"column":43}},"24":{"start":{"line":25,"column":0},"end":{"line":25,"column":29}},"25":{"start":{"line":26,"column":0},"end":{"line":26,"column":3}},"26":{"start":{"line":27,"column":0},"end":{"line":27,"column":15}},"27":{"start":{"line":28,"column":0},"end":{"line":28,"column":3}},"30":{"start":{"line":31,"column":0},"end":{"line":31,"column":19}},"31":{"start":{"line":32,"column":0},"end":{"line":32,"column":23}},"33":{"start":{"line":34,"column":0},"end":{"line":34,"column":71}},"34":{"start":{"line":35,"column":0},"end":{"line":35,"column":20}},"35":{"start":{"line":36,"column":0},"end":{"line":36,"column":5}},"37":{"start":{"line":38,"column":0},"end":{"line":38,"column":40}},"38":{"start":{"line":39,"column":0},"end":{"line":39,"column":20}},"39":{"start":{"line":40,"column":0},"end":{"line":40,"column":5}},"41":{"start":{"line":42,"column":0},"end":{"line":42,"column":18}},"42":{"start":{"line":43,"column":0},"end":{"line":43,"column":4}},"43":{"start":{"line":44,"column":0},"end":{"line":44,"column":60}},"44":{"start":{"line":45,"column":0},"end":{"line":45,"column":50}},"45":{"start":{"line":46,"column":0},"end":{"line":46,"column":36}},"46":{"start":{"line":47,"column":0},"end":{"line":47,"column":14}},"47":{"start":{"line":48,"column":0},"end":{"line":48,"column":19}},"48":{"start":{"line":49,"column":0},"end":{"line":49,"column":4}},"55":{"start":{"line":56,"column":0},"end":{"line":56,"column":21}},"56":{"start":{"line":57,"column":0},"end":{"line":57,"column":17}},"57":{"start":{"line":58,"column":0},"end":{"line":58,"column":30}},"58":{"start":{"line":59,"column":0},"end":{"line":59,"column":21}},"59":{"start":{"line":60,"column":0},"end":{"line":60,"column":71}},"60":{"start":{"line":61,"column":0},"end":{"line":61,"column":26}},"61":{"start":{"line":62,"column":0},"end":{"line":62,"column":16}},"62":{"start":{"line":63,"column":0},"end":{"line":63,"column":24}},"63":{"start":{"line":64,"column":0},"end":{"line":64,"column":14}},"64":{"start":{"line":65,"column":0},"end":{"line":65,"column":38}},"65":{"start":{"line":66,"column":0},"end":{"line":66,"column":35}},"66":{"start":{"line":67,"column":0},"end":{"line":67,"column":8}},"67":{"start":{"line":68,"column":0},"end":{"line":68,"column":19}},"68":{"start":{"line":69,"column":0},"end":{"line":69,"column":35}},"69":{"start":{"line":70,"column":0},"end":{"line":70,"column":50}},"70":{"start":{"line":71,"column":0},"end":{"line":71,"column":50}},"71":{"start":{"line":72,"column":0},"end":{"line":72,"column":49}},"72":{"start":{"line":73,"column":0},"end":{"line":73,"column":7}},"73":{"start":{"line":74,"column":0},"end":{"line":74,"column":6}},"74":{"start":{"line":75,"column":0},"end":{"line":75,"column":60}},"75":{"start":{"line":76,"column":0},"end":{"line":76,"column":38}},"76":{"start":{"line":77,"column":0},"end":{"line":77,"column":5}},"77":{"start":{"line":78,"column":0},"end":{"line":78,"column":3}},"80":{"start":{"line":81,"column":0},"end":{"line":81,"column":33}},"83":{"start":{"line":84,"column":0},"end":{"line":84,"column":33}},"90":{"start":{"line":91,"column":0},"end":{"line":91,"column":21}},"91":{"start":{"line":92,"column":0},"end":{"line":92,"column":17}},"92":{"start":{"line":93,"column":0},"end":{"line":93,"column":23}},"93":{"start":{"line":94,"column":0},"end":{"line":94,"column":53}},"94":{"start":{"line":95,"column":0},"end":{"line":95,"column":20}},"95":{"start":{"line":96,"column":0},"end":{"line":96,"column":10}},"96":{"start":{"line":97,"column":0},"end":{"line":97,"column":3}},"99":{"start":{"line":100,"column":0},"end":{"line":100,"column":25}},"100":{"start":{"line":101,"column":0},"end":{"line":101,"column":38}},"103":{"start":{"line":104,"column":0},"end":{"line":104,"column":43}},"104":{"start":{"line":105,"column":0},"end":{"line":105,"column":19}},"105":{"start":{"line":106,"column":0},"end":{"line":106,"column":37}},"106":{"start":{"line":107,"column":0},"end":{"line":107,"column":62}},"107":{"start":{"line":108,"column":0},"end":{"line":108,"column":12}},"108":{"start":{"line":109,"column":0},"end":{"line":109,"column":3}},"110":{"start":{"line":111,"column":0},"end":{"line":111,"column":17}},"111":{"start":{"line":112,"column":0},"end":{"line":112,"column":35}},"112":{"start":{"line":113,"column":0},"end":{"line":113,"column":25}},"113":{"start":{"line":114,"column":0},"end":{"line":114,"column":20}},"114":{"start":{"line":115,"column":0},"end":{"line":115,"column":10}},"115":{"start":{"line":116,"column":0},"end":{"line":116,"column":3}},"122":{"start":{"line":123,"column":0},"end":{"line":123,"column":16}},"123":{"start":{"line":124,"column":0},"end":{"line":124,"column":18}},"124":{"start":{"line":125,"column":0},"end":{"line":125,"column":2}}},"s":{"6":0,"7":0,"8":0,"9":0,"10":0,"11":0,"15":0,"22":0,"23":0,"24":0,"25":0,"26":0,"27":0,"30":0,"31":0,"33":0,"34":0,"35":0,"37":0,"38":0,"39":0,"41":0,"42":0,"43":0,"44":0,"45":0,"46":0,"47":0,"48":0,"55":0,"56":0,"57":0,"58":0,"59":0,"60":0,"61":0,"62":0,"63":0,"64":0,"65":0,"66":0,"67":0,"68":0,"69":0,"70":0,"71":0,"72":0,"73":0,"74":0,"75":0,"76":0,"77":0,"80":0,"83":0,"90":0,"91":0,"92":0,"93":0,"94":0,"95":0,"96":0,"99":0,"100":0,"103":0,"104":0,"105":0,"106":0,"107":0,"108":0,"110":0,"111":0,"112":0,"113":0,"114":0,"115":0,"122":0,"123":0,"124":0},"branchMap":{"0":{"type":"branch","line":1,"loc":{"start":{"line":1,"column":3388},"end":{"line":128,"column":34}},"locations":[{"start":{"line":1,"column":3388},"end":{"line":128,"column":34}}]}},"b":{"0":[1]},"fnMap":{"0":{"name":"(empty-report)","decl":{"start":{"line":1,"column":3388},"end":{"line":128,"column":34}},"loc":{"start":{"line":1,"column":3388},"end":{"line":128,"column":34}},"line":1}},"f":{"0":1}}
,"C:\\Code\\Multi-Channel-Integration-System\\web-installer\\backend\\src\\durable-objects\\DeploymentOrchestrator.ts": {"path":"C:\\Code\\Multi-Channel-Integration-System\\web-installer\\backend\\src\\durable-objects\\DeploymentOrchestrator.ts","all":true,"statementMap":{"7":{"start":{"line":8,"column":0},"end":{"line":8,"column":58}},"8":{"start":{"line":9,"column":0},"end":{"line":9,"column":62}},"9":{"start":{"line":10,"column":0},"end":{"line":10,"column":62}},"10":{"start":{"line":11,"column":0},"end":{"line":11,"column":56}},"11":{"start":{"line":12,"column":0},"end":{"line":12,"column":62}},"12":{"start":{"line":13,"column":0},"end":{"line":13,"column":70}},"13":{"start":{"line":14,"column":0},"end":{"line":14,"column":74}},"14":{"start":{"line":15,"column":0},"end":{"line":15,"column":8}},"34":{"start":{"line":35,"column":0},"end":{"line":35,"column":62}},"35":{"start":{"line":36,"column":0},"end":{"line":36,"column":36}},"36":{"start":{"line":37,"column":0},"end":{"line":37,"column":57}},"37":{"start":{"line":38,"column":0},"end":{"line":38,"column":71}},"40":{"start":{"line":41,"column":0},"end":{"line":41,"column":30}},"41":{"start":{"line":42,"column":0},"end":{"line":42,"column":44}},"42":{"start":{"line":43,"column":0},"end":{"line":43,"column":44}},"43":{"start":{"line":44,"column":0},"end":{"line":44,"column":38}},"44":{"start":{"line":45,"column":0},"end":{"line":45,"column":44}},"45":{"start":{"line":46,"column":0},"end":{"line":46,"column":52}},"46":{"start":{"line":47,"column":0},"end":{"line":47,"column":56}},"49":{"start":{"line":50,"column":0},"end":{"line":50,"column":74}},"52":{"start":{"line":53,"column":0},"end":{"line":53,"column":47}},"54":{"start":{"line":55,"column":0},"end":{"line":55,"column":52}},"55":{"start":{"line":56,"column":0},"end":{"line":56,"column":23}},"56":{"start":{"line":57,"column":0},"end":{"line":57,"column":33}},"57":{"start":{"line":58,"column":0},"end":{"line":58,"column":3}},"62":{"start":{"line":63,"column":0},"end":{"line":63,"column":46}},"65":{"start":{"line":66,"column":0},"end":{"line":66,"column":3}},"70":{"start":{"line":71,"column":0},"end":{"line":71,"column":52}},"71":{"start":{"line":72,"column":0},"end":{"line":72,"column":37}},"72":{"start":{"line":73,"column":0},"end":{"line":73,"column":30}},"74":{"start":{"line":75,"column":0},"end":{"line":75,"column":9}},"76":{"start":{"line":77,"column":0},"end":{"line":77,"column":60}},"77":{"start":{"line":78,"column":0},"end":{"line":78,"column":62}},"78":{"start":{"line":79,"column":0},"end":{"line":79,"column":50}},"79":{"start":{"line":80,"column":0},"end":{"line":80,"column":7}},"82":{"start":{"line":83,"column":0},"end":{"line":83,"column":59}},"83":{"start":{"line":84,"column":0},"end":{"line":84,"column":38}},"84":{"start":{"line":85,"column":0},"end":{"line":85,"column":7}},"87":{"start":{"line":88,"column":0},"end":{"line":88,"column":59}},"88":{"start":{"line":89,"column":0},"end":{"line":89,"column":38}},"89":{"start":{"line":90,"column":0},"end":{"line":90,"column":7}},"92":{"start":{"line":93,"column":0},"end":{"line":93,"column":60}},"93":{"start":{"line":94,"column":0},"end":{"line":94,"column":45}},"94":{"start":{"line":95,"column":0},"end":{"line":95,"column":7}},"96":{"start":{"line":97,"column":0},"end":{"line":97,"column":56}},"97":{"start":{"line":98,"column":0},"end":{"line":98,"column":21}},"98":{"start":{"line":99,"column":0},"end":{"line":99,"column":26}},"99":{"start":{"line":100,"column":0},"end":{"line":100,"column":92}},"100":{"start":{"line":101,"column":0},"end":{"line":101,"column":72}},"101":{"start":{"line":102,"column":0},"end":{"line":102,"column":8}},"102":{"start":{"line":103,"column":0},"end":{"line":103,"column":5}},"103":{"start":{"line":104,"column":0},"end":{"line":104,"column":3}},"108":{"start":{"line":109,"column":0},"end":{"line":109,"column":78}},"110":{"start":{"line":111,"column":0},"end":{"line":111,"column":34}},"111":{"start":{"line":112,"column":0},"end":{"line":112,"column":34}},"112":{"start":{"line":113,"column":0},"end":{"line":113,"column":33}},"113":{"start":{"line":114,"column":0},"end":{"line":114,"column":7}},"115":{"start":{"line":116,"column":0},"end":{"line":116,"column":57}},"116":{"start":{"line":117,"column":0},"end":{"line":117,"column":49}},"117":{"start":{"line":118,"column":0},"end":{"line":118,"column":42}},"118":{"start":{"line":119,"column":0},"end":{"line":119,"column":47}},"119":{"start":{"line":120,"column":0},"end":{"line":120,"column":62}},"120":{"start":{"line":121,"column":0},"end":{"line":121,"column":7}},"121":{"start":{"line":122,"column":0},"end":{"line":122,"column":57}},"122":{"start":{"line":123,"column":0},"end":{"line":123,"column":57}},"123":{"start":{"line":124,"column":0},"end":{"line":124,"column":61}},"126":{"start":{"line":127,"column":0},"end":{"line":127,"column":71}},"129":{"start":{"line":130,"column":0},"end":{"line":130,"column":45}},"130":{"start":{"line":131,"column":0},"end":{"line":131,"column":28}},"131":{"start":{"line":132,"column":0},"end":{"line":132,"column":19}},"132":{"start":{"line":133,"column":0},"end":{"line":133,"column":13}},"133":{"start":{"line":134,"column":0},"end":{"line":134,"column":44}},"134":{"start":{"line":135,"column":0},"end":{"line":135,"column":50}},"135":{"start":{"line":136,"column":0},"end":{"line":136,"column":29}},"136":{"start":{"line":137,"column":0},"end":{"line":137,"column":23}},"137":{"start":{"line":138,"column":0},"end":{"line":138,"column":20}},"138":{"start":{"line":139,"column":0},"end":{"line":139,"column":15}},"139":{"start":{"line":140,"column":0},"end":{"line":140,"column":28}},"140":{"start":{"line":141,"column":0},"end":{"line":141,"column":27}},"141":{"start":{"line":142,"column":0},"end":{"line":142,"column":6}},"144":{"start":{"line":145,"column":0},"end":{"line":145,"column":74}},"147":{"start":{"line":148,"column":0},"end":{"line":148,"column":53}},"148":{"start":{"line":149,"column":0},"end":{"line":149,"column":46}},"149":{"start":{"line":150,"column":0},"end":{"line":150,"column":7}},"151":{"start":{"line":152,"column":0},"end":{"line":152,"column":24}},"152":{"start":{"line":153,"column":0},"end":{"line":153,"column":22}},"153":{"start":{"line":154,"column":0},"end":{"line":154,"column":22}},"154":{"start":{"line":155,"column":0},"end":{"line":155,"column":21}},"155":{"start":{"line":156,"column":0},"end":{"line":156,"column":37}},"156":{"start":{"line":157,"column":0},"end":{"line":157,"column":9}},"157":{"start":{"line":158,"column":0},"end":{"line":158,"column":70}},"158":{"start":{"line":159,"column":0},"end":{"line":159,"column":6}},"159":{"start":{"line":160,"column":0},"end":{"line":160,"column":3}},"164":{"start":{"line":165,"column":0},"end":{"line":165,"column":52}},"165":{"start":{"line":166,"column":0},"end":{"line":166,"column":38}},"167":{"start":{"line":168,"column":0},"end":{"line":168,"column":9}},"168":{"start":{"line":169,"column":0},"end":{"line":169,"column":50}},"169":{"start":{"line":170,"column":0},"end":{"line":170,"column":31}},"172":{"start":{"line":173,"column":0},"end":{"line":173,"column":68}},"173":{"start":{"line":174,"column":0},"end":{"line":174,"column":65}},"174":{"start":{"line":175,"column":0},"end":{"line":175,"column":80}},"175":{"start":{"line":176,"column":0},"end":{"line":176,"column":76}},"176":{"start":{"line":177,"column":0},"end":{"line":177,"column":65}},"177":{"start":{"line":178,"column":0},"end":{"line":178,"column":71}},"178":{"start":{"line":179,"column":0},"end":{"line":179,"column":75}},"179":{"start":{"line":180,"column":0},"end":{"line":180,"column":77}},"180":{"start":{"line":181,"column":0},"end":{"line":181,"column":73}},"181":{"start":{"line":182,"column":0},"end":{"line":182,"column":75}},"182":{"start":{"line":183,"column":0},"end":{"line":183,"column":71}},"185":{"start":{"line":186,"column":0},"end":{"line":186,"column":53}},"186":{"start":{"line":187,"column":0},"end":{"line":187,"column":81}},"187":{"start":{"line":188,"column":0},"end":{"line":188,"column":7}},"189":{"start":{"line":190,"column":0},"end":{"line":190,"column":71}},"190":{"start":{"line":191,"column":0},"end":{"line":191,"column":67}},"191":{"start":{"line":192,"column":0},"end":{"line":192,"column":73}},"192":{"start":{"line":193,"column":0},"end":{"line":193,"column":64}},"195":{"start":{"line":196,"column":0},"end":{"line":196,"column":48}},"196":{"start":{"line":197,"column":0},"end":{"line":197,"column":52}},"197":{"start":{"line":198,"column":0},"end":{"line":198,"column":31}},"199":{"start":{"line":200,"column":0},"end":{"line":200,"column":25}},"200":{"start":{"line":201,"column":0},"end":{"line":201,"column":25}},"201":{"start":{"line":202,"column":0},"end":{"line":202,"column":15}},"202":{"start":{"line":203,"column":0},"end":{"line":203,"column":58}},"203":{"start":{"line":204,"column":0},"end":{"line":204,"column":52}},"204":{"start":{"line":205,"column":0},"end":{"line":205,"column":70}},"205":{"start":{"line":206,"column":0},"end":{"line":206,"column":17}},"206":{"start":{"line":207,"column":0},"end":{"line":207,"column":68}},"207":{"start":{"line":208,"column":0},"end":{"line":208,"column":67}},"208":{"start":{"line":209,"column":0},"end":{"line":209,"column":11}},"209":{"start":{"line":210,"column":0},"end":{"line":210,"column":9}},"210":{"start":{"line":211,"column":0},"end":{"line":211,"column":9}},"212":{"start":{"line":213,"column":0},"end":{"line":213,"column":21}},"213":{"start":{"line":214,"column":0},"end":{"line":214,"column":46}},"214":{"start":{"line":215,"column":0},"end":{"line":215,"column":5}},"215":{"start":{"line":216,"column":0},"end":{"line":216,"column":3}},"220":{"start":{"line":221,"column":0},"end":{"line":221,"column":24}},"221":{"start":{"line":222,"column":0},"end":{"line":222,"column":29}},"222":{"start":{"line":223,"column":0},"end":{"line":223,"column":37}},"223":{"start":{"line":224,"column":0},"end":{"line":224,"column":20}},"224":{"start":{"line":225,"column":0},"end":{"line":225,"column":38}},"226":{"start":{"line":227,"column":0},"end":{"line":227,"column":59}},"227":{"start":{"line":228,"column":0},"end":{"line":228,"column":23}},"228":{"start":{"line":229,"column":0},"end":{"line":229,"column":39}},"230":{"start":{"line":231,"column":0},"end":{"line":231,"column":48}},"231":{"start":{"line":232,"column":0},"end":{"line":232,"column":49}},"232":{"start":{"line":233,"column":0},"end":{"line":233,"column":29}},"234":{"start":{"line":235,"column":0},"end":{"line":235,"column":65}},"236":{"start":{"line":237,"column":0},"end":{"line":237,"column":56}},"237":{"start":{"line":238,"column":0},"end":{"line":238,"column":11}},"239":{"start":{"line":240,"column":0},"end":{"line":240,"column":67}},"242":{"start":{"line":243,"column":0},"end":{"line":243,"column":55}},"243":{"start":{"line":244,"column":0},"end":{"line":244,"column":43}},"244":{"start":{"line":245,"column":0},"end":{"line":245,"column":33}},"246":{"start":{"line":247,"column":0},"end":{"line":247,"column":73}},"248":{"start":{"line":249,"column":0},"end":{"line":249,"column":27}},"249":{"start":{"line":250,"column":0},"end":{"line":250,"column":27}},"250":{"start":{"line":251,"column":0},"end":{"line":251,"column":17}},"251":{"start":{"line":252,"column":0},"end":{"line":252,"column":27}},"252":{"start":{"line":253,"column":0},"end":{"line":253,"column":30}},"253":{"start":{"line":254,"column":0},"end":{"line":254,"column":62}},"254":{"start":{"line":255,"column":0},"end":{"line":255,"column":59}},"255":{"start":{"line":256,"column":0},"end":{"line":256,"column":11}},"256":{"start":{"line":257,"column":0},"end":{"line":257,"column":11}},"258":{"start":{"line":259,"column":0},"end":{"line":259,"column":42}},"260":{"start":{"line":261,"column":0},"end":{"line":261,"column":23}},"261":{"start":{"line":262,"column":0},"end":{"line":262,"column":35}},"262":{"start":{"line":263,"column":0},"end":{"line":263,"column":21}},"264":{"start":{"line":265,"column":0},"end":{"line":265,"column":81}},"265":{"start":{"line":266,"column":0},"end":{"line":266,"column":130}},"266":{"start":{"line":267,"column":0},"end":{"line":267,"column":69}},"267":{"start":{"line":268,"column":0},"end":{"line":268,"column":16}},"269":{"start":{"line":270,"column":0},"end":{"line":270,"column":26}},"270":{"start":{"line":271,"column":0},"end":{"line":271,"column":9}},"271":{"start":{"line":272,"column":0},"end":{"line":272,"column":7}},"272":{"start":{"line":273,"column":0},"end":{"line":273,"column":5}},"275":{"start":{"line":276,"column":0},"end":{"line":276,"column":20}},"276":{"start":{"line":277,"column":0},"end":{"line":277,"column":3}},"281":{"start":{"line":282,"column":0},"end":{"line":282,"column":68}},"282":{"start":{"line":283,"column":0},"end":{"line":283,"column":38}},"284":{"start":{"line":285,"column":0},"end":{"line":285,"column":26}},"287":{"start":{"line":288,"column":0},"end":{"line":288,"column":76}},"288":{"start":{"line":289,"column":0},"end":{"line":289,"column":65}},"289":{"start":{"line":290,"column":0},"end":{"line":290,"column":44}},"290":{"start":{"line":291,"column":0},"end":{"line":291,"column":5}},"292":{"start":{"line":293,"column":0},"end":{"line":293,"column":70}},"293":{"start":{"line":294,"column":0},"end":{"line":294,"column":3}},"298":{"start":{"line":299,"column":0},"end":{"line":299,"column":70}},"299":{"start":{"line":300,"column":0},"end":{"line":300,"column":38}},"301":{"start":{"line":302,"column":0},"end":{"line":302,"column":82}},"302":{"start":{"line":303,"column":0},"end":{"line":303,"column":46}},"303":{"start":{"line":304,"column":0},"end":{"line":304,"column":32}},"304":{"start":{"line":305,"column":0},"end":{"line":305,"column":28}},"305":{"start":{"line":306,"column":0},"end":{"line":306,"column":45}},"306":{"start":{"line":307,"column":0},"end":{"line":307,"column":24}},"307":{"start":{"line":308,"column":0},"end":{"line":308,"column":6}},"309":{"start":{"line":310,"column":0},"end":{"line":310,"column":49}},"310":{"start":{"line":311,"column":0},"end":{"line":311,"column":49}},"311":{"start":{"line":312,"column":0},"end":{"line":312,"column":29}},"313":{"start":{"line":314,"column":0},"end":{"line":314,"column":60}},"315":{"start":{"line":316,"column":0},"end":{"line":316,"column":23}},"316":{"start":{"line":317,"column":0},"end":{"line":317,"column":20}},"317":{"start":{"line":318,"column":0},"end":{"line":318,"column":13}},"318":{"start":{"line":319,"column":0},"end":{"line":319,"column":31}},"319":{"start":{"line":320,"column":0},"end":{"line":320,"column":31}},"320":{"start":{"line":321,"column":0},"end":{"line":321,"column":7}},"321":{"start":{"line":322,"column":0},"end":{"line":322,"column":7}},"324":{"start":{"line":325,"column":0},"end":{"line":325,"column":9}},"325":{"start":{"line":326,"column":0},"end":{"line":326,"column":74}},"326":{"start":{"line":327,"column":0},"end":{"line":327,"column":61}},"327":{"start":{"line":328,"column":0},"end":{"line":328,"column":29}},"328":{"start":{"line":329,"column":0},"end":{"line":329,"column":114}},"329":{"start":{"line":330,"column":0},"end":{"line":330,"column":5}},"332":{"start":{"line":333,"column":0},"end":{"line":333,"column":9}},"333":{"start":{"line":334,"column":0},"end":{"line":334,"column":57}},"334":{"start":{"line":335,"column":0},"end":{"line":335,"column":47}},"335":{"start":{"line":336,"column":0},"end":{"line":336,"column":48}},"336":{"start":{"line":337,"column":0},"end":{"line":337,"column":20}},"337":{"start":{"line":338,"column":0},"end":{"line":338,"column":8}},"338":{"start":{"line":339,"column":0},"end":{"line":339,"column":26}},"339":{"start":{"line":340,"column":0},"end":{"line":340,"column":121}},"340":{"start":{"line":341,"column":0},"end":{"line":341,"column":5}},"342":{"start":{"line":343,"column":0},"end":{"line":343,"column":43}},"343":{"start":{"line":344,"column":0},"end":{"line":344,"column":29}},"344":{"start":{"line":345,"column":0},"end":{"line":345,"column":3}},"349":{"start":{"line":350,"column":0},"end":{"line":350,"column":48}},"350":{"start":{"line":351,"column":0},"end":{"line":351,"column":107}},"352":{"start":{"line":353,"column":0},"end":{"line":353,"column":17}},"353":{"start":{"line":354,"column":0},"end":{"line":354,"column":26}},"354":{"start":{"line":355,"column":0},"end":{"line":355,"column":57}},"355":{"start":{"line":356,"column":0},"end":{"line":356,"column":72}},"356":{"start":{"line":357,"column":0},"end":{"line":357,"column":8}},"357":{"start":{"line":358,"column":0},"end":{"line":358,"column":5}},"359":{"start":{"line":360,"column":0},"end":{"line":360,"column":24}},"360":{"start":{"line":361,"column":0},"end":{"line":361,"column":28}},"361":{"start":{"line":362,"column":0},"end":{"line":362,"column":70}},"362":{"start":{"line":363,"column":0},"end":{"line":363,"column":6}},"363":{"start":{"line":364,"column":0},"end":{"line":364,"column":3}},"368":{"start":{"line":369,"column":0},"end":{"line":369,"column":48}},"369":{"start":{"line":370,"column":0},"end":{"line":370,"column":57}},"370":{"start":{"line":371,"column":0},"end":{"line":371,"column":40}},"371":{"start":{"line":372,"column":0},"end":{"line":372,"column":38}},"374":{"start":{"line":375,"column":0},"end":{"line":375,"column":51}},"375":{"start":{"line":376,"column":0},"end":{"line":376,"column":36}},"378":{"start":{"line":379,"column":0},"end":{"line":379,"column":31}},"379":{"start":{"line":380,"column":0},"end":{"line":380,"column":25}},"380":{"start":{"line":381,"column":0},"end":{"line":381,"column":48}},"381":{"start":{"line":382,"column":0},"end":{"line":382,"column":25}},"382":{"start":{"line":383,"column":0},"end":{"line":383,"column":36}},"383":{"start":{"line":384,"column":0},"end":{"line":384,"column":17}},"384":{"start":{"line":385,"column":0},"end":{"line":385,"column":8}},"385":{"start":{"line":386,"column":0},"end":{"line":386,"column":5}},"387":{"start":{"line":388,"column":0},"end":{"line":388,"column":35}},"388":{"start":{"line":389,"column":0},"end":{"line":389,"column":16}},"389":{"start":{"line":390,"column":0},"end":{"line":390,"column":44}},"390":{"start":{"line":391,"column":0},"end":{"line":391,"column":36}},"391":{"start":{"line":392,"column":0},"end":{"line":392,"column":34}},"392":{"start":{"line":393,"column":0},"end":{"line":393,"column":7}},"393":{"start":{"line":394,"column":0},"end":{"line":394,"column":7}},"394":{"start":{"line":395,"column":0},"end":{"line":395,"column":3}},"399":{"start":{"line":400,"column":0},"end":{"line":400,"column":47}},"400":{"start":{"line":401,"column":0},"end":{"line":401,"column":38}},"401":{"start":{"line":402,"column":0},"end":{"line":402,"column":70}},"403":{"start":{"line":404,"column":0},"end":{"line":404,"column":45}},"404":{"start":{"line":405,"column":0},"end":{"line":405,"column":11}},"405":{"start":{"line":406,"column":0},"end":{"line":406,"column":42}},"406":{"start":{"line":407,"column":0},"end":{"line":407,"column":15}},"407":{"start":{"line":408,"column":0},"end":{"line":408,"column":43}},"408":{"start":{"line":409,"column":0},"end":{"line":409,"column":7}},"409":{"start":{"line":410,"column":0},"end":{"line":410,"column":7}},"410":{"start":{"line":411,"column":0},"end":{"line":411,"column":3}},"415":{"start":{"line":416,"column":0},"end":{"line":416,"column":55}},"416":{"start":{"line":417,"column":0},"end":{"line":417,"column":32}},"417":{"start":{"line":418,"column":0},"end":{"line":418,"column":26}},"418":{"start":{"line":419,"column":0},"end":{"line":419,"column":58}},"419":{"start":{"line":420,"column":0},"end":{"line":420,"column":72}},"420":{"start":{"line":421,"column":0},"end":{"line":421,"column":8}},"421":{"start":{"line":422,"column":0},"end":{"line":422,"column":5}},"424":{"start":{"line":425,"column":0},"end":{"line":425,"column":49}},"425":{"start":{"line":426,"column":0},"end":{"line":426,"column":29}},"427":{"start":{"line":428,"column":0},"end":{"line":428,"column":72}},"429":{"start":{"line":430,"column":0},"end":{"line":430,"column":43}},"430":{"start":{"line":431,"column":0},"end":{"line":431,"column":29}},"432":{"start":{"line":433,"column":0},"end":{"line":433,"column":24}},"433":{"start":{"line":434,"column":0},"end":{"line":434,"column":73}},"434":{"start":{"line":435,"column":0},"end":{"line":435,"column":70}},"435":{"start":{"line":436,"column":0},"end":{"line":436,"column":6}},"436":{"start":{"line":437,"column":0},"end":{"line":437,"column":3}},"441":{"start":{"line":442,"column":0},"end":{"line":442,"column":104}},"442":{"start":{"line":443,"column":0},"end":{"line":443,"column":38}},"444":{"start":{"line":445,"column":0},"end":{"line":445,"column":37}},"445":{"start":{"line":446,"column":0},"end":{"line":446,"column":28}},"446":{"start":{"line":447,"column":0},"end":{"line":447,"column":12}},"447":{"start":{"line":448,"column":0},"end":{"line":448,"column":14}},"448":{"start":{"line":449,"column":0},"end":{"line":449,"column":45}},"449":{"start":{"line":450,"column":0},"end":{"line":450,"column":13}},"450":{"start":{"line":451,"column":0},"end":{"line":451,"column":6}},"452":{"start":{"line":453,"column":0},"end":{"line":453,"column":45}},"455":{"start":{"line":456,"column":0},"end":{"line":456,"column":23}},"456":{"start":{"line":457,"column":0},"end":{"line":457,"column":18}},"457":{"start":{"line":458,"column":0},"end":{"line":458,"column":13}},"458":{"start":{"line":459,"column":0},"end":{"line":459,"column":38}},"459":{"start":{"line":460,"column":0},"end":{"line":460,"column":14}},"460":{"start":{"line":461,"column":0},"end":{"line":461,"column":16}},"461":{"start":{"line":462,"column":0},"end":{"line":462,"column":46}},"462":{"start":{"line":463,"column":0},"end":{"line":463,"column":7}},"463":{"start":{"line":464,"column":0},"end":{"line":464,"column":7}},"464":{"start":{"line":465,"column":0},"end":{"line":465,"column":3}},"469":{"start":{"line":470,"column":0},"end":{"line":470,"column":46}},"470":{"start":{"line":471,"column":0},"end":{"line":471,"column":38}},"472":{"start":{"line":473,"column":0},"end":{"line":473,"column":48}},"473":{"start":{"line":474,"column":0},"end":{"line":474,"column":74}},"474":{"start":{"line":475,"column":0},"end":{"line":475,"column":3}},"479":{"start":{"line":480,"column":0},"end":{"line":480,"column":44}},"480":{"start":{"line":481,"column":0},"end":{"line":481,"column":59}},"481":{"start":{"line":482,"column":0},"end":{"line":482,"column":3}},"486":{"start":{"line":487,"column":0},"end":{"line":487,"column":78}},"487":{"start":{"line":488,"column":0},"end":{"line":488,"column":25}},"488":{"start":{"line":489,"column":0},"end":{"line":489,"column":14}},"489":{"start":{"line":490,"column":0},"end":{"line":490,"column":35}},"490":{"start":{"line":491,"column":0},"end":{"line":491,"column":86}},"491":{"start":{"line":492,"column":0},"end":{"line":492,"column":7}},"492":{"start":{"line":493,"column":0},"end":{"line":493,"column":7}},"493":{"start":{"line":494,"column":0},"end":{"line":494,"column":3}},"499":{"start":{"line":500,"column":0},"end":{"line":500,"column":49}},"500":{"start":{"line":501,"column":0},"end":{"line":501,"column":38}},"501":{"start":{"line":502,"column":0},"end":{"line":502,"column":51}},"502":{"start":{"line":503,"column":0},"end":{"line":503,"column":54}},"503":{"start":{"line":504,"column":0},"end":{"line":504,"column":3}},"505":{"start":{"line":506,"column":0},"end":{"line":506,"column":47}},"506":{"start":{"line":507,"column":0},"end":{"line":507,"column":38}},"507":{"start":{"line":508,"column":0},"end":{"line":508,"column":67}},"508":{"start":{"line":509,"column":0},"end":{"line":509,"column":55}},"509":{"start":{"line":510,"column":0},"end":{"line":510,"column":58}},"510":{"start":{"line":511,"column":0},"end":{"line":511,"column":59}},"511":{"start":{"line":512,"column":0},"end":{"line":512,"column":3}},"513":{"start":{"line":514,"column":0},"end":{"line":514,"column":54}},"514":{"start":{"line":515,"column":0},"end":{"line":515,"column":38}},"515":{"start":{"line":516,"column":0},"end":{"line":516,"column":75}},"516":{"start":{"line":517,"column":0},"end":{"line":517,"column":56}},"517":{"start":{"line":518,"column":0},"end":{"line":518,"column":64}},"518":{"start":{"line":519,"column":0},"end":{"line":519,"column":68}},"519":{"start":{"line":520,"column":0},"end":{"line":520,"column":3}},"521":{"start":{"line":522,"column":0},"end":{"line":522,"column":52}},"522":{"start":{"line":523,"column":0},"end":{"line":523,"column":38}},"523":{"start":{"line":524,"column":0},"end":{"line":524,"column":73}},"524":{"start":{"line":525,"column":0},"end":{"line":525,"column":56}},"525":{"start":{"line":526,"column":0},"end":{"line":526,"column":62}},"526":{"start":{"line":527,"column":0},"end":{"line":527,"column":66}},"527":{"start":{"line":528,"column":0},"end":{"line":528,"column":3}},"529":{"start":{"line":530,"column":0},"end":{"line":530,"column":47}},"530":{"start":{"line":531,"column":0},"end":{"line":531,"column":38}},"531":{"start":{"line":532,"column":0},"end":{"line":532,"column":74}},"532":{"start":{"line":533,"column":0},"end":{"line":533,"column":61}},"533":{"start":{"line":534,"column":0},"end":{"line":534,"column":62}},"534":{"start":{"line":535,"column":0},"end":{"line":535,"column":61}},"535":{"start":{"line":536,"column":0},"end":{"line":536,"column":3}},"537":{"start":{"line":538,"column":0},"end":{"line":538,"column":50}},"538":{"start":{"line":539,"column":0},"end":{"line":539,"column":38}},"539":{"start":{"line":540,"column":0},"end":{"line":540,"column":73}},"540":{"start":{"line":541,"column":0},"end":{"line":541,"column":56}},"541":{"start":{"line":542,"column":0},"end":{"line":542,"column":60}},"542":{"start":{"line":543,"column":0},"end":{"line":543,"column":64}},"543":{"start":{"line":544,"column":0},"end":{"line":544,"column":86}},"544":{"start":{"line":545,"column":0},"end":{"line":545,"column":3}},"546":{"start":{"line":547,"column":0},"end":{"line":547,"column":52}},"547":{"start":{"line":548,"column":0},"end":{"line":548,"column":38}},"548":{"start":{"line":549,"column":0},"end":{"line":549,"column":55}},"549":{"start":{"line":550,"column":0},"end":{"line":550,"column":49}},"550":{"start":{"line":551,"column":0},"end":{"line":551,"column":5}},"551":{"start":{"line":552,"column":0},"end":{"line":552,"column":93}},"552":{"start":{"line":553,"column":0},"end":{"line":553,"column":57}},"553":{"start":{"line":554,"column":0},"end":{"line":554,"column":3}},"555":{"start":{"line":556,"column":0},"end":{"line":556,"column":53}},"556":{"start":{"line":557,"column":0},"end":{"line":557,"column":38}},"557":{"start":{"line":558,"column":0},"end":{"line":558,"column":63}},"558":{"start":{"line":559,"column":0},"end":{"line":559,"column":46}},"559":{"start":{"line":560,"column":0},"end":{"line":560,"column":37}},"560":{"start":{"line":561,"column":0},"end":{"line":561,"column":70}},"561":{"start":{"line":562,"column":0},"end":{"line":562,"column":6}},"562":{"start":{"line":563,"column":0},"end":{"line":563,"column":65}},"564":{"start":{"line":565,"column":0},"end":{"line":565,"column":3}},"566":{"start":{"line":567,"column":0},"end":{"line":567,"column":51}},"567":{"start":{"line":568,"column":0},"end":{"line":568,"column":38}},"569":{"start":{"line":570,"column":0},"end":{"line":570,"column":75}},"570":{"start":{"line":571,"column":0},"end":{"line":571,"column":64}},"573":{"start":{"line":574,"column":0},"end":{"line":574,"column":75}},"576":{"start":{"line":577,"column":0},"end":{"line":577,"column":63}},"577":{"start":{"line":578,"column":0},"end":{"line":578,"column":37}},"578":{"start":{"line":579,"column":0},"end":{"line":579,"column":17}},"579":{"start":{"line":580,"column":0},"end":{"line":580,"column":6}},"581":{"start":{"line":582,"column":0},"end":{"line":582,"column":77}},"584":{"start":{"line":585,"column":0},"end":{"line":585,"column":48}},"585":{"start":{"line":586,"column":0},"end":{"line":586,"column":23}},"586":{"start":{"line":587,"column":0},"end":{"line":587,"column":27}},"587":{"start":{"line":588,"column":0},"end":{"line":588,"column":15}},"588":{"start":{"line":589,"column":0},"end":{"line":589,"column":39}},"589":{"start":{"line":590,"column":0},"end":{"line":590,"column":44}},"590":{"start":{"line":591,"column":0},"end":{"line":591,"column":7}},"592":{"start":{"line":593,"column":0},"end":{"line":593,"column":57}},"593":{"start":{"line":594,"column":0},"end":{"line":594,"column":124}},"595":{"start":{"line":596,"column":0},"end":{"line":596,"column":81}},"596":{"start":{"line":597,"column":0},"end":{"line":597,"column":3}},"598":{"start":{"line":599,"column":0},"end":{"line":599,"column":52}},"599":{"start":{"line":600,"column":0},"end":{"line":600,"column":38}},"601":{"start":{"line":602,"column":0},"end":{"line":602,"column":53}},"603":{"start":{"line":604,"column":0},"end":{"line":604,"column":64}},"604":{"start":{"line":605,"column":0},"end":{"line":605,"column":47}},"605":{"start":{"line":606,"column":0},"end":{"line":606,"column":53}},"608":{"start":{"line":609,"column":0},"end":{"line":609,"column":43}},"609":{"start":{"line":610,"column":0},"end":{"line":610,"column":74}},"610":{"start":{"line":611,"column":0},"end":{"line":611,"column":28}},"611":{"start":{"line":612,"column":0},"end":{"line":612,"column":50}},"613":{"start":{"line":614,"column":0},"end":{"line":614,"column":45}},"614":{"start":{"line":615,"column":0},"end":{"line":615,"column":70}},"615":{"start":{"line":616,"column":0},"end":{"line":616,"column":27}},"616":{"start":{"line":617,"column":0},"end":{"line":617,"column":41}},"619":{"start":{"line":620,"column":0},"end":{"line":620,"column":71}},"620":{"start":{"line":621,"column":0},"end":{"line":621,"column":29}},"621":{"start":{"line":622,"column":0},"end":{"line":622,"column":58}},"622":{"start":{"line":623,"column":0},"end":{"line":623,"column":26}},"623":{"start":{"line":624,"column":0},"end":{"line":624,"column":17}},"624":{"start":{"line":625,"column":0},"end":{"line":625,"column":7}},"626":{"start":{"line":627,"column":0},"end":{"line":627,"column":87}},"627":{"start":{"line":628,"column":0},"end":{"line":628,"column":3}},"629":{"start":{"line":630,"column":0},"end":{"line":630,"column":50}},"630":{"start":{"line":631,"column":0},"end":{"line":631,"column":38}},"632":{"start":{"line":633,"column":0},"end":{"line":633,"column":64}},"633":{"start":{"line":634,"column":0},"end":{"line":634,"column":47}},"636":{"start":{"line":637,"column":0},"end":{"line":637,"column":50}},"637":{"start":{"line":638,"column":0},"end":{"line":638,"column":65}},"639":{"start":{"line":640,"column":0},"end":{"line":640,"column":61}},"640":{"start":{"line":641,"column":0},"end":{"line":641,"column":65}},"641":{"start":{"line":642,"column":0},"end":{"line":642,"column":85}},"643":{"start":{"line":644,"column":0},"end":{"line":644,"column":61}},"646":{"start":{"line":647,"column":0},"end":{"line":647,"column":62}},"647":{"start":{"line":648,"column":0},"end":{"line":648,"column":55}},"649":{"start":{"line":650,"column":0},"end":{"line":650,"column":64}},"650":{"start":{"line":651,"column":0},"end":{"line":651,"column":20}},"651":{"start":{"line":652,"column":0},"end":{"line":652,"column":27}},"652":{"start":{"line":653,"column":0},"end":{"line":653,"column":8}},"654":{"start":{"line":655,"column":0},"end":{"line":655,"column":108}},"655":{"start":{"line":656,"column":0},"end":{"line":656,"column":12}},"656":{"start":{"line":657,"column":0},"end":{"line":657,"column":58}},"657":{"start":{"line":658,"column":0},"end":{"line":658,"column":5}},"661":{"start":{"line":662,"column":0},"end":{"line":662,"column":79}},"663":{"start":{"line":664,"column":0},"end":{"line":664,"column":43}},"664":{"start":{"line":665,"column":0},"end":{"line":665,"column":74}},"665":{"start":{"line":666,"column":0},"end":{"line":666,"column":49}},"666":{"start":{"line":667,"column":0},"end":{"line":667,"column":50}},"668":{"start":{"line":669,"column":0},"end":{"line":669,"column":50}},"669":{"start":{"line":670,"column":0},"end":{"line":670,"column":29}},"670":{"start":{"line":671,"column":0},"end":{"line":671,"column":6}},"673":{"start":{"line":674,"column":0},"end":{"line":674,"column":29}},"674":{"start":{"line":675,"column":0},"end":{"line":675,"column":55}},"675":{"start":{"line":676,"column":0},"end":{"line":676,"column":5}},"678":{"start":{"line":679,"column":0},"end":{"line":679,"column":30}},"680":{"start":{"line":681,"column":0},"end":{"line":681,"column":29}},"681":{"start":{"line":682,"column":0},"end":{"line":682,"column":41}},"682":{"start":{"line":683,"column":0},"end":{"line":683,"column":45}},"683":{"start":{"line":684,"column":0},"end":{"line":684,"column":39}},"684":{"start":{"line":685,"column":0},"end":{"line":685,"column":42}},"685":{"start":{"line":686,"column":0},"end":{"line":686,"column":18}},"686":{"start":{"line":687,"column":0},"end":{"line":687,"column":53}},"687":{"start":{"line":688,"column":0},"end":{"line":688,"column":5}},"689":{"start":{"line":690,"column":0},"end":{"line":690,"column":75}},"690":{"start":{"line":691,"column":0},"end":{"line":691,"column":107}},"691":{"start":{"line":692,"column":0},"end":{"line":692,"column":3}},"693":{"start":{"line":694,"column":0},"end":{"line":694,"column":54}},"694":{"start":{"line":695,"column":0},"end":{"line":695,"column":38}},"696":{"start":{"line":697,"column":0},"end":{"line":697,"column":66}},"697":{"start":{"line":698,"column":0},"end":{"line":698,"column":24}},"698":{"start":{"line":699,"column":0},"end":{"line":699,"column":67}},"699":{"start":{"line":700,"column":0},"end":{"line":700,"column":13}},"700":{"start":{"line":701,"column":0},"end":{"line":701,"column":5}},"702":{"start":{"line":703,"column":0},"end":{"line":703,"column":77}},"703":{"start":{"line":704,"column":0},"end":{"line":704,"column":28}},"704":{"start":{"line":705,"column":0},"end":{"line":705,"column":55}},"705":{"start":{"line":706,"column":0},"end":{"line":706,"column":5}},"707":{"start":{"line":708,"column":0},"end":{"line":708,"column":70}},"709":{"start":{"line":710,"column":0},"end":{"line":710,"column":9}},"710":{"start":{"line":711,"column":0},"end":{"line":711,"column":84}},"711":{"start":{"line":712,"column":0},"end":{"line":712,"column":99}},"714":{"start":{"line":715,"column":0},"end":{"line":715,"column":74}},"715":{"start":{"line":716,"column":0},"end":{"line":716,"column":21}},"717":{"start":{"line":718,"column":0},"end":{"line":718,"column":155}},"718":{"start":{"line":719,"column":0},"end":{"line":719,"column":5}},"719":{"start":{"line":720,"column":0},"end":{"line":720,"column":3}},"721":{"start":{"line":722,"column":0},"end":{"line":722,"column":50}},"722":{"start":{"line":723,"column":0},"end":{"line":723,"column":38}},"723":{"start":{"line":724,"column":0},"end":{"line":724,"column":55}},"724":{"start":{"line":725,"column":0},"end":{"line":725,"column":51}},"725":{"start":{"line":726,"column":0},"end":{"line":726,"column":5}},"727":{"start":{"line":728,"column":0},"end":{"line":728,"column":66}},"728":{"start":{"line":729,"column":0},"end":{"line":729,"column":62}},"731":{"start":{"line":732,"column":0},"end":{"line":732,"column":62}},"732":{"start":{"line":733,"column":0},"end":{"line":733,"column":50}},"733":{"start":{"line":734,"column":0},"end":{"line":734,"column":17}},"734":{"start":{"line":735,"column":0},"end":{"line":735,"column":15}},"735":{"start":{"line":736,"column":0},"end":{"line":736,"column":28}},"736":{"start":{"line":737,"column":0},"end":{"line":737,"column":6}},"738":{"start":{"line":739,"column":0},"end":{"line":739,"column":43}},"739":{"start":{"line":740,"column":0},"end":{"line":740,"column":32}},"740":{"start":{"line":741,"column":0},"end":{"line":741,"column":15}},"741":{"start":{"line":742,"column":0},"end":{"line":742,"column":23}},"742":{"start":{"line":743,"column":0},"end":{"line":743,"column":6}},"744":{"start":{"line":745,"column":0},"end":{"line":745,"column":65}},"745":{"start":{"line":746,"column":0},"end":{"line":746,"column":89}},"746":{"start":{"line":747,"column":0},"end":{"line":747,"column":3}},"748":{"start":{"line":749,"column":0},"end":{"line":749,"column":48}},"749":{"start":{"line":750,"column":0},"end":{"line":750,"column":38}},"750":{"start":{"line":751,"column":0},"end":{"line":751,"column":91}},"752":{"start":{"line":753,"column":0},"end":{"line":753,"column":55}},"753":{"start":{"line":754,"column":0},"end":{"line":754,"column":45}},"754":{"start":{"line":755,"column":0},"end":{"line":755,"column":46}},"755":{"start":{"line":756,"column":0},"end":{"line":756,"column":18}},"756":{"start":{"line":757,"column":0},"end":{"line":757,"column":36}},"757":{"start":{"line":758,"column":0},"end":{"line":758,"column":6}},"759":{"start":{"line":760,"column":0},"end":{"line":760,"column":57}},"760":{"start":{"line":761,"column":0},"end":{"line":761,"column":3}},"762":{"start":{"line":763,"column":0},"end":{"line":763,"column":51}},"763":{"start":{"line":764,"column":0},"end":{"line":764,"column":38}},"764":{"start":{"line":765,"column":0},"end":{"line":765,"column":52}},"765":{"start":{"line":766,"column":0},"end":{"line":766,"column":50}},"766":{"start":{"line":767,"column":0},"end":{"line":767,"column":5}},"768":{"start":{"line":769,"column":0},"end":{"line":769,"column":91}},"769":{"start":{"line":770,"column":0},"end":{"line":770,"column":21}},"770":{"start":{"line":771,"column":0},"end":{"line":771,"column":45}},"771":{"start":{"line":772,"column":0},"end":{"line":772,"column":5}},"773":{"start":{"line":774,"column":0},"end":{"line":774,"column":47}},"774":{"start":{"line":775,"column":0},"end":{"line":775,"column":3}},"776":{"start":{"line":777,"column":0},"end":{"line":777,"column":47}},"777":{"start":{"line":778,"column":0},"end":{"line":778,"column":38}},"778":{"start":{"line":779,"column":0},"end":{"line":779,"column":65}},"779":{"start":{"line":780,"column":0},"end":{"line":780,"column":3}},"780":{"start":{"line":781,"column":0},"end":{"line":781,"column":1}}},"s":{"7":0,"8":0,"9":0,"10":0,"11":0,"12":0,"13":0,"14":0,"34":0,"35":0,"36":0,"37":0,"40":0,"41":0,"42":0,"43":0,"44":0,"45":0,"46":0,"49":0,"52":0,"54":0,"55":0,"56":0,"57":0,"62":0,"65":0,"70":0,"71":0,"72":0,"74":0,"76":0,"77":0,"78":0,"79":0,"82":0,"83":0,"84":0,"87":0,"88":0,"89":0,"92":0,"93":0,"94":0,"96":0,"97":0,"98":0,"99":0,"100":0,"101":0,"102":0,"103":0,"108":0,"110":0,"111":0,"112":0,"113":0,"115":0,"116":0,"117":0,"118":0,"119":0,"120":0,"121":0,"122":0,"123":0,"126":0,"129":0,"130":0,"131":0,"132":0,"133":0,"134":0,"135":0,"136":0,"137":0,"138":0,"139":0,"140":0,"141":0,"144":0,"147":0,"148":0,"149":0,"151":0,"152":0,"153":0,"154":0,"155":0,"156":0,"157":0,"158":0,"159":0,"164":0,"165":0,"167":0,"168":0,"169":0,"172":0,"173":0,"174":0,"175":0,"176":0,"177":0,"178":0,"179":0,"180":0,"181":0,"182":0,"185":0,"186":0,"187":0,"189":0,"190":0,"191":0,"192":0,"195":0,"196":0,"197":0,"199":0,"200":0,"201":0,"202":0,"203":0,"204":0,"205":0,"206":0,"207":0,"208":0,"209":0,"210":0,"212":0,"213":0,"214":0,"215":0,"220":0,"221":0,"222":0,"223":0,"224":0,"226":0,"227":0,"228":0,"230":0,"231":0,"232":0,"234":0,"236":0,"237":0,"239":0,"242":0,"243":0,"244":0,"246":0,"248":0,"249":0,"250":0,"251":0,"252":0,"253":0,"254":0,"255":0,"256":0,"258":0,"260":0,"261":0,"262":0,"264":0,"265":0,"266":0,"267":0,"269":0,"270":0,"271":0,"272":0,"275":0,"276":0,"281":0,"282":0,"284":0,"287":0,"288":0,"289":0,"290":0,"292":0,"293":0,"298":0,"299":0,"301":0,"302":0,"303":0,"304":0,"305":0,"306":0,"307":0,"309":0,"310":0,"311":0,"313":0,"315":0,"316":0,"317":0,"318":0,"319":0,"320":0,"321":0,"324":0,"325":0,"326":0,"327":0,"328":0,"329":0,"332":0,"333":0,"334":0,"335":0,"336":0,"337":0,"338":0,"339":0,"340":0,"342":0,"343":0,"344":0,"349":0,"350":0,"352":0,"353":0,"354":0,"355":0,"356":0,"357":0,"359":0,"360":0,"361":0,"362":0,"363":0,"368":0,"369":0,"370":0,"371":0,"374":0,"375":0,"378":0,"379":0,"380":0,"381":0,"382":0,"383":0,"384":0,"385":0,"387":0,"388":0,"389":0,"390":0,"391":0,"392":0,"393":0,"394":0,"399":0,"400":0,"401":0,"403":0,"404":0,"405":0,"406":0,"407":0,"408":0,"409":0,"410":0,"415":0,"416":0,"417":0,"418":0,"419":0,"420":0,"421":0,"424":0,"425":0,"427":0,"429":0,"430":0,"432":0,"433":0,"434":0,"435":0,"436":0,"441":0,"442":0,"444":0,"445":0,"446":0,"447":0,"448":0,"449":0,"450":0,"452":0,"455":0,"456":0,"457":0,"458":0,"459":0,"460":0,"461":0,"462":0,"463":0,"464":0,"469":0,"470":0,"472":0,"473":0,"474":0,"479":0,"480":0,"481":0,"486":0,"487":0,"488":0,"489":0,"490":0,"491":0,"492":0,"493":0,"499":0,"500":0,"501":0,"502":0,"503":0,"505":0,"506":0,"507":0,"508":0,"509":0,"510":0,"511":0,"513":0,"514":0,"515":0,"516":0,"517":0,"518":0,"519":0,"521":0,"522":0,"523":0,"524":0,"525":0,"526":0,"527":0,"529":0,"530":0,"531":0,"532":0,"533":0,"534":0,"535":0,"537":0,"538":0,"539":0,"540":0,"541":0,"542":0,"543":0,"544":0,"546":0,"547":0,"548":0,"549":0,"550":0,"551":0,"552":0,"553":0,"555":0,"556":0,"557":0,"558":0,"559":0,"560":0,"561":0,"562":0,"564":0,"566":0,"567":0,"569":0,"570":0,"573":0,"576":0,"577":0,"578":0,"579":0,"581":0,"584":0,"585":0,"586":0,"587":0,"588":0,"589":0,"590":0,"592":0,"593":0,"595":0,"596":0,"598":0,"599":0,"601":0,"603":0,"604":0,"605":0,"608":0,"609":0,"610":0,"611":0,"613":0,"614":0,"615":0,"616":0,"619":0,"620":0,"621":0,"622":0,"623":0,"624":0,"626":0,"627":0,"629":0,"630":0,"632":0,"633":0,"636":0,"637":0,"639":0,"640":0,"641":0,"643":0,"646":0,"647":0,"649":0,"650":0,"651":0,"652":0,"654":0,"655":0,"656":0,"657":0,"661":0,"663":0,"664":0,"665":0,"666":0,"668":0,"669":0,"670":0,"673":0,"674":0,"675":0,"678":0,"680":0,"681":0,"682":0,"683":0,"684":0,"685":0,"686":0,"687":0,"689":0,"690":0,"691":0,"693":0,"694":0,"696":0,"697":0,"698":0,"699":0,"700":0,"702":0,"703":0,"704":0,"705":0,"707":0,"709":0,"710":0,"711":0,"714":0,"715":0,"717":0,"718":0,"719":0,"721":0,"722":0,"723":0,"724":0,"725":0,"727":0,"728":0,"731":0,"732":0,"733":0,"734":0,"735":0,"736":0,"738":0,"739":0,"740":0,"741":0,"742":0,"744":0,"745":0,"746":0,"748":0,"749":0,"750":0,"752":0,"753":0,"754":0,"755":0,"756":0,"757":0,"759":0,"760":0,"762":0,"763":0,"764":0,"765":0,"766":0,"768":0,"769":0,"770":0,"771":0,"773":0,"774":0,"776":0,"777":0,"778":0,"779":0,"780":0},"branchMap":{"0":{"type":"branch","line":1,"loc":{"start":{"line":1,"column":26234},"end":{"line":781,"column":1}},"locations":[{"start":{"line":1,"column":26234},"end":{"line":781,"column":1}}]}},"b":{"0":[1]},"fnMap":{"0":{"name":"(empty-report)","decl":{"start":{"line":1,"column":26234},"end":{"line":781,"column":1}},"loc":{"start":{"line":1,"column":26234},"end":{"line":781,"column":1}},"line":1}},"f":{"0":1}}
,"C:\\Code\\Multi-Channel-Integration-System\\web-installer\\backend\\src\\migrations\\bundled-migrations.ts": {"path":"C:\\Code\\Multi-Channel-Integration-System\\web-installer\\backend\\src\\migrations\\bundled-migrations.ts","all":true,"statementMap":{"20":{"start":{"line":21,"column":0},"end":{"line":21,"column":52}},"24":{"start":{"line":25,"column":0},"end":{"line":25,"column":3}},"25":{"start":{"line":26,"column":0},"end":{"line":26,"column":20}},"26":{"start":{"line":27,"column":0},"end":{"line":27,"column":37}},"27":{"start":{"line":28,"column":0},"end":{"line":28,"column":64}},"28":{"start":{"line":29,"column":0},"end":{"line":29,"column":10}},"80":{"start":{"line":81,"column":0},"end":{"line":81,"column":4}},"82":{"start":{"line":83,"column":0},"end":{"line":83,"column":3}},"83":{"start":{"line":84,"column":0},"end":{"line":84,"column":20}},"84":{"start":{"line":85,"column":0},"end":{"line":85,"column":48}},"85":{"start":{"line":86,"column":0},"end":{"line":86,"column":60}},"86":{"start":{"line":87,"column":0},"end":{"line":87,"column":10}},"136":{"start":{"line":137,"column":0},"end":{"line":137,"column":4}},"141":{"start":{"line":142,"column":0},"end":{"line":142,"column":3}},"142":{"start":{"line":143,"column":0},"end":{"line":143,"column":20}},"143":{"start":{"line":144,"column":0},"end":{"line":144,"column":42}},"144":{"start":{"line":145,"column":0},"end":{"line":145,"column":49}},"145":{"start":{"line":146,"column":0},"end":{"line":146,"column":10}},"164":{"start":{"line":165,"column":0},"end":{"line":165,"column":4}},"166":{"start":{"line":167,"column":0},"end":{"line":167,"column":3}},"167":{"start":{"line":168,"column":0},"end":{"line":168,"column":20}},"168":{"start":{"line":169,"column":0},"end":{"line":169,"column":42}},"169":{"start":{"line":170,"column":0},"end":{"line":170,"column":49}},"170":{"start":{"line":171,"column":0},"end":{"line":171,"column":10}},"190":{"start":{"line":191,"column":0},"end":{"line":191,"column":4}},"192":{"start":{"line":193,"column":0},"end":{"line":193,"column":3}},"193":{"start":{"line":194,"column":0},"end":{"line":194,"column":20}},"194":{"start":{"line":195,"column":0},"end":{"line":195,"column":34}},"195":{"start":{"line":196,"column":0},"end":{"line":196,"column":42}},"196":{"start":{"line":197,"column":0},"end":{"line":197,"column":10}},"241":{"start":{"line":242,"column":0},"end":{"line":242,"column":4}},"243":{"start":{"line":244,"column":0},"end":{"line":244,"column":3}},"244":{"start":{"line":245,"column":0},"end":{"line":245,"column":20}},"245":{"start":{"line":246,"column":0},"end":{"line":246,"column":30}},"246":{"start":{"line":247,"column":0},"end":{"line":247,"column":55}},"247":{"start":{"line":248,"column":0},"end":{"line":248,"column":10}},"282":{"start":{"line":283,"column":0},"end":{"line":283,"column":4}},"284":{"start":{"line":285,"column":0},"end":{"line":285,"column":3}},"285":{"start":{"line":286,"column":0},"end":{"line":286,"column":20}},"286":{"start":{"line":287,"column":0},"end":{"line":287,"column":44}},"287":{"start":{"line":288,"column":0},"end":{"line":288,"column":69}},"288":{"start":{"line":289,"column":0},"end":{"line":289,"column":10}},"319":{"start":{"line":320,"column":0},"end":{"line":320,"column":4}},"321":{"start":{"line":322,"column":0},"end":{"line":322,"column":3}},"322":{"start":{"line":323,"column":0},"end":{"line":323,"column":20}},"323":{"start":{"line":324,"column":0},"end":{"line":324,"column":50}},"324":{"start":{"line":325,"column":0},"end":{"line":325,"column":62}},"325":{"start":{"line":326,"column":0},"end":{"line":326,"column":10}},"368":{"start":{"line":369,"column":0},"end":{"line":369,"column":4}},"373":{"start":{"line":374,"column":0},"end":{"line":374,"column":3}},"374":{"start":{"line":375,"column":0},"end":{"line":375,"column":20}},"375":{"start":{"line":376,"column":0},"end":{"line":376,"column":49}},"376":{"start":{"line":377,"column":0},"end":{"line":377,"column":61}},"377":{"start":{"line":378,"column":0},"end":{"line":378,"column":10}},"398":{"start":{"line":399,"column":0},"end":{"line":399,"column":4}},"400":{"start":{"line":401,"column":0},"end":{"line":401,"column":3}},"401":{"start":{"line":402,"column":0},"end":{"line":402,"column":20}},"402":{"start":{"line":403,"column":0},"end":{"line":403,"column":46}},"403":{"start":{"line":404,"column":0},"end":{"line":404,"column":53}},"404":{"start":{"line":405,"column":0},"end":{"line":405,"column":10}},"448":{"start":{"line":449,"column":0},"end":{"line":449,"column":4}},"450":{"start":{"line":451,"column":0},"end":{"line":451,"column":3}},"451":{"start":{"line":452,"column":0},"end":{"line":452,"column":20}},"452":{"start":{"line":453,"column":0},"end":{"line":453,"column":46}},"453":{"start":{"line":454,"column":0},"end":{"line":454,"column":58}},"454":{"start":{"line":455,"column":0},"end":{"line":455,"column":10}},"484":{"start":{"line":485,"column":0},"end":{"line":485,"column":4}},"489":{"start":{"line":490,"column":0},"end":{"line":490,"column":3}},"490":{"start":{"line":491,"column":0},"end":{"line":491,"column":20}},"491":{"start":{"line":492,"column":0},"end":{"line":492,"column":40}},"492":{"start":{"line":493,"column":0},"end":{"line":493,"column":48}},"493":{"start":{"line":494,"column":0},"end":{"line":494,"column":10}},"603":{"start":{"line":604,"column":0},"end":{"line":604,"column":4}},"608":{"start":{"line":609,"column":0},"end":{"line":609,"column":3}},"609":{"start":{"line":610,"column":0},"end":{"line":610,"column":20}},"610":{"start":{"line":611,"column":0},"end":{"line":611,"column":42}},"611":{"start":{"line":612,"column":0},"end":{"line":612,"column":50}},"612":{"start":{"line":613,"column":0},"end":{"line":613,"column":10}},"622":{"start":{"line":623,"column":0},"end":{"line":623,"column":3}},"623":{"start":{"line":624,"column":0},"end":{"line":624,"column":2}},"628":{"start":{"line":629,"column":0},"end":{"line":629,"column":46}},"629":{"start":{"line":630,"column":0},"end":{"line":630,"column":57}},"630":{"start":{"line":631,"column":0},"end":{"line":631,"column":1}},"635":{"start":{"line":636,"column":0},"end":{"line":636,"column":83}},"636":{"start":{"line":637,"column":0},"end":{"line":637,"column":61}},"637":{"start":{"line":638,"column":0},"end":{"line":638,"column":1}},"642":{"start":{"line":643,"column":0},"end":{"line":643,"column":45}},"643":{"start":{"line":644,"column":0},"end":{"line":644,"column":35}},"644":{"start":{"line":645,"column":0},"end":{"line":645,"column":1}}},"s":{"20":0,"24":0,"25":0,"26":0,"27":0,"28":0,"80":0,"82":0,"83":0,"84":0,"85":0,"86":0,"136":0,"141":0,"142":0,"143":0,"144":0,"145":0,"164":0,"166":0,"167":0,"168":0,"169":0,"170":0,"190":0,"192":0,"193":0,"194":0,"195":0,"196":0,"241":0,"243":0,"244":0,"245":0,"246":0,"247":0,"282":0,"284":0,"285":0,"286":0,"287":0,"288":0,"319":0,"321":0,"322":0,"323":0,"324":0,"325":0,"368":0,"373":0,"374":0,"375":0,"376":0,"377":0,"398":0,"400":0,"401":0,"402":0,"403":0,"404":0,"448":0,"450":0,"451":0,"452":0,"453":0,"454":0,"484":0,"489":0,"490":0,"491":0,"492":0,"493":0,"603":0,"608":0,"609":0,"610":0,"611":0,"612":0,"622":0,"623":0,"628":0,"629":0,"630":0,"635":0,"636":0,"637":0,"642":0,"643":0,"644":0},"branchMap":{"0":{"type":"branch","line":1,"loc":{"start":{"line":1,"column":21066},"end":{"line":645,"column":1}},"locations":[{"start":{"line":1,"column":21066},"end":{"line":645,"column":1}}]}},"b":{"0":[1]},"fnMap":{"0":{"name":"(empty-report)","decl":{"start":{"line":1,"column":21066},"end":{"line":645,"column":1}},"loc":{"start":{"line":1,"column":21066},"end":{"line":645,"column":1}},"line":1}},"f":{"0":1}}
,"C:\\Code\\Multi-Channel-Integration-System\\web-installer\\backend\\src\\routes\\deployment.ts": {"path":"C:\\Code\\Multi-Channel-Integration-System\\web-installer\\backend\\src\\routes\\deployment.ts","all":true,"statementMap":{"6":{"start":{"line":7,"column":0},"end":{"line":7,"column":28}},"7":{"start":{"line":8,"column":0},"end":{"line":8,"column":43}},"8":{"start":{"line":9,"column":0},"end":{"line":9,"column":73}},"11":{"start":{"line":12,"column":0},"end":{"line":12,"column":49}},"17":{"start":{"line":18,"column":0},"end":{"line":18,"column":34}},"18":{"start":{"line":19,"column":0},"end":{"line":19,"column":17}},"19":{"start":{"line":20,"column":0},"end":{"line":20,"column":17}},"20":{"start":{"line":21,"column":0},"end":{"line":21,"column":29}},"21":{"start":{"line":22,"column":0},"end":{"line":22,"column":21}},"22":{"start":{"line":23,"column":0},"end":{"line":23,"column":25}},"23":{"start":{"line":24,"column":0},"end":{"line":24,"column":5}},"24":{"start":{"line":25,"column":0},"end":{"line":25,"column":3}},"30":{"start":{"line":31,"column":0},"end":{"line":31,"column":16}},"31":{"start":{"line":32,"column":0},"end":{"line":32,"column":22}},"32":{"start":{"line":33,"column":0},"end":{"line":33,"column":35}},"33":{"start":{"line":34,"column":0},"end":{"line":34,"column":49}},"36":{"start":{"line":37,"column":0},"end":{"line":37,"column":72}},"37":{"start":{"line":38,"column":0},"end":{"line":38,"column":39}},"38":{"start":{"line":39,"column":0},"end":{"line":39,"column":65}},"39":{"start":{"line":40,"column":0},"end":{"line":40,"column":5}},"42":{"start":{"line":43,"column":0},"end":{"line":43,"column":59}},"43":{"start":{"line":44,"column":0},"end":{"line":44,"column":33}},"44":{"start":{"line":45,"column":0},"end":{"line":45,"column":59}},"45":{"start":{"line":46,"column":0},"end":{"line":46,"column":5}},"48":{"start":{"line":49,"column":0},"end":{"line":49,"column":58}},"49":{"start":{"line":50,"column":0},"end":{"line":50,"column":69}},"50":{"start":{"line":51,"column":0},"end":{"line":51,"column":5}},"53":{"start":{"line":54,"column":0},"end":{"line":54,"column":27}},"54":{"start":{"line":55,"column":0},"end":{"line":55,"column":60}},"55":{"start":{"line":56,"column":0},"end":{"line":56,"column":5}},"58":{"start":{"line":59,"column":0},"end":{"line":59,"column":28}},"59":{"start":{"line":60,"column":0},"end":{"line":60,"column":105}},"60":{"start":{"line":61,"column":0},"end":{"line":61,"column":49}},"61":{"start":{"line":62,"column":0},"end":{"line":62,"column":70}},"62":{"start":{"line":63,"column":0},"end":{"line":63,"column":7}},"63":{"start":{"line":64,"column":0},"end":{"line":64,"column":5}},"65":{"start":{"line":66,"column":0},"end":{"line":66,"column":16}},"66":{"start":{"line":67,"column":0},"end":{"line":67,"column":5}},"67":{"start":{"line":68,"column":0},"end":{"line":68,"column":16}},"68":{"start":{"line":69,"column":0},"end":{"line":69,"column":9}},"69":{"start":{"line":70,"column":0},"end":{"line":70,"column":39}},"72":{"start":{"line":73,"column":0},"end":{"line":73,"column":78}},"73":{"start":{"line":74,"column":0},"end":{"line":74,"column":61}},"76":{"start":{"line":77,"column":0},"end":{"line":77,"column":40}},"77":{"start":{"line":78,"column":0},"end":{"line":78,"column":38}},"78":{"start":{"line":79,"column":0},"end":{"line":79,"column":36}},"79":{"start":{"line":80,"column":0},"end":{"line":80,"column":40}},"80":{"start":{"line":81,"column":0},"end":{"line":81,"column":36}},"81":{"start":{"line":82,"column":0},"end":{"line":82,"column":33}},"82":{"start":{"line":83,"column":0},"end":{"line":83,"column":8}},"85":{"start":{"line":86,"column":0},"end":{"line":86,"column":63}},"86":{"start":{"line":87,"column":0},"end":{"line":87,"column":23}},"87":{"start":{"line":88,"column":0},"end":{"line":88,"column":56}},"88":{"start":{"line":89,"column":0},"end":{"line":89,"column":36}},"89":{"start":{"line":90,"column":0},"end":{"line":90,"column":9}},"91":{"start":{"line":92,"column":0},"end":{"line":92,"column":43}},"92":{"start":{"line":93,"column":0},"end":{"line":93,"column":28}},"94":{"start":{"line":95,"column":0},"end":{"line":95,"column":21}},"95":{"start":{"line":96,"column":0},"end":{"line":96,"column":54}},"96":{"start":{"line":97,"column":0},"end":{"line":97,"column":21}},"97":{"start":{"line":98,"column":0},"end":{"line":98,"column":84}},"98":{"start":{"line":99,"column":0},"end":{"line":99,"column":14}},"99":{"start":{"line":100,"column":0},"end":{"line":100,"column":5}},"100":{"start":{"line":101,"column":0},"end":{"line":101,"column":3}},"101":{"start":{"line":102,"column":0},"end":{"line":102,"column":2}},"107":{"start":{"line":108,"column":0},"end":{"line":108,"column":64}},"108":{"start":{"line":109,"column":0},"end":{"line":109,"column":7}},"109":{"start":{"line":110,"column":0},"end":{"line":110,"column":51}},"112":{"start":{"line":113,"column":0},"end":{"line":113,"column":71}},"113":{"start":{"line":114,"column":0},"end":{"line":114,"column":59}},"116":{"start":{"line":117,"column":0},"end":{"line":117,"column":61}},"117":{"start":{"line":118,"column":0},"end":{"line":118,"column":19}},"118":{"start":{"line":119,"column":0},"end":{"line":119,"column":7}},"120":{"start":{"line":121,"column":0},"end":{"line":121,"column":23}},"121":{"start":{"line":122,"column":0},"end":{"line":122,"column":60}},"122":{"start":{"line":123,"column":0},"end":{"line":123,"column":5}},"124":{"start":{"line":125,"column":0},"end":{"line":125,"column":41}},"125":{"start":{"line":126,"column":0},"end":{"line":126,"column":26}},"127":{"start":{"line":128,"column":0},"end":{"line":128,"column":19}},"128":{"start":{"line":129,"column":0},"end":{"line":129,"column":46}},"129":{"start":{"line":130,"column":0},"end":{"line":130,"column":19}},"130":{"start":{"line":131,"column":0},"end":{"line":131,"column":76}},"131":{"start":{"line":132,"column":0},"end":{"line":132,"column":12}},"132":{"start":{"line":133,"column":0},"end":{"line":133,"column":3}},"133":{"start":{"line":134,"column":0},"end":{"line":134,"column":3}},"139":{"start":{"line":140,"column":0},"end":{"line":140,"column":64}},"140":{"start":{"line":141,"column":0},"end":{"line":141,"column":7}},"141":{"start":{"line":142,"column":0},"end":{"line":142,"column":51}},"144":{"start":{"line":145,"column":0},"end":{"line":145,"column":71}},"145":{"start":{"line":146,"column":0},"end":{"line":146,"column":59}},"148":{"start":{"line":149,"column":0},"end":{"line":149,"column":61}},"149":{"start":{"line":150,"column":0},"end":{"line":150,"column":19}},"150":{"start":{"line":151,"column":0},"end":{"line":151,"column":7}},"153":{"start":{"line":154,"column":0},"end":{"line":154,"column":40}},"154":{"start":{"line":155,"column":0},"end":{"line":155,"column":16}},"155":{"start":{"line":156,"column":0},"end":{"line":156,"column":44}},"156":{"start":{"line":157,"column":0},"end":{"line":157,"column":36}},"157":{"start":{"line":158,"column":0},"end":{"line":158,"column":35}},"158":{"start":{"line":159,"column":0},"end":{"line":159,"column":42}},"159":{"start":{"line":160,"column":0},"end":{"line":160,"column":7}},"160":{"start":{"line":161,"column":0},"end":{"line":161,"column":7}},"162":{"start":{"line":163,"column":0},"end":{"line":163,"column":19}},"163":{"start":{"line":164,"column":0},"end":{"line":164,"column":46}},"164":{"start":{"line":165,"column":0},"end":{"line":165,"column":19}},"165":{"start":{"line":166,"column":0},"end":{"line":166,"column":79}},"166":{"start":{"line":167,"column":0},"end":{"line":167,"column":12}},"167":{"start":{"line":168,"column":0},"end":{"line":168,"column":3}},"168":{"start":{"line":169,"column":0},"end":{"line":169,"column":3}},"174":{"start":{"line":175,"column":0},"end":{"line":175,"column":65}},"175":{"start":{"line":176,"column":0},"end":{"line":176,"column":7}},"176":{"start":{"line":177,"column":0},"end":{"line":177,"column":51}},"179":{"start":{"line":180,"column":0},"end":{"line":180,"column":71}},"180":{"start":{"line":181,"column":0},"end":{"line":181,"column":59}},"183":{"start":{"line":184,"column":0},"end":{"line":184,"column":61}},"184":{"start":{"line":185,"column":0},"end":{"line":185,"column":20}},"185":{"start":{"line":186,"column":0},"end":{"line":186,"column":7}},"187":{"start":{"line":188,"column":0},"end":{"line":188,"column":41}},"188":{"start":{"line":189,"column":0},"end":{"line":189,"column":26}},"190":{"start":{"line":191,"column":0},"end":{"line":191,"column":19}},"191":{"start":{"line":192,"column":0},"end":{"line":192,"column":53}},"192":{"start":{"line":193,"column":0},"end":{"line":193,"column":19}},"193":{"start":{"line":194,"column":0},"end":{"line":194,"column":83}},"194":{"start":{"line":195,"column":0},"end":{"line":195,"column":12}},"195":{"start":{"line":196,"column":0},"end":{"line":196,"column":3}},"196":{"start":{"line":197,"column":0},"end":{"line":197,"column":3}},"202":{"start":{"line":203,"column":0},"end":{"line":203,"column":45}},"205":{"start":{"line":206,"column":0},"end":{"line":206,"column":17}},"206":{"start":{"line":207,"column":0},"end":{"line":207,"column":45}},"207":{"start":{"line":208,"column":0},"end":{"line":208,"column":65}},"208":{"start":{"line":209,"column":0},"end":{"line":209,"column":5}},"209":{"start":{"line":210,"column":0},"end":{"line":210,"column":3}},"211":{"start":{"line":212,"column":0},"end":{"line":212,"column":26}}},"s":{"6":0,"7":0,"8":0,"11":0,"17":0,"18":0,"19":0,"20":0,"21":0,"22":0,"23":0,"24":0,"30":0,"31":0,"32":0,"33":0,"36":0,"37":0,"38":0,"39":0,"42":0,"43":0,"44":0,"45":0,"48":0,"49":0,"50":0,"53":0,"54":0,"55":0,"58":0,"59":0,"60":0,"61":0,"62":0,"63":0,"65":0,"66":0,"67":0,"68":0,"69":0,"72":0,"73":0,"76":0,"77":0,"78":0,"79":0,"80":0,"81":0,"82":0,"85":0,"86":0,"87":0,"88":0,"89":0,"91":0,"92":0,"94":0,"95":0,"96":0,"97":0,"98":0,"99":0,"100":0,"101":0,"107":0,"108":0,"109":0,"112":0,"113":0,"116":0,"117":0,"118":0,"120":0,"121":0,"122":0,"124":0,"125":0,"127":0,"128":0,"129":0,"130":0,"131":0,"132":0,"133":0,"139":0,"140":0,"141":0,"144":0,"145":0,"148":0,"149":0,"150":0,"153":0,"154":0,"155":0,"156":0,"157":0,"158":0,"159":0,"160":0,"162":0,"163":0,"164":0,"165":0,"166":0,"167":0,"168":0,"174":0,"175":0,"176":0,"179":0,"180":0,"183":0,"184":0,"185":0,"187":0,"188":0,"190":0,"191":0,"192":0,"193":0,"194":0,"195":0,"196":0,"202":0,"205":0,"206":0,"207":0,"208":0,"209":0,"211":0},"branchMap":{"0":{"type":"branch","line":1,"loc":{"start":{"line":1,"column":5940},"end":{"line":212,"column":26}},"locations":[{"start":{"line":1,"column":5940},"end":{"line":212,"column":26}}]}},"b":{"0":[1]},"fnMap":{"0":{"name":"(empty-report)","decl":{"start":{"line":1,"column":5940},"end":{"line":212,"column":26}},"loc":{"start":{"line":1,"column":5940},"end":{"line":212,"column":26}},"line":1}},"f":{"0":1}}
,"C:\\Code\\Multi-Channel-Integration-System\\web-installer\\backend\\src\\routes\\oauth.ts": {"path":"C:\\Code\\Multi-Channel-Integration-System\\web-installer\\backend\\src\\routes\\oauth.ts","all":true,"statementMap":{"6":{"start":{"line":7,"column":0},"end":{"line":7,"column":28}},"9":{"start":{"line":10,"column":0},"end":{"line":10,"column":44}},"12":{"start":{"line":13,"column":0},"end":{"line":13,"column":71}},"13":{"start":{"line":14,"column":0},"end":{"line":14,"column":72}},"14":{"start":{"line":15,"column":0},"end":{"line":15,"column":77}},"20":{"start":{"line":21,"column":0},"end":{"line":21,"column":38}},"21":{"start":{"line":22,"column":0},"end":{"line":22,"column":7}},"22":{"start":{"line":23,"column":0},"end":{"line":23,"column":40}},"23":{"start":{"line":24,"column":0},"end":{"line":24,"column":20}},"24":{"start":{"line":25,"column":0},"end":{"line":25,"column":60}},"25":{"start":{"line":26,"column":0},"end":{"line":26,"column":5}},"28":{"start":{"line":29,"column":0},"end":{"line":29,"column":43}},"29":{"start":{"line":30,"column":0},"end":{"line":30,"column":50}},"30":{"start":{"line":31,"column":0},"end":{"line":31,"column":68}},"33":{"start":{"line":34,"column":0},"end":{"line":34,"column":94}},"37":{"start":{"line":38,"column":0},"end":{"line":38,"column":36}},"38":{"start":{"line":39,"column":0},"end":{"line":39,"column":12}},"39":{"start":{"line":40,"column":0},"end":{"line":40,"column":19}},"40":{"start":{"line":41,"column":0},"end":{"line":41,"column":18}},"41":{"start":{"line":42,"column":0},"end":{"line":42,"column":27}},"42":{"start":{"line":43,"column":0},"end":{"line":43,"column":6}},"45":{"start":{"line":46,"column":0},"end":{"line":46,"column":50}},"46":{"start":{"line":47,"column":0},"end":{"line":47,"column":55}},"47":{"start":{"line":48,"column":0},"end":{"line":48,"column":61}},"48":{"start":{"line":49,"column":0},"end":{"line":49,"column":57}},"49":{"start":{"line":50,"column":0},"end":{"line":50,"column":48}},"50":{"start":{"line":51,"column":0},"end":{"line":51,"column":65}},"51":{"start":{"line":52,"column":0},"end":{"line":52,"column":65}},"52":{"start":{"line":53,"column":0},"end":{"line":53,"column":123}},"55":{"start":{"line":56,"column":0},"end":{"line":56,"column":19}},"56":{"start":{"line":57,"column":0},"end":{"line":57,"column":43}},"57":{"start":{"line":58,"column":0},"end":{"line":58,"column":12}},"60":{"start":{"line":61,"column":0},"end":{"line":61,"column":18}},"61":{"start":{"line":62,"column":0},"end":{"line":62,"column":7}},"63":{"start":{"line":64,"column":0},"end":{"line":64,"column":19}},"64":{"start":{"line":65,"column":0},"end":{"line":65,"column":55}},"65":{"start":{"line":66,"column":0},"end":{"line":66,"column":62}},"66":{"start":{"line":67,"column":0},"end":{"line":67,"column":3}},"67":{"start":{"line":68,"column":0},"end":{"line":68,"column":3}},"73":{"start":{"line":74,"column":0},"end":{"line":74,"column":38}},"74":{"start":{"line":75,"column":0},"end":{"line":75,"column":7}},"75":{"start":{"line":76,"column":0},"end":{"line":76,"column":36}},"76":{"start":{"line":77,"column":0},"end":{"line":77,"column":60}},"78":{"start":{"line":79,"column":0},"end":{"line":79,"column":16}},"79":{"start":{"line":80,"column":0},"end":{"line":80,"column":67}},"80":{"start":{"line":81,"column":0},"end":{"line":81,"column":5}},"83":{"start":{"line":84,"column":0},"end":{"line":84,"column":53}},"84":{"start":{"line":85,"column":0},"end":{"line":85,"column":25}},"85":{"start":{"line":86,"column":0},"end":{"line":86,"column":29}},"86":{"start":{"line":87,"column":0},"end":{"line":87,"column":11}},"87":{"start":{"line":88,"column":0},"end":{"line":88,"column":60}},"88":{"start":{"line":89,"column":0},"end":{"line":89,"column":18}},"89":{"start":{"line":90,"column":0},"end":{"line":90,"column":6}},"92":{"start":{"line":93,"column":0},"end":{"line":93,"column":67}},"94":{"start":{"line":95,"column":0},"end":{"line":95,"column":19}},"95":{"start":{"line":96,"column":0},"end":{"line":96,"column":20}},"96":{"start":{"line":97,"column":0},"end":{"line":97,"column":46}},"97":{"start":{"line":98,"column":0},"end":{"line":98,"column":42}},"98":{"start":{"line":99,"column":0},"end":{"line":99,"column":13}},"99":{"start":{"line":100,"column":0},"end":{"line":100,"column":24}},"100":{"start":{"line":101,"column":0},"end":{"line":101,"column":29}},"101":{"start":{"line":102,"column":0},"end":{"line":102,"column":8}},"102":{"start":{"line":103,"column":0},"end":{"line":103,"column":33}},"103":{"start":{"line":104,"column":0},"end":{"line":104,"column":7}},"105":{"start":{"line":106,"column":0},"end":{"line":106,"column":19}},"106":{"start":{"line":107,"column":0},"end":{"line":107,"column":50}},"107":{"start":{"line":108,"column":0},"end":{"line":108,"column":19}},"108":{"start":{"line":109,"column":0},"end":{"line":109,"column":77}},"109":{"start":{"line":110,"column":0},"end":{"line":110,"column":12}},"110":{"start":{"line":111,"column":0},"end":{"line":111,"column":3}},"111":{"start":{"line":112,"column":0},"end":{"line":112,"column":3}},"116":{"start":{"line":117,"column":0},"end":{"line":117,"column":36}},"117":{"start":{"line":118,"column":0},"end":{"line":118,"column":19}},"118":{"start":{"line":119,"column":0},"end":{"line":119,"column":23}},"119":{"start":{"line":120,"column":0},"end":{"line":120,"column":15}},"120":{"start":{"line":121,"column":0},"end":{"line":121,"column":22}},"121":{"start":{"line":122,"column":0},"end":{"line":122,"column":23}},"122":{"start":{"line":123,"column":0},"end":{"line":123,"column":32}},"123":{"start":{"line":124,"column":0},"end":{"line":124,"column":36}},"124":{"start":{"line":125,"column":0},"end":{"line":125,"column":37}},"125":{"start":{"line":126,"column":0},"end":{"line":126,"column":9}},"126":{"start":{"line":127,"column":0},"end":{"line":127,"column":30}},"127":{"start":{"line":128,"column":0},"end":{"line":128,"column":24}},"128":{"start":{"line":129,"column":0},"end":{"line":129,"column":31}},"129":{"start":{"line":130,"column":0},"end":{"line":130,"column":5}},"131":{"start":{"line":132,"column":0},"end":{"line":132,"column":21}},"132":{"start":{"line":133,"column":0},"end":{"line":133,"column":47}},"133":{"start":{"line":134,"column":0},"end":{"line":134,"column":3}},"135":{"start":{"line":136,"column":0},"end":{"line":136,"column":54}},"136":{"start":{"line":137,"column":0},"end":{"line":137,"column":19}},"137":{"start":{"line":138,"column":0},"end":{"line":138,"column":14}},"138":{"start":{"line":139,"column":0},"end":{"line":139,"column":57}},"139":{"start":{"line":140,"column":0},"end":{"line":140,"column":6}},"140":{"start":{"line":141,"column":0},"end":{"line":141,"column":25}},"141":{"start":{"line":142,"column":0},"end":{"line":142,"column":5}},"143":{"start":{"line":144,"column":0},"end":{"line":144,"column":21}},"144":{"start":{"line":145,"column":0},"end":{"line":145,"column":40}},"145":{"start":{"line":146,"column":0},"end":{"line":146,"column":55}},"146":{"start":{"line":147,"column":0},"end":{"line":147,"column":3}},"148":{"start":{"line":149,"column":0},"end":{"line":149,"column":25}},"149":{"start":{"line":150,"column":0},"end":{"line":150,"column":1}},"154":{"start":{"line":155,"column":0},"end":{"line":155,"column":78}},"155":{"start":{"line":156,"column":0},"end":{"line":156,"column":58}},"156":{"start":{"line":157,"column":0},"end":{"line":157,"column":14}},"157":{"start":{"line":158,"column":0},"end":{"line":158,"column":46}},"158":{"start":{"line":159,"column":0},"end":{"line":159,"column":5}},"159":{"start":{"line":160,"column":0},"end":{"line":160,"column":5}},"161":{"start":{"line":162,"column":0},"end":{"line":162,"column":21}},"162":{"start":{"line":163,"column":0},"end":{"line":163,"column":47}},"163":{"start":{"line":164,"column":0},"end":{"line":164,"column":3}},"165":{"start":{"line":166,"column":0},"end":{"line":166,"column":71}},"166":{"start":{"line":167,"column":0},"end":{"line":167,"column":21}},"167":{"start":{"line":168,"column":0},"end":{"line":168,"column":1}},"172":{"start":{"line":173,"column":0},"end":{"line":173,"column":55}},"173":{"start":{"line":174,"column":0},"end":{"line":174,"column":85}},"174":{"start":{"line":175,"column":0},"end":{"line":175,"column":39}},"175":{"start":{"line":176,"column":0},"end":{"line":176,"column":32}},"176":{"start":{"line":177,"column":0},"end":{"line":177,"column":74}},"177":{"start":{"line":178,"column":0},"end":{"line":178,"column":1}},"182":{"start":{"line":183,"column":0},"end":{"line":183,"column":73}},"183":{"start":{"line":184,"column":0},"end":{"line":184,"column":36}},"184":{"start":{"line":185,"column":0},"end":{"line":185,"column":40}},"185":{"start":{"line":186,"column":0},"end":{"line":186,"column":59}},"186":{"start":{"line":187,"column":0},"end":{"line":187,"column":31}},"187":{"start":{"line":188,"column":0},"end":{"line":188,"column":1}},"192":{"start":{"line":193,"column":0},"end":{"line":193,"column":55}},"193":{"start":{"line":194,"column":0},"end":{"line":194,"column":39}},"194":{"start":{"line":195,"column":0},"end":{"line":195,"column":18}},"195":{"start":{"line":196,"column":0},"end":{"line":196,"column":42}},"196":{"start":{"line":197,"column":0},"end":{"line":197,"column":44}},"197":{"start":{"line":198,"column":0},"end":{"line":198,"column":3}},"198":{"start":{"line":199,"column":0},"end":{"line":199,"column":21}},"199":{"start":{"line":200,"column":0},"end":{"line":200,"column":24}},"200":{"start":{"line":201,"column":0},"end":{"line":201,"column":24}},"201":{"start":{"line":202,"column":0},"end":{"line":202,"column":23}},"202":{"start":{"line":203,"column":0},"end":{"line":203,"column":1}},"204":{"start":{"line":205,"column":0},"end":{"line":205,"column":21}}},"s":{"6":0,"9":0,"12":0,"13":0,"14":0,"20":0,"21":0,"22":0,"23":0,"24":0,"25":0,"28":0,"29":0,"30":0,"33":0,"37":0,"38":0,"39":0,"40":0,"41":0,"42":0,"45":0,"46":0,"47":0,"48":0,"49":0,"50":0,"51":0,"52":0,"55":0,"56":0,"57":0,"60":0,"61":0,"63":0,"64":0,"65":0,"66":0,"67":0,"73":0,"74":0,"75":0,"76":0,"78":0,"79":0,"80":0,"83":0,"84":0,"85":0,"86":0,"87":0,"88":0,"89":0,"92":0,"94":0,"95":0,"96":0,"97":0,"98":0,"99":0,"100":0,"101":0,"102":0,"103":0,"105":0,"106":0,"107":0,"108":0,"109":0,"110":0,"111":0,"116":0,"117":0,"118":0,"119":0,"120":0,"121":0,"122":0,"123":0,"124":0,"125":0,"126":0,"127":0,"128":0,"129":0,"131":0,"132":0,"133":0,"135":0,"136":0,"137":0,"138":0,"139":0,"140":0,"141":0,"143":0,"144":0,"145":0,"146":0,"148":0,"149":0,"154":0,"155":0,"156":0,"157":0,"158":0,"159":0,"161":0,"162":0,"163":0,"165":0,"166":0,"167":0,"172":0,"173":0,"174":0,"175":0,"176":0,"177":0,"182":0,"183":0,"184":0,"185":0,"186":0,"187":0,"192":0,"193":0,"194":0,"195":0,"196":0,"197":0,"198":0,"199":0,"200":0,"201":0,"202":0,"204":0},"branchMap":{"0":{"type":"branch","line":1,"loc":{"start":{"line":1,"column":5871},"end":{"line":205,"column":21}},"locations":[{"start":{"line":1,"column":5871},"end":{"line":205,"column":21}}]}},"b":{"0":[1]},"fnMap":{"0":{"name":"(empty-report)","decl":{"start":{"line":1,"column":5871},"end":{"line":205,"column":21}},"loc":{"start":{"line":1,"column":5871},"end":{"line":205,"column":21}},"line":1}},"f":{"0":1}}
[...]
line":225,"column":0},"end":{"line":225,"column":4}},"225":{"start":{"line":226,"column":0},"end":{"line":226,"column":20}},"226":{"start":{"line":227,"column":0},"end":{"line":227,"column":28}},"227":{"start":{"line":228,"column":0},"end":{"line":228,"column":50}},"228":{"start":{"line":229,"column":0},"end":{"line":229,"column":14}},"229":{"start":{"line":230,"column":0},"end":{"line":230,"column":19}},"230":{"start":{"line":231,"column":0},"end":{"line":231,"column":20}},"231":{"start":{"line":232,"column":0},"end":{"line":232,"column":17}},"232":{"start":{"line":233,"column":0},"end":{"line":233,"column":4}},"233":{"start":{"line":234,"column":0},"end":{"line":234,"column":18}},"234":{"start":{"line":235,"column":0},"end":{"line":235,"column":26}},"235":{"start":{"line":236,"column":0},"end":{"line":236,"column":36}},"236":{"start":{"line":237,"column":0},"end":{"line":237,"column":15}},"237":{"start":{"line":238,"column":0},"end":{"line":238,"column":19}},"238":{"start":{"line":239,"column":0},"end":{"line":239,"column":20}},"239":{"start":{"line":240,"column":0},"end":{"line":240,"column":17}},"240":{"start":{"line":241,"column":0},"end":{"line":241,"column":4}},"241":{"start":{"line":242,"column":0},"end":{"line":242,"column":19}},"242":{"start":{"line":243,"column":0},"end":{"line":243,"column":27}},"243":{"start":{"line":244,"column":0},"end":{"line":244,"column":37}},"244":{"start":{"line":245,"column":0},"end":{"line":245,"column":15}},"245":{"start":{"line":246,"column":0},"end":{"line":246,"column":20}},"246":{"start":{"line":247,"column":0},"end":{"line":247,"column":20}},"247":{"start":{"line":248,"column":0},"end":{"line":248,"column":17}},"248":{"start":{"line":249,"column":0},"end":{"line":249,"column":4}},"249":{"start":{"line":250,"column":0},"end":{"line":250,"column":17}},"250":{"start":{"line":251,"column":0},"end":{"line":251,"column":25}},"251":{"start":{"line":252,"column":0},"end":{"line":252,"column":35}},"252":{"start":{"line":253,"column":0},"end":{"line":253,"column":15}},"253":{"start":{"line":254,"column":0},"end":{"line":254,"column":19}},"254":{"start":{"line":255,"column":0},"end":{"line":255,"column":20}},"255":{"start":{"line":256,"column":0},"end":{"line":256,"column":17}},"256":{"start":{"line":257,"column":0},"end":{"line":257,"column":4}},"257":{"start":{"line":258,"column":0},"end":{"line":258,"column":21}},"258":{"start":{"line":259,"column":0},"end":{"line":259,"column":29}},"259":{"start":{"line":260,"column":0},"end":{"line":260,"column":45}},"260":{"start":{"line":261,"column":0},"end":{"line":261,"column":14}},"261":{"start":{"line":262,"column":0},"end":{"line":262,"column":19}},"262":{"start":{"line":263,"column":0},"end":{"line":263,"column":20}},"263":{"start":{"line":264,"column":0},"end":{"line":264,"column":17}},"264":{"start":{"line":265,"column":0},"end":{"line":265,"column":4}},"265":{"start":{"line":266,"column":0},"end":{"line":266,"column":17}},"266":{"start":{"line":267,"column":0},"end":{"line":267,"column":25}},"267":{"start":{"line":268,"column":0},"end":{"line":268,"column":39}},"268":{"start":{"line":269,"column":0},"end":{"line":269,"column":14}},"269":{"start":{"line":270,"column":0},"end":{"line":270,"column":19}},"270":{"start":{"line":271,"column":0},"end":{"line":271,"column":20}},"271":{"start":{"line":272,"column":0},"end":{"line":272,"column":17}},"272":{"start":{"line":273,"column":0},"end":{"line":273,"column":4}},"273":{"start":{"line":274,"column":0},"end":{"line":274,"column":15}},"274":{"start":{"line":275,"column":0},"end":{"line":275,"column":23}},"275":{"start":{"line":276,"column":0},"end":{"line":276,"column":45}},"276":{"start":{"line":277,"column":0},"end":{"line":277,"column":14}},"277":{"start":{"line":278,"column":0},"end":{"line":278,"column":19}},"278":{"start":{"line":279,"column":0},"end":{"line":279,"column":20}},"279":{"start":{"line":280,"column":0},"end":{"line":280,"column":17}},"280":{"start":{"line":281,"column":0},"end":{"line":281,"column":4}},"281":{"start":{"line":282,"column":0},"end":{"line":282,"column":18}},"282":{"start":{"line":283,"column":0},"end":{"line":283,"column":26}},"283":{"start":{"line":284,"column":0},"end":{"line":284,"column":47}},"284":{"start":{"line":285,"column":0},"end":{"line":285,"column":14}},"285":{"start":{"line":286,"column":0},"end":{"line":286,"column":19}},"286":{"start":{"line":287,"column":0},"end":{"line":287,"column":20}},"287":{"start":{"line":288,"column":0},"end":{"line":288,"column":17}},"288":{"start":{"line":289,"column":0},"end":{"line":289,"column":4}},"289":{"start":{"line":290,"column":0},"end":{"line":290,"column":13}},"290":{"start":{"line":291,"column":0},"end":{"line":291,"column":21}},"291":{"start":{"line":292,"column":0},"end":{"line":292,"column":39}},"292":{"start":{"line":293,"column":0},"end":{"line":293,"column":14}},"293":{"start":{"line":294,"column":0},"end":{"line":294,"column":18}},"294":{"start":{"line":295,"column":0},"end":{"line":295,"column":20}},"295":{"start":{"line":296,"column":0},"end":{"line":296,"column":3}},"296":{"start":{"line":297,"column":0},"end":{"line":297,"column":2}}},"s":{"169":0,"170":0,"171":0,"172":0,"173":0,"174":0,"175":0,"176":0,"177":0,"178":0,"179":0,"180":0,"181":0,"182":0,"183":0,"184":0,"185":0,"186":0,"187":0,"188":0,"189":0,"190":0,"191":0,"192":0,"193":0,"194":0,"195":0,"196":0,"197":0,"198":0,"199":0,"200":0,"201":0,"202":0,"203":0,"204":0,"205":0,"206":0,"207":0,"208":0,"209":0,"210":0,"211":0,"212":0,"213":0,"214":0,"215":0,"216":0,"217":0,"218":0,"219":0,"220":0,"221":0,"222":0,"223":0,"224":0,"225":0,"226":0,"227":0,"228":0,"229":0,"230":0,"231":0,"232":0,"233":0,"234":0,"235":0,"236":0,"237":0,"238":0,"239":0,"240":0,"241":0,"242":0,"243":0,"244":0,"245":0,"246":0,"247":0,"248":0,"249":0,"250":0,"251":0,"252":0,"253":0,"254":0,"255":0,"256":0,"257":0,"258":0,"259":0,"260":0,"261":0,"262":0,"263":0,"264":0,"265":0,"266":0,"267":0,"268":0,"269":0,"270":0,"271":0,"272":0,"273":0,"274":0,"275":0,"276":0,"277":0,"278":0,"279":0,"280":0,"281":0,"282":0,"283":0,"284":0,"285":0,"286":0,"287":0,"288":0,"289":0,"290":0,"291":0,"292":0,"293":0,"294":0,"295":0,"296":0},"branchMap":{"0":{"type":"branch","line":1,"loc":{"start":{"line":1,"column":7247},"end":{"line":297,"column":2}},"locations":[{"start":{"line":1,"column":7247},"end":{"line":297,"column":2}}]}},"b":{"0":[1]},"fnMap":{"0":{"name":"(empty-report)","decl":{"start":{"line":1,"column":7247},"end":{"line":297,"column":2}},"loc":{"start":{"line":1,"column":7247},"end":{"line":297,"column":2}},"line":1}},"f":{"0":1}}
,"C:\\Code\\Multi-Channel-Integration-System\\web-installer\\backend\\src\\types\\index.ts": {"path":"C:\\Code\\Multi-Channel-Integration-System\\web-installer\\backend\\src\\types\\index.ts","all":true,"statementMap":{"25":{"start":{"line":26,"column":0},"end":{"line":26,"column":48}}},"s":{"25":0},"branchMap":{"0":{"type":"branch","line":1,"loc":{"start":{"line":1,"column":2279},"end":{"line":117,"column":1}},"locations":[{"start":{"line":1,"column":2279},"end":{"line":117,"column":1}}]}},"b":{"0":[1]},"fnMap":{"0":{"name":"(empty-report)","decl":{"start":{"line":1,"column":2279},"end":{"line":117,"column":1}},"loc":{"start":{"line":1,"column":2279},"end":{"line":117,"column":1}},"line":1}},"f":{"0":1}}
,"C:\\Code\\Multi-Channel-Integration-System\\web-installer\\backend\\src\\utils\\errors.ts": {"path":"C:\\Code\\Multi-Channel-Integration-System\\web-installer\\backend\\src\\utils\\errors.ts","all":true,"statementMap":{"2":{"start":{"line":3,"column":0},"end":{"line":3,"column":43}},"3":{"start":{"line":4,"column":0},"end":{"line":4,"column":37}},"4":{"start":{"line":5,"column":0},"end":{"line":5,"column":31}},"6":{"start":{"line":7,"column":0},"end":{"line":7,"column":91}},"7":{"start":{"line":8,"column":0},"end":{"line":8,"column":19}},"8":{"start":{"line":9,"column":0},"end":{"line":9,"column":38}},"9":{"start":{"line":10,"column":0},"end":{"line":10,"column":33}},"10":{"start":{"line":11,"column":0},"end":{"line":11,"column":21}},"11":{"start":{"line":12,"column":0},"end":{"line":12,"column":52}},"12":{"start":{"line":13,"column":0},"end":{"line":13,"column":3}},"13":{"start":{"line":14,"column":0},"end":{"line":14,"column":1}},"15":{"start":{"line":16,"column":0},"end":{"line":16,"column":53}},"16":{"start":{"line":17,"column":0},"end":{"line":17,"column":32}},"17":{"start":{"line":18,"column":0},"end":{"line":18,"column":43}},"18":{"start":{"line":19,"column":0},"end":{"line":19,"column":3}},"19":{"start":{"line":20,"column":0},"end":{"line":20,"column":1}},"21":{"start":{"line":22,"column":0},"end":{"line":22,"column":57}},"22":{"start":{"line":23,"column":0},"end":{"line":23,"column":58}},"23":{"start":{"line":24,"column":0},"end":{"line":24,"column":47}},"24":{"start":{"line":25,"column":0},"end":{"line":25,"column":3}},"25":{"start":{"line":26,"column":0},"end":{"line":26,"column":1}},"27":{"start":{"line":28,"column":0},"end":{"line":28,"column":51}},"28":{"start":{"line":29,"column":0},"end":{"line":29,"column":55}},"29":{"start":{"line":30,"column":0},"end":{"line":30,"column":41}},"30":{"start":{"line":31,"column":0},"end":{"line":31,"column":3}},"31":{"start":{"line":32,"column":0},"end":{"line":32,"column":1}},"33":{"start":{"line":34,"column":0},"end":{"line":34,"column":59}},"34":{"start":{"line":35,"column":0},"end":{"line":35,"column":60}},"35":{"start":{"line":36,"column":0},"end":{"line":36,"column":49}},"36":{"start":{"line":37,"column":0},"end":{"line":37,"column":3}},"37":{"start":{"line":38,"column":0},"end":{"line":38,"column":1}},"39":{"start":{"line":40,"column":0},"end":{"line":40,"column":56}},"40":{"start":{"line":41,"column":0},"end":{"line":41,"column":51}},"41":{"start":{"line":42,"column":0},"end":{"line":42,"column":46}},"42":{"start":{"line":43,"column":0},"end":{"line":43,"column":3}},"43":{"start":{"line":44,"column":0},"end":{"line":44,"column":1}},"45":{"start":{"line":46,"column":0},"end":{"line":46,"column":56}},"46":{"start":{"line":47,"column":0},"end":{"line":47,"column":58}},"47":{"start":{"line":48,"column":0},"end":{"line":48,"column":53}},"48":{"start":{"line":49,"column":0},"end":{"line":49,"column":3}},"49":{"start":{"line":50,"column":0},"end":{"line":50,"column":1}},"51":{"start":{"line":52,"column":0},"end":{"line":52,"column":64}},"52":{"start":{"line":53,"column":0},"end":{"line":53,"column":66}},"53":{"start":{"line":54,"column":0},"end":{"line":54,"column":45}},"55":{"start":{"line":56,"column":0},"end":{"line":56,"column":49}},"56":{"start":{"line":57,"column":0},"end":{"line":57,"column":86}},"57":{"start":{"line":58,"column":0},"end":{"line":58,"column":3}},"59":{"start":{"line":60,"column":0},"end":{"line":60,"column":27}},"60":{"start":{"line":61,"column":0},"end":{"line":61,"column":62}},"61":{"start":{"line":62,"column":0},"end":{"line":62,"column":3}},"63":{"start":{"line":64,"column":0},"end":{"line":64,"column":27}},"64":{"start":{"line":65,"column":0},"end":{"line":65,"column":79}},"65":{"start":{"line":66,"column":0},"end":{"line":66,"column":3}},"67":{"start":{"line":68,"column":0},"end":{"line":68,"column":27}},"68":{"start":{"line":69,"column":0},"end":{"line":69,"column":72}},"69":{"start":{"line":70,"column":0},"end":{"line":70,"column":3}},"71":{"start":{"line":72,"column":0},"end":{"line":72,"column":53}},"72":{"start":{"line":73,"column":0},"end":{"line":73,"column":1}}},"s":{"2":0,"3":0,"4":0,"6":0,"7":0,"8":0,"9":0,"10":0,"11":0,"12":0,"13":0,"15":0,"16":0,"17":0,"18":0,"19":0,"21":0,"22":0,"23":0,"24":0,"25":0,"27":0,"28":0,"29":0,"30":0,"31":0,"33":0,"34":0,"35":0,"36":0,"37":0,"39":0,"40":0,"41":0,"42":0,"43":0,"45":0,"46":0,"47":0,"48":0,"49":0,"51":0,"52":0,"53":0,"55":0,"56":0,"57":0,"59":0,"60":0,"61":0,"63":0,"64":0,"65":0,"67":0,"68":0,"69":0,"71":0,"72":0},"branchMap":{"0":{"type":"branch","line":1,"loc":{"start":{"line":1,"column":2173},"end":{"line":73,"column":1}},"locations":[{"start":{"line":1,"column":2173},"end":{"line":73,"column":1}}]}},"b":{"0":[1]},"fnMap":{"0":{"name":"(empty-report)","decl":{"start":{"line":1,"column":2173},"end":{"line":73,"column":1}},"loc":{"start":{"line":1,"column":2173},"end":{"line":73,"column":1}},"line":1}},"f":{"0":1}}
,"C:\\Code\\Multi-Channel-Integration-System\\web-installer\\backend\\src\\utils\\validation.ts": {"path":"C:\\Code\\Multi-Channel-Integration-System\\web-installer\\backend\\src\\utils\\validation.ts","all":true,"statementMap":{"28":{"start":{"line":29,"column":0},"end":{"line":29,"column":49}},"29":{"start":{"line":30,"column":0},"end":{"line":30,"column":16}},"30":{"start":{"line":31,"column":0},"end":{"line":31,"column":19}},"31":{"start":{"line":32,"column":0},"end":{"line":32,"column":33}},"32":{"start":{"line":33,"column":0},"end":{"line":33,"column":97}},"33":{"start":{"line":34,"column":0},"end":{"line":34,"column":4}},"34":{"start":{"line":35,"column":0},"end":{"line":35,"column":15}},"35":{"start":{"line":36,"column":0},"end":{"line":36,"column":19}},"36":{"start":{"line":37,"column":0},"end":{"line":37,"column":42}},"37":{"start":{"line":38,"column":0},"end":{"line":38,"column":49}},"38":{"start":{"line":39,"column":0},"end":{"line":39,"column":4}},"39":{"start":{"line":40,"column":0},"end":{"line":40,"column":17}},"40":{"start":{"line":41,"column":0},"end":{"line":41,"column":20}},"41":{"start":{"line":42,"column":0},"end":{"line":42,"column":60}},"42":{"start":{"line":43,"column":0},"end":{"line":43,"column":70}},"43":{"start":{"line":44,"column":0},"end":{"line":44,"column":3}},"44":{"start":{"line":45,"column":0},"end":{"line":45,"column":2}},"46":{"start":{"line":47,"column":0},"end":{"line":47,"column":30}},"47":{"start":{"line":48,"column":0},"end":{"line":48,"column":20}},"48":{"start":{"line":49,"column":0},"end":{"line":49,"column":16}},"49":{"start":{"line":50,"column":0},"end":{"line":50,"column":24}},"50":{"start":{"line":51,"column":0},"end":{"line":51,"column":27}},"51":{"start":{"line":52,"column":0},"end":{"line":52,"column":32}},"53":{"start":{"line":54,"column":0},"end":{"line":54,"column":14}},"54":{"start":{"line":55,"column":0},"end":{"line":55,"column":16}},"55":{"start":{"line":56,"column":0},"end":{"line":56,"column":3}},"58":{"start":{"line":59,"column":0},"end":{"line":59,"column":39}},"59":{"start":{"line":60,"column":0},"end":{"line":60,"column":12}},"60":{"start":{"line":61,"column":0},"end":{"line":61,"column":23}},"61":{"start":{"line":62,"column":0},"end":{"line":62,"column":41}},"62":{"start":{"line":63,"column":0},"end":{"line":63,"column":6}},"63":{"start":{"line":64,"column":0},"end":{"line":64,"column":3}},"66":{"start":{"line":67,"column":0},"end":{"line":67,"column":66}},"67":{"start":{"line":68,"column":0},"end":{"line":68,"column":12}},"68":{"start":{"line":69,"column":0},"end":{"line":69,"column":23}},"69":{"start":{"line":70,"column":0},"end":{"line":70,"column":56}},"70":{"start":{"line":71,"column":0},"end":{"line":71,"column":6}},"71":{"start":{"line":72,"column":0},"end":{"line":72,"column":3}},"74":{"start":{"line":75,"column":0},"end":{"line":75,"column":56}},"75":{"start":{"line":76,"column":0},"end":{"line":76,"column":12}},"76":{"start":{"line":77,"column":0},"end":{"line":77,"column":23}},"77":{"start":{"line":78,"column":0},"end":{"line":78,"column":75}},"78":{"start":{"line":79,"column":0},"end":{"line":79,"column":6}},"79":{"start":{"line":80,"column":0},"end":{"line":80,"column":3}},"82":{"start":{"line":83,"column":0},"end":{"line":83,"column":56}},"83":{"start":{"line":84,"column":0},"end":{"line":84,"column":12}},"84":{"start":{"line":85,"column":0},"end":{"line":85,"column":23}},"85":{"start":{"line":86,"column":0},"end":{"line":86,"column":74}},"86":{"start":{"line":87,"column":0},"end":{"line":87,"column":6}},"87":{"start":{"line":88,"column":0},"end":{"line":88,"column":3}},"90":{"start":{"line":91,"column":0},"end":{"line":91,"column":43}},"91":{"start":{"line":92,"column":0},"end":{"line":92,"column":12}},"92":{"start":{"line":93,"column":0},"end":{"line":93,"column":23}},"93":{"start":{"line":94,"column":0},"end":{"line":94,"column":56}},"94":{"start":{"line":95,"column":0},"end":{"line":95,"column":6}},"95":{"start":{"line":96,"column":0},"end":{"line":96,"column":3}},"97":{"start":{"line":98,"column":0},"end":{"line":98,"column":14}},"98":{"start":{"line":99,"column":0},"end":{"line":99,"column":1}},"100":{"start":{"line":101,"column":0},"end":{"line":101,"column":28}},"101":{"start":{"line":102,"column":0},"end":{"line":102,"column":31}},"102":{"start":{"line":103,"column":0},"end":{"line":103,"column":24}},"103":{"start":{"line":104,"column":0},"end":{"line":104,"column":22}},"104":{"start":{"line":105,"column":0},"end":{"line":105,"column":39}},"106":{"start":{"line":107,"column":0},"end":{"line":107,"column":34}},"107":{"start":{"line":108,"column":0},"end":{"line":108,"column":40}},"108":{"start":{"line":109,"column":0},"end":{"line":109,"column":57}},"110":{"start":{"line":111,"column":0},"end":{"line":111,"column":16}},"111":{"start":{"line":112,"column":0},"end":{"line":112,"column":25}},"112":{"start":{"line":113,"column":0},"end":{"line":113,"column":5}},"113":{"start":{"line":114,"column":0},"end":{"line":114,"column":3}},"115":{"start":{"line":116,"column":0},"end":{"line":116,"column":16}},"116":{"start":{"line":117,"column":0},"end":{"line":117,"column":1}},"124":{"start":{"line":125,"column":0},"end":{"line":125,"column":76}},"125":{"start":{"line":126,"column":0},"end":{"line":126,"column":75}},"126":{"start":{"line":127,"column":0},"end":{"line":127,"column":10}},"127":{"start":{"line":128,"column":0},"end":{"line":128,"column":26}},"128":{"start":{"line":129,"column":0},"end":{"line":129,"column":25}},"129":{"start":{"line":130,"column":0},"end":{"line":130,"column":4}},"130":{"start":{"line":131,"column":0},"end":{"line":131,"column":1}},"135":{"start":{"line":136,"column":0},"end":{"line":136,"column":64}},"136":{"start":{"line":137,"column":0},"end":{"line":137,"column":68}},"137":{"start":{"line":138,"column":0},"end":{"line":138,"column":10}},"138":{"start":{"line":139,"column":0},"end":{"line":139,"column":26}},"139":{"start":{"line":140,"column":0},"end":{"line":140,"column":25}},"140":{"start":{"line":141,"column":0},"end":{"line":141,"column":4}},"141":{"start":{"line":142,"column":0},"end":{"line":142,"column":1}},"146":{"start":{"line":147,"column":0},"end":{"line":147,"column":72}},"147":{"start":{"line":148,"column":0},"end":{"line":148,"column":71}},"148":{"start":{"line":149,"column":0},"end":{"line":149,"column":10}},"149":{"start":{"line":150,"column":0},"end":{"line":150,"column":26}},"150":{"start":{"line":151,"column":0},"end":{"line":151,"column":25}},"151":{"start":{"line":152,"column":0},"end":{"line":152,"column":4}},"152":{"start":{"line":153,"column":0},"end":{"line":153,"column":1}}},"s":{"28":0,"29":0,"30":0,"31":0,"32":0,"33":0,"34":0,"35":0,"36":0,"37":0,"38":0,"39":0,"40":0,"41":0,"42":0,"43":0,"44":0,"46":0,"47":0,"48":0,"49":0,"50":0,"51":0,"53":0,"54":0,"55":0,"58":0,"59":0,"60":0,"61":0,"62":0,"63":0,"66":0,"67":0,"68":0,"69":0,"70":0,"71":0,"74":0,"75":0,"76":0,"77":0,"78":0,"79":0,"82":0,"83":0,"84":0,"85":0,"86":0,"87":0,"90":0,"91":0,"92":0,"93":0,"94":0,"95":0,"97":0,"98":0,"100":0,"101":0,"102":0,"103":0,"104":0,"106":0,"107":0,"108":0,"110":0,"111":0,"112":0,"113":0,"115":0,"116":0,"124":0,"125":0,"126":0,"127":0,"128":0,"129":0,"130":0,"135":0,"136":0,"137":0,"138":0,"139":0,"140":0,"141":0,"146":0,"147":0,"148":0,"149":0,"150":0,"151":0,"152":0},"branchMap":{"0":{"type":"branch","line":1,"loc":{"start":{"line":1,"column":3772},"end":{"line":153,"column":1}},"locations":[{"start":{"line":1,"column":3772},"end":{"line":153,"column":1}}]}},"b":{"0":[1]},"fnMap":{"0":{"name":"(empty-report)","decl":{"start":{"line":1,"column":3772},"end":{"line":153,"column":1}},"loc":{"start":{"line":1,"column":3772},"end":{"line":153,"column":1}},"line":1}},"f":{"0":1}}
}
